[0.037s] Invoking command in '/home/rahul/pick_bot/pickbot_ws/build/pickbot_remote': CMAKE_PREFIX_PATH=${CMAKE_PREFIX_PATH}:/opt/ros/humble /usr/bin/cmake --build /home/rahul/pick_bot/pickbot_ws/build/pickbot_remote -- -j12 -l12
[0.138s] Invoked command in '/home/rahul/pick_bot/pickbot_ws/build/pickbot_remote' returned '0': CMAKE_PREFIX_PATH=${CMAKE_PREFIX_PATH}:/opt/ros/humble /usr/bin/cmake --build /home/rahul/pick_bot/pickbot_ws/build/pickbot_remote -- -j12 -l12
[0.149s] Invoking command in '/home/rahul/pick_bot/pickbot_ws/build/pickbot_remote': CMAKE_PREFIX_PATH=${CMAKE_PREFIX_PATH}:/opt/ros/humble /usr/bin/cmake --install /home/rahul/pick_bot/pickbot_ws/build/pickbot_remote
[0.171s] -- Install configuration: ""
[0.172s] -- Up-to-date: /home/rahul/pick_bot/pickbot_ws/install/pickbot_remote/share/ament_index/resource_index/package_run_dependencies/pickbot_remote
[0.172s] -- Up-to-date: /home/rahul/pick_bot/pickbot_ws/install/pickbot_remote/share/ament_index/resource_index/parent_prefix_path/pickbot_remote
[0.172s] -- Up-to-date: /home/rahul/pick_bot/pickbot_ws/install/pickbot_remote/share/pickbot_remote/environment/ament_prefix_path.sh
[0.172s] -- Up-to-date: /home/rahul/pick_bot/pickbot_ws/install/pickbot_remote/share/pickbot_remote/environment/ament_prefix_path.dsv
[0.172s] -- Up-to-date: /home/rahul/pick_bot/pickbot_ws/install/pickbot_remote/share/pickbot_remote/environment/path.sh
[0.172s] -- Up-to-date: /home/rahul/pick_bot/pickbot_ws/install/pickbot_remote/share/pickbot_remote/environment/path.dsv
[0.172s] -- Up-to-date: /home/rahul/pick_bot/pickbot_ws/install/pickbot_remote/share/pickbot_remote/local_setup.bash
[0.172s] -- Up-to-date: /home/rahul/pick_bot/pickbot_ws/install/pickbot_remote/share/pickbot_remote/local_setup.sh
[0.172s] -- Up-to-date: /home/rahul/pick_bot/pickbot_ws/install/pickbot_remote/share/pickbot_remote/local_setup.zsh
[0.172s] -- Up-to-date: /home/rahul/pick_bot/pickbot_ws/install/pickbot_remote/share/pickbot_remote/local_setup.dsv
[0.172s] -- Installing: /home/rahul/pick_bot/pickbot_ws/install/pickbot_remote/share/pickbot_remote/package.dsv
[0.185s] -- Up-to-date: /home/rahul/pick_bot/pickbot_ws/install/pickbot_remote/share/ament_index/resource_index/packages/pickbot_remote
[0.185s] -- Up-to-date: /home/rahul/pick_bot/pickbot_ws/install/pickbot_remote/share/pickbot_remote/cmake/pickbot_remoteConfig.cmake
[0.185s] -- Up-to-date: /home/rahul/pick_bot/pickbot_ws/install/pickbot_remote/share/pickbot_remote/cmake/pickbot_remoteConfig-version.cmake
[0.189s] -- Up-to-date: /home/rahul/pick_bot/pickbot_ws/install/pickbot_remote/share/pickbot_remote/package.xml
[0.257s] Invoked command in '/home/rahul/pick_bot/pickbot_ws/build/pickbot_remote' returned '0': CMAKE_PREFIX_PATH=${CMAKE_PREFIX_PATH}:/opt/ros/humble /usr/bin/cmake --install /home/rahul/pick_bot/pickbot_ws/build/pickbot_remote
