[0.068s] Invoking command in '/home/rahul/pick_bot/pickbot_ws/build/pickbot_description': CMAKE_PREFIX_PATH=${CMAKE_PREFIX_PATH}:/opt/ros/humble /usr/bin/cmake --build /home/rahul/pick_bot/pickbot_ws/build/pickbot_description -- -j12 -l12
[0.808s] -- Found ament_cmake: 1.3.10 (/opt/ros/humble/share/ament_cmake/cmake)
[1.295s] -- Found urdf: 2.6.1 (/opt/ros/humble/share/urdf/cmake)
[1.801s] -- Found ament_lint_auto: 0.12.11 (/opt/ros/humble/share/ament_lint_auto/cmake)
[1.942s] -- Added test 'flake8' to check Python code syntax and style conventions
[1.943s] -- Added test 'lint_cmake' to check CMake code style
[1.943s] -- Added test 'pep257' to check Python code against some of the docstring style conventions in PEP 257
[1.946s] -- Added test 'xmllint' to check XML markup files
[1.948s] -- Configuring done
[1.965s] -- Generating done
[1.967s] -- Build files have been written to: /home/rahul/pick_bot/pickbot_ws/build/pickbot_description
[2.021s] Invoked command in '/home/rahul/pick_bot/pickbot_ws/build/pickbot_description' returned '0': CMAKE_PREFIX_PATH=${CMAKE_PREFIX_PATH}:/opt/ros/humble /usr/bin/cmake --build /home/rahul/pick_bot/pickbot_ws/build/pickbot_description -- -j12 -l12
[2.080s] Invoking command in '/home/rahul/pick_bot/pickbot_ws/build/pickbot_description': CMAKE_PREFIX_PATH=${CMAKE_PREFIX_PATH}:/opt/ros/humble /usr/bin/cmake --install /home/rahul/pick_bot/pickbot_ws/build/pickbot_description
[2.087s] -- Install configuration: ""
[2.087s] -- Up-to-date: /home/rahul/pick_bot/pickbot_ws/install/pickbot_description/share/pickbot_description/meshes
[2.088s] -- Up-to-date: /home/rahul/pick_bot/pickbot_ws/install/pickbot_description/share/pickbot_description/meshes/left_finger.STL
[2.088s] -- Up-to-date: /home/rahul/pick_bot/pickbot_ws/install/pickbot_description/share/pickbot_description/meshes/plate.STL
[2.088s] -- Installing: /home/rahul/pick_bot/pickbot_ws/install/pickbot_description/share/pickbot_description/meshes/pi_camera.STL
[2.088s] -- Up-to-date: /home/rahul/pick_bot/pickbot_ws/install/pickbot_description/share/pickbot_description/meshes/triangular_link.STL
[2.088s] -- Up-to-date: /home/rahul/pick_bot/pickbot_ws/install/pickbot_description/share/pickbot_description/meshes/horizontal_arm.STL
[2.089s] -- Up-to-date: /home/rahul/pick_bot/pickbot_ws/install/pickbot_description/share/pickbot_description/meshes/round_plate.STL
[2.089s] -- Up-to-date: /home/rahul/pick_bot/pickbot_ws/install/pickbot_description/share/pickbot_description/meshes/claw_support.STL
[2.089s] -- Up-to-date: /home/rahul/pick_bot/pickbot_ws/install/pickbot_description/share/pickbot_description/meshes/basement.STL
[2.089s] -- Up-to-date: /home/rahul/pick_bot/pickbot_ws/install/pickbot_description/share/pickbot_description/meshes/link.STL
[2.089s] -- Up-to-date: /home/rahul/pick_bot/pickbot_ws/install/pickbot_description/share/pickbot_description/meshes/forward_drive_arm.STL
[2.089s] -- Up-to-date: /home/rahul/pick_bot/pickbot_ws/install/pickbot_description/share/pickbot_description/meshes/base_plate.STL
[2.089s] -- Up-to-date: /home/rahul/pick_bot/pickbot_ws/install/pickbot_description/share/pickbot_description/meshes/vertical_drive_arm.STL
[2.089s] -- Up-to-date: /home/rahul/pick_bot/pickbot_ws/install/pickbot_description/share/pickbot_description/meshes/right_finger.STL
[2.089s] -- Up-to-date: /home/rahul/pick_bot/pickbot_ws/install/pickbot_description/share/pickbot_description/meshes/servo_plate.STL
[2.089s] -- Up-to-date: /home/rahul/pick_bot/pickbot_ws/install/pickbot_description/share/pickbot_description/urdf
[2.090s] -- Installing: /home/rahul/pick_bot/pickbot_ws/install/pickbot_description/share/pickbot_description/urdf/pickbot.urdf.xacro
[2.090s] -- Up-to-date: /home/rahul/pick_bot/pickbot_ws/install/pickbot_description/share/pickbot_description/launch
[2.090s] -- Up-to-date: /home/rahul/pick_bot/pickbot_ws/install/pickbot_description/share/pickbot_description/launch/display.launch.py
[2.120s] -- Up-to-date: /home/rahul/pick_bot/pickbot_ws/install/pickbot_description/share/pickbot_description/rviz
[2.120s] -- Installing: /home/rahul/pick_bot/pickbot_ws/install/pickbot_description/share/pickbot_description/rviz/display.rviz
[2.129s] -- Up-to-date: /home/rahul/pick_bot/pickbot_ws/install/pickbot_description/share/ament_index/resource_index/package_run_dependencies/pickbot_description
[2.129s] -- Up-to-date: /home/rahul/pick_bot/pickbot_ws/install/pickbot_description/share/ament_index/resource_index/parent_prefix_path/pickbot_description
[2.130s] -- Up-to-date: /home/rahul/pick_bot/pickbot_ws/install/pickbot_description/share/pickbot_description/environment/ament_prefix_path.sh
[2.130s] -- Installing: /home/rahul/pick_bot/pickbot_ws/install/pickbot_description/share/pickbot_description/environment/ament_prefix_path.dsv
[2.130s] -- Up-to-date: /home/rahul/pick_bot/pickbot_ws/install/pickbot_description/share/pickbot_description/environment/path.sh
[2.130s] -- Installing: /home/rahul/pick_bot/pickbot_ws/install/pickbot_description/share/pickbot_description/environment/path.dsv
[2.131s] -- Up-to-date: /home/rahul/pick_bot/pickbot_ws/install/pickbot_description/share/pickbot_description/local_setup.bash
[2.131s] -- Up-to-date: /home/rahul/pick_bot/pickbot_ws/install/pickbot_description/share/pickbot_description/local_setup.sh
[2.131s] -- Up-to-date: /home/rahul/pick_bot/pickbot_ws/install/pickbot_description/share/pickbot_description/local_setup.zsh
[2.131s] -- Installing: /home/rahul/pick_bot/pickbot_ws/install/pickbot_description/share/pickbot_description/local_setup.dsv
[2.132s] -- Installing: /home/rahul/pick_bot/pickbot_ws/install/pickbot_description/share/pickbot_description/package.dsv
[2.132s] -- Up-to-date: /home/rahul/pick_bot/pickbot_ws/install/pickbot_description/share/ament_index/resource_index/packages/pickbot_description
[2.132s] -- Up-to-date: /home/rahul/pick_bot/pickbot_ws/install/pickbot_description/share/pickbot_description/cmake/pickbot_descriptionConfig.cmake
[2.132s] -- Up-to-date: /home/rahul/pick_bot/pickbot_ws/install/pickbot_description/share/pickbot_description/cmake/pickbot_descriptionConfig-version.cmake
[2.132s] -- Installing: /home/rahul/pick_bot/pickbot_ws/install/pickbot_description/share/pickbot_description/package.xml
[2.134s] Invoked command in '/home/rahul/pick_bot/pickbot_ws/build/pickbot_description' returned '0': CMAKE_PREFIX_PATH=${CMAKE_PREFIX_PATH}:/opt/ros/humble /usr/bin/cmake --install /home/rahul/pick_bot/pickbot_ws/build/pickbot_description
