[0.107s] Invoking command in '/home/rahul/pick_bot/pickbot_ws/build/pick_bot_cpp_examples': CMAKE_PREFIX_PATH=${CMAKE_PREFIX_PATH}:/opt/ros/humble /usr/bin/cmake --build /home/rahul/pick_bot/pickbot_ws/build/pick_bot_cpp_examples -- -j12 -l12
[1.299s] [ 33%] Built target simple_parameter
[1.313s] [ 66%] Built target simple_listener
[1.338s] [100%] Built target simple_publisher
[1.364s] Invoked command in '/home/rahul/pick_bot/pickbot_ws/build/pick_bot_cpp_examples' returned '0': CMAKE_PREFIX_PATH=${CMAKE_PREFIX_PATH}:/opt/ros/humble /usr/bin/cmake --build /home/rahul/pick_bot/pickbot_ws/build/pick_bot_cpp_examples -- -j12 -l12
[1.426s] Invoking command in '/home/rahul/pick_bot/pickbot_ws/build/pick_bot_cpp_examples': CMAKE_PREFIX_PATH=${CMAKE_PREFIX_PATH}:/opt/ros/humble /usr/bin/cmake --install /home/rahul/pick_bot/pickbot_ws/build/pick_bot_cpp_examples
[1.447s] -- Install configuration: ""
[1.447s] -- Up-to-date: /home/rahul/pick_bot/pickbot_ws/install/pick_bot_cpp_examples/lib/pick_bot_cpp_examples/simple_publisher
[1.448s] -- Up-to-date: /home/rahul/pick_bot/pickbot_ws/install/pick_bot_cpp_examples/lib/pick_bot_cpp_examples/simple_listener
[1.450s] -- Up-to-date: /home/rahul/pick_bot/pickbot_ws/install/pick_bot_cpp_examples/lib/pick_bot_cpp_examples/simple_parameter
[1.450s] -- Up-to-date: /home/rahul/pick_bot/pickbot_ws/install/pick_bot_cpp_examples/share/ament_index/resource_index/package_run_dependencies/pick_bot_cpp_examples
[1.450s] -- Up-to-date: /home/rahul/pick_bot/pickbot_ws/install/pick_bot_cpp_examples/share/ament_index/resource_index/parent_prefix_path/pick_bot_cpp_examples
[1.451s] -- Up-to-date: /home/rahul/pick_bot/pickbot_ws/install/pick_bot_cpp_examples/share/pick_bot_cpp_examples/environment/ament_prefix_path.sh
[1.451s] -- Up-to-date: /home/rahul/pick_bot/pickbot_ws/install/pick_bot_cpp_examples/share/pick_bot_cpp_examples/environment/ament_prefix_path.dsv
[1.451s] -- Up-to-date: /home/rahul/pick_bot/pickbot_ws/install/pick_bot_cpp_examples/share/pick_bot_cpp_examples/environment/path.sh
[1.451s] -- Up-to-date: /home/rahul/pick_bot/pickbot_ws/install/pick_bot_cpp_examples/share/pick_bot_cpp_examples/environment/path.dsv
[1.451s] -- Up-to-date: /home/rahul/pick_bot/pickbot_ws/install/pick_bot_cpp_examples/share/pick_bot_cpp_examples/local_setup.bash
[1.451s] -- Up-to-date: /home/rahul/pick_bot/pickbot_ws/install/pick_bot_cpp_examples/share/pick_bot_cpp_examples/local_setup.sh
[1.452s] -- Up-to-date: /home/rahul/pick_bot/pickbot_ws/install/pick_bot_cpp_examples/share/pick_bot_cpp_examples/local_setup.zsh
[1.452s] -- Up-to-date: /home/rahul/pick_bot/pickbot_ws/install/pick_bot_cpp_examples/share/pick_bot_cpp_examples/local_setup.dsv
[1.452s] -- Installing: /home/rahul/pick_bot/pickbot_ws/install/pick_bot_cpp_examples/share/pick_bot_cpp_examples/package.dsv
[1.468s] -- Up-to-date: /home/rahul/pick_bot/pickbot_ws/install/pick_bot_cpp_examples/share/ament_index/resource_index/packages/pick_bot_cpp_examples
[1.468s] -- Up-to-date: /home/rahul/pick_bot/pickbot_ws/install/pick_bot_cpp_examples/share/pick_bot_cpp_examples/cmake/pick_bot_cpp_examplesConfig.cmake
[1.468s] -- Up-to-date: /home/rahul/pick_bot/pickbot_ws/install/pick_bot_cpp_examples/share/pick_bot_cpp_examples/cmake/pick_bot_cpp_examplesConfig-version.cmake
[1.468s] -- Up-to-date: /home/rahul/pick_bot/pickbot_ws/install/pick_bot_cpp_examples/share/pick_bot_cpp_examples/package.xml
[1.471s] Invoked command in '/home/rahul/pick_bot/pickbot_ws/build/pick_bot_cpp_examples' returned '0': CMAKE_PREFIX_PATH=${CMAKE_PREFIX_PATH}:/opt/ros/humble /usr/bin/cmake --install /home/rahul/pick_bot/pickbot_ws/build/pick_bot_cpp_examples
