-- Install configuration: ""
-- Up-to-date: /home/rahul/pick_bot/pickbot_ws/install/pickbot_description/share/pickbot_description/meshes
-- Up-to-date: /home/rahul/pick_bot/pickbot_ws/install/pickbot_description/share/pickbot_description/meshes/left_finger.STL
-- Up-to-date: /home/rahul/pick_bot/pickbot_ws/install/pickbot_description/share/pickbot_description/meshes/plate.STL
-- Up-to-date: /home/rahul/pick_bot/pickbot_ws/install/pickbot_description/share/pickbot_description/meshes/triangular_link.STL
-- Up-to-date: /home/rahul/pick_bot/pickbot_ws/install/pickbot_description/share/pickbot_description/meshes/horizontal_arm.STL
-- Up-to-date: /home/rahul/pick_bot/pickbot_ws/install/pickbot_description/share/pickbot_description/meshes/round_plate.STL
-- Up-to-date: /home/rahul/pick_bot/pickbot_ws/install/pickbot_description/share/pickbot_description/meshes/claw_support.STL
-- Up-to-date: /home/rahul/pick_bot/pickbot_ws/install/pickbot_description/share/pickbot_description/meshes/basement.STL
-- Up-to-date: /home/rahul/pick_bot/pickbot_ws/install/pickbot_description/share/pickbot_description/meshes/link.STL
-- Up-to-date: /home/rahul/pick_bot/pickbot_ws/install/pickbot_description/share/pickbot_description/meshes/forward_drive_arm.STL
-- Up-to-date: /home/rahul/pick_bot/pickbot_ws/install/pickbot_description/share/pickbot_description/meshes/base_plate.STL
-- Up-to-date: /home/rahul/pick_bot/pickbot_ws/install/pickbot_description/share/pickbot_description/meshes/vertical_drive_arm.STL
-- Up-to-date: /home/rahul/pick_bot/pickbot_ws/install/pickbot_description/share/pickbot_description/meshes/right_finger.STL
-- Up-to-date: /home/rahul/pick_bot/pickbot_ws/install/pickbot_description/share/pickbot_description/meshes/servo_plate.STL
-- Up-to-date: /home/rahul/pick_bot/pickbot_ws/install/pickbot_description/share/pickbot_description/urdf
-- Up-to-date: /home/rahul/pick_bot/pickbot_ws/install/pickbot_description/share/pickbot_description/urdf/pickbot.urdf.xacro
-- Up-to-date: /home/rahul/pick_bot/pickbot_ws/install/pickbot_description/share/pickbot_description/launch
-- Installing: /home/rahul/pick_bot/pickbot_ws/install/pickbot_description/share/pickbot_description/launch/display.launch.py
-- Up-to-date: /home/rahul/pick_bot/pickbot_ws/install/pickbot_description/share/pickbot_description/rviz
-- Up-to-date: /home/rahul/pick_bot/pickbot_ws/install/pickbot_description/share/pickbot_description/rviz/display.rviz
-- Up-to-date: /home/rahul/pick_bot/pickbot_ws/install/pickbot_description/share/ament_index/resource_index/package_run_dependencies/pickbot_description
-- Up-to-date: /home/rahul/pick_bot/pickbot_ws/install/pickbot_description/share/ament_index/resource_index/parent_prefix_path/pickbot_description
-- Up-to-date: /home/rahul/pick_bot/pickbot_ws/install/pickbot_description/share/pickbot_description/environment/ament_prefix_path.sh
-- Up-to-date: /home/rahul/pick_bot/pickbot_ws/install/pickbot_description/share/pickbot_description/environment/ament_prefix_path.dsv
-- Up-to-date: /home/rahul/pick_bot/pickbot_ws/install/pickbot_description/share/pickbot_description/environment/path.sh
-- Up-to-date: /home/rahul/pick_bot/pickbot_ws/install/pickbot_description/share/pickbot_description/environment/path.dsv
-- Up-to-date: /home/rahul/pick_bot/pickbot_ws/install/pickbot_description/share/pickbot_description/local_setup.bash
-- Up-to-date: /home/rahul/pick_bot/pickbot_ws/install/pickbot_description/share/pickbot_description/local_setup.sh
-- Up-to-date: /home/rahul/pick_bot/pickbot_ws/install/pickbot_description/share/pickbot_description/local_setup.zsh
-- Up-to-date: /home/rahul/pick_bot/pickbot_ws/install/pickbot_description/share/pickbot_description/local_setup.dsv
-- Up-to-date: /home/rahul/pick_bot/pickbot_ws/install/pickbot_description/share/pickbot_description/package.dsv
-- Up-to-date: /home/rahul/pick_bot/pickbot_ws/install/pickbot_description/share/ament_index/resource_index/packages/pickbot_description
-- Up-to-date: /home/rahul/pick_bot/pickbot_ws/install/pickbot_description/share/pickbot_description/cmake/pickbot_descriptionConfig.cmake
-- Up-to-date: /home/rahul/pick_bot/pickbot_ws/install/pickbot_description/share/pickbot_description/cmake/pickbot_descriptionConfig-version.cmake
-- Up-to-date: /home/rahul/pick_bot/pickbot_ws/install/pickbot_description/share/pickbot_description/package.xml
