[0.045s] Invoking command in '/home/rahul/pick_bot/pickbot_ws/build/pickbot_moveit': CMAKE_PREFIX_PATH=/home/rahul/pick_bot/pickbot_ws/install/pickbot_description:/home/rahul/pick_bot/pickbot_ws/install/pickbot_utils:/home/rahul/pick_bot/pickbot_ws/install/pick_bot_cpp_examples:/home/rahul/pick_bot/pickbot_ws/install/pickbot_msgs:/home/rahul/pick_bot/pickbot_ws/install/pickbot_moveit:/home/rahul/pick_bot/pickbot_ws/install/pickbot_controller:/opt/ros/humble /usr/bin/cmake --build /home/rahul/pick_bot/pickbot_ws/build/pickbot_moveit -- -j12 -l12
[0.435s] -- Found ament_cmake: 1.3.11 (/opt/ros/humble/share/ament_cmake/cmake)
[1.847s] -- Found ament_lint_auto: 0.12.11 (/opt/ros/humble/share/ament_lint_auto/cmake)
[2.220s] -- Added test 'flake8' to check Python code syntax and style conventions
[2.222s] -- Added test 'lint_cmake' to check CMake code style
[2.224s] -- Added test 'pep257' to check Python code against some of the docstring style conventions in PEP 257
[2.228s] -- Added test 'xmllint' to check XML markup files
[2.234s] -- Configuring done
[2.339s] -- Generating done
[2.344s] -- Build files have been written to: /home/rahul/pick_bot/pickbot_ws/build/pickbot_moveit
[2.378s] Invoked command in '/home/rahul/pick_bot/pickbot_ws/build/pickbot_moveit' returned '0': CMAKE_PREFIX_PATH=/home/rahul/pick_bot/pickbot_ws/install/pickbot_description:/home/rahul/pick_bot/pickbot_ws/install/pickbot_utils:/home/rahul/pick_bot/pickbot_ws/install/pick_bot_cpp_examples:/home/rahul/pick_bot/pickbot_ws/install/pickbot_msgs:/home/rahul/pick_bot/pickbot_ws/install/pickbot_moveit:/home/rahul/pick_bot/pickbot_ws/install/pickbot_controller:/opt/ros/humble /usr/bin/cmake --build /home/rahul/pick_bot/pickbot_ws/build/pickbot_moveit -- -j12 -l12
[2.397s] Invoking command in '/home/rahul/pick_bot/pickbot_ws/build/pickbot_moveit': CMAKE_PREFIX_PATH=/home/rahul/pick_bot/pickbot_ws/install/pickbot_description:/home/rahul/pick_bot/pickbot_ws/install/pickbot_utils:/home/rahul/pick_bot/pickbot_ws/install/pick_bot_cpp_examples:/home/rahul/pick_bot/pickbot_ws/install/pickbot_msgs:/home/rahul/pick_bot/pickbot_ws/install/pickbot_moveit:/home/rahul/pick_bot/pickbot_ws/install/pickbot_controller:/opt/ros/humble /usr/bin/cmake --install /home/rahul/pick_bot/pickbot_ws/build/pickbot_moveit
[2.411s] -- Install configuration: ""
[2.412s] -- Up-to-date: /home/rahul/pick_bot/pickbot_ws/install/pickbot_moveit/share/pickbot_moveit/launch
[2.412s] -- Installing: /home/rahul/pick_bot/pickbot_ws/install/pickbot_moveit/share/pickbot_moveit/launch/moveit.launch.py
[2.412s] -- Up-to-date: /home/rahul/pick_bot/pickbot_ws/install/pickbot_moveit/share/pickbot_moveit/config
[2.412s] -- Up-to-date: /home/rahul/pick_bot/pickbot_ws/install/pickbot_moveit/share/pickbot_moveit/config/joint_limits.yaml
[2.412s] -- Up-to-date: /home/rahul/pick_bot/pickbot_ws/install/pickbot_moveit/share/pickbot_moveit/config/moveit_controllers.yaml
[2.412s] -- Up-to-date: /home/rahul/pick_bot/pickbot_ws/install/pickbot_moveit/share/pickbot_moveit/config/pickbot.srdf
[2.413s] -- Installing: /home/rahul/pick_bot/pickbot_ws/install/pickbot_moveit/share/pickbot_moveit/config/kinematics.yaml
[2.413s] -- Installing: /home/rahul/pick_bot/pickbot_ws/install/pickbot_moveit/share/pickbot_moveit/config/pilz_cartesian_limits.yaml
[2.425s] -- Up-to-date: /home/rahul/pick_bot/pickbot_ws/install/pickbot_moveit/share/pickbot_moveit/config/initial_positions.yaml
[2.425s] -- Installing: /home/rahul/pick_bot/pickbot_ws/install/pickbot_moveit/share/ament_index/resource_index/package_run_dependencies/pickbot_moveit
[2.425s] -- Up-to-date: /home/rahul/pick_bot/pickbot_ws/install/pickbot_moveit/share/ament_index/resource_index/parent_prefix_path/pickbot_moveit
[2.425s] -- Up-to-date: /home/rahul/pick_bot/pickbot_ws/install/pickbot_moveit/share/pickbot_moveit/environment/ament_prefix_path.sh
[2.425s] -- Installing: /home/rahul/pick_bot/pickbot_ws/install/pickbot_moveit/share/pickbot_moveit/environment/ament_prefix_path.dsv
[2.426s] -- Up-to-date: /home/rahul/pick_bot/pickbot_ws/install/pickbot_moveit/share/pickbot_moveit/environment/path.sh
[2.426s] -- Installing: /home/rahul/pick_bot/pickbot_ws/install/pickbot_moveit/share/pickbot_moveit/environment/path.dsv
[2.426s] -- Up-to-date: /home/rahul/pick_bot/pickbot_ws/install/pickbot_moveit/share/pickbot_moveit/local_setup.bash
[2.426s] -- Up-to-date: /home/rahul/pick_bot/pickbot_ws/install/pickbot_moveit/share/pickbot_moveit/local_setup.sh
[2.426s] -- Up-to-date: /home/rahul/pick_bot/pickbot_ws/install/pickbot_moveit/share/pickbot_moveit/local_setup.zsh
[2.426s] -- Installing: /home/rahul/pick_bot/pickbot_ws/install/pickbot_moveit/share/pickbot_moveit/local_setup.dsv
[2.427s] -- Installing: /home/rahul/pick_bot/pickbot_ws/install/pickbot_moveit/share/pickbot_moveit/package.dsv
[2.427s] -- Up-to-date: /home/rahul/pick_bot/pickbot_ws/install/pickbot_moveit/share/ament_index/resource_index/packages/pickbot_moveit
[2.427s] -- Up-to-date: /home/rahul/pick_bot/pickbot_ws/install/pickbot_moveit/share/pickbot_moveit/cmake/pickbot_moveitConfig.cmake
[2.427s] -- Up-to-date: /home/rahul/pick_bot/pickbot_ws/install/pickbot_moveit/share/pickbot_moveit/cmake/pickbot_moveitConfig-version.cmake
[2.427s] -- Installing: /home/rahul/pick_bot/pickbot_ws/install/pickbot_moveit/share/pickbot_moveit/package.xml
[2.430s] Invoked command in '/home/rahul/pick_bot/pickbot_ws/build/pickbot_moveit' returned '0': CMAKE_PREFIX_PATH=/home/rahul/pick_bot/pickbot_ws/install/pickbot_description:/home/rahul/pick_bot/pickbot_ws/install/pickbot_utils:/home/rahul/pick_bot/pickbot_ws/install/pick_bot_cpp_examples:/home/rahul/pick_bot/pickbot_ws/install/pickbot_msgs:/home/rahul/pick_bot/pickbot_ws/install/pickbot_moveit:/home/rahul/pick_bot/pickbot_ws/install/pickbot_controller:/opt/ros/humble /usr/bin/cmake --install /home/rahul/pick_bot/pickbot_ws/build/pickbot_moveit
