[1.434s] DEBUG:colcon:Command line arguments: ['/usr/bin/colcon', 'build']
[1.434s] DEBUG:colcon:Parsed command line arguments: Namespace(log_base=None, log_level=None, verb_name='build', build_base='build', install_base='install', merge_install=False, symlink_install=False, test_result_base=None, continue_on_error=False, executor='parallel', parallel_workers=12, event_handlers=None, ignore_user_meta=False, metas=['./colcon.meta'], base_paths=['.'], packages_ignore=None, packages_ignore_regex=None, paths=None, packages_up_to=None, packages_up_to_regex=None, packages_above=None, packages_above_and_dependencies=None, packages_above_depth=None, packages_select_by_dep=None, packages_skip_by_dep=None, packages_skip_up_to=None, packages_select_build_failed=False, packages_skip_build_finished=False, packages_select_test_failures=False, packages_skip_test_passed=False, packages_select=None, packages_skip=None, packages_select_regex=None, packages_skip_regex=None, packages_start=None, packages_end=None, allow_overriding=[], cmake_args=None, cmake_target=None, cmake_target_skip_unavailable=False, cmake_clean_cache=False, cmake_clean_first=False, cmake_force_configure=False, ament_cmake_args=None, catkin_cmake_args=None, catkin_skip_building_tests=False, mixin_files=None, mixin=None, verb_parser=<colcon_mixin.mixin.mixin_argument.MixinArgumentDecorator object at 0x7ec455053b80>, verb_extension=<colcon_core.verb.build.BuildVerb object at 0x7ec4550535b0>, main=<bound method BuildVerb.main of <colcon_core.verb.build.BuildVerb object at 0x7ec4550535b0>>, mixin_verb=('build',))
[7.085s] Level 1:colcon.colcon_core.package_discovery:discover_packages(colcon_meta) check parameters
[7.085s] Level 1:colcon.colcon_core.package_discovery:discover_packages(recursive) check parameters
[7.085s] Level 1:colcon.colcon_core.package_discovery:discover_packages(ignore) check parameters
[7.085s] Level 1:colcon.colcon_core.package_discovery:discover_packages(path) check parameters
[7.085s] Level 1:colcon.colcon_core.package_discovery:discover_packages(colcon_meta) discover
[7.085s] Level 1:colcon.colcon_core.package_discovery:discover_packages(recursive) discover
[7.085s] INFO:colcon.colcon_core.package_discovery:Crawling recursively for packages in '/home/rahul/pick_bot/pickbot_ws'
[7.086s] Level 1:colcon.colcon_core.package_identification:_identify(.) by extensions ['ignore', 'ignore_ament_install']
[7.086s] Level 1:colcon.colcon_core.package_identification:_identify(.) by extension 'ignore'
[7.086s] Level 1:colcon.colcon_core.package_identification:_identify(.) by extension 'ignore_ament_install'
[7.086s] Level 1:colcon.colcon_core.package_identification:_identify(.) by extensions ['colcon_pkg']
[7.086s] Level 1:colcon.colcon_core.package_identification:_identify(.) by extension 'colcon_pkg'
[7.086s] Level 1:colcon.colcon_core.package_identification:_identify(.) by extensions ['colcon_meta']
[7.086s] Level 1:colcon.colcon_core.package_identification:_identify(.) by extension 'colcon_meta'
[7.086s] Level 1:colcon.colcon_core.package_identification:_identify(.) by extensions ['ros']
[7.086s] Level 1:colcon.colcon_core.package_identification:_identify(.) by extension 'ros'
[7.134s] Level 1:colcon.colcon_core.package_identification:_identify(.) by extensions ['cmake', 'python']
[7.134s] Level 1:colcon.colcon_core.package_identification:_identify(.) by extension 'cmake'
[7.134s] Level 1:colcon.colcon_core.package_identification:_identify(.) by extension 'python'
[7.134s] Level 1:colcon.colcon_core.package_identification:_identify(.) by extensions ['python_setup_py']
[7.134s] Level 1:colcon.colcon_core.package_identification:_identify(.) by extension 'python_setup_py'
[7.134s] Level 1:colcon.colcon_core.package_identification:_identify(build) by extensions ['ignore', 'ignore_ament_install']
[7.134s] Level 1:colcon.colcon_core.package_identification:_identify(build) by extension 'ignore'
[7.134s] Level 1:colcon.colcon_core.package_identification:_identify(build) ignored
[7.134s] Level 1:colcon.colcon_core.package_identification:_identify(install) by extensions ['ignore', 'ignore_ament_install']
[7.135s] Level 1:colcon.colcon_core.package_identification:_identify(install) by extension 'ignore'
[7.135s] Level 1:colcon.colcon_core.package_identification:_identify(install) ignored
[7.135s] Level 1:colcon.colcon_core.package_identification:_identify(log) by extensions ['ignore', 'ignore_ament_install']
[7.135s] Level 1:colcon.colcon_core.package_identification:_identify(log) by extension 'ignore'
[7.135s] Level 1:colcon.colcon_core.package_identification:_identify(log) ignored
[7.135s] Level 1:colcon.colcon_core.package_identification:_identify(src) by extensions ['ignore', 'ignore_ament_install']
[7.135s] Level 1:colcon.colcon_core.package_identification:_identify(src) by extension 'ignore'
[7.135s] Level 1:colcon.colcon_core.package_identification:_identify(src) by extension 'ignore_ament_install'
[7.135s] Level 1:colcon.colcon_core.package_identification:_identify(src) by extensions ['colcon_pkg']
[7.135s] Level 1:colcon.colcon_core.package_identification:_identify(src) by extension 'colcon_pkg'
[7.135s] Level 1:colcon.colcon_core.package_identification:_identify(src) by extensions ['colcon_meta']
[7.135s] Level 1:colcon.colcon_core.package_identification:_identify(src) by extension 'colcon_meta'
[7.135s] Level 1:colcon.colcon_core.package_identification:_identify(src) by extensions ['ros']
[7.135s] Level 1:colcon.colcon_core.package_identification:_identify(src) by extension 'ros'
[7.136s] Level 1:colcon.colcon_core.package_identification:_identify(src) by extensions ['cmake', 'python']
[7.136s] Level 1:colcon.colcon_core.package_identification:_identify(src) by extension 'cmake'
[7.136s] Level 1:colcon.colcon_core.package_identification:_identify(src) by extension 'python'
[7.136s] Level 1:colcon.colcon_core.package_identification:_identify(src) by extensions ['python_setup_py']
[7.136s] Level 1:colcon.colcon_core.package_identification:_identify(src) by extension 'python_setup_py'
[7.136s] Level 1:colcon.colcon_core.package_identification:_identify(src/pick_bot_cpp_examples) by extensions ['ignore', 'ignore_ament_install']
[7.136s] Level 1:colcon.colcon_core.package_identification:_identify(src/pick_bot_cpp_examples) by extension 'ignore'
[7.136s] Level 1:colcon.colcon_core.package_identification:_identify(src/pick_bot_cpp_examples) by extension 'ignore_ament_install'
[7.136s] Level 1:colcon.colcon_core.package_identification:_identify(src/pick_bot_cpp_examples) by extensions ['colcon_pkg']
[7.136s] Level 1:colcon.colcon_core.package_identification:_identify(src/pick_bot_cpp_examples) by extension 'colcon_pkg'
[7.136s] Level 1:colcon.colcon_core.package_identification:_identify(src/pick_bot_cpp_examples) by extensions ['colcon_meta']
[7.136s] Level 1:colcon.colcon_core.package_identification:_identify(src/pick_bot_cpp_examples) by extension 'colcon_meta'
[7.136s] Level 1:colcon.colcon_core.package_identification:_identify(src/pick_bot_cpp_examples) by extensions ['ros']
[7.136s] Level 1:colcon.colcon_core.package_identification:_identify(src/pick_bot_cpp_examples) by extension 'ros'
[7.141s] DEBUG:colcon.colcon_core.package_identification:Package 'src/pick_bot_cpp_examples' with type 'ros.ament_cmake' and name 'pick_bot_cpp_examples'
[7.141s] Level 1:colcon.colcon_core.package_identification:_identify(src/pickbot_controller) by extensions ['ignore', 'ignore_ament_install']
[7.141s] Level 1:colcon.colcon_core.package_identification:_identify(src/pickbot_controller) by extension 'ignore'
[7.141s] Level 1:colcon.colcon_core.package_identification:_identify(src/pickbot_controller) by extension 'ignore_ament_install'
[7.142s] Level 1:colcon.colcon_core.package_identification:_identify(src/pickbot_controller) by extensions ['colcon_pkg']
[7.142s] Level 1:colcon.colcon_core.package_identification:_identify(src/pickbot_controller) by extension 'colcon_pkg'
[7.142s] Level 1:colcon.colcon_core.package_identification:_identify(src/pickbot_controller) by extensions ['colcon_meta']
[7.142s] Level 1:colcon.colcon_core.package_identification:_identify(src/pickbot_controller) by extension 'colcon_meta'
[7.142s] Level 1:colcon.colcon_core.package_identification:_identify(src/pickbot_controller) by extensions ['ros']
[7.142s] Level 1:colcon.colcon_core.package_identification:_identify(src/pickbot_controller) by extension 'ros'
[7.153s] DEBUG:colcon.colcon_core.package_identification:Package 'src/pickbot_controller' with type 'ros.ament_cmake' and name 'pickbot_controller'
[7.154s] Level 1:colcon.colcon_core.package_identification:_identify(src/pickbot_description) by extensions ['ignore', 'ignore_ament_install']
[7.154s] Level 1:colcon.colcon_core.package_identification:_identify(src/pickbot_description) by extension 'ignore'
[7.154s] Level 1:colcon.colcon_core.package_identification:_identify(src/pickbot_description) by extension 'ignore_ament_install'
[7.154s] Level 1:colcon.colcon_core.package_identification:_identify(src/pickbot_description) by extensions ['colcon_pkg']
[7.154s] Level 1:colcon.colcon_core.package_identification:_identify(src/pickbot_description) by extension 'colcon_pkg'
[7.154s] Level 1:colcon.colcon_core.package_identification:_identify(src/pickbot_description) by extensions ['colcon_meta']
[7.154s] Level 1:colcon.colcon_core.package_identification:_identify(src/pickbot_description) by extension 'colcon_meta'
[7.154s] Level 1:colcon.colcon_core.package_identification:_identify(src/pickbot_description) by extensions ['ros']
[7.154s] Level 1:colcon.colcon_core.package_identification:_identify(src/pickbot_description) by extension 'ros'
[7.169s] DEBUG:colcon.colcon_core.package_identification:Package 'src/pickbot_description' with type 'ros.ament_cmake' and name 'pickbot_description'
[7.169s] Level 1:colcon.colcon_core.package_identification:_identify(src/pickbot_moveit) by extensions ['ignore', 'ignore_ament_install']
[7.169s] Level 1:colcon.colcon_core.package_identification:_identify(src/pickbot_moveit) by extension 'ignore'
[7.169s] Level 1:colcon.colcon_core.package_identification:_identify(src/pickbot_moveit) by extension 'ignore_ament_install'
[7.169s] Level 1:colcon.colcon_core.package_identification:_identify(src/pickbot_moveit) by extensions ['colcon_pkg']
[7.169s] Level 1:colcon.colcon_core.package_identification:_identify(src/pickbot_moveit) by extension 'colcon_pkg'
[7.169s] Level 1:colcon.colcon_core.package_identification:_identify(src/pickbot_moveit) by extensions ['colcon_meta']
[7.170s] Level 1:colcon.colcon_core.package_identification:_identify(src/pickbot_moveit) by extension 'colcon_meta'
[7.170s] Level 1:colcon.colcon_core.package_identification:_identify(src/pickbot_moveit) by extensions ['ros']
[7.170s] Level 1:colcon.colcon_core.package_identification:_identify(src/pickbot_moveit) by extension 'ros'
[7.185s] DEBUG:colcon.colcon_core.package_identification:Package 'src/pickbot_moveit' with type 'ros.ament_cmake' and name 'pickbot_moveit'
[7.185s] Level 1:colcon.colcon_core.package_identification:_identify(src/pickbot_msgs) by extensions ['ignore', 'ignore_ament_install']
[7.185s] Level 1:colcon.colcon_core.package_identification:_identify(src/pickbot_msgs) by extension 'ignore'
[7.185s] Level 1:colcon.colcon_core.package_identification:_identify(src/pickbot_msgs) by extension 'ignore_ament_install'
[7.186s] Level 1:colcon.colcon_core.package_identification:_identify(src/pickbot_msgs) by extensions ['colcon_pkg']
[7.186s] Level 1:colcon.colcon_core.package_identification:_identify(src/pickbot_msgs) by extension 'colcon_pkg'
[7.186s] Level 1:colcon.colcon_core.package_identification:_identify(src/pickbot_msgs) by extensions ['colcon_meta']
[7.186s] Level 1:colcon.colcon_core.package_identification:_identify(src/pickbot_msgs) by extension 'colcon_meta'
[7.186s] Level 1:colcon.colcon_core.package_identification:_identify(src/pickbot_msgs) by extensions ['ros']
[7.186s] Level 1:colcon.colcon_core.package_identification:_identify(src/pickbot_msgs) by extension 'ros'
[7.193s] DEBUG:colcon.colcon_core.package_identification:Package 'src/pickbot_msgs' with type 'ros.ament_cmake' and name 'pickbot_msgs'
[7.194s] Level 1:colcon.colcon_core.package_identification:_identify(src/pickbot_remote) by extensions ['ignore', 'ignore_ament_install']
[7.194s] Level 1:colcon.colcon_core.package_identification:_identify(src/pickbot_remote) by extension 'ignore'
[7.194s] Level 1:colcon.colcon_core.package_identification:_identify(src/pickbot_remote) by extension 'ignore_ament_install'
[7.194s] Level 1:colcon.colcon_core.package_identification:_identify(src/pickbot_remote) by extensions ['colcon_pkg']
[7.194s] Level 1:colcon.colcon_core.package_identification:_identify(src/pickbot_remote) by extension 'colcon_pkg'
[7.194s] Level 1:colcon.colcon_core.package_identification:_identify(src/pickbot_remote) by extensions ['colcon_meta']
[7.194s] Level 1:colcon.colcon_core.package_identification:_identify(src/pickbot_remote) by extension 'colcon_meta'
[7.194s] Level 1:colcon.colcon_core.package_identification:_identify(src/pickbot_remote) by extensions ['ros']
[7.194s] Level 1:colcon.colcon_core.package_identification:_identify(src/pickbot_remote) by extension 'ros'
[7.196s] DEBUG:colcon.colcon_core.package_identification:Package 'src/pickbot_remote' with type 'ros.ament_cmake' and name 'pickbot_remote'
[7.196s] Level 1:colcon.colcon_core.package_identification:_identify(src/pickbot_utils) by extensions ['ignore', 'ignore_ament_install']
[7.196s] Level 1:colcon.colcon_core.package_identification:_identify(src/pickbot_utils) by extension 'ignore'
[7.196s] Level 1:colcon.colcon_core.package_identification:_identify(src/pickbot_utils) by extension 'ignore_ament_install'
[7.196s] Level 1:colcon.colcon_core.package_identification:_identify(src/pickbot_utils) by extensions ['colcon_pkg']
[7.196s] Level 1:colcon.colcon_core.package_identification:_identify(src/pickbot_utils) by extension 'colcon_pkg'
[7.196s] Level 1:colcon.colcon_core.package_identification:_identify(src/pickbot_utils) by extensions ['colcon_meta']
[7.196s] Level 1:colcon.colcon_core.package_identification:_identify(src/pickbot_utils) by extension 'colcon_meta'
[7.196s] Level 1:colcon.colcon_core.package_identification:_identify(src/pickbot_utils) by extensions ['ros']
[7.196s] Level 1:colcon.colcon_core.package_identification:_identify(src/pickbot_utils) by extension 'ros'
[7.211s] DEBUG:colcon.colcon_core.package_identification:Package 'src/pickbot_utils' with type 'ros.ament_cmake' and name 'pickbot_utils'
[7.211s] Level 1:colcon.colcon_core.package_discovery:discover_packages(recursive) using defaults
[7.211s] Level 1:colcon.colcon_core.package_discovery:discover_packages(ignore) discover
[7.211s] Level 1:colcon.colcon_core.package_discovery:discover_packages(ignore) using defaults
[7.211s] Level 1:colcon.colcon_core.package_discovery:discover_packages(path) discover
[7.211s] Level 1:colcon.colcon_core.package_discovery:discover_packages(path) using defaults
[7.471s] Level 1:colcon.colcon_core.package_discovery:discover_packages(prefix_path) check parameters
[7.472s] Level 1:colcon.colcon_core.package_discovery:discover_packages(prefix_path) discover
[7.515s] DEBUG:colcon.colcon_installed_package_information.package_discovery:Found 7 installed packages in /home/rahul/pick_bot/pickbot_ws/install
[7.520s] DEBUG:colcon.colcon_installed_package_information.package_discovery:Found 390 installed packages in /opt/ros/humble
[7.524s] Level 1:colcon.colcon_core.package_discovery:discover_packages(prefix_path) using defaults
[11.268s] Level 5:colcon.colcon_core.verb:set package 'pickbot_controller' build argument 'cmake_args' from command line to 'None'
[11.269s] Level 5:colcon.colcon_core.verb:set package 'pickbot_controller' build argument 'cmake_target' from command line to 'None'
[11.269s] Level 5:colcon.colcon_core.verb:set package 'pickbot_controller' build argument 'cmake_target_skip_unavailable' from command line to 'False'
[11.269s] Level 5:colcon.colcon_core.verb:set package 'pickbot_controller' build argument 'cmake_clean_cache' from command line to 'False'
[11.269s] Level 5:colcon.colcon_core.verb:set package 'pickbot_controller' build argument 'cmake_clean_first' from command line to 'False'
[11.269s] Level 5:colcon.colcon_core.verb:set package 'pickbot_controller' build argument 'cmake_force_configure' from command line to 'False'
[11.269s] Level 5:colcon.colcon_core.verb:set package 'pickbot_controller' build argument 'ament_cmake_args' from command line to 'None'
[11.269s] Level 5:colcon.colcon_core.verb:set package 'pickbot_controller' build argument 'catkin_cmake_args' from command line to 'None'
[11.269s] Level 5:colcon.colcon_core.verb:set package 'pickbot_controller' build argument 'catkin_skip_building_tests' from command line to 'False'
[11.269s] DEBUG:colcon.colcon_core.verb:Building package 'pickbot_controller' with the following arguments: {'ament_cmake_args': None, 'build_base': '/home/rahul/pick_bot/pickbot_ws/build/pickbot_controller', 'catkin_cmake_args': None, 'catkin_skip_building_tests': False, 'cmake_args': None, 'cmake_clean_cache': False, 'cmake_clean_first': False, 'cmake_force_configure': False, 'cmake_target': None, 'cmake_target_skip_unavailable': False, 'install_base': '/home/rahul/pick_bot/pickbot_ws/install/pickbot_controller', 'merge_install': False, 'path': '/home/rahul/pick_bot/pickbot_ws/src/pickbot_controller', 'symlink_install': False, 'test_result_base': None}
[11.269s] Level 5:colcon.colcon_core.verb:set package 'pickbot_description' build argument 'cmake_args' from command line to 'None'
[11.269s] Level 5:colcon.colcon_core.verb:set package 'pickbot_description' build argument 'cmake_target' from command line to 'None'
[11.269s] Level 5:colcon.colcon_core.verb:set package 'pickbot_description' build argument 'cmake_target_skip_unavailable' from command line to 'False'
[11.269s] Level 5:colcon.colcon_core.verb:set package 'pickbot_description' build argument 'cmake_clean_cache' from command line to 'False'
[11.269s] Level 5:colcon.colcon_core.verb:set package 'pickbot_description' build argument 'cmake_clean_first' from command line to 'False'
[11.269s] Level 5:colcon.colcon_core.verb:set package 'pickbot_description' build argument 'cmake_force_configure' from command line to 'False'
[11.269s] Level 5:colcon.colcon_core.verb:set package 'pickbot_description' build argument 'ament_cmake_args' from command line to 'None'
[11.269s] Level 5:colcon.colcon_core.verb:set package 'pickbot_description' build argument 'catkin_cmake_args' from command line to 'None'
[11.269s] Level 5:colcon.colcon_core.verb:set package 'pickbot_description' build argument 'catkin_skip_building_tests' from command line to 'False'
[11.269s] DEBUG:colcon.colcon_core.verb:Building package 'pickbot_description' with the following arguments: {'ament_cmake_args': None, 'build_base': '/home/rahul/pick_bot/pickbot_ws/build/pickbot_description', 'catkin_cmake_args': None, 'catkin_skip_building_tests': False, 'cmake_args': None, 'cmake_clean_cache': False, 'cmake_clean_first': False, 'cmake_force_configure': False, 'cmake_target': None, 'cmake_target_skip_unavailable': False, 'install_base': '/home/rahul/pick_bot/pickbot_ws/install/pickbot_description', 'merge_install': False, 'path': '/home/rahul/pick_bot/pickbot_ws/src/pickbot_description', 'symlink_install': False, 'test_result_base': None}
[11.270s] Level 5:colcon.colcon_core.verb:set package 'pickbot_msgs' build argument 'cmake_args' from command line to 'None'
[11.270s] Level 5:colcon.colcon_core.verb:set package 'pickbot_msgs' build argument 'cmake_target' from command line to 'None'
[11.270s] Level 5:colcon.colcon_core.verb:set package 'pickbot_msgs' build argument 'cmake_target_skip_unavailable' from command line to 'False'
[11.270s] Level 5:colcon.colcon_core.verb:set package 'pickbot_msgs' build argument 'cmake_clean_cache' from command line to 'False'
[11.270s] Level 5:colcon.colcon_core.verb:set package 'pickbot_msgs' build argument 'cmake_clean_first' from command line to 'False'
[11.270s] Level 5:colcon.colcon_core.verb:set package 'pickbot_msgs' build argument 'cmake_force_configure' from command line to 'False'
[11.270s] Level 5:colcon.colcon_core.verb:set package 'pickbot_msgs' build argument 'ament_cmake_args' from command line to 'None'
[11.270s] Level 5:colcon.colcon_core.verb:set package 'pickbot_msgs' build argument 'catkin_cmake_args' from command line to 'None'
[11.270s] Level 5:colcon.colcon_core.verb:set package 'pickbot_msgs' build argument 'catkin_skip_building_tests' from command line to 'False'
[11.270s] DEBUG:colcon.colcon_core.verb:Building package 'pickbot_msgs' with the following arguments: {'ament_cmake_args': None, 'build_base': '/home/rahul/pick_bot/pickbot_ws/build/pickbot_msgs', 'catkin_cmake_args': None, 'catkin_skip_building_tests': False, 'cmake_args': None, 'cmake_clean_cache': False, 'cmake_clean_first': False, 'cmake_force_configure': False, 'cmake_target': None, 'cmake_target_skip_unavailable': False, 'install_base': '/home/rahul/pick_bot/pickbot_ws/install/pickbot_msgs', 'merge_install': False, 'path': '/home/rahul/pick_bot/pickbot_ws/src/pickbot_msgs', 'symlink_install': False, 'test_result_base': None}
[11.270s] Level 5:colcon.colcon_core.verb:set package 'pick_bot_cpp_examples' build argument 'cmake_args' from command line to 'None'
[11.270s] Level 5:colcon.colcon_core.verb:set package 'pick_bot_cpp_examples' build argument 'cmake_target' from command line to 'None'
[11.270s] Level 5:colcon.colcon_core.verb:set package 'pick_bot_cpp_examples' build argument 'cmake_target_skip_unavailable' from command line to 'False'
[11.270s] Level 5:colcon.colcon_core.verb:set package 'pick_bot_cpp_examples' build argument 'cmake_clean_cache' from command line to 'False'
[11.270s] Level 5:colcon.colcon_core.verb:set package 'pick_bot_cpp_examples' build argument 'cmake_clean_first' from command line to 'False'
[11.270s] Level 5:colcon.colcon_core.verb:set package 'pick_bot_cpp_examples' build argument 'cmake_force_configure' from command line to 'False'
[11.270s] Level 5:colcon.colcon_core.verb:set package 'pick_bot_cpp_examples' build argument 'ament_cmake_args' from command line to 'None'
[11.270s] Level 5:colcon.colcon_core.verb:set package 'pick_bot_cpp_examples' build argument 'catkin_cmake_args' from command line to 'None'
[11.270s] Level 5:colcon.colcon_core.verb:set package 'pick_bot_cpp_examples' build argument 'catkin_skip_building_tests' from command line to 'False'
[11.270s] DEBUG:colcon.colcon_core.verb:Building package 'pick_bot_cpp_examples' with the following arguments: {'ament_cmake_args': None, 'build_base': '/home/rahul/pick_bot/pickbot_ws/build/pick_bot_cpp_examples', 'catkin_cmake_args': None, 'catkin_skip_building_tests': False, 'cmake_args': None, 'cmake_clean_cache': False, 'cmake_clean_first': False, 'cmake_force_configure': False, 'cmake_target': None, 'cmake_target_skip_unavailable': False, 'install_base': '/home/rahul/pick_bot/pickbot_ws/install/pick_bot_cpp_examples', 'merge_install': False, 'path': '/home/rahul/pick_bot/pickbot_ws/src/pick_bot_cpp_examples', 'symlink_install': False, 'test_result_base': None}
[11.271s] Level 5:colcon.colcon_core.verb:set package 'pickbot_moveit' build argument 'cmake_args' from command line to 'None'
[11.271s] Level 5:colcon.colcon_core.verb:set package 'pickbot_moveit' build argument 'cmake_target' from command line to 'None'
[11.271s] Level 5:colcon.colcon_core.verb:set package 'pickbot_moveit' build argument 'cmake_target_skip_unavailable' from command line to 'False'
[11.271s] Level 5:colcon.colcon_core.verb:set package 'pickbot_moveit' build argument 'cmake_clean_cache' from command line to 'False'
[11.271s] Level 5:colcon.colcon_core.verb:set package 'pickbot_moveit' build argument 'cmake_clean_first' from command line to 'False'
[11.271s] Level 5:colcon.colcon_core.verb:set package 'pickbot_moveit' build argument 'cmake_force_configure' from command line to 'False'
[11.271s] Level 5:colcon.colcon_core.verb:set package 'pickbot_moveit' build argument 'ament_cmake_args' from command line to 'None'
[11.271s] Level 5:colcon.colcon_core.verb:set package 'pickbot_moveit' build argument 'catkin_cmake_args' from command line to 'None'
[11.271s] Level 5:colcon.colcon_core.verb:set package 'pickbot_moveit' build argument 'catkin_skip_building_tests' from command line to 'False'
[11.271s] DEBUG:colcon.colcon_core.verb:Building package 'pickbot_moveit' with the following arguments: {'ament_cmake_args': None, 'build_base': '/home/rahul/pick_bot/pickbot_ws/build/pickbot_moveit', 'catkin_cmake_args': None, 'catkin_skip_building_tests': False, 'cmake_args': None, 'cmake_clean_cache': False, 'cmake_clean_first': False, 'cmake_force_configure': False, 'cmake_target': None, 'cmake_target_skip_unavailable': False, 'install_base': '/home/rahul/pick_bot/pickbot_ws/install/pickbot_moveit', 'merge_install': False, 'path': '/home/rahul/pick_bot/pickbot_ws/src/pickbot_moveit', 'symlink_install': False, 'test_result_base': None}
[11.271s] Level 5:colcon.colcon_core.verb:set package 'pickbot_utils' build argument 'cmake_args' from command line to 'None'
[11.271s] Level 5:colcon.colcon_core.verb:set package 'pickbot_utils' build argument 'cmake_target' from command line to 'None'
[11.271s] Level 5:colcon.colcon_core.verb:set package 'pickbot_utils' build argument 'cmake_target_skip_unavailable' from command line to 'False'
[11.271s] Level 5:colcon.colcon_core.verb:set package 'pickbot_utils' build argument 'cmake_clean_cache' from command line to 'False'
[11.271s] Level 5:colcon.colcon_core.verb:set package 'pickbot_utils' build argument 'cmake_clean_first' from command line to 'False'
[11.271s] Level 5:colcon.colcon_core.verb:set package 'pickbot_utils' build argument 'cmake_force_configure' from command line to 'False'
[11.271s] Level 5:colcon.colcon_core.verb:set package 'pickbot_utils' build argument 'ament_cmake_args' from command line to 'None'
[11.271s] Level 5:colcon.colcon_core.verb:set package 'pickbot_utils' build argument 'catkin_cmake_args' from command line to 'None'
[11.271s] Level 5:colcon.colcon_core.verb:set package 'pickbot_utils' build argument 'catkin_skip_building_tests' from command line to 'False'
[11.271s] DEBUG:colcon.colcon_core.verb:Building package 'pickbot_utils' with the following arguments: {'ament_cmake_args': None, 'build_base': '/home/rahul/pick_bot/pickbot_ws/build/pickbot_utils', 'catkin_cmake_args': None, 'catkin_skip_building_tests': False, 'cmake_args': None, 'cmake_clean_cache': False, 'cmake_clean_first': False, 'cmake_force_configure': False, 'cmake_target': None, 'cmake_target_skip_unavailable': False, 'install_base': '/home/rahul/pick_bot/pickbot_ws/install/pickbot_utils', 'merge_install': False, 'path': '/home/rahul/pick_bot/pickbot_ws/src/pickbot_utils', 'symlink_install': False, 'test_result_base': None}
[11.272s] Level 5:colcon.colcon_core.verb:set package 'pickbot_remote' build argument 'cmake_args' from command line to 'None'
[11.272s] Level 5:colcon.colcon_core.verb:set package 'pickbot_remote' build argument 'cmake_target' from command line to 'None'
[11.272s] Level 5:colcon.colcon_core.verb:set package 'pickbot_remote' build argument 'cmake_target_skip_unavailable' from command line to 'False'
[11.272s] Level 5:colcon.colcon_core.verb:set package 'pickbot_remote' build argument 'cmake_clean_cache' from command line to 'False'
[11.272s] Level 5:colcon.colcon_core.verb:set package 'pickbot_remote' build argument 'cmake_clean_first' from command line to 'False'
[11.272s] Level 5:colcon.colcon_core.verb:set package 'pickbot_remote' build argument 'cmake_force_configure' from command line to 'False'
[11.272s] Level 5:colcon.colcon_core.verb:set package 'pickbot_remote' build argument 'ament_cmake_args' from command line to 'None'
[11.272s] Level 5:colcon.colcon_core.verb:set package 'pickbot_remote' build argument 'catkin_cmake_args' from command line to 'None'
[11.272s] Level 5:colcon.colcon_core.verb:set package 'pickbot_remote' build argument 'catkin_skip_building_tests' from command line to 'False'
[11.272s] DEBUG:colcon.colcon_core.verb:Building package 'pickbot_remote' with the following arguments: {'ament_cmake_args': None, 'build_base': '/home/rahul/pick_bot/pickbot_ws/build/pickbot_remote', 'catkin_cmake_args': None, 'catkin_skip_building_tests': False, 'cmake_args': None, 'cmake_clean_cache': False, 'cmake_clean_first': False, 'cmake_force_configure': False, 'cmake_target': None, 'cmake_target_skip_unavailable': False, 'install_base': '/home/rahul/pick_bot/pickbot_ws/install/pickbot_remote', 'merge_install': False, 'path': '/home/rahul/pick_bot/pickbot_ws/src/pickbot_remote', 'symlink_install': False, 'test_result_base': None}
[11.272s] INFO:colcon.colcon_core.executor:Executing jobs using 'parallel' executor
[11.273s] DEBUG:colcon.colcon_parallel_executor.executor.parallel:run_until_complete
[11.274s] INFO:colcon.colcon_ros.task.ament_cmake.build:Building ROS package in '/home/rahul/pick_bot/pickbot_ws/src/pickbot_msgs' with build type 'ament_cmake'
[11.275s] INFO:colcon.colcon_cmake.task.cmake.build:Building CMake package in '/home/rahul/pick_bot/pickbot_ws/src/pickbot_msgs'
[11.324s] INFO:colcon.colcon_core.plugin_system:Skipping extension 'colcon_core.shell.bat': Not used on non-Windows systems
[11.324s] INFO:colcon.colcon_core.shell:Skip shell extension 'powershell' for command environment: Not usable outside of PowerShell
[11.324s] DEBUG:colcon.colcon_core.shell:Skip shell extension 'dsv' for command environment
[11.342s] INFO:colcon.colcon_ros.task.ament_cmake.build:Building ROS package in '/home/rahul/pick_bot/pickbot_ws/src/pickbot_description' with build type 'ament_cmake'
[11.343s] INFO:colcon.colcon_cmake.task.cmake.build:Building CMake package in '/home/rahul/pick_bot/pickbot_ws/src/pickbot_description'
[11.343s] INFO:colcon.colcon_core.shell:Skip shell extension 'powershell' for command environment: Not usable outside of PowerShell
[11.343s] DEBUG:colcon.colcon_core.shell:Skip shell extension 'dsv' for command environment
[11.348s] INFO:colcon.colcon_ros.task.ament_cmake.build:Building ROS package in '/home/rahul/pick_bot/pickbot_ws/src/pickbot_controller' with build type 'ament_cmake'
[11.348s] INFO:colcon.colcon_cmake.task.cmake.build:Building CMake package in '/home/rahul/pick_bot/pickbot_ws/src/pickbot_controller'
[11.348s] INFO:colcon.colcon_core.shell:Skip shell extension 'powershell' for command environment: Not usable outside of PowerShell
[11.348s] DEBUG:colcon.colcon_core.shell:Skip shell extension 'dsv' for command environment
[11.390s] DEBUG:colcon.colcon_core.event_handler.log_command:Invoking command in '/home/rahul/pick_bot/pickbot_ws/build/pickbot_msgs': CMAKE_PREFIX_PATH=${CMAKE_PREFIX_PATH}:/opt/ros/humble /usr/bin/cmake --build /home/rahul/pick_bot/pickbot_ws/build/pickbot_msgs -- -j12 -l12
[11.420s] DEBUG:colcon.colcon_core.event_handler.log_command:Invoking command in '/home/rahul/pick_bot/pickbot_ws/build/pickbot_description': CMAKE_PREFIX_PATH=${CMAKE_PREFIX_PATH}:/opt/ros/humble /usr/bin/cmake --build /home/rahul/pick_bot/pickbot_ws/build/pickbot_description -- -j12 -l12
[11.435s] DEBUG:colcon.colcon_core.event_handler.log_command:Invoking command in '/home/rahul/pick_bot/pickbot_ws/build/pickbot_controller': CMAKE_PREFIX_PATH=${CMAKE_PREFIX_PATH}:/opt/ros/humble /usr/bin/cmake --build /home/rahul/pick_bot/pickbot_ws/build/pickbot_controller -- -j12 -l12
[12.679s] DEBUG:colcon.colcon_core.event_handler.log_command:Invoked command in '/home/rahul/pick_bot/pickbot_ws/build/pickbot_description' returned '0': CMAKE_PREFIX_PATH=${CMAKE_PREFIX_PATH}:/opt/ros/humble /usr/bin/cmake --build /home/rahul/pick_bot/pickbot_ws/build/pickbot_description -- -j12 -l12
[12.737s] DEBUG:colcon.colcon_core.event_handler.log_command:Invoking command in '/home/rahul/pick_bot/pickbot_ws/build/pickbot_description': CMAKE_PREFIX_PATH=${CMAKE_PREFIX_PATH}:/opt/ros/humble /usr/bin/cmake --install /home/rahul/pick_bot/pickbot_ws/build/pickbot_description
[12.787s] DEBUG:colcon.colcon_core.event_handler.log_command:Invoked command in '/home/rahul/pick_bot/pickbot_ws/build/pickbot_controller' returned '0': CMAKE_PREFIX_PATH=${CMAKE_PREFIX_PATH}:/opt/ros/humble /usr/bin/cmake --build /home/rahul/pick_bot/pickbot_ws/build/pickbot_controller -- -j12 -l12
[12.823s] DEBUG:colcon.colcon_core.event_handler.log_command:Invoking command in '/home/rahul/pick_bot/pickbot_ws/build/pickbot_controller': CMAKE_PREFIX_PATH=${CMAKE_PREFIX_PATH}:/opt/ros/humble /usr/bin/cmake --install /home/rahul/pick_bot/pickbot_ws/build/pickbot_controller
[12.825s] Level 1:colcon.colcon_core.environment:create_environment_scripts_only(pickbot_description)
[12.827s] DEBUG:colcon.colcon_core.event_handler.log_command:Invoked command in '/home/rahul/pick_bot/pickbot_ws/build/pickbot_description' returned '0': CMAKE_PREFIX_PATH=${CMAKE_PREFIX_PATH}:/opt/ros/humble /usr/bin/cmake --install /home/rahul/pick_bot/pickbot_ws/build/pickbot_description
[13.094s] Level 1:colcon.colcon_core.environment:checking '/home/rahul/pick_bot/pickbot_ws/install/pickbot_description' for CMake module files
[13.095s] Level 1:colcon.colcon_core.environment:checking '/home/rahul/pick_bot/pickbot_ws/install/pickbot_description' for CMake config files
[13.095s] Level 1:colcon.colcon_core.shell:create_environment_hook('pickbot_description', 'cmake_prefix_path')
[13.096s] INFO:colcon.colcon_core.shell:Creating environment hook '/home/rahul/pick_bot/pickbot_ws/install/pickbot_description/share/pickbot_description/hook/cmake_prefix_path.ps1'
[13.129s] INFO:colcon.colcon_core.shell:Creating environment descriptor '/home/rahul/pick_bot/pickbot_ws/install/pickbot_description/share/pickbot_description/hook/cmake_prefix_path.dsv'
[13.131s] INFO:colcon.colcon_core.shell:Creating environment hook '/home/rahul/pick_bot/pickbot_ws/install/pickbot_description/share/pickbot_description/hook/cmake_prefix_path.sh'
[13.133s] Level 1:colcon.colcon_core.environment:checking '/home/rahul/pick_bot/pickbot_ws/install/pickbot_description/bin'
[13.133s] Level 1:colcon.colcon_core.environment:checking '/home/rahul/pick_bot/pickbot_ws/install/pickbot_description/lib/pkgconfig/pickbot_description.pc'
[13.134s] Level 1:colcon.colcon_core.environment:checking '/home/rahul/pick_bot/pickbot_ws/install/pickbot_description/lib/python3.10/site-packages'
[13.134s] Level 1:colcon.colcon_core.environment:checking '/home/rahul/pick_bot/pickbot_ws/install/pickbot_description/bin'
[13.134s] INFO:colcon.colcon_core.shell:Creating package script '/home/rahul/pick_bot/pickbot_ws/install/pickbot_description/share/pickbot_description/package.ps1'
[13.152s] INFO:colcon.colcon_core.shell:Creating package descriptor '/home/rahul/pick_bot/pickbot_ws/install/pickbot_description/share/pickbot_description/package.dsv'
[13.155s] INFO:colcon.colcon_core.shell:Creating package script '/home/rahul/pick_bot/pickbot_ws/install/pickbot_description/share/pickbot_description/package.sh'
[13.158s] INFO:colcon.colcon_core.shell:Creating package script '/home/rahul/pick_bot/pickbot_ws/install/pickbot_description/share/pickbot_description/package.bash'
[13.184s] INFO:colcon.colcon_core.shell:Creating package script '/home/rahul/pick_bot/pickbot_ws/install/pickbot_description/share/pickbot_description/package.zsh'
[13.231s] Level 1:colcon.colcon_core.environment:create_file_with_runtime_dependencies(/home/rahul/pick_bot/pickbot_ws/install/pickbot_description/share/colcon-core/packages/pickbot_description)
[13.236s] Level 1:colcon.colcon_core.environment:create_environment_scripts_only(pickbot_controller)
[13.237s] Level 1:colcon.colcon_core.environment:checking '/home/rahul/pick_bot/pickbot_ws/install/pickbot_controller' for CMake module files
[13.238s] DEBUG:colcon.colcon_core.event_handler.log_command:Invoked command in '/home/rahul/pick_bot/pickbot_ws/build/pickbot_controller' returned '0': CMAKE_PREFIX_PATH=${CMAKE_PREFIX_PATH}:/opt/ros/humble /usr/bin/cmake --install /home/rahul/pick_bot/pickbot_ws/build/pickbot_controller
[13.240s] Level 1:colcon.colcon_core.environment:checking '/home/rahul/pick_bot/pickbot_ws/install/pickbot_controller' for CMake config files
[13.241s] Level 1:colcon.colcon_core.shell:create_environment_hook('pickbot_controller', 'cmake_prefix_path')
[13.241s] INFO:colcon.colcon_core.shell:Creating environment hook '/home/rahul/pick_bot/pickbot_ws/install/pickbot_controller/share/pickbot_controller/hook/cmake_prefix_path.ps1'
[13.243s] INFO:colcon.colcon_core.shell:Creating environment descriptor '/home/rahul/pick_bot/pickbot_ws/install/pickbot_controller/share/pickbot_controller/hook/cmake_prefix_path.dsv'
[13.244s] INFO:colcon.colcon_core.shell:Creating environment hook '/home/rahul/pick_bot/pickbot_ws/install/pickbot_controller/share/pickbot_controller/hook/cmake_prefix_path.sh'
[13.245s] Level 1:colcon.colcon_core.environment:checking '/home/rahul/pick_bot/pickbot_ws/install/pickbot_controller/bin'
[13.245s] Level 1:colcon.colcon_core.environment:checking '/home/rahul/pick_bot/pickbot_ws/install/pickbot_controller/lib/pkgconfig/pickbot_controller.pc'
[13.245s] Level 1:colcon.colcon_core.environment:checking '/home/rahul/pick_bot/pickbot_ws/install/pickbot_controller/lib/python3.10/site-packages'
[13.245s] Level 1:colcon.colcon_core.environment:checking '/home/rahul/pick_bot/pickbot_ws/install/pickbot_controller/bin'
[13.246s] INFO:colcon.colcon_core.shell:Creating package script '/home/rahul/pick_bot/pickbot_ws/install/pickbot_controller/share/pickbot_controller/package.ps1'
[13.247s] INFO:colcon.colcon_core.shell:Creating package descriptor '/home/rahul/pick_bot/pickbot_ws/install/pickbot_controller/share/pickbot_controller/package.dsv'
[13.248s] INFO:colcon.colcon_core.shell:Creating package script '/home/rahul/pick_bot/pickbot_ws/install/pickbot_controller/share/pickbot_controller/package.sh'
[13.248s] INFO:colcon.colcon_core.shell:Creating package script '/home/rahul/pick_bot/pickbot_ws/install/pickbot_controller/share/pickbot_controller/package.bash'
[13.249s] INFO:colcon.colcon_core.shell:Creating package script '/home/rahul/pick_bot/pickbot_ws/install/pickbot_controller/share/pickbot_controller/package.zsh'
[13.249s] Level 1:colcon.colcon_core.environment:create_file_with_runtime_dependencies(/home/rahul/pick_bot/pickbot_ws/install/pickbot_controller/share/colcon-core/packages/pickbot_controller)
[13.250s] Level 1:colcon.colcon_core.environment:create_environment_scripts_only(pickbot_controller)
[13.251s] Level 1:colcon.colcon_core.environment:checking '/home/rahul/pick_bot/pickbot_ws/install/pickbot_controller' for CMake module files
[13.252s] Level 1:colcon.colcon_core.environment:checking '/home/rahul/pick_bot/pickbot_ws/install/pickbot_controller' for CMake config files
[13.252s] Level 1:colcon.colcon_core.shell:create_environment_hook('pickbot_controller', 'cmake_prefix_path')
[13.253s] INFO:colcon.colcon_core.shell:Creating environment hook '/home/rahul/pick_bot/pickbot_ws/install/pickbot_controller/share/pickbot_controller/hook/cmake_prefix_path.ps1'
[13.254s] INFO:colcon.colcon_core.shell:Creating environment descriptor '/home/rahul/pick_bot/pickbot_ws/install/pickbot_controller/share/pickbot_controller/hook/cmake_prefix_path.dsv'
[13.254s] INFO:colcon.colcon_core.shell:Creating environment hook '/home/rahul/pick_bot/pickbot_ws/install/pickbot_controller/share/pickbot_controller/hook/cmake_prefix_path.sh'
[13.255s] Level 1:colcon.colcon_core.environment:checking '/home/rahul/pick_bot/pickbot_ws/install/pickbot_controller/bin'
[13.255s] Level 1:colcon.colcon_core.environment:checking '/home/rahul/pick_bot/pickbot_ws/install/pickbot_controller/lib/pkgconfig/pickbot_controller.pc'
[13.256s] Level 1:colcon.colcon_core.environment:checking '/home/rahul/pick_bot/pickbot_ws/install/pickbot_controller/lib/python3.10/site-packages'
[13.256s] Level 1:colcon.colcon_core.environment:checking '/home/rahul/pick_bot/pickbot_ws/install/pickbot_controller/bin'
[13.256s] INFO:colcon.colcon_core.shell:Creating package script '/home/rahul/pick_bot/pickbot_ws/install/pickbot_controller/share/pickbot_controller/package.ps1'
[13.257s] INFO:colcon.colcon_core.shell:Creating package descriptor '/home/rahul/pick_bot/pickbot_ws/install/pickbot_controller/share/pickbot_controller/package.dsv'
[13.258s] INFO:colcon.colcon_core.shell:Creating package script '/home/rahul/pick_bot/pickbot_ws/install/pickbot_controller/share/pickbot_controller/package.sh'
[13.259s] INFO:colcon.colcon_core.shell:Creating package script '/home/rahul/pick_bot/pickbot_ws/install/pickbot_controller/share/pickbot_controller/package.bash'
[13.259s] INFO:colcon.colcon_core.shell:Creating package script '/home/rahul/pick_bot/pickbot_ws/install/pickbot_controller/share/pickbot_controller/package.zsh'
[13.260s] Level 1:colcon.colcon_core.environment:create_file_with_runtime_dependencies(/home/rahul/pick_bot/pickbot_ws/install/pickbot_controller/share/colcon-core/packages/pickbot_controller)
[13.273s] Level 1:colcon.colcon_core.environment:create_environment_scripts_only(pickbot_description)
[13.273s] Level 1:colcon.colcon_core.environment:checking '/home/rahul/pick_bot/pickbot_ws/install/pickbot_description' for CMake module files
[13.274s] Level 1:colcon.colcon_core.environment:checking '/home/rahul/pick_bot/pickbot_ws/install/pickbot_description' for CMake config files
[13.275s] Level 1:colcon.colcon_core.shell:create_environment_hook('pickbot_description', 'cmake_prefix_path')
[13.275s] INFO:colcon.colcon_core.shell:Creating environment hook '/home/rahul/pick_bot/pickbot_ws/install/pickbot_description/share/pickbot_description/hook/cmake_prefix_path.ps1'
[13.277s] INFO:colcon.colcon_core.shell:Creating environment descriptor '/home/rahul/pick_bot/pickbot_ws/install/pickbot_description/share/pickbot_description/hook/cmake_prefix_path.dsv'
[13.278s] INFO:colcon.colcon_core.shell:Creating environment hook '/home/rahul/pick_bot/pickbot_ws/install/pickbot_description/share/pickbot_description/hook/cmake_prefix_path.sh'
[13.280s] Level 1:colcon.colcon_core.environment:checking '/home/rahul/pick_bot/pickbot_ws/install/pickbot_description/bin'
[13.280s] Level 1:colcon.colcon_core.environment:checking '/home/rahul/pick_bot/pickbot_ws/install/pickbot_description/lib/pkgconfig/pickbot_description.pc'
[13.281s] Level 1:colcon.colcon_core.environment:checking '/home/rahul/pick_bot/pickbot_ws/install/pickbot_description/lib/python3.10/site-packages'
[13.281s] Level 1:colcon.colcon_core.environment:checking '/home/rahul/pick_bot/pickbot_ws/install/pickbot_description/bin'
[13.282s] INFO:colcon.colcon_core.shell:Creating package script '/home/rahul/pick_bot/pickbot_ws/install/pickbot_description/share/pickbot_description/package.ps1'
[13.283s] INFO:colcon.colcon_core.shell:Creating package descriptor '/home/rahul/pick_bot/pickbot_ws/install/pickbot_description/share/pickbot_description/package.dsv'
[13.284s] INFO:colcon.colcon_core.shell:Creating package script '/home/rahul/pick_bot/pickbot_ws/install/pickbot_description/share/pickbot_description/package.sh'
[13.285s] INFO:colcon.colcon_core.shell:Creating package script '/home/rahul/pick_bot/pickbot_ws/install/pickbot_description/share/pickbot_description/package.bash'
[13.285s] INFO:colcon.colcon_core.shell:Creating package script '/home/rahul/pick_bot/pickbot_ws/install/pickbot_description/share/pickbot_description/package.zsh'
[13.286s] Level 1:colcon.colcon_core.environment:create_file_with_runtime_dependencies(/home/rahul/pick_bot/pickbot_ws/install/pickbot_description/share/colcon-core/packages/pickbot_description)
[13.286s] INFO:colcon.colcon_ros.task.ament_cmake.build:Building ROS package in '/home/rahul/pick_bot/pickbot_ws/src/pickbot_moveit' with build type 'ament_cmake'
[13.287s] INFO:colcon.colcon_cmake.task.cmake.build:Building CMake package in '/home/rahul/pick_bot/pickbot_ws/src/pickbot_moveit'
[13.287s] INFO:colcon.colcon_core.shell:Skip shell extension 'powershell' for command environment: Not usable outside of PowerShell
[13.287s] DEBUG:colcon.colcon_core.shell:Skip shell extension 'dsv' for command environment
[13.359s] DEBUG:colcon.colcon_core.event_handler.log_command:Invoking command in '/home/rahul/pick_bot/pickbot_ws/build/pickbot_moveit': CMAKE_PREFIX_PATH=/home/rahul/pick_bot/pickbot_ws/install/pickbot_description:/home/rahul/pick_bot/pickbot_ws/install/pickbot_utils:/home/rahul/pick_bot/pickbot_ws/install/pickbot_remote:/home/rahul/pick_bot/pickbot_ws/install/pick_bot_cpp_examples:/home/rahul/pick_bot/pickbot_ws/install/pickbot_msgs:/home/rahul/pick_bot/pickbot_ws/install/pickbot_moveit:/home/rahul/pick_bot/pickbot_ws/install/pickbot_controller:/opt/ros/humble /usr/bin/cmake --build /home/rahul/pick_bot/pickbot_ws/build/pickbot_moveit -- -j12 -l12
[13.497s] DEBUG:colcon.colcon_core.event_handler.log_command:Invoked command in '/home/rahul/pick_bot/pickbot_ws/build/pickbot_moveit' returned '0': CMAKE_PREFIX_PATH=/home/rahul/pick_bot/pickbot_ws/install/pickbot_description:/home/rahul/pick_bot/pickbot_ws/install/pickbot_utils:/home/rahul/pick_bot/pickbot_ws/install/pickbot_remote:/home/rahul/pick_bot/pickbot_ws/install/pick_bot_cpp_examples:/home/rahul/pick_bot/pickbot_ws/install/pickbot_msgs:/home/rahul/pick_bot/pickbot_ws/install/pickbot_moveit:/home/rahul/pick_bot/pickbot_ws/install/pickbot_controller:/opt/ros/humble /usr/bin/cmake --build /home/rahul/pick_bot/pickbot_ws/build/pickbot_moveit -- -j12 -l12
[13.562s] DEBUG:colcon.colcon_core.event_handler.log_command:Invoking command in '/home/rahul/pick_bot/pickbot_ws/build/pickbot_moveit': CMAKE_PREFIX_PATH=/home/rahul/pick_bot/pickbot_ws/install/pickbot_description:/home/rahul/pick_bot/pickbot_ws/install/pickbot_utils:/home/rahul/pick_bot/pickbot_ws/install/pickbot_remote:/home/rahul/pick_bot/pickbot_ws/install/pick_bot_cpp_examples:/home/rahul/pick_bot/pickbot_ws/install/pickbot_msgs:/home/rahul/pick_bot/pickbot_ws/install/pickbot_moveit:/home/rahul/pick_bot/pickbot_ws/install/pickbot_controller:/opt/ros/humble /usr/bin/cmake --install /home/rahul/pick_bot/pickbot_ws/build/pickbot_moveit
[13.695s] Level 1:colcon.colcon_core.environment:create_environment_scripts_only(pickbot_moveit)
[13.696s] DEBUG:colcon.colcon_core.event_handler.log_command:Invoked command in '/home/rahul/pick_bot/pickbot_ws/build/pickbot_moveit' returned '0': CMAKE_PREFIX_PATH=/home/rahul/pick_bot/pickbot_ws/install/pickbot_description:/home/rahul/pick_bot/pickbot_ws/install/pickbot_utils:/home/rahul/pick_bot/pickbot_ws/install/pickbot_remote:/home/rahul/pick_bot/pickbot_ws/install/pick_bot_cpp_examples:/home/rahul/pick_bot/pickbot_ws/install/pickbot_msgs:/home/rahul/pick_bot/pickbot_ws/install/pickbot_moveit:/home/rahul/pick_bot/pickbot_ws/install/pickbot_controller:/opt/ros/humble /usr/bin/cmake --install /home/rahul/pick_bot/pickbot_ws/build/pickbot_moveit
[13.697s] Level 1:colcon.colcon_core.environment:checking '/home/rahul/pick_bot/pickbot_ws/install/pickbot_moveit' for CMake module files
[13.698s] Level 1:colcon.colcon_core.environment:checking '/home/rahul/pick_bot/pickbot_ws/install/pickbot_moveit' for CMake config files
[13.698s] Level 1:colcon.colcon_core.shell:create_environment_hook('pickbot_moveit', 'cmake_prefix_path')
[13.698s] INFO:colcon.colcon_core.shell:Creating environment hook '/home/rahul/pick_bot/pickbot_ws/install/pickbot_moveit/share/pickbot_moveit/hook/cmake_prefix_path.ps1'
[13.699s] INFO:colcon.colcon_core.shell:Creating environment descriptor '/home/rahul/pick_bot/pickbot_ws/install/pickbot_moveit/share/pickbot_moveit/hook/cmake_prefix_path.dsv'
[13.699s] INFO:colcon.colcon_core.shell:Creating environment hook '/home/rahul/pick_bot/pickbot_ws/install/pickbot_moveit/share/pickbot_moveit/hook/cmake_prefix_path.sh'
[13.700s] Level 1:colcon.colcon_core.environment:checking '/home/rahul/pick_bot/pickbot_ws/install/pickbot_moveit/bin'
[13.700s] Level 1:colcon.colcon_core.environment:checking '/home/rahul/pick_bot/pickbot_ws/install/pickbot_moveit/lib/pkgconfig/pickbot_moveit.pc'
[13.701s] Level 1:colcon.colcon_core.environment:checking '/home/rahul/pick_bot/pickbot_ws/install/pickbot_moveit/lib/python3.10/site-packages'
[13.701s] Level 1:colcon.colcon_core.environment:checking '/home/rahul/pick_bot/pickbot_ws/install/pickbot_moveit/bin'
[13.701s] INFO:colcon.colcon_core.shell:Creating package script '/home/rahul/pick_bot/pickbot_ws/install/pickbot_moveit/share/pickbot_moveit/package.ps1'
[13.702s] INFO:colcon.colcon_core.shell:Creating package descriptor '/home/rahul/pick_bot/pickbot_ws/install/pickbot_moveit/share/pickbot_moveit/package.dsv'
[13.702s] INFO:colcon.colcon_core.shell:Creating package script '/home/rahul/pick_bot/pickbot_ws/install/pickbot_moveit/share/pickbot_moveit/package.sh'
[13.703s] INFO:colcon.colcon_core.shell:Creating package script '/home/rahul/pick_bot/pickbot_ws/install/pickbot_moveit/share/pickbot_moveit/package.bash'
[13.703s] INFO:colcon.colcon_core.shell:Creating package script '/home/rahul/pick_bot/pickbot_ws/install/pickbot_moveit/share/pickbot_moveit/package.zsh'
[13.704s] Level 1:colcon.colcon_core.environment:create_file_with_runtime_dependencies(/home/rahul/pick_bot/pickbot_ws/install/pickbot_moveit/share/colcon-core/packages/pickbot_moveit)
[13.704s] Level 1:colcon.colcon_core.environment:create_environment_scripts_only(pickbot_moveit)
[13.704s] Level 1:colcon.colcon_core.environment:checking '/home/rahul/pick_bot/pickbot_ws/install/pickbot_moveit' for CMake module files
[13.705s] Level 1:colcon.colcon_core.environment:checking '/home/rahul/pick_bot/pickbot_ws/install/pickbot_moveit' for CMake config files
[13.705s] Level 1:colcon.colcon_core.shell:create_environment_hook('pickbot_moveit', 'cmake_prefix_path')
[13.705s] INFO:colcon.colcon_core.shell:Creating environment hook '/home/rahul/pick_bot/pickbot_ws/install/pickbot_moveit/share/pickbot_moveit/hook/cmake_prefix_path.ps1'
[13.706s] INFO:colcon.colcon_core.shell:Creating environment descriptor '/home/rahul/pick_bot/pickbot_ws/install/pickbot_moveit/share/pickbot_moveit/hook/cmake_prefix_path.dsv'
[13.707s] INFO:colcon.colcon_core.shell:Creating environment hook '/home/rahul/pick_bot/pickbot_ws/install/pickbot_moveit/share/pickbot_moveit/hook/cmake_prefix_path.sh'
[13.709s] Level 1:colcon.colcon_core.environment:checking '/home/rahul/pick_bot/pickbot_ws/install/pickbot_moveit/bin'
[13.709s] Level 1:colcon.colcon_core.environment:checking '/home/rahul/pick_bot/pickbot_ws/install/pickbot_moveit/lib/pkgconfig/pickbot_moveit.pc'
[13.709s] Level 1:colcon.colcon_core.environment:checking '/home/rahul/pick_bot/pickbot_ws/install/pickbot_moveit/lib/python3.10/site-packages'
[13.709s] Level 1:colcon.colcon_core.environment:checking '/home/rahul/pick_bot/pickbot_ws/install/pickbot_moveit/bin'
[13.710s] INFO:colcon.colcon_core.shell:Creating package script '/home/rahul/pick_bot/pickbot_ws/install/pickbot_moveit/share/pickbot_moveit/package.ps1'
[13.711s] INFO:colcon.colcon_core.shell:Creating package descriptor '/home/rahul/pick_bot/pickbot_ws/install/pickbot_moveit/share/pickbot_moveit/package.dsv'
[13.712s] INFO:colcon.colcon_core.shell:Creating package script '/home/rahul/pick_bot/pickbot_ws/install/pickbot_moveit/share/pickbot_moveit/package.sh'
[13.712s] INFO:colcon.colcon_core.shell:Creating package script '/home/rahul/pick_bot/pickbot_ws/install/pickbot_moveit/share/pickbot_moveit/package.bash'
[13.714s] INFO:colcon.colcon_core.shell:Creating package script '/home/rahul/pick_bot/pickbot_ws/install/pickbot_moveit/share/pickbot_moveit/package.zsh'
[13.715s] Level 1:colcon.colcon_core.environment:create_file_with_runtime_dependencies(/home/rahul/pick_bot/pickbot_ws/install/pickbot_moveit/share/colcon-core/packages/pickbot_moveit)
[14.239s] DEBUG:colcon.colcon_core.event_handler.log_command:Invoked command in '/home/rahul/pick_bot/pickbot_ws/build/pickbot_msgs' returned '0': CMAKE_PREFIX_PATH=${CMAKE_PREFIX_PATH}:/opt/ros/humble /usr/bin/cmake --build /home/rahul/pick_bot/pickbot_ws/build/pickbot_msgs -- -j12 -l12
[14.294s] DEBUG:colcon.colcon_core.event_handler.log_command:Invoking command in '/home/rahul/pick_bot/pickbot_ws/build/pickbot_msgs': CMAKE_PREFIX_PATH=${CMAKE_PREFIX_PATH}:/opt/ros/humble /usr/bin/cmake --install /home/rahul/pick_bot/pickbot_ws/build/pickbot_msgs
[15.099s] Level 1:colcon.colcon_core.environment:create_environment_scripts_only(pickbot_msgs)
[15.099s] Level 1:colcon.colcon_core.environment:checking '/home/rahul/pick_bot/pickbot_ws/install/pickbot_msgs' for CMake module files
[15.101s] DEBUG:colcon.colcon_core.event_handler.log_command:Invoked command in '/home/rahul/pick_bot/pickbot_ws/build/pickbot_msgs' returned '0': CMAKE_PREFIX_PATH=${CMAKE_PREFIX_PATH}:/opt/ros/humble /usr/bin/cmake --install /home/rahul/pick_bot/pickbot_ws/build/pickbot_msgs
[15.102s] Level 1:colcon.colcon_core.environment:checking '/home/rahul/pick_bot/pickbot_ws/install/pickbot_msgs' for CMake config files
[15.103s] Level 1:colcon.colcon_core.shell:create_environment_hook('pickbot_msgs', 'cmake_prefix_path')
[15.103s] INFO:colcon.colcon_core.shell:Creating environment hook '/home/rahul/pick_bot/pickbot_ws/install/pickbot_msgs/share/pickbot_msgs/hook/cmake_prefix_path.ps1'
[15.104s] INFO:colcon.colcon_core.shell:Creating environment descriptor '/home/rahul/pick_bot/pickbot_ws/install/pickbot_msgs/share/pickbot_msgs/hook/cmake_prefix_path.dsv'
[15.105s] INFO:colcon.colcon_core.shell:Creating environment hook '/home/rahul/pick_bot/pickbot_ws/install/pickbot_msgs/share/pickbot_msgs/hook/cmake_prefix_path.sh'
[15.107s] Level 1:colcon.colcon_core.environment:checking '/home/rahul/pick_bot/pickbot_ws/install/pickbot_msgs/lib'
[15.108s] Level 1:colcon.colcon_core.shell:create_environment_hook('pickbot_msgs', 'ld_library_path_lib')
[15.109s] INFO:colcon.colcon_core.shell:Creating environment hook '/home/rahul/pick_bot/pickbot_ws/install/pickbot_msgs/share/pickbot_msgs/hook/ld_library_path_lib.ps1'
[15.110s] INFO:colcon.colcon_core.shell:Creating environment descriptor '/home/rahul/pick_bot/pickbot_ws/install/pickbot_msgs/share/pickbot_msgs/hook/ld_library_path_lib.dsv'
[15.118s] INFO:colcon.colcon_core.shell:Creating environment hook '/home/rahul/pick_bot/pickbot_ws/install/pickbot_msgs/share/pickbot_msgs/hook/ld_library_path_lib.sh'
[15.119s] Level 1:colcon.colcon_core.environment:checking '/home/rahul/pick_bot/pickbot_ws/install/pickbot_msgs/bin'
[15.119s] Level 1:colcon.colcon_core.environment:checking '/home/rahul/pick_bot/pickbot_ws/install/pickbot_msgs/lib/pkgconfig/pickbot_msgs.pc'
[15.119s] Level 1:colcon.colcon_core.environment:checking '/home/rahul/pick_bot/pickbot_ws/install/pickbot_msgs/lib/python3.10/site-packages'
[15.119s] Level 1:colcon.colcon_core.environment:checking '/home/rahul/pick_bot/pickbot_ws/install/pickbot_msgs/bin'
[15.120s] INFO:colcon.colcon_core.shell:Creating package script '/home/rahul/pick_bot/pickbot_ws/install/pickbot_msgs/share/pickbot_msgs/package.ps1'
[15.120s] INFO:colcon.colcon_core.shell:Creating package descriptor '/home/rahul/pick_bot/pickbot_ws/install/pickbot_msgs/share/pickbot_msgs/package.dsv'
[15.121s] INFO:colcon.colcon_core.shell:Creating package script '/home/rahul/pick_bot/pickbot_ws/install/pickbot_msgs/share/pickbot_msgs/package.sh'
[15.122s] INFO:colcon.colcon_core.shell:Creating package script '/home/rahul/pick_bot/pickbot_ws/install/pickbot_msgs/share/pickbot_msgs/package.bash'
[15.123s] INFO:colcon.colcon_core.shell:Creating package script '/home/rahul/pick_bot/pickbot_ws/install/pickbot_msgs/share/pickbot_msgs/package.zsh'
[15.124s] Level 1:colcon.colcon_core.environment:create_file_with_runtime_dependencies(/home/rahul/pick_bot/pickbot_ws/install/pickbot_msgs/share/colcon-core/packages/pickbot_msgs)
[15.129s] Level 1:colcon.colcon_core.environment:create_environment_scripts_only(pickbot_msgs)
[15.129s] Level 1:colcon.colcon_core.environment:checking '/home/rahul/pick_bot/pickbot_ws/install/pickbot_msgs' for CMake module files
[15.131s] Level 1:colcon.colcon_core.environment:checking '/home/rahul/pick_bot/pickbot_ws/install/pickbot_msgs' for CMake config files
[15.131s] Level 1:colcon.colcon_core.shell:create_environment_hook('pickbot_msgs', 'cmake_prefix_path')
[15.132s] INFO:colcon.colcon_core.shell:Creating environment hook '/home/rahul/pick_bot/pickbot_ws/install/pickbot_msgs/share/pickbot_msgs/hook/cmake_prefix_path.ps1'
[15.133s] INFO:colcon.colcon_core.shell:Creating environment descriptor '/home/rahul/pick_bot/pickbot_ws/install/pickbot_msgs/share/pickbot_msgs/hook/cmake_prefix_path.dsv'
[15.134s] INFO:colcon.colcon_core.shell:Creating environment hook '/home/rahul/pick_bot/pickbot_ws/install/pickbot_msgs/share/pickbot_msgs/hook/cmake_prefix_path.sh'
[15.135s] Level 1:colcon.colcon_core.environment:checking '/home/rahul/pick_bot/pickbot_ws/install/pickbot_msgs/lib'
[15.136s] Level 1:colcon.colcon_core.shell:create_environment_hook('pickbot_msgs', 'ld_library_path_lib')
[15.136s] INFO:colcon.colcon_core.shell:Creating environment hook '/home/rahul/pick_bot/pickbot_ws/install/pickbot_msgs/share/pickbot_msgs/hook/ld_library_path_lib.ps1'
[15.138s] INFO:colcon.colcon_core.shell:Creating environment descriptor '/home/rahul/pick_bot/pickbot_ws/install/pickbot_msgs/share/pickbot_msgs/hook/ld_library_path_lib.dsv'
[15.139s] INFO:colcon.colcon_core.shell:Creating environment hook '/home/rahul/pick_bot/pickbot_ws/install/pickbot_msgs/share/pickbot_msgs/hook/ld_library_path_lib.sh'
[15.141s] Level 1:colcon.colcon_core.environment:checking '/home/rahul/pick_bot/pickbot_ws/install/pickbot_msgs/bin'
[15.141s] Level 1:colcon.colcon_core.environment:checking '/home/rahul/pick_bot/pickbot_ws/install/pickbot_msgs/lib/pkgconfig/pickbot_msgs.pc'
[15.142s] Level 1:colcon.colcon_core.environment:checking '/home/rahul/pick_bot/pickbot_ws/install/pickbot_msgs/lib/python3.10/site-packages'
[15.143s] Level 1:colcon.colcon_core.environment:checking '/home/rahul/pick_bot/pickbot_ws/install/pickbot_msgs/bin'
[15.143s] INFO:colcon.colcon_core.shell:Creating package script '/home/rahul/pick_bot/pickbot_ws/install/pickbot_msgs/share/pickbot_msgs/package.ps1'
[15.145s] INFO:colcon.colcon_core.shell:Creating package descriptor '/home/rahul/pick_bot/pickbot_ws/install/pickbot_msgs/share/pickbot_msgs/package.dsv'
[15.146s] INFO:colcon.colcon_core.shell:Creating package script '/home/rahul/pick_bot/pickbot_ws/install/pickbot_msgs/share/pickbot_msgs/package.sh'
[15.147s] INFO:colcon.colcon_core.shell:Creating package script '/home/rahul/pick_bot/pickbot_ws/install/pickbot_msgs/share/pickbot_msgs/package.bash'
[15.148s] INFO:colcon.colcon_core.shell:Creating package script '/home/rahul/pick_bot/pickbot_ws/install/pickbot_msgs/share/pickbot_msgs/package.zsh'
[15.149s] Level 1:colcon.colcon_core.environment:create_file_with_runtime_dependencies(/home/rahul/pick_bot/pickbot_ws/install/pickbot_msgs/share/colcon-core/packages/pickbot_msgs)
[15.150s] INFO:colcon.colcon_ros.task.ament_cmake.build:Building ROS package in '/home/rahul/pick_bot/pickbot_ws/src/pick_bot_cpp_examples' with build type 'ament_cmake'
[15.150s] INFO:colcon.colcon_cmake.task.cmake.build:Building CMake package in '/home/rahul/pick_bot/pickbot_ws/src/pick_bot_cpp_examples'
[15.151s] INFO:colcon.colcon_core.shell:Skip shell extension 'powershell' for command environment: Not usable outside of PowerShell
[15.152s] DEBUG:colcon.colcon_core.shell:Skip shell extension 'dsv' for command environment
[15.188s] INFO:colcon.colcon_ros.task.ament_cmake.build:Building ROS package in '/home/rahul/pick_bot/pickbot_ws/src/pickbot_utils' with build type 'ament_cmake'
[15.190s] INFO:colcon.colcon_cmake.task.cmake.build:Building CMake package in '/home/rahul/pick_bot/pickbot_ws/src/pickbot_utils'
[15.191s] INFO:colcon.colcon_core.shell:Skip shell extension 'powershell' for command environment: Not usable outside of PowerShell
[15.191s] DEBUG:colcon.colcon_core.shell:Skip shell extension 'dsv' for command environment
[15.202s] INFO:colcon.colcon_ros.task.ament_cmake.build:Building ROS package in '/home/rahul/pick_bot/pickbot_ws/src/pickbot_remote' with build type 'ament_cmake'
[15.203s] INFO:colcon.colcon_cmake.task.cmake.build:Building CMake package in '/home/rahul/pick_bot/pickbot_ws/src/pickbot_remote'
[15.204s] INFO:colcon.colcon_core.shell:Skip shell extension 'powershell' for command environment: Not usable outside of PowerShell
[15.204s] DEBUG:colcon.colcon_core.shell:Skip shell extension 'dsv' for command environment
[15.263s] DEBUG:colcon.colcon_core.event_handler.log_command:Invoking command in '/home/rahul/pick_bot/pickbot_ws/build/pick_bot_cpp_examples': CMAKE_PREFIX_PATH=/home/rahul/pick_bot/pickbot_ws/install/pickbot_msgs:/home/rahul/pick_bot/pickbot_ws/install/pickbot_utils:/home/rahul/pick_bot/pickbot_ws/install/pickbot_remote:/home/rahul/pick_bot/pickbot_ws/install/pick_bot_cpp_examples:/home/rahul/pick_bot/pickbot_ws/install/pickbot_moveit:/home/rahul/pick_bot/pickbot_ws/install/pickbot_description:/home/rahul/pick_bot/pickbot_ws/install/pickbot_controller:/opt/ros/humble LD_LIBRARY_PATH=/home/rahul/pick_bot/pickbot_ws/install/pickbot_msgs/lib:/home/rahul/pick_bot/pickbot_ws/install/pickbot_remote/lib:/home/rahul/pick_bot/pickbot_ws/install/pick_bot_cpp_examples/lib:/opt/ros/humble/opt/rviz_ogre_vendor/lib:/opt/ros/humble/lib/x86_64-linux-gnu:/opt/ros/humble/lib /usr/bin/cmake --build /home/rahul/pick_bot/pickbot_ws/build/pick_bot_cpp_examples -- -j12 -l12
[15.293s] DEBUG:colcon.colcon_core.event_handler.log_command:Invoking command in '/home/rahul/pick_bot/pickbot_ws/build/pickbot_utils': CMAKE_PREFIX_PATH=/home/rahul/pick_bot/pickbot_ws/install/pickbot_msgs:/home/rahul/pick_bot/pickbot_ws/install/pickbot_utils:/home/rahul/pick_bot/pickbot_ws/install/pickbot_remote:/home/rahul/pick_bot/pickbot_ws/install/pick_bot_cpp_examples:/home/rahul/pick_bot/pickbot_ws/install/pickbot_moveit:/home/rahul/pick_bot/pickbot_ws/install/pickbot_description:/home/rahul/pick_bot/pickbot_ws/install/pickbot_controller:/opt/ros/humble LD_LIBRARY_PATH=/home/rahul/pick_bot/pickbot_ws/install/pickbot_msgs/lib:/home/rahul/pick_bot/pickbot_ws/install/pickbot_remote/lib:/home/rahul/pick_bot/pickbot_ws/install/pick_bot_cpp_examples/lib:/opt/ros/humble/opt/rviz_ogre_vendor/lib:/opt/ros/humble/lib/x86_64-linux-gnu:/opt/ros/humble/lib /usr/bin/cmake --build /home/rahul/pick_bot/pickbot_ws/build/pickbot_utils -- -j12 -l12
[15.456s] DEBUG:colcon.colcon_core.event_handler.log_command:Invoking command in '/home/rahul/pick_bot/pickbot_ws/build/pickbot_remote': CMAKE_PREFIX_PATH=/home/rahul/pick_bot/pickbot_ws/install/pickbot_moveit:/home/rahul/pick_bot/pickbot_ws/install/pickbot_msgs:/home/rahul/pick_bot/pickbot_ws/install/pickbot_description:/home/rahul/pick_bot/pickbot_ws/install/pickbot_utils:/home/rahul/pick_bot/pickbot_ws/install/pickbot_remote:/home/rahul/pick_bot/pickbot_ws/install/pick_bot_cpp_examples:/home/rahul/pick_bot/pickbot_ws/install/pickbot_controller:/opt/ros/humble LD_LIBRARY_PATH=/home/rahul/pick_bot/pickbot_ws/install/pickbot_msgs/lib:/home/rahul/pick_bot/pickbot_ws/install/pickbot_remote/lib:/home/rahul/pick_bot/pickbot_ws/install/pick_bot_cpp_examples/lib:/opt/ros/humble/opt/rviz_ogre_vendor/lib:/opt/ros/humble/lib/x86_64-linux-gnu:/opt/ros/humble/lib /usr/bin/cmake --build /home/rahul/pick_bot/pickbot_ws/build/pickbot_remote -- -j12 -l12
[16.007s] DEBUG:colcon.colcon_core.event_handler.log_command:Invoked command in '/home/rahul/pick_bot/pickbot_ws/build/pickbot_utils' returned '0': CMAKE_PREFIX_PATH=/home/rahul/pick_bot/pickbot_ws/install/pickbot_msgs:/home/rahul/pick_bot/pickbot_ws/install/pickbot_utils:/home/rahul/pick_bot/pickbot_ws/install/pickbot_remote:/home/rahul/pick_bot/pickbot_ws/install/pick_bot_cpp_examples:/home/rahul/pick_bot/pickbot_ws/install/pickbot_moveit:/home/rahul/pick_bot/pickbot_ws/install/pickbot_description:/home/rahul/pick_bot/pickbot_ws/install/pickbot_controller:/opt/ros/humble LD_LIBRARY_PATH=/home/rahul/pick_bot/pickbot_ws/install/pickbot_msgs/lib:/home/rahul/pick_bot/pickbot_ws/install/pickbot_remote/lib:/home/rahul/pick_bot/pickbot_ws/install/pick_bot_cpp_examples/lib:/opt/ros/humble/opt/rviz_ogre_vendor/lib:/opt/ros/humble/lib/x86_64-linux-gnu:/opt/ros/humble/lib /usr/bin/cmake --build /home/rahul/pick_bot/pickbot_ws/build/pickbot_utils -- -j12 -l12
[16.086s] DEBUG:colcon.colcon_core.event_handler.log_command:Invoking command in '/home/rahul/pick_bot/pickbot_ws/build/pickbot_utils': CMAKE_PREFIX_PATH=/home/rahul/pick_bot/pickbot_ws/install/pickbot_msgs:/home/rahul/pick_bot/pickbot_ws/install/pickbot_utils:/home/rahul/pick_bot/pickbot_ws/install/pickbot_remote:/home/rahul/pick_bot/pickbot_ws/install/pick_bot_cpp_examples:/home/rahul/pick_bot/pickbot_ws/install/pickbot_moveit:/home/rahul/pick_bot/pickbot_ws/install/pickbot_description:/home/rahul/pick_bot/pickbot_ws/install/pickbot_controller:/opt/ros/humble LD_LIBRARY_PATH=/home/rahul/pick_bot/pickbot_ws/install/pickbot_msgs/lib:/home/rahul/pick_bot/pickbot_ws/install/pickbot_remote/lib:/home/rahul/pick_bot/pickbot_ws/install/pick_bot_cpp_examples/lib:/opt/ros/humble/opt/rviz_ogre_vendor/lib:/opt/ros/humble/lib/x86_64-linux-gnu:/opt/ros/humble/lib /usr/bin/cmake --install /home/rahul/pick_bot/pickbot_ws/build/pickbot_utils
[16.125s] Level 1:colcon.colcon_core.environment:create_environment_scripts_only(pickbot_utils)
[16.126s] Level 1:colcon.colcon_core.environment:checking '/home/rahul/pick_bot/pickbot_ws/install/pickbot_utils' for CMake module files
[16.127s] DEBUG:colcon.colcon_core.event_handler.log_command:Invoked command in '/home/rahul/pick_bot/pickbot_ws/build/pickbot_utils' returned '0': CMAKE_PREFIX_PATH=/home/rahul/pick_bot/pickbot_ws/install/pickbot_msgs:/home/rahul/pick_bot/pickbot_ws/install/pickbot_utils:/home/rahul/pick_bot/pickbot_ws/install/pickbot_remote:/home/rahul/pick_bot/pickbot_ws/install/pick_bot_cpp_examples:/home/rahul/pick_bot/pickbot_ws/install/pickbot_moveit:/home/rahul/pick_bot/pickbot_ws/install/pickbot_description:/home/rahul/pick_bot/pickbot_ws/install/pickbot_controller:/opt/ros/humble LD_LIBRARY_PATH=/home/rahul/pick_bot/pickbot_ws/install/pickbot_msgs/lib:/home/rahul/pick_bot/pickbot_ws/install/pickbot_remote/lib:/home/rahul/pick_bot/pickbot_ws/install/pick_bot_cpp_examples/lib:/opt/ros/humble/opt/rviz_ogre_vendor/lib:/opt/ros/humble/lib/x86_64-linux-gnu:/opt/ros/humble/lib /usr/bin/cmake --install /home/rahul/pick_bot/pickbot_ws/build/pickbot_utils
[16.128s] Level 1:colcon.colcon_core.environment:checking '/home/rahul/pick_bot/pickbot_ws/install/pickbot_utils' for CMake config files
[16.128s] Level 1:colcon.colcon_core.shell:create_environment_hook('pickbot_utils', 'cmake_prefix_path')
[16.129s] INFO:colcon.colcon_core.shell:Creating environment hook '/home/rahul/pick_bot/pickbot_ws/install/pickbot_utils/share/pickbot_utils/hook/cmake_prefix_path.ps1'
[16.130s] INFO:colcon.colcon_core.shell:Creating environment descriptor '/home/rahul/pick_bot/pickbot_ws/install/pickbot_utils/share/pickbot_utils/hook/cmake_prefix_path.dsv'
[16.131s] INFO:colcon.colcon_core.shell:Creating environment hook '/home/rahul/pick_bot/pickbot_ws/install/pickbot_utils/share/pickbot_utils/hook/cmake_prefix_path.sh'
[16.132s] Level 1:colcon.colcon_core.environment:checking '/home/rahul/pick_bot/pickbot_ws/install/pickbot_utils/lib'
[16.132s] Level 1:colcon.colcon_core.environment:checking '/home/rahul/pick_bot/pickbot_ws/install/pickbot_utils/bin'
[16.132s] Level 1:colcon.colcon_core.environment:checking '/home/rahul/pick_bot/pickbot_ws/install/pickbot_utils/lib/pkgconfig/pickbot_utils.pc'
[16.133s] Level 1:colcon.colcon_core.environment:checking '/home/rahul/pick_bot/pickbot_ws/install/pickbot_utils/lib/python3.10/site-packages'
[16.133s] Level 1:colcon.colcon_core.environment:checking '/home/rahul/pick_bot/pickbot_ws/install/pickbot_utils/bin'
[16.133s] INFO:colcon.colcon_core.shell:Creating package script '/home/rahul/pick_bot/pickbot_ws/install/pickbot_utils/share/pickbot_utils/package.ps1'
[16.135s] INFO:colcon.colcon_core.shell:Creating package descriptor '/home/rahul/pick_bot/pickbot_ws/install/pickbot_utils/share/pickbot_utils/package.dsv'
[16.136s] INFO:colcon.colcon_core.shell:Creating package script '/home/rahul/pick_bot/pickbot_ws/install/pickbot_utils/share/pickbot_utils/package.sh'
[16.138s] INFO:colcon.colcon_core.shell:Creating package script '/home/rahul/pick_bot/pickbot_ws/install/pickbot_utils/share/pickbot_utils/package.bash'
[16.138s] INFO:colcon.colcon_core.shell:Creating package script '/home/rahul/pick_bot/pickbot_ws/install/pickbot_utils/share/pickbot_utils/package.zsh'
[16.139s] Level 1:colcon.colcon_core.environment:create_file_with_runtime_dependencies(/home/rahul/pick_bot/pickbot_ws/install/pickbot_utils/share/colcon-core/packages/pickbot_utils)
[16.140s] Level 1:colcon.colcon_core.environment:create_environment_scripts_only(pickbot_utils)
[16.140s] Level 1:colcon.colcon_core.environment:checking '/home/rahul/pick_bot/pickbot_ws/install/pickbot_utils' for CMake module files
[16.141s] Level 1:colcon.colcon_core.environment:checking '/home/rahul/pick_bot/pickbot_ws/install/pickbot_utils' for CMake config files
[16.141s] Level 1:colcon.colcon_core.shell:create_environment_hook('pickbot_utils', 'cmake_prefix_path')
[16.141s] INFO:colcon.colcon_core.shell:Creating environment hook '/home/rahul/pick_bot/pickbot_ws/install/pickbot_utils/share/pickbot_utils/hook/cmake_prefix_path.ps1'
[16.142s] INFO:colcon.colcon_core.shell:Creating environment descriptor '/home/rahul/pick_bot/pickbot_ws/install/pickbot_utils/share/pickbot_utils/hook/cmake_prefix_path.dsv'
[16.143s] INFO:colcon.colcon_core.shell:Creating environment hook '/home/rahul/pick_bot/pickbot_ws/install/pickbot_utils/share/pickbot_utils/hook/cmake_prefix_path.sh'
[16.145s] Level 1:colcon.colcon_core.environment:checking '/home/rahul/pick_bot/pickbot_ws/install/pickbot_utils/lib'
[16.145s] Level 1:colcon.colcon_core.environment:checking '/home/rahul/pick_bot/pickbot_ws/install/pickbot_utils/bin'
[16.145s] Level 1:colcon.colcon_core.environment:checking '/home/rahul/pick_bot/pickbot_ws/install/pickbot_utils/lib/pkgconfig/pickbot_utils.pc'
[16.146s] Level 1:colcon.colcon_core.environment:checking '/home/rahul/pick_bot/pickbot_ws/install/pickbot_utils/lib/python3.10/site-packages'
[16.146s] Level 1:colcon.colcon_core.environment:checking '/home/rahul/pick_bot/pickbot_ws/install/pickbot_utils/bin'
[16.147s] INFO:colcon.colcon_core.shell:Creating package script '/home/rahul/pick_bot/pickbot_ws/install/pickbot_utils/share/pickbot_utils/package.ps1'
[16.148s] INFO:colcon.colcon_core.shell:Creating package descriptor '/home/rahul/pick_bot/pickbot_ws/install/pickbot_utils/share/pickbot_utils/package.dsv'
[16.149s] INFO:colcon.colcon_core.shell:Creating package script '/home/rahul/pick_bot/pickbot_ws/install/pickbot_utils/share/pickbot_utils/package.sh'
[16.151s] INFO:colcon.colcon_core.shell:Creating package script '/home/rahul/pick_bot/pickbot_ws/install/pickbot_utils/share/pickbot_utils/package.bash'
[16.152s] INFO:colcon.colcon_core.shell:Creating package script '/home/rahul/pick_bot/pickbot_ws/install/pickbot_utils/share/pickbot_utils/package.zsh'
[16.153s] Level 1:colcon.colcon_core.environment:create_file_with_runtime_dependencies(/home/rahul/pick_bot/pickbot_ws/install/pickbot_utils/share/colcon-core/packages/pickbot_utils)
[17.044s] DEBUG:colcon.colcon_core.event_handler.log_command:Invoked command in '/home/rahul/pick_bot/pickbot_ws/build/pick_bot_cpp_examples' returned '0': CMAKE_PREFIX_PATH=/home/rahul/pick_bot/pickbot_ws/install/pickbot_msgs:/home/rahul/pick_bot/pickbot_ws/install/pickbot_utils:/home/rahul/pick_bot/pickbot_ws/install/pickbot_remote:/home/rahul/pick_bot/pickbot_ws/install/pick_bot_cpp_examples:/home/rahul/pick_bot/pickbot_ws/install/pickbot_moveit:/home/rahul/pick_bot/pickbot_ws/install/pickbot_description:/home/rahul/pick_bot/pickbot_ws/install/pickbot_controller:/opt/ros/humble LD_LIBRARY_PATH=/home/rahul/pick_bot/pickbot_ws/install/pickbot_msgs/lib:/home/rahul/pick_bot/pickbot_ws/install/pickbot_remote/lib:/home/rahul/pick_bot/pickbot_ws/install/pick_bot_cpp_examples/lib:/opt/ros/humble/opt/rviz_ogre_vendor/lib:/opt/ros/humble/lib/x86_64-linux-gnu:/opt/ros/humble/lib /usr/bin/cmake --build /home/rahul/pick_bot/pickbot_ws/build/pick_bot_cpp_examples -- -j12 -l12
[17.248s] DEBUG:colcon.colcon_core.event_handler.log_command:Invoking command in '/home/rahul/pick_bot/pickbot_ws/build/pick_bot_cpp_examples': CMAKE_PREFIX_PATH=/home/rahul/pick_bot/pickbot_ws/install/pickbot_msgs:/home/rahul/pick_bot/pickbot_ws/install/pickbot_utils:/home/rahul/pick_bot/pickbot_ws/install/pickbot_remote:/home/rahul/pick_bot/pickbot_ws/install/pick_bot_cpp_examples:/home/rahul/pick_bot/pickbot_ws/install/pickbot_moveit:/home/rahul/pick_bot/pickbot_ws/install/pickbot_description:/home/rahul/pick_bot/pickbot_ws/install/pickbot_controller:/opt/ros/humble LD_LIBRARY_PATH=/home/rahul/pick_bot/pickbot_ws/install/pickbot_msgs/lib:/home/rahul/pick_bot/pickbot_ws/install/pickbot_remote/lib:/home/rahul/pick_bot/pickbot_ws/install/pick_bot_cpp_examples/lib:/opt/ros/humble/opt/rviz_ogre_vendor/lib:/opt/ros/humble/lib/x86_64-linux-gnu:/opt/ros/humble/lib /usr/bin/cmake --install /home/rahul/pick_bot/pickbot_ws/build/pick_bot_cpp_examples
[17.300s] Level 1:colcon.colcon_core.environment:create_environment_scripts_only(pick_bot_cpp_examples)
[17.302s] Level 1:colcon.colcon_core.environment:checking '/home/rahul/pick_bot/pickbot_ws/install/pick_bot_cpp_examples' for CMake module files
[17.303s] Level 1:colcon.colcon_core.environment:checking '/home/rahul/pick_bot/pickbot_ws/install/pick_bot_cpp_examples' for CMake config files
[17.304s] DEBUG:colcon.colcon_core.event_handler.log_command:Invoked command in '/home/rahul/pick_bot/pickbot_ws/build/pick_bot_cpp_examples' returned '0': CMAKE_PREFIX_PATH=/home/rahul/pick_bot/pickbot_ws/install/pickbot_msgs:/home/rahul/pick_bot/pickbot_ws/install/pickbot_utils:/home/rahul/pick_bot/pickbot_ws/install/pickbot_remote:/home/rahul/pick_bot/pickbot_ws/install/pick_bot_cpp_examples:/home/rahul/pick_bot/pickbot_ws/install/pickbot_moveit:/home/rahul/pick_bot/pickbot_ws/install/pickbot_description:/home/rahul/pick_bot/pickbot_ws/install/pickbot_controller:/opt/ros/humble LD_LIBRARY_PATH=/home/rahul/pick_bot/pickbot_ws/install/pickbot_msgs/lib:/home/rahul/pick_bot/pickbot_ws/install/pickbot_remote/lib:/home/rahul/pick_bot/pickbot_ws/install/pick_bot_cpp_examples/lib:/opt/ros/humble/opt/rviz_ogre_vendor/lib:/opt/ros/humble/lib/x86_64-linux-gnu:/opt/ros/humble/lib /usr/bin/cmake --install /home/rahul/pick_bot/pickbot_ws/build/pick_bot_cpp_examples
[17.305s] Level 1:colcon.colcon_core.shell:create_environment_hook('pick_bot_cpp_examples', 'cmake_prefix_path')
[17.305s] INFO:colcon.colcon_core.shell:Creating environment hook '/home/rahul/pick_bot/pickbot_ws/install/pick_bot_cpp_examples/share/pick_bot_cpp_examples/hook/cmake_prefix_path.ps1'
[17.307s] INFO:colcon.colcon_core.shell:Creating environment descriptor '/home/rahul/pick_bot/pickbot_ws/install/pick_bot_cpp_examples/share/pick_bot_cpp_examples/hook/cmake_prefix_path.dsv'
[17.308s] INFO:colcon.colcon_core.shell:Creating environment hook '/home/rahul/pick_bot/pickbot_ws/install/pick_bot_cpp_examples/share/pick_bot_cpp_examples/hook/cmake_prefix_path.sh'
[17.313s] Level 1:colcon.colcon_core.environment:checking '/home/rahul/pick_bot/pickbot_ws/install/pick_bot_cpp_examples/lib'
[17.314s] Level 1:colcon.colcon_core.shell:create_environment_hook('pick_bot_cpp_examples', 'ld_library_path_lib')
[17.315s] INFO:colcon.colcon_core.shell:Creating environment hook '/home/rahul/pick_bot/pickbot_ws/install/pick_bot_cpp_examples/share/pick_bot_cpp_examples/hook/ld_library_path_lib.ps1'
[17.317s] INFO:colcon.colcon_core.shell:Creating environment descriptor '/home/rahul/pick_bot/pickbot_ws/install/pick_bot_cpp_examples/share/pick_bot_cpp_examples/hook/ld_library_path_lib.dsv'
[17.333s] INFO:colcon.colcon_core.shell:Creating environment hook '/home/rahul/pick_bot/pickbot_ws/install/pick_bot_cpp_examples/share/pick_bot_cpp_examples/hook/ld_library_path_lib.sh'
[17.336s] Level 1:colcon.colcon_core.environment:checking '/home/rahul/pick_bot/pickbot_ws/install/pick_bot_cpp_examples/bin'
[17.336s] Level 1:colcon.colcon_core.environment:checking '/home/rahul/pick_bot/pickbot_ws/install/pick_bot_cpp_examples/lib/pkgconfig/pick_bot_cpp_examples.pc'
[17.337s] Level 1:colcon.colcon_core.environment:checking '/home/rahul/pick_bot/pickbot_ws/install/pick_bot_cpp_examples/lib/python3.10/site-packages'
[17.337s] Level 1:colcon.colcon_core.environment:checking '/home/rahul/pick_bot/pickbot_ws/install/pick_bot_cpp_examples/bin'
[17.338s] INFO:colcon.colcon_core.shell:Creating package script '/home/rahul/pick_bot/pickbot_ws/install/pick_bot_cpp_examples/share/pick_bot_cpp_examples/package.ps1'
[17.341s] INFO:colcon.colcon_core.shell:Creating package descriptor '/home/rahul/pick_bot/pickbot_ws/install/pick_bot_cpp_examples/share/pick_bot_cpp_examples/package.dsv'
[17.347s] INFO:colcon.colcon_core.shell:Creating package script '/home/rahul/pick_bot/pickbot_ws/install/pick_bot_cpp_examples/share/pick_bot_cpp_examples/package.sh'
[17.348s] INFO:colcon.colcon_core.shell:Creating package script '/home/rahul/pick_bot/pickbot_ws/install/pick_bot_cpp_examples/share/pick_bot_cpp_examples/package.bash'
[17.350s] INFO:colcon.colcon_core.shell:Creating package script '/home/rahul/pick_bot/pickbot_ws/install/pick_bot_cpp_examples/share/pick_bot_cpp_examples/package.zsh'
[17.352s] Level 1:colcon.colcon_core.environment:create_file_with_runtime_dependencies(/home/rahul/pick_bot/pickbot_ws/install/pick_bot_cpp_examples/share/colcon-core/packages/pick_bot_cpp_examples)
[17.570s] Level 1:colcon.colcon_core.environment:create_environment_scripts_only(pick_bot_cpp_examples)
[17.571s] Level 1:colcon.colcon_core.environment:checking '/home/rahul/pick_bot/pickbot_ws/install/pick_bot_cpp_examples' for CMake module files
[17.572s] Level 1:colcon.colcon_core.environment:checking '/home/rahul/pick_bot/pickbot_ws/install/pick_bot_cpp_examples' for CMake config files
[17.573s] Level 1:colcon.colcon_core.shell:create_environment_hook('pick_bot_cpp_examples', 'cmake_prefix_path')
[17.574s] INFO:colcon.colcon_core.shell:Creating environment hook '/home/rahul/pick_bot/pickbot_ws/install/pick_bot_cpp_examples/share/pick_bot_cpp_examples/hook/cmake_prefix_path.ps1'
[17.577s] INFO:colcon.colcon_core.shell:Creating environment descriptor '/home/rahul/pick_bot/pickbot_ws/install/pick_bot_cpp_examples/share/pick_bot_cpp_examples/hook/cmake_prefix_path.dsv'
[17.579s] INFO:colcon.colcon_core.shell:Creating environment hook '/home/rahul/pick_bot/pickbot_ws/install/pick_bot_cpp_examples/share/pick_bot_cpp_examples/hook/cmake_prefix_path.sh'
[17.582s] Level 1:colcon.colcon_core.environment:checking '/home/rahul/pick_bot/pickbot_ws/install/pick_bot_cpp_examples/lib'
[17.582s] Level 1:colcon.colcon_core.shell:create_environment_hook('pick_bot_cpp_examples', 'ld_library_path_lib')
[17.583s] INFO:colcon.colcon_core.shell:Creating environment hook '/home/rahul/pick_bot/pickbot_ws/install/pick_bot_cpp_examples/share/pick_bot_cpp_examples/hook/ld_library_path_lib.ps1'
[17.585s] INFO:colcon.colcon_core.shell:Creating environment descriptor '/home/rahul/pick_bot/pickbot_ws/install/pick_bot_cpp_examples/share/pick_bot_cpp_examples/hook/ld_library_path_lib.dsv'
[17.587s] INFO:colcon.colcon_core.shell:Creating environment hook '/home/rahul/pick_bot/pickbot_ws/install/pick_bot_cpp_examples/share/pick_bot_cpp_examples/hook/ld_library_path_lib.sh'
[17.589s] Level 1:colcon.colcon_core.environment:checking '/home/rahul/pick_bot/pickbot_ws/install/pick_bot_cpp_examples/bin'
[17.590s] Level 1:colcon.colcon_core.environment:checking '/home/rahul/pick_bot/pickbot_ws/install/pick_bot_cpp_examples/lib/pkgconfig/pick_bot_cpp_examples.pc'
[17.591s] Level 1:colcon.colcon_core.environment:checking '/home/rahul/pick_bot/pickbot_ws/install/pick_bot_cpp_examples/lib/python3.10/site-packages'
[17.592s] Level 1:colcon.colcon_core.environment:checking '/home/rahul/pick_bot/pickbot_ws/install/pick_bot_cpp_examples/bin'
[17.594s] INFO:colcon.colcon_core.shell:Creating package script '/home/rahul/pick_bot/pickbot_ws/install/pick_bot_cpp_examples/share/pick_bot_cpp_examples/package.ps1'
[17.595s] INFO:colcon.colcon_core.shell:Creating package descriptor '/home/rahul/pick_bot/pickbot_ws/install/pick_bot_cpp_examples/share/pick_bot_cpp_examples/package.dsv'
[17.597s] INFO:colcon.colcon_core.shell:Creating package script '/home/rahul/pick_bot/pickbot_ws/install/pick_bot_cpp_examples/share/pick_bot_cpp_examples/package.sh'
[17.599s] INFO:colcon.colcon_core.shell:Creating package script '/home/rahul/pick_bot/pickbot_ws/install/pick_bot_cpp_examples/share/pick_bot_cpp_examples/package.bash'
[17.601s] INFO:colcon.colcon_core.shell:Creating package script '/home/rahul/pick_bot/pickbot_ws/install/pick_bot_cpp_examples/share/pick_bot_cpp_examples/package.zsh'
[17.604s] Level 1:colcon.colcon_core.environment:create_file_with_runtime_dependencies(/home/rahul/pick_bot/pickbot_ws/install/pick_bot_cpp_examples/share/colcon-core/packages/pick_bot_cpp_examples)
[30.545s] DEBUG:colcon.colcon_core.event_handler.log_command:Invoked command in '/home/rahul/pick_bot/pickbot_ws/build/pickbot_remote' returned '0': CMAKE_PREFIX_PATH=/home/rahul/pick_bot/pickbot_ws/install/pickbot_moveit:/home/rahul/pick_bot/pickbot_ws/install/pickbot_msgs:/home/rahul/pick_bot/pickbot_ws/install/pickbot_description:/home/rahul/pick_bot/pickbot_ws/install/pickbot_utils:/home/rahul/pick_bot/pickbot_ws/install/pickbot_remote:/home/rahul/pick_bot/pickbot_ws/install/pick_bot_cpp_examples:/home/rahul/pick_bot/pickbot_ws/install/pickbot_controller:/opt/ros/humble LD_LIBRARY_PATH=/home/rahul/pick_bot/pickbot_ws/install/pickbot_msgs/lib:/home/rahul/pick_bot/pickbot_ws/install/pickbot_remote/lib:/home/rahul/pick_bot/pickbot_ws/install/pick_bot_cpp_examples/lib:/opt/ros/humble/opt/rviz_ogre_vendor/lib:/opt/ros/humble/lib/x86_64-linux-gnu:/opt/ros/humble/lib /usr/bin/cmake --build /home/rahul/pick_bot/pickbot_ws/build/pickbot_remote -- -j12 -l12
[30.564s] DEBUG:colcon.colcon_core.event_handler.log_command:Invoking command in '/home/rahul/pick_bot/pickbot_ws/build/pickbot_remote': CMAKE_PREFIX_PATH=/home/rahul/pick_bot/pickbot_ws/install/pickbot_moveit:/home/rahul/pick_bot/pickbot_ws/install/pickbot_msgs:/home/rahul/pick_bot/pickbot_ws/install/pickbot_description:/home/rahul/pick_bot/pickbot_ws/install/pickbot_utils:/home/rahul/pick_bot/pickbot_ws/install/pickbot_remote:/home/rahul/pick_bot/pickbot_ws/install/pick_bot_cpp_examples:/home/rahul/pick_bot/pickbot_ws/install/pickbot_controller:/opt/ros/humble LD_LIBRARY_PATH=/home/rahul/pick_bot/pickbot_ws/install/pickbot_msgs/lib:/home/rahul/pick_bot/pickbot_ws/install/pickbot_remote/lib:/home/rahul/pick_bot/pickbot_ws/install/pick_bot_cpp_examples/lib:/opt/ros/humble/opt/rviz_ogre_vendor/lib:/opt/ros/humble/lib/x86_64-linux-gnu:/opt/ros/humble/lib /usr/bin/cmake --install /home/rahul/pick_bot/pickbot_ws/build/pickbot_remote
[30.686s] Level 1:colcon.colcon_core.environment:create_environment_scripts_only(pickbot_remote)
[30.687s] Level 1:colcon.colcon_core.environment:checking '/home/rahul/pick_bot/pickbot_ws/install/pickbot_remote' for CMake module files
[30.688s] DEBUG:colcon.colcon_core.event_handler.log_command:Invoked command in '/home/rahul/pick_bot/pickbot_ws/build/pickbot_remote' returned '0': CMAKE_PREFIX_PATH=/home/rahul/pick_bot/pickbot_ws/install/pickbot_moveit:/home/rahul/pick_bot/pickbot_ws/install/pickbot_msgs:/home/rahul/pick_bot/pickbot_ws/install/pickbot_description:/home/rahul/pick_bot/pickbot_ws/install/pickbot_utils:/home/rahul/pick_bot/pickbot_ws/install/pickbot_remote:/home/rahul/pick_bot/pickbot_ws/install/pick_bot_cpp_examples:/home/rahul/pick_bot/pickbot_ws/install/pickbot_controller:/opt/ros/humble LD_LIBRARY_PATH=/home/rahul/pick_bot/pickbot_ws/install/pickbot_msgs/lib:/home/rahul/pick_bot/pickbot_ws/install/pickbot_remote/lib:/home/rahul/pick_bot/pickbot_ws/install/pick_bot_cpp_examples/lib:/opt/ros/humble/opt/rviz_ogre_vendor/lib:/opt/ros/humble/lib/x86_64-linux-gnu:/opt/ros/humble/lib /usr/bin/cmake --install /home/rahul/pick_bot/pickbot_ws/build/pickbot_remote
[30.689s] Level 1:colcon.colcon_core.environment:checking '/home/rahul/pick_bot/pickbot_ws/install/pickbot_remote' for CMake config files
[30.689s] Level 1:colcon.colcon_core.shell:create_environment_hook('pickbot_remote', 'cmake_prefix_path')
[30.690s] INFO:colcon.colcon_core.shell:Creating environment hook '/home/rahul/pick_bot/pickbot_ws/install/pickbot_remote/share/pickbot_remote/hook/cmake_prefix_path.ps1'
[30.691s] INFO:colcon.colcon_core.shell:Creating environment descriptor '/home/rahul/pick_bot/pickbot_ws/install/pickbot_remote/share/pickbot_remote/hook/cmake_prefix_path.dsv'
[30.692s] INFO:colcon.colcon_core.shell:Creating environment hook '/home/rahul/pick_bot/pickbot_ws/install/pickbot_remote/share/pickbot_remote/hook/cmake_prefix_path.sh'
[30.693s] Level 1:colcon.colcon_core.environment:checking '/home/rahul/pick_bot/pickbot_ws/install/pickbot_remote/lib'
[30.693s] Level 1:colcon.colcon_core.shell:create_environment_hook('pickbot_remote', 'ld_library_path_lib')
[30.694s] INFO:colcon.colcon_core.shell:Creating environment hook '/home/rahul/pick_bot/pickbot_ws/install/pickbot_remote/share/pickbot_remote/hook/ld_library_path_lib.ps1'
[30.695s] INFO:colcon.colcon_core.shell:Creating environment descriptor '/home/rahul/pick_bot/pickbot_ws/install/pickbot_remote/share/pickbot_remote/hook/ld_library_path_lib.dsv'
[30.695s] INFO:colcon.colcon_core.shell:Creating environment hook '/home/rahul/pick_bot/pickbot_ws/install/pickbot_remote/share/pickbot_remote/hook/ld_library_path_lib.sh'
[30.696s] Level 1:colcon.colcon_core.environment:checking '/home/rahul/pick_bot/pickbot_ws/install/pickbot_remote/bin'
[30.696s] Level 1:colcon.colcon_core.environment:checking '/home/rahul/pick_bot/pickbot_ws/install/pickbot_remote/lib/pkgconfig/pickbot_remote.pc'
[30.697s] Level 1:colcon.colcon_core.environment:checking '/home/rahul/pick_bot/pickbot_ws/install/pickbot_remote/lib/python3.10/site-packages'
[30.697s] Level 1:colcon.colcon_core.environment:checking '/home/rahul/pick_bot/pickbot_ws/install/pickbot_remote/bin'
[30.698s] INFO:colcon.colcon_core.shell:Creating package script '/home/rahul/pick_bot/pickbot_ws/install/pickbot_remote/share/pickbot_remote/package.ps1'
[30.699s] INFO:colcon.colcon_core.shell:Creating package descriptor '/home/rahul/pick_bot/pickbot_ws/install/pickbot_remote/share/pickbot_remote/package.dsv'
[30.700s] INFO:colcon.colcon_core.shell:Creating package script '/home/rahul/pick_bot/pickbot_ws/install/pickbot_remote/share/pickbot_remote/package.sh'
[30.701s] INFO:colcon.colcon_core.shell:Creating package script '/home/rahul/pick_bot/pickbot_ws/install/pickbot_remote/share/pickbot_remote/package.bash'
[30.702s] INFO:colcon.colcon_core.shell:Creating package script '/home/rahul/pick_bot/pickbot_ws/install/pickbot_remote/share/pickbot_remote/package.zsh'
[30.703s] Level 1:colcon.colcon_core.environment:create_file_with_runtime_dependencies(/home/rahul/pick_bot/pickbot_ws/install/pickbot_remote/share/colcon-core/packages/pickbot_remote)
[30.704s] Level 1:colcon.colcon_core.environment:create_environment_scripts_only(pickbot_remote)
[30.705s] Level 1:colcon.colcon_core.environment:checking '/home/rahul/pick_bot/pickbot_ws/install/pickbot_remote' for CMake module files
[30.706s] Level 1:colcon.colcon_core.environment:checking '/home/rahul/pick_bot/pickbot_ws/install/pickbot_remote' for CMake config files
[30.706s] Level 1:colcon.colcon_core.shell:create_environment_hook('pickbot_remote', 'cmake_prefix_path')
[30.707s] INFO:colcon.colcon_core.shell:Creating environment hook '/home/rahul/pick_bot/pickbot_ws/install/pickbot_remote/share/pickbot_remote/hook/cmake_prefix_path.ps1'
[30.709s] INFO:colcon.colcon_core.shell:Creating environment descriptor '/home/rahul/pick_bot/pickbot_ws/install/pickbot_remote/share/pickbot_remote/hook/cmake_prefix_path.dsv'
[30.710s] INFO:colcon.colcon_core.shell:Creating environment hook '/home/rahul/pick_bot/pickbot_ws/install/pickbot_remote/share/pickbot_remote/hook/cmake_prefix_path.sh'
[30.711s] Level 1:colcon.colcon_core.environment:checking '/home/rahul/pick_bot/pickbot_ws/install/pickbot_remote/lib'
[30.712s] Level 1:colcon.colcon_core.shell:create_environment_hook('pickbot_remote', 'ld_library_path_lib')
[30.712s] INFO:colcon.colcon_core.shell:Creating environment hook '/home/rahul/pick_bot/pickbot_ws/install/pickbot_remote/share/pickbot_remote/hook/ld_library_path_lib.ps1'
[30.714s] INFO:colcon.colcon_core.shell:Creating environment descriptor '/home/rahul/pick_bot/pickbot_ws/install/pickbot_remote/share/pickbot_remote/hook/ld_library_path_lib.dsv'
[30.715s] INFO:colcon.colcon_core.shell:Creating environment hook '/home/rahul/pick_bot/pickbot_ws/install/pickbot_remote/share/pickbot_remote/hook/ld_library_path_lib.sh'
[30.717s] Level 1:colcon.colcon_core.environment:checking '/home/rahul/pick_bot/pickbot_ws/install/pickbot_remote/bin'
[30.717s] Level 1:colcon.colcon_core.environment:checking '/home/rahul/pick_bot/pickbot_ws/install/pickbot_remote/lib/pkgconfig/pickbot_remote.pc'
[30.718s] Level 1:colcon.colcon_core.environment:checking '/home/rahul/pick_bot/pickbot_ws/install/pickbot_remote/lib/python3.10/site-packages'
[30.718s] Level 1:colcon.colcon_core.environment:checking '/home/rahul/pick_bot/pickbot_ws/install/pickbot_remote/bin'
[30.719s] INFO:colcon.colcon_core.shell:Creating package script '/home/rahul/pick_bot/pickbot_ws/install/pickbot_remote/share/pickbot_remote/package.ps1'
[30.720s] INFO:colcon.colcon_core.shell:Creating package descriptor '/home/rahul/pick_bot/pickbot_ws/install/pickbot_remote/share/pickbot_remote/package.dsv'
[30.720s] INFO:colcon.colcon_core.shell:Creating package script '/home/rahul/pick_bot/pickbot_ws/install/pickbot_remote/share/pickbot_remote/package.sh'
[30.721s] INFO:colcon.colcon_core.shell:Creating package script '/home/rahul/pick_bot/pickbot_ws/install/pickbot_remote/share/pickbot_remote/package.bash'
[30.721s] INFO:colcon.colcon_core.shell:Creating package script '/home/rahul/pick_bot/pickbot_ws/install/pickbot_remote/share/pickbot_remote/package.zsh'
[30.722s] Level 1:colcon.colcon_core.environment:create_file_with_runtime_dependencies(/home/rahul/pick_bot/pickbot_ws/install/pickbot_remote/share/colcon-core/packages/pickbot_remote)
[30.722s] DEBUG:colcon.colcon_parallel_executor.executor.parallel:closing loop
[30.723s] DEBUG:colcon.colcon_parallel_executor.executor.parallel:loop closed
[30.723s] DEBUG:colcon.colcon_parallel_executor.executor.parallel:run_until_complete finished with '0'
[30.723s] DEBUG:colcon.colcon_core.event_reactor:joining thread
[30.985s] INFO:colcon.colcon_core.plugin_system:Skipping extension 'colcon_notification.desktop_notification.terminal_notifier': Not used on non-Darwin systems
[30.986s] INFO:colcon.colcon_core.plugin_system:Skipping extension 'colcon_notification.desktop_notification.win32': Not used on non-Windows systems
[30.986s] INFO:colcon.colcon_notification.desktop_notification:Sending desktop notification using 'notify2'
[31.017s] DEBUG:colcon.colcon_core.event_reactor:joined thread
[31.018s] INFO:colcon.colcon_core.shell:Creating prefix script '/home/rahul/pick_bot/pickbot_ws/install/local_setup.ps1'
[31.045s] INFO:colcon.colcon_core.shell:Creating prefix util module '/home/rahul/pick_bot/pickbot_ws/install/_local_setup_util_ps1.py'
[31.058s] INFO:colcon.colcon_core.shell:Creating prefix chain script '/home/rahul/pick_bot/pickbot_ws/install/setup.ps1'
[31.076s] INFO:colcon.colcon_core.shell:Creating prefix script '/home/rahul/pick_bot/pickbot_ws/install/local_setup.sh'
[31.099s] INFO:colcon.colcon_core.shell:Creating prefix util module '/home/rahul/pick_bot/pickbot_ws/install/_local_setup_util_sh.py'
[31.101s] INFO:colcon.colcon_core.shell:Creating prefix chain script '/home/rahul/pick_bot/pickbot_ws/install/setup.sh'
[31.105s] INFO:colcon.colcon_core.shell:Creating prefix script '/home/rahul/pick_bot/pickbot_ws/install/local_setup.bash'
[31.114s] INFO:colcon.colcon_core.shell:Creating prefix chain script '/home/rahul/pick_bot/pickbot_ws/install/setup.bash'
[31.119s] INFO:colcon.colcon_core.shell:Creating prefix script '/home/rahul/pick_bot/pickbot_ws/install/local_setup.zsh'
[31.130s] INFO:colcon.colcon_core.shell:Creating prefix chain script '/home/rahul/pick_bot/pickbot_ws/install/setup.zsh'
