[0.109s] Invoking command in '/home/rahul/pick_bot/pickbot_ws/build/pick_bot_cpp_examples': CMAKE_PREFIX_PATH=/home/rahul/pick_bot/pickbot_ws/install/pickbot_msgs:/home/rahul/pick_bot/pickbot_ws/install/pickbot_utils:/home/rahul/pick_bot/pickbot_ws/install/pickbot_remote:/home/rahul/pick_bot/pickbot_ws/install/pick_bot_cpp_examples:/home/rahul/pick_bot/pickbot_ws/install/pickbot_moveit:/home/rahul/pick_bot/pickbot_ws/install/pickbot_description:/home/rahul/pick_bot/pickbot_ws/install/pickbot_controller:/opt/ros/humble LD_LIBRARY_PATH=/home/rahul/pick_bot/pickbot_ws/install/pickbot_msgs/lib:/home/rahul/pick_bot/pickbot_ws/install/pickbot_remote/lib:/home/rahul/pick_bot/pickbot_ws/install/pick_bot_cpp_examples/lib:/opt/ros/humble/opt/rviz_ogre_vendor/lib:/opt/ros/humble/lib/x86_64-linux-gnu:/opt/ros/humble/lib /usr/bin/cmake --build /home/rahul/pick_bot/pickbot_ws/build/pick_bot_cpp_examples -- -j12 -l12
[0.471s] [ 20%] Built target simple_service_server
[0.472s] [ 20%] Built target simple_action_server_node
[0.472s] [ 30%] Built target simple_service_client
[0.473s] [ 40%] Built target simple_action_server
[0.487s] [ 50%] Built target simple_parameter
[0.522s] [ 60%] Built target simple_action_client_node
[0.527s] [ 70%] Built target simple_action_client
[0.576s] [ 80%] Built target simple_publisher
[0.683s] [ 90%] Built target simple_listener
[1.852s] [100%] Built target simple_moveit_interface
[1.890s] Invoked command in '/home/rahul/pick_bot/pickbot_ws/build/pick_bot_cpp_examples' returned '0': CMAKE_PREFIX_PATH=/home/rahul/pick_bot/pickbot_ws/install/pickbot_msgs:/home/rahul/pick_bot/pickbot_ws/install/pickbot_utils:/home/rahul/pick_bot/pickbot_ws/install/pickbot_remote:/home/rahul/pick_bot/pickbot_ws/install/pick_bot_cpp_examples:/home/rahul/pick_bot/pickbot_ws/install/pickbot_moveit:/home/rahul/pick_bot/pickbot_ws/install/pickbot_description:/home/rahul/pick_bot/pickbot_ws/install/pickbot_controller:/opt/ros/humble LD_LIBRARY_PATH=/home/rahul/pick_bot/pickbot_ws/install/pickbot_msgs/lib:/home/rahul/pick_bot/pickbot_ws/install/pickbot_remote/lib:/home/rahul/pick_bot/pickbot_ws/install/pick_bot_cpp_examples/lib:/opt/ros/humble/opt/rviz_ogre_vendor/lib:/opt/ros/humble/lib/x86_64-linux-gnu:/opt/ros/humble/lib /usr/bin/cmake --build /home/rahul/pick_bot/pickbot_ws/build/pick_bot_cpp_examples -- -j12 -l12
[2.093s] Invoking command in '/home/rahul/pick_bot/pickbot_ws/build/pick_bot_cpp_examples': CMAKE_PREFIX_PATH=/home/rahul/pick_bot/pickbot_ws/install/pickbot_msgs:/home/rahul/pick_bot/pickbot_ws/install/pickbot_utils:/home/rahul/pick_bot/pickbot_ws/install/pickbot_remote:/home/rahul/pick_bot/pickbot_ws/install/pick_bot_cpp_examples:/home/rahul/pick_bot/pickbot_ws/install/pickbot_moveit:/home/rahul/pick_bot/pickbot_ws/install/pickbot_description:/home/rahul/pick_bot/pickbot_ws/install/pickbot_controller:/opt/ros/humble LD_LIBRARY_PATH=/home/rahul/pick_bot/pickbot_ws/install/pickbot_msgs/lib:/home/rahul/pick_bot/pickbot_ws/install/pickbot_remote/lib:/home/rahul/pick_bot/pickbot_ws/install/pick_bot_cpp_examples/lib:/opt/ros/humble/opt/rviz_ogre_vendor/lib:/opt/ros/humble/lib/x86_64-linux-gnu:/opt/ros/humble/lib /usr/bin/cmake --install /home/rahul/pick_bot/pickbot_ws/build/pick_bot_cpp_examples
[2.133s] -- Install configuration: ""
[2.133s] -- Up-to-date: /home/rahul/pick_bot/pickbot_ws/install/pick_bot_cpp_examples/lib/pick_bot_cpp_examples/simple_action_server_node
[2.135s] -- Up-to-date: /home/rahul/pick_bot/pickbot_ws/install/pick_bot_cpp_examples/lib/pick_bot_cpp_examples/simple_action_client_node
[2.135s] -- Up-to-date: /home/rahul/pick_bot/pickbot_ws/install/pick_bot_cpp_examples/lib/pick_bot_cpp_examples/simple_publisher
[2.137s] -- Up-to-date: /home/rahul/pick_bot/pickbot_ws/install/pick_bot_cpp_examples/lib/pick_bot_cpp_examples/simple_listener
[2.139s] -- Up-to-date: /home/rahul/pick_bot/pickbot_ws/install/pick_bot_cpp_examples/lib/pick_bot_cpp_examples/simple_parameter
[2.140s] -- Up-to-date: /home/rahul/pick_bot/pickbot_ws/install/pick_bot_cpp_examples/lib/pick_bot_cpp_examples/simple_service_server
[2.140s] -- Up-to-date: /home/rahul/pick_bot/pickbot_ws/install/pick_bot_cpp_examples/lib/pick_bot_cpp_examples/simple_service_client
[2.140s] -- Up-to-date: /home/rahul/pick_bot/pickbot_ws/install/pick_bot_cpp_examples/lib/pick_bot_cpp_examples/simple_moveit_interface
[2.140s] -- Up-to-date: /home/rahul/pick_bot/pickbot_ws/install/pick_bot_cpp_examples/lib/libsimple_action_server.so
[2.140s] -- Up-to-date: /home/rahul/pick_bot/pickbot_ws/install/pick_bot_cpp_examples/lib/libsimple_action_client.so
[2.141s] -- Up-to-date: /home/rahul/pick_bot/pickbot_ws/install/pick_bot_cpp_examples/share/ament_index/resource_index/package_run_dependencies/pick_bot_cpp_examples
[2.142s] -- Up-to-date: /home/rahul/pick_bot/pickbot_ws/install/pick_bot_cpp_examples/share/ament_index/resource_index/parent_prefix_path/pick_bot_cpp_examples
[2.143s] -- Up-to-date: /home/rahul/pick_bot/pickbot_ws/install/pick_bot_cpp_examples/share/pick_bot_cpp_examples/environment/ament_prefix_path.sh
[2.143s] -- Up-to-date: /home/rahul/pick_bot/pickbot_ws/install/pick_bot_cpp_examples/share/pick_bot_cpp_examples/environment/ament_prefix_path.dsv
[2.143s] -- Up-to-date: /home/rahul/pick_bot/pickbot_ws/install/pick_bot_cpp_examples/share/pick_bot_cpp_examples/environment/path.sh
[2.143s] -- Up-to-date: /home/rahul/pick_bot/pickbot_ws/install/pick_bot_cpp_examples/share/pick_bot_cpp_examples/environment/path.dsv
[2.143s] -- Up-to-date: /home/rahul/pick_bot/pickbot_ws/install/pick_bot_cpp_examples/share/pick_bot_cpp_examples/local_setup.bash
[2.144s] -- Up-to-date: /home/rahul/pick_bot/pickbot_ws/install/pick_bot_cpp_examples/share/pick_bot_cpp_examples/local_setup.sh
[2.144s] -- Up-to-date: /home/rahul/pick_bot/pickbot_ws/install/pick_bot_cpp_examples/share/pick_bot_cpp_examples/local_setup.zsh
[2.144s] -- Up-to-date: /home/rahul/pick_bot/pickbot_ws/install/pick_bot_cpp_examples/share/pick_bot_cpp_examples/local_setup.dsv
[2.144s] -- Installing: /home/rahul/pick_bot/pickbot_ws/install/pick_bot_cpp_examples/share/pick_bot_cpp_examples/package.dsv
[2.144s] -- Up-to-date: /home/rahul/pick_bot/pickbot_ws/install/pick_bot_cpp_examples/share/ament_index/resource_index/packages/pick_bot_cpp_examples
[2.144s] -- Up-to-date: /home/rahul/pick_bot/pickbot_ws/install/pick_bot_cpp_examples/share/ament_index/resource_index/rclcpp_components/pick_bot_cpp_examples
[2.144s] -- Up-to-date: /home/rahul/pick_bot/pickbot_ws/install/pick_bot_cpp_examples/share/pick_bot_cpp_examples/cmake/pick_bot_cpp_examplesConfig.cmake
[2.145s] -- Up-to-date: /home/rahul/pick_bot/pickbot_ws/install/pick_bot_cpp_examples/share/pick_bot_cpp_examples/cmake/pick_bot_cpp_examplesConfig-version.cmake
[2.145s] -- Up-to-date: /home/rahul/pick_bot/pickbot_ws/install/pick_bot_cpp_examples/share/pick_bot_cpp_examples/package.xml
[2.151s] Invoked command in '/home/rahul/pick_bot/pickbot_ws/build/pick_bot_cpp_examples' returned '0': CMAKE_PREFIX_PATH=/home/rahul/pick_bot/pickbot_ws/install/pickbot_msgs:/home/rahul/pick_bot/pickbot_ws/install/pickbot_utils:/home/rahul/pick_bot/pickbot_ws/install/pickbot_remote:/home/rahul/pick_bot/pickbot_ws/install/pick_bot_cpp_examples:/home/rahul/pick_bot/pickbot_ws/install/pickbot_moveit:/home/rahul/pick_bot/pickbot_ws/install/pickbot_description:/home/rahul/pick_bot/pickbot_ws/install/pickbot_controller:/opt/ros/humble LD_LIBRARY_PATH=/home/rahul/pick_bot/pickbot_ws/install/pickbot_msgs/lib:/home/rahul/pick_bot/pickbot_ws/install/pickbot_remote/lib:/home/rahul/pick_bot/pickbot_ws/install/pick_bot_cpp_examples/lib:/opt/ros/humble/opt/rviz_ogre_vendor/lib:/opt/ros/humble/lib/x86_64-linux-gnu:/opt/ros/humble/lib /usr/bin/cmake --install /home/rahul/pick_bot/pickbot_ws/build/pick_bot_cpp_examples
