[0.016s] Invoking command in '/home/rahul/pick_bot/pickbot_ws/build/pickbot_utils': CMAKE_PREFIX_PATH=/home/rahul/pick_bot/pickbot_ws/install/pickbot_msgs:/home/rahul/pick_bot/pickbot_ws/install/pickbot_utils:/home/rahul/pick_bot/pickbot_ws/install/pick_bot_cpp_examples:/home/rahul/pick_bot/pickbot_ws/install/pickbot_moveit:/home/rahul/pick_bot/pickbot_ws/install/pickbot_description:/home/rahul/pick_bot/pickbot_ws/install/pickbot_controller:/opt/ros/humble LD_LIBRARY_PATH=/home/rahul/pick_bot/pickbot_ws/install/pickbot_msgs/lib:/home/rahul/pick_bot/pickbot_ws/install/pick_bot_cpp_examples/lib:/opt/ros/humble/opt/rviz_ogre_vendor/lib:/opt/ros/humble/lib/x86_64-linux-gnu:/opt/ros/humble/lib /usr/bin/cmake --build /home/rahul/pick_bot/pickbot_ws/build/pickbot_utils -- -j12 -l12
[0.085s] -- Found ament_cmake: 1.3.11 (/opt/ros/humble/share/ament_cmake/cmake)
[0.243s] -- Found rclcpp: 16.0.11 (/opt/ros/humble/share/rclcpp/cmake)
[0.353s] -- Found rosidl_generator_c: 3.1.6 (/opt/ros/humble/share/rosidl_generator_c/cmake)
[0.355s] -- Found rosidl_adapter: 3.1.6 (/opt/ros/humble/share/rosidl_adapter/cmake)
[0.361s] -- Found rosidl_generator_cpp: 3.1.6 (/opt/ros/humble/share/rosidl_generator_cpp/cmake)
[0.372s] -- Using all available rosidl_typesupport_c: rosidl_typesupport_fastrtps_c;rosidl_typesupport_introspection_c
[0.390s] -- Using all available rosidl_typesupport_cpp: rosidl_typesupport_fastrtps_cpp;rosidl_typesupport_introspection_cpp
[0.665s] -- Found rmw_implementation_cmake: 6.1.2 (/opt/ros/humble/share/rmw_implementation_cmake/cmake)
[0.689s] -- Found rmw_cyclonedds_cpp: 1.3.4 (/opt/ros/humble/share/rmw_cyclonedds_cpp/cmake)
[0.839s] -- Using RMW implementation 'rmw_cyclonedds_cpp' as default
[1.054s] -- Found pickbot_msgs: 0.0.0 (/home/rahul/pick_bot/pickbot_ws/install/pickbot_msgs/share/pickbot_msgs/cmake)
[1.113s] -- Found tf2: 0.25.9 (/opt/ros/humble/share/tf2/cmake)
[1.345s] -- Found ament_lint_auto: 0.12.11 (/opt/ros/humble/share/ament_lint_auto/cmake)
[1.475s] -- Added test 'cppcheck' to perform static code analysis on C / C++ code
[1.475s] -- Configured cppcheck include dirs: 
[1.475s] -- Configured cppcheck exclude dirs and/or files: 
[1.476s] -- Added test 'lint_cmake' to check CMake code style
[1.477s] -- Added test 'uncrustify' to check C / C++ code style
[1.477s] -- Configured uncrustify additional arguments: 
[1.477s] -- Added test 'xmllint' to check XML markup files
[1.481s] -- Configuring done
[1.542s] -- Generating done
[1.549s] -- Build files have been written to: /home/rahul/pick_bot/pickbot_ws/build/pickbot_utils
[1.589s] [35m[1mConsolidate compiler generated dependencies of target angle_conversion[0m
[1.615s] [ 50%] [32mBuilding CXX object CMakeFiles/angle_conversion.dir/src/angle_conversion.cpp.o[0m
[9.618s] [100%] [32m[1mLinking CXX executable angle_conversion[0m
[11.909s] [100%] Built target angle_conversion
[11.936s] Invoked command in '/home/rahul/pick_bot/pickbot_ws/build/pickbot_utils' returned '0': CMAKE_PREFIX_PATH=/home/rahul/pick_bot/pickbot_ws/install/pickbot_msgs:/home/rahul/pick_bot/pickbot_ws/install/pickbot_utils:/home/rahul/pick_bot/pickbot_ws/install/pick_bot_cpp_examples:/home/rahul/pick_bot/pickbot_ws/install/pickbot_moveit:/home/rahul/pick_bot/pickbot_ws/install/pickbot_description:/home/rahul/pick_bot/pickbot_ws/install/pickbot_controller:/opt/ros/humble LD_LIBRARY_PATH=/home/rahul/pick_bot/pickbot_ws/install/pickbot_msgs/lib:/home/rahul/pick_bot/pickbot_ws/install/pick_bot_cpp_examples/lib:/opt/ros/humble/opt/rviz_ogre_vendor/lib:/opt/ros/humble/lib/x86_64-linux-gnu:/opt/ros/humble/lib /usr/bin/cmake --build /home/rahul/pick_bot/pickbot_ws/build/pickbot_utils -- -j12 -l12
[12.025s] Invoking command in '/home/rahul/pick_bot/pickbot_ws/build/pickbot_utils': CMAKE_PREFIX_PATH=/home/rahul/pick_bot/pickbot_ws/install/pickbot_msgs:/home/rahul/pick_bot/pickbot_ws/install/pickbot_utils:/home/rahul/pick_bot/pickbot_ws/install/pick_bot_cpp_examples:/home/rahul/pick_bot/pickbot_ws/install/pickbot_moveit:/home/rahul/pick_bot/pickbot_ws/install/pickbot_description:/home/rahul/pick_bot/pickbot_ws/install/pickbot_controller:/opt/ros/humble LD_LIBRARY_PATH=/home/rahul/pick_bot/pickbot_ws/install/pickbot_msgs/lib:/home/rahul/pick_bot/pickbot_ws/install/pick_bot_cpp_examples/lib:/opt/ros/humble/opt/rviz_ogre_vendor/lib:/opt/ros/humble/lib/x86_64-linux-gnu:/opt/ros/humble/lib /usr/bin/cmake --install /home/rahul/pick_bot/pickbot_ws/build/pickbot_utils
[12.082s] -- Install configuration: ""
[12.083s] -- Installing: /home/rahul/pick_bot/pickbot_ws/install/pickbot_utils/lib/pickbot_utils/angle_conversion
[12.102s] -- Set runtime path of "/home/rahul/pick_bot/pickbot_ws/install/pickbot_utils/lib/pickbot_utils/angle_conversion" to ""
[12.102s] -- Up-to-date: /home/rahul/pick_bot/pickbot_ws/install/pickbot_utils/share/ament_index/resource_index/package_run_dependencies/pickbot_utils
[12.354s] -- Up-to-date: /home/rahul/pick_bot/pickbot_ws/install/pickbot_utils/share/ament_index/resource_index/parent_prefix_path/pickbot_utils
[12.354s] -- Up-to-date: /home/rahul/pick_bot/pickbot_ws/install/pickbot_utils/share/pickbot_utils/environment/ament_prefix_path.sh
[12.354s] -- Installing: /home/rahul/pick_bot/pickbot_ws/install/pickbot_utils/share/pickbot_utils/environment/ament_prefix_path.dsv
[12.369s] -- Up-to-date: /home/rahul/pick_bot/pickbot_ws/install/pickbot_utils/share/pickbot_utils/environment/path.sh
[12.369s] -- Installing: /home/rahul/pick_bot/pickbot_ws/install/pickbot_utils/share/pickbot_utils/environment/path.dsv
[12.369s] -- Up-to-date: /home/rahul/pick_bot/pickbot_ws/install/pickbot_utils/share/pickbot_utils/local_setup.bash
[12.369s] -- Up-to-date: /home/rahul/pick_bot/pickbot_ws/install/pickbot_utils/share/pickbot_utils/local_setup.sh
[12.369s] -- Up-to-date: /home/rahul/pick_bot/pickbot_ws/install/pickbot_utils/share/pickbot_utils/local_setup.zsh
[12.369s] -- Installing: /home/rahul/pick_bot/pickbot_ws/install/pickbot_utils/share/pickbot_utils/local_setup.dsv
[12.377s] -- Installing: /home/rahul/pick_bot/pickbot_ws/install/pickbot_utils/share/pickbot_utils/package.dsv
[12.377s] -- Up-to-date: /home/rahul/pick_bot/pickbot_ws/install/pickbot_utils/share/ament_index/resource_index/packages/pickbot_utils
[12.377s] -- Up-to-date: /home/rahul/pick_bot/pickbot_ws/install/pickbot_utils/share/pickbot_utils/cmake/pickbot_utilsConfig.cmake
[12.377s] -- Up-to-date: /home/rahul/pick_bot/pickbot_ws/install/pickbot_utils/share/pickbot_utils/cmake/pickbot_utilsConfig-version.cmake
[12.378s] -- Up-to-date: /home/rahul/pick_bot/pickbot_ws/install/pickbot_utils/share/pickbot_utils/package.xml
[12.384s] Invoked command in '/home/rahul/pick_bot/pickbot_ws/build/pickbot_utils' returned '0': CMAKE_PREFIX_PATH=/home/rahul/pick_bot/pickbot_ws/install/pickbot_msgs:/home/rahul/pick_bot/pickbot_ws/install/pickbot_utils:/home/rahul/pick_bot/pickbot_ws/install/pick_bot_cpp_examples:/home/rahul/pick_bot/pickbot_ws/install/pickbot_moveit:/home/rahul/pick_bot/pickbot_ws/install/pickbot_description:/home/rahul/pick_bot/pickbot_ws/install/pickbot_controller:/opt/ros/humble LD_LIBRARY_PATH=/home/rahul/pick_bot/pickbot_ws/install/pickbot_msgs/lib:/home/rahul/pick_bot/pickbot_ws/install/pick_bot_cpp_examples/lib:/opt/ros/humble/opt/rviz_ogre_vendor/lib:/opt/ros/humble/lib/x86_64-linux-gnu:/opt/ros/humble/lib /usr/bin/cmake --install /home/rahul/pick_bot/pickbot_ws/build/pickbot_utils
