[0.026s] Invoking command in '/home/rahul/pick_bot/pickbot_ws/build/pickbot_remote': CMAKE_PREFIX_PATH=/home/rahul/pick_bot/pickbot_ws/install/pickbot_moveit:/home/rahul/pick_bot/pickbot_ws/install/pickbot_msgs:/home/rahul/pick_bot/pickbot_ws/install/pickbot_description:/home/rahul/pick_bot/pickbot_ws/install/pickbot_utils:/home/rahul/pick_bot/pickbot_ws/install/pick_bot_cpp_examples:/home/rahul/pick_bot/pickbot_ws/install/pickbot_controller:/opt/ros/humble LD_LIBRARY_PATH=/home/rahul/pick_bot/pickbot_ws/install/pickbot_msgs/lib:/home/rahul/pick_bot/pickbot_ws/install/pick_bot_cpp_examples/lib:/opt/ros/humble/opt/rviz_ogre_vendor/lib:/opt/ros/humble/lib/x86_64-linux-gnu:/opt/ros/humble/lib /usr/bin/cmake --build /home/rahul/pick_bot/pickbot_ws/build/pickbot_remote -- -j12 -l12
[0.058s] -- Found ament_cmake: 1.3.11 (/opt/ros/humble/share/ament_cmake/cmake)
[0.268s] -- Found rclcpp: 16.0.11 (/opt/ros/humble/share/rclcpp/cmake)
[0.306s] -- Found rosidl_generator_c: 3.1.6 (/opt/ros/humble/share/rosidl_generator_c/cmake)
[0.309s] -- Found rosidl_adapter: 3.1.6 (/opt/ros/humble/share/rosidl_adapter/cmake)
[0.316s] -- Found rosidl_generator_cpp: 3.1.6 (/opt/ros/humble/share/rosidl_generator_cpp/cmake)
[0.330s] -- Using all available rosidl_typesupport_c: rosidl_typesupport_fastrtps_c;rosidl_typesupport_introspection_c
[0.343s] -- Using all available rosidl_typesupport_cpp: rosidl_typesupport_fastrtps_cpp;rosidl_typesupport_introspection_cpp
[0.379s] -- Found rmw_implementation_cmake: 6.1.2 (/opt/ros/humble/share/rmw_implementation_cmake/cmake)
[0.380s] -- Found rmw_cyclonedds_cpp: 1.3.4 (/opt/ros/humble/share/rmw_cyclonedds_cpp/cmake)
[0.398s] -- Using RMW implementation 'rmw_cyclonedds_cpp' as default
[0.444s] -- Found rclcpp_action: 16.0.11 (/opt/ros/humble/share/rclcpp_action/cmake)
[0.472s] -- Found rclcpp_components: 16.0.11 (/opt/ros/humble/share/rclcpp_components/cmake)
[0.489s] -- Found pickbot_msgs: 0.0.0 (/home/rahul/pick_bot/pickbot_ws/install/pickbot_msgs/share/pickbot_msgs/cmake)
[0.501s] -- Found moveit_ros_planning_interface: 2.5.6 (/opt/ros/humble/share/moveit_ros_planning_interface/cmake)
[0.512s] -- Found Boost: /usr/lib/x86_64-linux-gnu/cmake/Boost-1.74.0/BoostConfig.cmake (found version "1.74.0") found components: date_time filesystem program_options system thread 
[0.640s] -- Found Boost: /usr/lib/x86_64-linux-gnu/cmake/Boost-1.74.0/BoostConfig.cmake (found version "1.74.0") found components: chrono date_time filesystem iostreams program_options regex serialization system thread 
[0.669s] -- Found parameter_traits: 0.3.9 (/opt/ros/humble/share/parameter_traits/cmake)
[0.677s] -- Found rclcpp_lifecycle: 16.0.11 (/opt/ros/humble/share/rclcpp_lifecycle/cmake)
[0.696s] -- Found Boost: /usr/lib/x86_64-linux-gnu/cmake/Boost-1.74.0/BoostConfig.cmake (found version "1.74.0") found components: filesystem 
[0.737s] -- library: /usr/lib/x86_64-linux-gnu/libcurl.so
[0.762s] -- Ensuring Eigen3 include directory is part of orocos-kdl CMake target
[0.843s] -- Found Boost: /usr/lib/x86_64-linux-gnu/cmake/Boost-1.74.0/BoostConfig.cmake (found version "1.74.0") found components: system filesystem date_time program_options thread chrono 
[0.871s] -- Found Boost: /usr/lib/x86_64-linux-gnu/cmake/Boost-1.74.0/BoostConfig.cmake (found version "1.74.0") found components: thread system filesystem regex date_time program_options 
[0.898s] -- Found Boost: /usr/lib/x86_64-linux-gnu/cmake/Boost-1.74.0/BoostConfig.cmake (found version "1.74.0") found components: system filesystem date_time program_options thread 
[0.991s] -- Configuring done
[1.026s] -- Generating done
[1.037s] -- Build files have been written to: /home/rahul/pick_bot/pickbot_ws/build/pickbot_remote
[1.083s] [35m[1mConsolidate compiler generated dependencies of target task_server_node[0m
[1.083s] [35m[1mConsolidate compiler generated dependencies of target task_server[0m
[1.104s] [ 50%] Built target task_server_node
[1.113s] [100%] Built target task_server
[1.127s] Invoked command in '/home/rahul/pick_bot/pickbot_ws/build/pickbot_remote' returned '0': CMAKE_PREFIX_PATH=/home/rahul/pick_bot/pickbot_ws/install/pickbot_moveit:/home/rahul/pick_bot/pickbot_ws/install/pickbot_msgs:/home/rahul/pick_bot/pickbot_ws/install/pickbot_description:/home/rahul/pick_bot/pickbot_ws/install/pickbot_utils:/home/rahul/pick_bot/pickbot_ws/install/pick_bot_cpp_examples:/home/rahul/pick_bot/pickbot_ws/install/pickbot_controller:/opt/ros/humble LD_LIBRARY_PATH=/home/rahul/pick_bot/pickbot_ws/install/pickbot_msgs/lib:/home/rahul/pick_bot/pickbot_ws/install/pick_bot_cpp_examples/lib:/opt/ros/humble/opt/rviz_ogre_vendor/lib:/opt/ros/humble/lib/x86_64-linux-gnu:/opt/ros/humble/lib /usr/bin/cmake --build /home/rahul/pick_bot/pickbot_ws/build/pickbot_remote -- -j12 -l12
[1.129s] Invoking command in '/home/rahul/pick_bot/pickbot_ws/build/pickbot_remote': CMAKE_PREFIX_PATH=/home/rahul/pick_bot/pickbot_ws/install/pickbot_moveit:/home/rahul/pick_bot/pickbot_ws/install/pickbot_msgs:/home/rahul/pick_bot/pickbot_ws/install/pickbot_description:/home/rahul/pick_bot/pickbot_ws/install/pickbot_utils:/home/rahul/pick_bot/pickbot_ws/install/pick_bot_cpp_examples:/home/rahul/pick_bot/pickbot_ws/install/pickbot_controller:/opt/ros/humble LD_LIBRARY_PATH=/home/rahul/pick_bot/pickbot_ws/install/pickbot_msgs/lib:/home/rahul/pick_bot/pickbot_ws/install/pick_bot_cpp_examples/lib:/opt/ros/humble/opt/rviz_ogre_vendor/lib:/opt/ros/humble/lib/x86_64-linux-gnu:/opt/ros/humble/lib /usr/bin/cmake --install /home/rahul/pick_bot/pickbot_ws/build/pickbot_remote
[1.137s] -- Install configuration: ""
[1.137s] -- Up-to-date: /home/rahul/pick_bot/pickbot_ws/install/pickbot_remote/lib/pickbot_remote/task_server_node
[1.138s] -- Installing: /home/rahul/pick_bot/pickbot_ws/install/pickbot_remote/lib/libtask_server.so
[1.140s] -- Set runtime path of "/home/rahul/pick_bot/pickbot_ws/install/pickbot_remote/lib/libtask_server.so" to ""
[1.140s] -- Installing: /home/rahul/pick_bot/pickbot_ws/install/pickbot_remote/share/ament_index/resource_index/package_run_dependencies/pickbot_remote
[1.140s] -- Up-to-date: /home/rahul/pick_bot/pickbot_ws/install/pickbot_remote/share/ament_index/resource_index/parent_prefix_path/pickbot_remote
[1.140s] -- Up-to-date: /home/rahul/pick_bot/pickbot_ws/install/pickbot_remote/share/pickbot_remote/environment/ament_prefix_path.sh
[1.141s] -- Installing: /home/rahul/pick_bot/pickbot_ws/install/pickbot_remote/share/pickbot_remote/environment/ament_prefix_path.dsv
[1.141s] -- Up-to-date: /home/rahul/pick_bot/pickbot_ws/install/pickbot_remote/share/pickbot_remote/environment/path.sh
[1.141s] -- Installing: /home/rahul/pick_bot/pickbot_ws/install/pickbot_remote/share/pickbot_remote/environment/path.dsv
[1.141s] -- Up-to-date: /home/rahul/pick_bot/pickbot_ws/install/pickbot_remote/share/pickbot_remote/local_setup.bash
[1.141s] -- Up-to-date: /home/rahul/pick_bot/pickbot_ws/install/pickbot_remote/share/pickbot_remote/local_setup.sh
[1.141s] -- Up-to-date: /home/rahul/pick_bot/pickbot_ws/install/pickbot_remote/share/pickbot_remote/local_setup.zsh
[1.141s] -- Installing: /home/rahul/pick_bot/pickbot_ws/install/pickbot_remote/share/pickbot_remote/local_setup.dsv
[1.141s] -- Installing: /home/rahul/pick_bot/pickbot_ws/install/pickbot_remote/share/pickbot_remote/package.dsv
[1.141s] -- Up-to-date: /home/rahul/pick_bot/pickbot_ws/install/pickbot_remote/share/ament_index/resource_index/packages/pickbot_remote
[1.141s] -- Installing: /home/rahul/pick_bot/pickbot_ws/install/pickbot_remote/share/ament_index/resource_index/rclcpp_components/pickbot_remote
[1.142s] -- Up-to-date: /home/rahul/pick_bot/pickbot_ws/install/pickbot_remote/share/pickbot_remote/cmake/pickbot_remoteConfig.cmake
[1.142s] -- Up-to-date: /home/rahul/pick_bot/pickbot_ws/install/pickbot_remote/share/pickbot_remote/cmake/pickbot_remoteConfig-version.cmake
[1.142s] -- Installing: /home/rahul/pick_bot/pickbot_ws/install/pickbot_remote/share/pickbot_remote/package.xml
[1.145s] Invoked command in '/home/rahul/pick_bot/pickbot_ws/build/pickbot_remote' returned '0': CMAKE_PREFIX_PATH=/home/rahul/pick_bot/pickbot_ws/install/pickbot_moveit:/home/rahul/pick_bot/pickbot_ws/install/pickbot_msgs:/home/rahul/pick_bot/pickbot_ws/install/pickbot_description:/home/rahul/pick_bot/pickbot_ws/install/pickbot_utils:/home/rahul/pick_bot/pickbot_ws/install/pick_bot_cpp_examples:/home/rahul/pick_bot/pickbot_ws/install/pickbot_controller:/opt/ros/humble LD_LIBRARY_PATH=/home/rahul/pick_bot/pickbot_ws/install/pickbot_msgs/lib:/home/rahul/pick_bot/pickbot_ws/install/pick_bot_cpp_examples/lib:/opt/ros/humble/opt/rviz_ogre_vendor/lib:/opt/ros/humble/lib/x86_64-linux-gnu:/opt/ros/humble/lib /usr/bin/cmake --install /home/rahul/pick_bot/pickbot_ws/build/pickbot_remote
