[0.012s] Invoking command in '/home/rahul/pick_bot/pickbot_ws/build/pickbot_moveit': CMAKE_PREFIX_PATH=/home/rahul/pick_bot/pickbot_ws/install/pickbot_description:/home/rahul/pick_bot/pickbot_ws/install/pickbot_utils:/home/rahul/pick_bot/pickbot_ws/install/pick_bot_cpp_examples:/home/rahul/pick_bot/pickbot_ws/install/pickbot_msgs:/home/rahul/pick_bot/pickbot_ws/install/pickbot_moveit:/home/rahul/pick_bot/pickbot_ws/install/pickbot_controller:/opt/ros/humble /usr/bin/cmake --build /home/rahul/pick_bot/pickbot_ws/build/pickbot_moveit -- -j12 -l12
[0.068s] Invoked command in '/home/rahul/pick_bot/pickbot_ws/build/pickbot_moveit' returned '0': CMAKE_PREFIX_PATH=/home/rahul/pick_bot/pickbot_ws/install/pickbot_description:/home/rahul/pick_bot/pickbot_ws/install/pickbot_utils:/home/rahul/pick_bot/pickbot_ws/install/pick_bot_cpp_examples:/home/rahul/pick_bot/pickbot_ws/install/pickbot_msgs:/home/rahul/pick_bot/pickbot_ws/install/pickbot_moveit:/home/rahul/pick_bot/pickbot_ws/install/pickbot_controller:/opt/ros/humble /usr/bin/cmake --build /home/rahul/pick_bot/pickbot_ws/build/pickbot_moveit -- -j12 -l12
[0.069s] Invoking command in '/home/rahul/pick_bot/pickbot_ws/build/pickbot_moveit': CMAKE_PREFIX_PATH=/home/rahul/pick_bot/pickbot_ws/install/pickbot_description:/home/rahul/pick_bot/pickbot_ws/install/pickbot_utils:/home/rahul/pick_bot/pickbot_ws/install/pick_bot_cpp_examples:/home/rahul/pick_bot/pickbot_ws/install/pickbot_msgs:/home/rahul/pick_bot/pickbot_ws/install/pickbot_moveit:/home/rahul/pick_bot/pickbot_ws/install/pickbot_controller:/opt/ros/humble /usr/bin/cmake --install /home/rahul/pick_bot/pickbot_ws/build/pickbot_moveit
[0.080s] -- Install configuration: ""
[0.080s] -- Up-to-date: /home/rahul/pick_bot/pickbot_ws/install/pickbot_moveit/share/pickbot_moveit/launch
[0.080s] -- Up-to-date: /home/rahul/pick_bot/pickbot_ws/install/pickbot_moveit/share/pickbot_moveit/launch/moveit.launch.py
[0.081s] -- Up-to-date: /home/rahul/pick_bot/pickbot_ws/install/pickbot_moveit/share/pickbot_moveit/config
[0.081s] -- Up-to-date: /home/rahul/pick_bot/pickbot_ws/install/pickbot_moveit/share/pickbot_moveit/config/joint_limits.yaml
[0.081s] -- Up-to-date: /home/rahul/pick_bot/pickbot_ws/install/pickbot_moveit/share/pickbot_moveit/config/moveit_controllers.yaml
[0.081s] -- Up-to-date: /home/rahul/pick_bot/pickbot_ws/install/pickbot_moveit/share/pickbot_moveit/config/pickbot.srdf
[0.081s] -- Up-to-date: /home/rahul/pick_bot/pickbot_ws/install/pickbot_moveit/share/pickbot_moveit/config/kinematics.yaml
[0.081s] -- Up-to-date: /home/rahul/pick_bot/pickbot_ws/install/pickbot_moveit/share/pickbot_moveit/config/pilz_cartesian_limits.yaml
[0.081s] -- Up-to-date: /home/rahul/pick_bot/pickbot_ws/install/pickbot_moveit/share/pickbot_moveit/config/initial_positions.yaml
[0.081s] -- Up-to-date: /home/rahul/pick_bot/pickbot_ws/install/pickbot_moveit/share/ament_index/resource_index/package_run_dependencies/pickbot_moveit
[0.081s] -- Up-to-date: /home/rahul/pick_bot/pickbot_ws/install/pickbot_moveit/share/ament_index/resource_index/parent_prefix_path/pickbot_moveit
[0.082s] -- Up-to-date: /home/rahul/pick_bot/pickbot_ws/install/pickbot_moveit/share/pickbot_moveit/environment/ament_prefix_path.sh
[0.082s] -- Up-to-date: /home/rahul/pick_bot/pickbot_ws/install/pickbot_moveit/share/pickbot_moveit/environment/ament_prefix_path.dsv
[0.082s] -- Up-to-date: /home/rahul/pick_bot/pickbot_ws/install/pickbot_moveit/share/pickbot_moveit/environment/path.sh
[0.082s] -- Up-to-date: /home/rahul/pick_bot/pickbot_ws/install/pickbot_moveit/share/pickbot_moveit/environment/path.dsv
[0.082s] -- Up-to-date: /home/rahul/pick_bot/pickbot_ws/install/pickbot_moveit/share/pickbot_moveit/local_setup.bash
[0.082s] -- Up-to-date: /home/rahul/pick_bot/pickbot_ws/install/pickbot_moveit/share/pickbot_moveit/local_setup.sh
[0.083s] -- Up-to-date: /home/rahul/pick_bot/pickbot_ws/install/pickbot_moveit/share/pickbot_moveit/local_setup.zsh
[0.083s] -- Up-to-date: /home/rahul/pick_bot/pickbot_ws/install/pickbot_moveit/share/pickbot_moveit/local_setup.dsv
[0.083s] -- Installing: /home/rahul/pick_bot/pickbot_ws/install/pickbot_moveit/share/pickbot_moveit/package.dsv
[0.083s] -- Up-to-date: /home/rahul/pick_bot/pickbot_ws/install/pickbot_moveit/share/ament_index/resource_index/packages/pickbot_moveit
[0.083s] -- Up-to-date: /home/rahul/pick_bot/pickbot_ws/install/pickbot_moveit/share/pickbot_moveit/cmake/pickbot_moveitConfig.cmake
[0.083s] -- Up-to-date: /home/rahul/pick_bot/pickbot_ws/install/pickbot_moveit/share/pickbot_moveit/cmake/pickbot_moveitConfig-version.cmake
[0.084s] -- Up-to-date: /home/rahul/pick_bot/pickbot_ws/install/pickbot_moveit/share/pickbot_moveit/package.xml
[0.085s] Invoked command in '/home/rahul/pick_bot/pickbot_ws/build/pickbot_moveit' returned '0': CMAKE_PREFIX_PATH=/home/rahul/pick_bot/pickbot_ws/install/pickbot_description:/home/rahul/pick_bot/pickbot_ws/install/pickbot_utils:/home/rahul/pick_bot/pickbot_ws/install/pick_bot_cpp_examples:/home/rahul/pick_bot/pickbot_ws/install/pickbot_msgs:/home/rahul/pick_bot/pickbot_ws/install/pickbot_moveit:/home/rahul/pick_bot/pickbot_ws/install/pickbot_controller:/opt/ros/humble /usr/bin/cmake --install /home/rahul/pick_bot/pickbot_ws/build/pickbot_moveit
