[0.121s] Invoking command in '/home/rahul/pick_bot/pickbot_ws/build/pick_bot_cpp_examples': CMAKE_PREFIX_PATH=${CMAKE_PREFIX_PATH}:/opt/ros/humble /usr/bin/cmake --build /home/rahul/pick_bot/pickbot_ws/build/pick_bot_cpp_examples -- -j12 -l12
[0.316s] [ 33%] Built target simple_listener
[0.344s] [ 66%] Built target simple_publisher
[0.348s] [100%] Built target simple_parameter
[0.364s] Invoked command in '/home/rahul/pick_bot/pickbot_ws/build/pick_bot_cpp_examples' returned '0': CMAKE_PREFIX_PATH=${CMAKE_PREFIX_PATH}:/opt/ros/humble /usr/bin/cmake --build /home/rahul/pick_bot/pickbot_ws/build/pick_bot_cpp_examples -- -j12 -l12
[0.404s] Invoking command in '/home/rahul/pick_bot/pickbot_ws/build/pick_bot_cpp_examples': CMAKE_PREFIX_PATH=${CMAKE_PREFIX_PATH}:/opt/ros/humble /usr/bin/cmake --install /home/rahul/pick_bot/pickbot_ws/build/pick_bot_cpp_examples
[0.416s] -- Install configuration: ""
[0.416s] -- Up-to-date: /home/rahul/pick_bot/pickbot_ws/install/pick_bot_cpp_examples/lib/pick_bot_cpp_examples/simple_publisher
[0.417s] -- Up-to-date: /home/rahul/pick_bot/pickbot_ws/install/pick_bot_cpp_examples/lib/pick_bot_cpp_examples/simple_listener
[0.417s] -- Up-to-date: /home/rahul/pick_bot/pickbot_ws/install/pick_bot_cpp_examples/lib/pick_bot_cpp_examples/simple_parameter
[0.418s] -- Up-to-date: /home/rahul/pick_bot/pickbot_ws/install/pick_bot_cpp_examples/share/ament_index/resource_index/package_run_dependencies/pick_bot_cpp_examples
[0.418s] -- Up-to-date: /home/rahul/pick_bot/pickbot_ws/install/pick_bot_cpp_examples/share/ament_index/resource_index/parent_prefix_path/pick_bot_cpp_examples
[0.418s] -- Up-to-date: /home/rahul/pick_bot/pickbot_ws/install/pick_bot_cpp_examples/share/pick_bot_cpp_examples/environment/ament_prefix_path.sh
[0.418s] -- Up-to-date: /home/rahul/pick_bot/pickbot_ws/install/pick_bot_cpp_examples/share/pick_bot_cpp_examples/environment/ament_prefix_path.dsv
[0.418s] -- Up-to-date: /home/rahul/pick_bot/pickbot_ws/install/pick_bot_cpp_examples/share/pick_bot_cpp_examples/environment/path.sh
[0.419s] -- Up-to-date: /home/rahul/pick_bot/pickbot_ws/install/pick_bot_cpp_examples/share/pick_bot_cpp_examples/environment/path.dsv
[0.419s] -- Up-to-date: /home/rahul/pick_bot/pickbot_ws/install/pick_bot_cpp_examples/share/pick_bot_cpp_examples/local_setup.bash
[0.419s] -- Up-to-date: /home/rahul/pick_bot/pickbot_ws/install/pick_bot_cpp_examples/share/pick_bot_cpp_examples/local_setup.sh
[0.419s] -- Up-to-date: /home/rahul/pick_bot/pickbot_ws/install/pick_bot_cpp_examples/share/pick_bot_cpp_examples/local_setup.zsh
[0.419s] -- Up-to-date: /home/rahul/pick_bot/pickbot_ws/install/pick_bot_cpp_examples/share/pick_bot_cpp_examples/local_setup.dsv
[0.419s] -- Installing: /home/rahul/pick_bot/pickbot_ws/install/pick_bot_cpp_examples/share/pick_bot_cpp_examples/package.dsv
[0.438s] -- Up-to-date: /home/rahul/pick_bot/pickbot_ws/install/pick_bot_cpp_examples/share/ament_index/resource_index/packages/pick_bot_cpp_examples
[0.438s] -- Up-to-date: /home/rahul/pick_bot/pickbot_ws/install/pick_bot_cpp_examples/share/pick_bot_cpp_examples/cmake/pick_bot_cpp_examplesConfig.cmake
[0.438s] -- Up-to-date: /home/rahul/pick_bot/pickbot_ws/install/pick_bot_cpp_examples/share/pick_bot_cpp_examples/cmake/pick_bot_cpp_examplesConfig-version.cmake
[0.438s] -- Up-to-date: /home/rahul/pick_bot/pickbot_ws/install/pick_bot_cpp_examples/share/pick_bot_cpp_examples/package.xml
[0.442s] Invoked command in '/home/rahul/pick_bot/pickbot_ws/build/pick_bot_cpp_examples' returned '0': CMAKE_PREFIX_PATH=${CMAKE_PREFIX_PATH}:/opt/ros/humble /usr/bin/cmake --install /home/rahul/pick_bot/pickbot_ws/build/pick_bot_cpp_examples
