[0.031s] Invoking command in '/home/rahul/pick_bot/pickbot_ws/build/pickbot_controller': CMAKE_PREFIX_PATH=${CMAKE_PREFIX_PATH}:/opt/ros/humble /usr/bin/cmake --build /home/rahul/pick_bot/pickbot_ws/build/pickbot_controller -- -j12 -l12
[0.858s] -- Found ament_cmake: 1.3.10 (/opt/ros/humble/share/ament_cmake/cmake)
[1.663s] -- Found ament_lint_auto: 0.12.11 (/opt/ros/humble/share/ament_lint_auto/cmake)
[2.040s] -- Added test 'lint_cmake' to check CMake code style
[2.048s] -- Added test 'xmllint' to check XML markup files
[2.050s] -- Configuring done
[2.061s] -- Generating done
[2.069s] -- Build files have been written to: /home/rahul/pick_bot/pickbot_ws/build/pickbot_controller
[2.107s] Invoked command in '/home/rahul/pick_bot/pickbot_ws/build/pickbot_controller' returned '0': CMAKE_PREFIX_PATH=${CMAKE_PREFIX_PATH}:/opt/ros/humble /usr/bin/cmake --build /home/rahul/pick_bot/pickbot_ws/build/pickbot_controller -- -j12 -l12
[2.110s] Invoking command in '/home/rahul/pick_bot/pickbot_ws/build/pickbot_controller': CMAKE_PREFIX_PATH=${CMAKE_PREFIX_PATH}:/opt/ros/humble /usr/bin/cmake --install /home/rahul/pick_bot/pickbot_ws/build/pickbot_controller
[2.128s] -- Install configuration: ""
[2.128s] -- Installing: /home/rahul/pick_bot/pickbot_ws/install/pickbot_controller/share/pickbot_controller/config
[2.128s] -- Installing: /home/rahul/pick_bot/pickbot_ws/install/pickbot_controller/share/pickbot_controller/config/pickbot_controllers.yaml
[2.128s] -- Up-to-date: /home/rahul/pick_bot/pickbot_ws/install/pickbot_controller/share/ament_index/resource_index/package_run_dependencies/pickbot_controller
[2.128s] -- Installing: /home/rahul/pick_bot/pickbot_ws/install/pickbot_controller/share/ament_index/resource_index/parent_prefix_path/pickbot_controller
[2.129s] -- Up-to-date: /home/rahul/pick_bot/pickbot_ws/install/pickbot_controller/share/pickbot_controller/environment/ament_prefix_path.sh
[2.129s] -- Installing: /home/rahul/pick_bot/pickbot_ws/install/pickbot_controller/share/pickbot_controller/environment/ament_prefix_path.dsv
[2.129s] -- Up-to-date: /home/rahul/pick_bot/pickbot_ws/install/pickbot_controller/share/pickbot_controller/environment/path.sh
[2.129s] -- Installing: /home/rahul/pick_bot/pickbot_ws/install/pickbot_controller/share/pickbot_controller/environment/path.dsv
[2.129s] -- Up-to-date: /home/rahul/pick_bot/pickbot_ws/install/pickbot_controller/share/pickbot_controller/local_setup.bash
[2.129s] -- Up-to-date: /home/rahul/pick_bot/pickbot_ws/install/pickbot_controller/share/pickbot_controller/local_setup.sh
[2.129s] -- Up-to-date: /home/rahul/pick_bot/pickbot_ws/install/pickbot_controller/share/pickbot_controller/local_setup.zsh
[2.130s] -- Installing: /home/rahul/pick_bot/pickbot_ws/install/pickbot_controller/share/pickbot_controller/local_setup.dsv
[2.130s] -- Installing: /home/rahul/pick_bot/pickbot_ws/install/pickbot_controller/share/pickbot_controller/package.dsv
[2.130s] -- Up-to-date: /home/rahul/pick_bot/pickbot_ws/install/pickbot_controller/share/ament_index/resource_index/packages/pickbot_controller
[2.130s] -- Up-to-date: /home/rahul/pick_bot/pickbot_ws/install/pickbot_controller/share/pickbot_controller/cmake/pickbot_controllerConfig.cmake
[2.130s] -- Up-to-date: /home/rahul/pick_bot/pickbot_ws/install/pickbot_controller/share/pickbot_controller/cmake/pickbot_controllerConfig-version.cmake
[2.131s] -- Up-to-date: /home/rahul/pick_bot/pickbot_ws/install/pickbot_controller/share/pickbot_controller/package.xml
[2.133s] Invoked command in '/home/rahul/pick_bot/pickbot_ws/build/pickbot_controller' returned '0': CMAKE_PREFIX_PATH=${CMAKE_PREFIX_PATH}:/opt/ros/humble /usr/bin/cmake --install /home/rahul/pick_bot/pickbot_ws/build/pickbot_controller
