[0.030s] Invoking command in '/home/rahul/pick_bot/pickbot_ws/build/pickbot_controller': CMAKE_PREFIX_PATH=${CMAKE_PREFIX_PATH}:/opt/ros/humble /usr/bin/cmake --build /home/rahul/pick_bot/pickbot_ws/build/pickbot_controller -- -j12 -l12
[0.112s] Invoked command in '/home/rahul/pick_bot/pickbot_ws/build/pickbot_controller' returned '0': CMAKE_PREFIX_PATH=${CMAKE_PREFIX_PATH}:/opt/ros/humble /usr/bin/cmake --build /home/rahul/pick_bot/pickbot_ws/build/pickbot_controller -- -j12 -l12
[0.130s] Invoking command in '/home/rahul/pick_bot/pickbot_ws/build/pickbot_controller': CMAKE_PREFIX_PATH=${CMAKE_PREFIX_PATH}:/opt/ros/humble /usr/bin/cmake --install /home/rahul/pick_bot/pickbot_ws/build/pickbot_controller
[0.143s] -- Install configuration: ""
[0.143s] -- Up-to-date: /home/rahul/pick_bot/pickbot_ws/install/pickbot_controller/share/pickbot_controller/config
[0.143s] -- Up-to-date: /home/rahul/pick_bot/pickbot_ws/install/pickbot_controller/share/pickbot_controller/config/pickbot_controllers.yaml
[0.143s] -- Up-to-date: /home/rahul/pick_bot/pickbot_ws/install/pickbot_controller/share/pickbot_controller/launch
[0.144s] -- Up-to-date: /home/rahul/pick_bot/pickbot_ws/install/pickbot_controller/share/pickbot_controller/launch/controller.launch.py
[0.144s] -- Up-to-date: /home/rahul/pick_bot/pickbot_ws/install/pickbot_controller/share/ament_index/resource_index/package_run_dependencies/pickbot_controller
[0.144s] -- Up-to-date: /home/rahul/pick_bot/pickbot_ws/install/pickbot_controller/share/ament_index/resource_index/parent_prefix_path/pickbot_controller
[0.144s] -- Up-to-date: /home/rahul/pick_bot/pickbot_ws/install/pickbot_controller/share/pickbot_controller/environment/ament_prefix_path.sh
[0.144s] -- Up-to-date: /home/rahul/pick_bot/pickbot_ws/install/pickbot_controller/share/pickbot_controller/environment/ament_prefix_path.dsv
[0.144s] -- Up-to-date: /home/rahul/pick_bot/pickbot_ws/install/pickbot_controller/share/pickbot_controller/environment/path.sh
[0.144s] -- Up-to-date: /home/rahul/pick_bot/pickbot_ws/install/pickbot_controller/share/pickbot_controller/environment/path.dsv
[0.144s] -- Up-to-date: /home/rahul/pick_bot/pickbot_ws/install/pickbot_controller/share/pickbot_controller/local_setup.bash
[0.145s] -- Up-to-date: /home/rahul/pick_bot/pickbot_ws/install/pickbot_controller/share/pickbot_controller/local_setup.sh
[0.145s] -- Up-to-date: /home/rahul/pick_bot/pickbot_ws/install/pickbot_controller/share/pickbot_controller/local_setup.zsh
[0.145s] -- Up-to-date: /home/rahul/pick_bot/pickbot_ws/install/pickbot_controller/share/pickbot_controller/local_setup.dsv
[0.145s] -- Installing: /home/rahul/pick_bot/pickbot_ws/install/pickbot_controller/share/pickbot_controller/package.dsv
[0.145s] -- Up-to-date: /home/rahul/pick_bot/pickbot_ws/install/pickbot_controller/share/ament_index/resource_index/packages/pickbot_controller
[0.145s] -- Up-to-date: /home/rahul/pick_bot/pickbot_ws/install/pickbot_controller/share/pickbot_controller/cmake/pickbot_controllerConfig.cmake
[0.145s] -- Up-to-date: /home/rahul/pick_bot/pickbot_ws/install/pickbot_controller/share/pickbot_controller/cmake/pickbot_controllerConfig-version.cmake
[0.145s] -- Up-to-date: /home/rahul/pick_bot/pickbot_ws/install/pickbot_controller/share/pickbot_controller/package.xml
[0.148s] Invoked command in '/home/rahul/pick_bot/pickbot_ws/build/pickbot_controller' returned '0': CMAKE_PREFIX_PATH=${CMAKE_PREFIX_PATH}:/opt/ros/humble /usr/bin/cmake --install /home/rahul/pick_bot/pickbot_ws/build/pickbot_controller
