[0.521s] DEBUG:colcon:Command line arguments: ['/usr/bin/colcon', 'build']
[0.522s] DEBUG:colcon:Parsed command line arguments: Namespace(log_base=None, log_level=None, verb_name='build', build_base='build', install_base='install', merge_install=False, symlink_install=False, test_result_base=None, continue_on_error=False, executor='parallel', parallel_workers=12, event_handlers=None, ignore_user_meta=False, metas=['./colcon.meta'], base_paths=['.'], packages_ignore=None, packages_ignore_regex=None, paths=None, packages_up_to=None, packages_up_to_regex=None, packages_above=None, packages_above_and_dependencies=None, packages_above_depth=None, packages_select_by_dep=None, packages_skip_by_dep=None, packages_skip_up_to=None, packages_select_build_failed=False, packages_skip_build_finished=False, packages_select_test_failures=False, packages_skip_test_passed=False, packages_select=None, packages_skip=None, packages_select_regex=None, packages_skip_regex=None, packages_start=None, packages_end=None, allow_overriding=[], cmake_args=None, cmake_target=None, cmake_target_skip_unavailable=False, cmake_clean_cache=False, cmake_clean_first=False, cmake_force_configure=False, ament_cmake_args=None, catkin_cmake_args=None, catkin_skip_building_tests=False, mixin_files=None, mixin=None, verb_parser=<colcon_mixin.mixin.mixin_argument.MixinArgumentDecorator object at 0x7255f023f880>, verb_extension=<colcon_core.verb.build.BuildVerb object at 0x7255f023f2b0>, main=<bound method BuildVerb.main of <colcon_core.verb.build.BuildVerb object at 0x7255f023f2b0>>, mixin_verb=('build',))
[4.966s] Level 1:colcon.colcon_core.package_discovery:discover_packages(colcon_meta) check parameters
[4.966s] Level 1:colcon.colcon_core.package_discovery:discover_packages(recursive) check parameters
[4.966s] Level 1:colcon.colcon_core.package_discovery:discover_packages(ignore) check parameters
[4.966s] Level 1:colcon.colcon_core.package_discovery:discover_packages(path) check parameters
[4.966s] Level 1:colcon.colcon_core.package_discovery:discover_packages(colcon_meta) discover
[4.966s] Level 1:colcon.colcon_core.package_discovery:discover_packages(recursive) discover
[4.967s] INFO:colcon.colcon_core.package_discovery:Crawling recursively for packages in '/home/rahul/pick_bot/pickbot_ws'
[4.967s] Level 1:colcon.colcon_core.package_identification:_identify(.) by extensions ['ignore', 'ignore_ament_install']
[4.967s] Level 1:colcon.colcon_core.package_identification:_identify(.) by extension 'ignore'
[4.967s] Level 1:colcon.colcon_core.package_identification:_identify(.) by extension 'ignore_ament_install'
[4.967s] Level 1:colcon.colcon_core.package_identification:_identify(.) by extensions ['colcon_pkg']
[4.967s] Level 1:colcon.colcon_core.package_identification:_identify(.) by extension 'colcon_pkg'
[4.968s] Level 1:colcon.colcon_core.package_identification:_identify(.) by extensions ['colcon_meta']
[4.968s] Level 1:colcon.colcon_core.package_identification:_identify(.) by extension 'colcon_meta'
[4.968s] Level 1:colcon.colcon_core.package_identification:_identify(.) by extensions ['ros']
[4.968s] Level 1:colcon.colcon_core.package_identification:_identify(.) by extension 'ros'
[4.993s] Level 1:colcon.colcon_core.package_identification:_identify(.) by extensions ['cmake', 'python']
[4.993s] Level 1:colcon.colcon_core.package_identification:_identify(.) by extension 'cmake'
[4.994s] Level 1:colcon.colcon_core.package_identification:_identify(.) by extension 'python'
[4.994s] Level 1:colcon.colcon_core.package_identification:_identify(.) by extensions ['python_setup_py']
[4.994s] Level 1:colcon.colcon_core.package_identification:_identify(.) by extension 'python_setup_py'
[4.994s] Level 1:colcon.colcon_core.package_identification:_identify(build) by extensions ['ignore', 'ignore_ament_install']
[4.994s] Level 1:colcon.colcon_core.package_identification:_identify(build) by extension 'ignore'
[4.994s] Level 1:colcon.colcon_core.package_identification:_identify(build) ignored
[4.995s] Level 1:colcon.colcon_core.package_identification:_identify(install) by extensions ['ignore', 'ignore_ament_install']
[4.995s] Level 1:colcon.colcon_core.package_identification:_identify(install) by extension 'ignore'
[4.995s] Level 1:colcon.colcon_core.package_identification:_identify(install) ignored
[4.995s] Level 1:colcon.colcon_core.package_identification:_identify(log) by extensions ['ignore', 'ignore_ament_install']
[4.995s] Level 1:colcon.colcon_core.package_identification:_identify(log) by extension 'ignore'
[4.995s] Level 1:colcon.colcon_core.package_identification:_identify(log) ignored
[4.996s] Level 1:colcon.colcon_core.package_identification:_identify(src) by extensions ['ignore', 'ignore_ament_install']
[4.996s] Level 1:colcon.colcon_core.package_identification:_identify(src) by extension 'ignore'
[4.996s] Level 1:colcon.colcon_core.package_identification:_identify(src) by extension 'ignore_ament_install'
[4.996s] Level 1:colcon.colcon_core.package_identification:_identify(src) by extensions ['colcon_pkg']
[4.996s] Level 1:colcon.colcon_core.package_identification:_identify(src) by extension 'colcon_pkg'
[4.996s] Level 1:colcon.colcon_core.package_identification:_identify(src) by extensions ['colcon_meta']
[4.996s] Level 1:colcon.colcon_core.package_identification:_identify(src) by extension 'colcon_meta'
[4.996s] Level 1:colcon.colcon_core.package_identification:_identify(src) by extensions ['ros']
[4.997s] Level 1:colcon.colcon_core.package_identification:_identify(src) by extension 'ros'
[4.997s] Level 1:colcon.colcon_core.package_identification:_identify(src) by extensions ['cmake', 'python']
[4.997s] Level 1:colcon.colcon_core.package_identification:_identify(src) by extension 'cmake'
[4.997s] Level 1:colcon.colcon_core.package_identification:_identify(src) by extension 'python'
[4.997s] Level 1:colcon.colcon_core.package_identification:_identify(src) by extensions ['python_setup_py']
[4.997s] Level 1:colcon.colcon_core.package_identification:_identify(src) by extension 'python_setup_py'
[4.997s] Level 1:colcon.colcon_core.package_identification:_identify(src/pick_bot_cpp_examples) by extensions ['ignore', 'ignore_ament_install']
[4.997s] Level 1:colcon.colcon_core.package_identification:_identify(src/pick_bot_cpp_examples) by extension 'ignore'
[4.998s] Level 1:colcon.colcon_core.package_identification:_identify(src/pick_bot_cpp_examples) by extension 'ignore_ament_install'
[4.998s] Level 1:colcon.colcon_core.package_identification:_identify(src/pick_bot_cpp_examples) by extensions ['colcon_pkg']
[4.998s] Level 1:colcon.colcon_core.package_identification:_identify(src/pick_bot_cpp_examples) by extension 'colcon_pkg'
[4.998s] Level 1:colcon.colcon_core.package_identification:_identify(src/pick_bot_cpp_examples) by extensions ['colcon_meta']
[4.998s] Level 1:colcon.colcon_core.package_identification:_identify(src/pick_bot_cpp_examples) by extension 'colcon_meta'
[4.998s] Level 1:colcon.colcon_core.package_identification:_identify(src/pick_bot_cpp_examples) by extensions ['ros']
[4.998s] Level 1:colcon.colcon_core.package_identification:_identify(src/pick_bot_cpp_examples) by extension 'ros'
[5.035s] DEBUG:colcon.colcon_core.package_identification:Package 'src/pick_bot_cpp_examples' with type 'ros.ament_cmake' and name 'pick_bot_cpp_examples'
[5.036s] Level 1:colcon.colcon_core.package_identification:_identify(src/pickbot_description) by extensions ['ignore', 'ignore_ament_install']
[5.036s] Level 1:colcon.colcon_core.package_identification:_identify(src/pickbot_description) by extension 'ignore'
[5.036s] Level 1:colcon.colcon_core.package_identification:_identify(src/pickbot_description) by extension 'ignore_ament_install'
[5.036s] Level 1:colcon.colcon_core.package_identification:_identify(src/pickbot_description) by extensions ['colcon_pkg']
[5.036s] Level 1:colcon.colcon_core.package_identification:_identify(src/pickbot_description) by extension 'colcon_pkg'
[5.036s] Level 1:colcon.colcon_core.package_identification:_identify(src/pickbot_description) by extensions ['colcon_meta']
[5.036s] Level 1:colcon.colcon_core.package_identification:_identify(src/pickbot_description) by extension 'colcon_meta'
[5.037s] Level 1:colcon.colcon_core.package_identification:_identify(src/pickbot_description) by extensions ['ros']
[5.037s] Level 1:colcon.colcon_core.package_identification:_identify(src/pickbot_description) by extension 'ros'
[5.038s] DEBUG:colcon.colcon_core.package_identification:Package 'src/pickbot_description' with type 'ros.ament_cmake' and name 'pickbot_description'
[5.038s] Level 1:colcon.colcon_core.package_discovery:discover_packages(recursive) using defaults
[5.038s] Level 1:colcon.colcon_core.package_discovery:discover_packages(ignore) discover
[5.038s] Level 1:colcon.colcon_core.package_discovery:discover_packages(ignore) using defaults
[5.038s] Level 1:colcon.colcon_core.package_discovery:discover_packages(path) discover
[5.038s] Level 1:colcon.colcon_core.package_discovery:discover_packages(path) using defaults
[5.271s] Level 1:colcon.colcon_core.package_discovery:discover_packages(prefix_path) check parameters
[5.271s] Level 1:colcon.colcon_core.package_discovery:discover_packages(prefix_path) discover
[5.278s] DEBUG:colcon.colcon_installed_package_information.package_discovery:Found 1 installed packages in /home/rahul/pick_bot/pickbot_ws/install
[5.283s] DEBUG:colcon.colcon_installed_package_information.package_discovery:Found 387 installed packages in /opt/ros/humble
[5.287s] Level 1:colcon.colcon_core.package_discovery:discover_packages(prefix_path) using defaults
[5.351s] Level 5:colcon.colcon_core.verb:set package 'pick_bot_cpp_examples' build argument 'cmake_args' from command line to 'None'
[5.351s] Level 5:colcon.colcon_core.verb:set package 'pick_bot_cpp_examples' build argument 'cmake_target' from command line to 'None'
[5.351s] Level 5:colcon.colcon_core.verb:set package 'pick_bot_cpp_examples' build argument 'cmake_target_skip_unavailable' from command line to 'False'
[5.351s] Level 5:colcon.colcon_core.verb:set package 'pick_bot_cpp_examples' build argument 'cmake_clean_cache' from command line to 'False'
[5.351s] Level 5:colcon.colcon_core.verb:set package 'pick_bot_cpp_examples' build argument 'cmake_clean_first' from command line to 'False'
[5.351s] Level 5:colcon.colcon_core.verb:set package 'pick_bot_cpp_examples' build argument 'cmake_force_configure' from command line to 'False'
[5.351s] Level 5:colcon.colcon_core.verb:set package 'pick_bot_cpp_examples' build argument 'ament_cmake_args' from command line to 'None'
[5.351s] Level 5:colcon.colcon_core.verb:set package 'pick_bot_cpp_examples' build argument 'catkin_cmake_args' from command line to 'None'
[5.351s] Level 5:colcon.colcon_core.verb:set package 'pick_bot_cpp_examples' build argument 'catkin_skip_building_tests' from command line to 'False'
[5.351s] DEBUG:colcon.colcon_core.verb:Building package 'pick_bot_cpp_examples' with the following arguments: {'ament_cmake_args': None, 'build_base': '/home/rahul/pick_bot/pickbot_ws/build/pick_bot_cpp_examples', 'catkin_cmake_args': None, 'catkin_skip_building_tests': False, 'cmake_args': None, 'cmake_clean_cache': False, 'cmake_clean_first': False, 'cmake_force_configure': False, 'cmake_target': None, 'cmake_target_skip_unavailable': False, 'install_base': '/home/rahul/pick_bot/pickbot_ws/install/pick_bot_cpp_examples', 'merge_install': False, 'path': '/home/rahul/pick_bot/pickbot_ws/src/pick_bot_cpp_examples', 'symlink_install': False, 'test_result_base': None}
[5.352s] Level 5:colcon.colcon_core.verb:set package 'pickbot_description' build argument 'cmake_args' from command line to 'None'
[5.352s] Level 5:colcon.colcon_core.verb:set package 'pickbot_description' build argument 'cmake_target' from command line to 'None'
[5.352s] Level 5:colcon.colcon_core.verb:set package 'pickbot_description' build argument 'cmake_target_skip_unavailable' from command line to 'False'
[5.352s] Level 5:colcon.colcon_core.verb:set package 'pickbot_description' build argument 'cmake_clean_cache' from command line to 'False'
[5.352s] Level 5:colcon.colcon_core.verb:set package 'pickbot_description' build argument 'cmake_clean_first' from command line to 'False'
[5.352s] Level 5:colcon.colcon_core.verb:set package 'pickbot_description' build argument 'cmake_force_configure' from command line to 'False'
[5.352s] Level 5:colcon.colcon_core.verb:set package 'pickbot_description' build argument 'ament_cmake_args' from command line to 'None'
[5.352s] Level 5:colcon.colcon_core.verb:set package 'pickbot_description' build argument 'catkin_cmake_args' from command line to 'None'
[5.352s] Level 5:colcon.colcon_core.verb:set package 'pickbot_description' build argument 'catkin_skip_building_tests' from command line to 'False'
[5.352s] DEBUG:colcon.colcon_core.verb:Building package 'pickbot_description' with the following arguments: {'ament_cmake_args': None, 'build_base': '/home/rahul/pick_bot/pickbot_ws/build/pickbot_description', 'catkin_cmake_args': None, 'catkin_skip_building_tests': False, 'cmake_args': None, 'cmake_clean_cache': False, 'cmake_clean_first': False, 'cmake_force_configure': False, 'cmake_target': None, 'cmake_target_skip_unavailable': False, 'install_base': '/home/rahul/pick_bot/pickbot_ws/install/pickbot_description', 'merge_install': False, 'path': '/home/rahul/pick_bot/pickbot_ws/src/pickbot_description', 'symlink_install': False, 'test_result_base': None}
[5.352s] INFO:colcon.colcon_core.executor:Executing jobs using 'parallel' executor
[5.353s] DEBUG:colcon.colcon_parallel_executor.executor.parallel:run_until_complete
[5.353s] INFO:colcon.colcon_ros.task.ament_cmake.build:Building ROS package in '/home/rahul/pick_bot/pickbot_ws/src/pick_bot_cpp_examples' with build type 'ament_cmake'
[5.353s] INFO:colcon.colcon_cmake.task.cmake.build:Building CMake package in '/home/rahul/pick_bot/pickbot_ws/src/pick_bot_cpp_examples'
[5.358s] INFO:colcon.colcon_core.plugin_system:Skipping extension 'colcon_core.shell.bat': Not used on non-Windows systems
[5.358s] INFO:colcon.colcon_core.shell:Skip shell extension 'powershell' for command environment: Not usable outside of PowerShell
[5.358s] DEBUG:colcon.colcon_core.shell:Skip shell extension 'dsv' for command environment
[5.373s] INFO:colcon.colcon_ros.task.ament_cmake.build:Building ROS package in '/home/rahul/pick_bot/pickbot_ws/src/pickbot_description' with build type 'ament_cmake'
[5.374s] INFO:colcon.colcon_cmake.task.cmake.build:Building CMake package in '/home/rahul/pick_bot/pickbot_ws/src/pickbot_description'
[5.374s] INFO:colcon.colcon_core.shell:Skip shell extension 'powershell' for command environment: Not usable outside of PowerShell
[5.374s] DEBUG:colcon.colcon_core.shell:Skip shell extension 'dsv' for command environment
[5.406s] DEBUG:colcon.colcon_core.event_handler.log_command:Invoking command in '/home/rahul/pick_bot/pickbot_ws/build/pick_bot_cpp_examples': CMAKE_PREFIX_PATH=${CMAKE_PREFIX_PATH}:/opt/ros/humble /usr/bin/cmake --build /home/rahul/pick_bot/pickbot_ws/build/pick_bot_cpp_examples -- -j12 -l12
[5.434s] DEBUG:colcon.colcon_core.event_handler.log_command:Invoking command in '/home/rahul/pick_bot/pickbot_ws/build/pickbot_description': CMAKE_PREFIX_PATH=${CMAKE_PREFIX_PATH}:/opt/ros/humble /usr/bin/cmake /home/rahul/pick_bot/pickbot_ws/src/pickbot_description -DCMAKE_INSTALL_PREFIX=/home/rahul/pick_bot/pickbot_ws/install/pickbot_description
[9.924s] DEBUG:colcon.colcon_core.event_handler.log_command:Invoked command in '/home/rahul/pick_bot/pickbot_ws/build/pick_bot_cpp_examples' returned '0': CMAKE_PREFIX_PATH=${CMAKE_PREFIX_PATH}:/opt/ros/humble /usr/bin/cmake --build /home/rahul/pick_bot/pickbot_ws/build/pick_bot_cpp_examples -- -j12 -l12
[9.972s] DEBUG:colcon.colcon_core.event_handler.log_command:Invoking command in '/home/rahul/pick_bot/pickbot_ws/build/pick_bot_cpp_examples': CMAKE_PREFIX_PATH=${CMAKE_PREFIX_PATH}:/opt/ros/humble /usr/bin/cmake --install /home/rahul/pick_bot/pickbot_ws/build/pick_bot_cpp_examples
[9.988s] Level 1:colcon.colcon_core.environment:create_environment_scripts_only(pick_bot_cpp_examples)
[9.990s] DEBUG:colcon.colcon_core.event_handler.log_command:Invoked command in '/home/rahul/pick_bot/pickbot_ws/build/pick_bot_cpp_examples' returned '0': CMAKE_PREFIX_PATH=${CMAKE_PREFIX_PATH}:/opt/ros/humble /usr/bin/cmake --install /home/rahul/pick_bot/pickbot_ws/build/pick_bot_cpp_examples
[10.055s] Level 1:colcon.colcon_core.environment:checking '/home/rahul/pick_bot/pickbot_ws/install/pick_bot_cpp_examples' for CMake module files
[10.056s] Level 1:colcon.colcon_core.environment:checking '/home/rahul/pick_bot/pickbot_ws/install/pick_bot_cpp_examples' for CMake config files
[10.057s] Level 1:colcon.colcon_core.shell:create_environment_hook('pick_bot_cpp_examples', 'cmake_prefix_path')
[10.058s] INFO:colcon.colcon_core.shell:Creating environment hook '/home/rahul/pick_bot/pickbot_ws/install/pick_bot_cpp_examples/share/pick_bot_cpp_examples/hook/cmake_prefix_path.ps1'
[10.069s] INFO:colcon.colcon_core.shell:Creating environment descriptor '/home/rahul/pick_bot/pickbot_ws/install/pick_bot_cpp_examples/share/pick_bot_cpp_examples/hook/cmake_prefix_path.dsv'
[10.079s] INFO:colcon.colcon_core.shell:Creating environment hook '/home/rahul/pick_bot/pickbot_ws/install/pick_bot_cpp_examples/share/pick_bot_cpp_examples/hook/cmake_prefix_path.sh'
[10.080s] Level 1:colcon.colcon_core.environment:checking '/home/rahul/pick_bot/pickbot_ws/install/pick_bot_cpp_examples/bin'
[10.080s] Level 1:colcon.colcon_core.environment:checking '/home/rahul/pick_bot/pickbot_ws/install/pick_bot_cpp_examples/lib/pkgconfig/pick_bot_cpp_examples.pc'
[10.080s] Level 1:colcon.colcon_core.environment:checking '/home/rahul/pick_bot/pickbot_ws/install/pick_bot_cpp_examples/lib/python3.10/site-packages'
[10.081s] Level 1:colcon.colcon_core.environment:checking '/home/rahul/pick_bot/pickbot_ws/install/pick_bot_cpp_examples/bin'
[10.081s] INFO:colcon.colcon_core.shell:Creating package script '/home/rahul/pick_bot/pickbot_ws/install/pick_bot_cpp_examples/share/pick_bot_cpp_examples/package.ps1'
[10.082s] INFO:colcon.colcon_core.shell:Creating package descriptor '/home/rahul/pick_bot/pickbot_ws/install/pick_bot_cpp_examples/share/pick_bot_cpp_examples/package.dsv'
[10.083s] INFO:colcon.colcon_core.shell:Creating package script '/home/rahul/pick_bot/pickbot_ws/install/pick_bot_cpp_examples/share/pick_bot_cpp_examples/package.sh'
[10.085s] INFO:colcon.colcon_core.shell:Creating package script '/home/rahul/pick_bot/pickbot_ws/install/pick_bot_cpp_examples/share/pick_bot_cpp_examples/package.bash'
[10.089s] INFO:colcon.colcon_core.shell:Creating package script '/home/rahul/pick_bot/pickbot_ws/install/pick_bot_cpp_examples/share/pick_bot_cpp_examples/package.zsh'
[10.101s] Level 1:colcon.colcon_core.environment:create_file_with_runtime_dependencies(/home/rahul/pick_bot/pickbot_ws/install/pick_bot_cpp_examples/share/colcon-core/packages/pick_bot_cpp_examples)
[10.131s] Level 1:colcon.colcon_core.environment:create_environment_scripts_only(pick_bot_cpp_examples)
[10.132s] Level 1:colcon.colcon_core.environment:checking '/home/rahul/pick_bot/pickbot_ws/install/pick_bot_cpp_examples' for CMake module files
[10.132s] Level 1:colcon.colcon_core.environment:checking '/home/rahul/pick_bot/pickbot_ws/install/pick_bot_cpp_examples' for CMake config files
[10.133s] Level 1:colcon.colcon_core.shell:create_environment_hook('pick_bot_cpp_examples', 'cmake_prefix_path')
[10.133s] INFO:colcon.colcon_core.shell:Creating environment hook '/home/rahul/pick_bot/pickbot_ws/install/pick_bot_cpp_examples/share/pick_bot_cpp_examples/hook/cmake_prefix_path.ps1'
[10.133s] INFO:colcon.colcon_core.shell:Creating environment descriptor '/home/rahul/pick_bot/pickbot_ws/install/pick_bot_cpp_examples/share/pick_bot_cpp_examples/hook/cmake_prefix_path.dsv'
[10.134s] INFO:colcon.colcon_core.shell:Creating environment hook '/home/rahul/pick_bot/pickbot_ws/install/pick_bot_cpp_examples/share/pick_bot_cpp_examples/hook/cmake_prefix_path.sh'
[10.134s] Level 1:colcon.colcon_core.environment:checking '/home/rahul/pick_bot/pickbot_ws/install/pick_bot_cpp_examples/bin'
[10.134s] Level 1:colcon.colcon_core.environment:checking '/home/rahul/pick_bot/pickbot_ws/install/pick_bot_cpp_examples/lib/pkgconfig/pick_bot_cpp_examples.pc'
[10.134s] Level 1:colcon.colcon_core.environment:checking '/home/rahul/pick_bot/pickbot_ws/install/pick_bot_cpp_examples/lib/python3.10/site-packages'
[10.135s] Level 1:colcon.colcon_core.environment:checking '/home/rahul/pick_bot/pickbot_ws/install/pick_bot_cpp_examples/bin'
[10.135s] INFO:colcon.colcon_core.shell:Creating package script '/home/rahul/pick_bot/pickbot_ws/install/pick_bot_cpp_examples/share/pick_bot_cpp_examples/package.ps1'
[10.135s] INFO:colcon.colcon_core.shell:Creating package descriptor '/home/rahul/pick_bot/pickbot_ws/install/pick_bot_cpp_examples/share/pick_bot_cpp_examples/package.dsv'
[10.136s] INFO:colcon.colcon_core.shell:Creating package script '/home/rahul/pick_bot/pickbot_ws/install/pick_bot_cpp_examples/share/pick_bot_cpp_examples/package.sh'
[10.136s] INFO:colcon.colcon_core.shell:Creating package script '/home/rahul/pick_bot/pickbot_ws/install/pick_bot_cpp_examples/share/pick_bot_cpp_examples/package.bash'
[10.137s] INFO:colcon.colcon_core.shell:Creating package script '/home/rahul/pick_bot/pickbot_ws/install/pick_bot_cpp_examples/share/pick_bot_cpp_examples/package.zsh'
[10.137s] Level 1:colcon.colcon_core.environment:create_file_with_runtime_dependencies(/home/rahul/pick_bot/pickbot_ws/install/pick_bot_cpp_examples/share/colcon-core/packages/pick_bot_cpp_examples)
[10.259s] DEBUG:colcon.colcon_core.event_handler.log_command:Invoked command in '/home/rahul/pick_bot/pickbot_ws/build/pickbot_description' returned '0': CMAKE_PREFIX_PATH=${CMAKE_PREFIX_PATH}:/opt/ros/humble /usr/bin/cmake /home/rahul/pick_bot/pickbot_ws/src/pickbot_description -DCMAKE_INSTALL_PREFIX=/home/rahul/pick_bot/pickbot_ws/install/pickbot_description
[10.261s] DEBUG:colcon.colcon_core.event_handler.log_command:Invoking command in '/home/rahul/pick_bot/pickbot_ws/build/pickbot_description': CMAKE_PREFIX_PATH=${CMAKE_PREFIX_PATH}:/opt/ros/humble /usr/bin/cmake --build /home/rahul/pick_bot/pickbot_ws/build/pickbot_description -- -j12 -l12
[10.316s] DEBUG:colcon.colcon_core.event_handler.log_command:Invoked command in '/home/rahul/pick_bot/pickbot_ws/build/pickbot_description' returned '0': CMAKE_PREFIX_PATH=${CMAKE_PREFIX_PATH}:/opt/ros/humble /usr/bin/cmake --build /home/rahul/pick_bot/pickbot_ws/build/pickbot_description -- -j12 -l12
[10.357s] DEBUG:colcon.colcon_core.event_handler.log_command:Invoking command in '/home/rahul/pick_bot/pickbot_ws/build/pickbot_description': CMAKE_PREFIX_PATH=${CMAKE_PREFIX_PATH}:/opt/ros/humble /usr/bin/cmake --install /home/rahul/pick_bot/pickbot_ws/build/pickbot_description
[10.372s] Level 1:colcon.colcon_core.environment:create_environment_scripts_only(pickbot_description)
[10.373s] Level 1:colcon.colcon_core.environment:checking '/home/rahul/pick_bot/pickbot_ws/install/pickbot_description' for CMake module files
[10.374s] DEBUG:colcon.colcon_core.event_handler.log_command:Invoked command in '/home/rahul/pick_bot/pickbot_ws/build/pickbot_description' returned '0': CMAKE_PREFIX_PATH=${CMAKE_PREFIX_PATH}:/opt/ros/humble /usr/bin/cmake --install /home/rahul/pick_bot/pickbot_ws/build/pickbot_description
[10.375s] Level 1:colcon.colcon_core.environment:checking '/home/rahul/pick_bot/pickbot_ws/install/pickbot_description' for CMake config files
[10.376s] Level 1:colcon.colcon_core.shell:create_environment_hook('pickbot_description', 'cmake_prefix_path')
[10.376s] INFO:colcon.colcon_core.shell:Creating environment hook '/home/rahul/pick_bot/pickbot_ws/install/pickbot_description/share/pickbot_description/hook/cmake_prefix_path.ps1'
[10.377s] INFO:colcon.colcon_core.shell:Creating environment descriptor '/home/rahul/pick_bot/pickbot_ws/install/pickbot_description/share/pickbot_description/hook/cmake_prefix_path.dsv'
[10.378s] INFO:colcon.colcon_core.shell:Creating environment hook '/home/rahul/pick_bot/pickbot_ws/install/pickbot_description/share/pickbot_description/hook/cmake_prefix_path.sh'
[10.379s] Level 1:colcon.colcon_core.environment:checking '/home/rahul/pick_bot/pickbot_ws/install/pickbot_description/bin'
[10.379s] Level 1:colcon.colcon_core.environment:checking '/home/rahul/pick_bot/pickbot_ws/install/pickbot_description/lib/pkgconfig/pickbot_description.pc'
[10.379s] Level 1:colcon.colcon_core.environment:checking '/home/rahul/pick_bot/pickbot_ws/install/pickbot_description/lib/python3.10/site-packages'
[10.380s] Level 1:colcon.colcon_core.environment:checking '/home/rahul/pick_bot/pickbot_ws/install/pickbot_description/bin'
[10.381s] INFO:colcon.colcon_core.shell:Creating package script '/home/rahul/pick_bot/pickbot_ws/install/pickbot_description/share/pickbot_description/package.ps1'
[10.382s] INFO:colcon.colcon_core.shell:Creating package descriptor '/home/rahul/pick_bot/pickbot_ws/install/pickbot_description/share/pickbot_description/package.dsv'
[10.383s] INFO:colcon.colcon_core.shell:Creating package script '/home/rahul/pick_bot/pickbot_ws/install/pickbot_description/share/pickbot_description/package.sh'
[10.384s] INFO:colcon.colcon_core.shell:Creating package script '/home/rahul/pick_bot/pickbot_ws/install/pickbot_description/share/pickbot_description/package.bash'
[10.385s] INFO:colcon.colcon_core.shell:Creating package script '/home/rahul/pick_bot/pickbot_ws/install/pickbot_description/share/pickbot_description/package.zsh'
[10.385s] Level 1:colcon.colcon_core.environment:create_file_with_runtime_dependencies(/home/rahul/pick_bot/pickbot_ws/install/pickbot_description/share/colcon-core/packages/pickbot_description)
[10.419s] Level 1:colcon.colcon_core.environment:create_environment_scripts_only(pickbot_description)
[10.420s] Level 1:colcon.colcon_core.environment:checking '/home/rahul/pick_bot/pickbot_ws/install/pickbot_description' for CMake module files
[10.420s] Level 1:colcon.colcon_core.environment:checking '/home/rahul/pick_bot/pickbot_ws/install/pickbot_description' for CMake config files
[10.421s] Level 1:colcon.colcon_core.shell:create_environment_hook('pickbot_description', 'cmake_prefix_path')
[10.421s] INFO:colcon.colcon_core.shell:Creating environment hook '/home/rahul/pick_bot/pickbot_ws/install/pickbot_description/share/pickbot_description/hook/cmake_prefix_path.ps1'
[10.422s] INFO:colcon.colcon_core.shell:Creating environment descriptor '/home/rahul/pick_bot/pickbot_ws/install/pickbot_description/share/pickbot_description/hook/cmake_prefix_path.dsv'
[10.426s] INFO:colcon.colcon_core.shell:Creating environment hook '/home/rahul/pick_bot/pickbot_ws/install/pickbot_description/share/pickbot_description/hook/cmake_prefix_path.sh'
[10.515s] Level 1:colcon.colcon_core.environment:checking '/home/rahul/pick_bot/pickbot_ws/install/pickbot_description/bin'
[10.516s] Level 1:colcon.colcon_core.environment:checking '/home/rahul/pick_bot/pickbot_ws/install/pickbot_description/lib/pkgconfig/pickbot_description.pc'
[10.517s] Level 1:colcon.colcon_core.environment:checking '/home/rahul/pick_bot/pickbot_ws/install/pickbot_description/lib/python3.10/site-packages'
[10.517s] Level 1:colcon.colcon_core.environment:checking '/home/rahul/pick_bot/pickbot_ws/install/pickbot_description/bin'
[10.518s] INFO:colcon.colcon_core.shell:Creating package script '/home/rahul/pick_bot/pickbot_ws/install/pickbot_description/share/pickbot_description/package.ps1'
[10.520s] INFO:colcon.colcon_core.shell:Creating package descriptor '/home/rahul/pick_bot/pickbot_ws/install/pickbot_description/share/pickbot_description/package.dsv'
[10.521s] INFO:colcon.colcon_core.shell:Creating package script '/home/rahul/pick_bot/pickbot_ws/install/pickbot_description/share/pickbot_description/package.sh'
[10.522s] INFO:colcon.colcon_core.shell:Creating package script '/home/rahul/pick_bot/pickbot_ws/install/pickbot_description/share/pickbot_description/package.bash'
[10.523s] INFO:colcon.colcon_core.shell:Creating package script '/home/rahul/pick_bot/pickbot_ws/install/pickbot_description/share/pickbot_description/package.zsh'
[10.524s] Level 1:colcon.colcon_core.environment:create_file_with_runtime_dependencies(/home/rahul/pick_bot/pickbot_ws/install/pickbot_description/share/colcon-core/packages/pickbot_description)
[10.525s] DEBUG:colcon.colcon_parallel_executor.executor.parallel:closing loop
[10.525s] DEBUG:colcon.colcon_parallel_executor.executor.parallel:loop closed
[10.526s] DEBUG:colcon.colcon_parallel_executor.executor.parallel:run_until_complete finished with '0'
[10.526s] DEBUG:colcon.colcon_core.event_reactor:joining thread
[10.565s] INFO:colcon.colcon_core.plugin_system:Skipping extension 'colcon_notification.desktop_notification.terminal_notifier': Not used on non-Darwin systems
[10.565s] INFO:colcon.colcon_core.plugin_system:Skipping extension 'colcon_notification.desktop_notification.win32': Not used on non-Windows systems
[10.565s] INFO:colcon.colcon_notification.desktop_notification:Sending desktop notification using 'notify2'
[10.597s] DEBUG:colcon.colcon_core.event_reactor:joined thread
[10.598s] INFO:colcon.colcon_core.shell:Creating prefix script '/home/rahul/pick_bot/pickbot_ws/install/local_setup.ps1'
[10.601s] INFO:colcon.colcon_core.shell:Creating prefix util module '/home/rahul/pick_bot/pickbot_ws/install/_local_setup_util_ps1.py'
[10.605s] INFO:colcon.colcon_core.shell:Creating prefix chain script '/home/rahul/pick_bot/pickbot_ws/install/setup.ps1'
[10.608s] INFO:colcon.colcon_core.shell:Creating prefix script '/home/rahul/pick_bot/pickbot_ws/install/local_setup.sh'
[10.610s] INFO:colcon.colcon_core.shell:Creating prefix util module '/home/rahul/pick_bot/pickbot_ws/install/_local_setup_util_sh.py'
[10.611s] INFO:colcon.colcon_core.shell:Creating prefix chain script '/home/rahul/pick_bot/pickbot_ws/install/setup.sh'
[10.613s] INFO:colcon.colcon_core.shell:Creating prefix script '/home/rahul/pick_bot/pickbot_ws/install/local_setup.bash'
[10.615s] INFO:colcon.colcon_core.shell:Creating prefix chain script '/home/rahul/pick_bot/pickbot_ws/install/setup.bash'
[10.617s] INFO:colcon.colcon_core.shell:Creating prefix script '/home/rahul/pick_bot/pickbot_ws/install/local_setup.zsh'
[10.618s] INFO:colcon.colcon_core.shell:Creating prefix chain script '/home/rahul/pick_bot/pickbot_ws/install/setup.zsh'
