[0.045s] Invoking command in '/home/rahul/pick_bot/pickbot_ws/build/pickbot_controller': CMAKE_PREFIX_PATH=${CMAKE_PREFIX_PATH}:/opt/ros/humble /usr/bin/cmake --build /home/rahul/pick_bot/pickbot_ws/build/pickbot_controller -- -j12 -l12
[0.352s] -- Found ament_cmake: 1.3.10 (/opt/ros/humble/share/ament_cmake/cmake)
[0.829s] -- Found ament_lint_auto: 0.12.11 (/opt/ros/humble/share/ament_lint_auto/cmake)
[1.055s] -- Added test 'flake8' to check Python code syntax and style conventions
[1.057s] -- Added test 'lint_cmake' to check CMake code style
[1.058s] -- Added test 'pep257' to check Python code against some of the docstring style conventions in PEP 257
[1.077s] -- Added test 'xmllint' to check XML markup files
[1.080s] -- Configuring done
[1.107s] -- Generating done
[1.115s] -- Build files have been written to: /home/rahul/pick_bot/pickbot_ws/build/pickbot_controller
[1.164s] Invoked command in '/home/rahul/pick_bot/pickbot_ws/build/pickbot_controller' returned '0': CMAKE_PREFIX_PATH=${CMAKE_PREFIX_PATH}:/opt/ros/humble /usr/bin/cmake --build /home/rahul/pick_bot/pickbot_ws/build/pickbot_controller -- -j12 -l12
[1.167s] Invoking command in '/home/rahul/pick_bot/pickbot_ws/build/pickbot_controller': CMAKE_PREFIX_PATH=${CMAKE_PREFIX_PATH}:/opt/ros/humble /usr/bin/cmake --install /home/rahul/pick_bot/pickbot_ws/build/pickbot_controller
[1.177s] -- Install configuration: ""
[1.177s] -- Up-to-date: /home/rahul/pick_bot/pickbot_ws/install/pickbot_controller/share/pickbot_controller/config
[1.177s] -- Up-to-date: /home/rahul/pick_bot/pickbot_ws/install/pickbot_controller/share/pickbot_controller/config/pickbot_controllers.yaml
[1.177s] -- Installing: /home/rahul/pick_bot/pickbot_ws/install/pickbot_controller/share/pickbot_controller/launch
[1.177s] -- Installing: /home/rahul/pick_bot/pickbot_ws/install/pickbot_controller/share/pickbot_controller/launch/controller.launch.py
[1.178s] -- Installing: /home/rahul/pick_bot/pickbot_ws/install/pickbot_controller/share/ament_index/resource_index/package_run_dependencies/pickbot_controller
[1.178s] -- Up-to-date: /home/rahul/pick_bot/pickbot_ws/install/pickbot_controller/share/ament_index/resource_index/parent_prefix_path/pickbot_controller
[1.178s] -- Up-to-date: /home/rahul/pick_bot/pickbot_ws/install/pickbot_controller/share/pickbot_controller/environment/ament_prefix_path.sh
[1.178s] -- Installing: /home/rahul/pick_bot/pickbot_ws/install/pickbot_controller/share/pickbot_controller/environment/ament_prefix_path.dsv
[1.178s] -- Up-to-date: /home/rahul/pick_bot/pickbot_ws/install/pickbot_controller/share/pickbot_controller/environment/path.sh
[1.178s] -- Installing: /home/rahul/pick_bot/pickbot_ws/install/pickbot_controller/share/pickbot_controller/environment/path.dsv
[1.178s] -- Up-to-date: /home/rahul/pick_bot/pickbot_ws/install/pickbot_controller/share/pickbot_controller/local_setup.bash
[1.178s] -- Up-to-date: /home/rahul/pick_bot/pickbot_ws/install/pickbot_controller/share/pickbot_controller/local_setup.sh
[1.178s] -- Up-to-date: /home/rahul/pick_bot/pickbot_ws/install/pickbot_controller/share/pickbot_controller/local_setup.zsh
[1.179s] -- Installing: /home/rahul/pick_bot/pickbot_ws/install/pickbot_controller/share/pickbot_controller/local_setup.dsv
[1.179s] -- Installing: /home/rahul/pick_bot/pickbot_ws/install/pickbot_controller/share/pickbot_controller/package.dsv
[1.179s] -- Up-to-date: /home/rahul/pick_bot/pickbot_ws/install/pickbot_controller/share/ament_index/resource_index/packages/pickbot_controller
[1.179s] -- Up-to-date: /home/rahul/pick_bot/pickbot_ws/install/pickbot_controller/share/pickbot_controller/cmake/pickbot_controllerConfig.cmake
[1.179s] -- Up-to-date: /home/rahul/pick_bot/pickbot_ws/install/pickbot_controller/share/pickbot_controller/cmake/pickbot_controllerConfig-version.cmake
[1.179s] -- Installing: /home/rahul/pick_bot/pickbot_ws/install/pickbot_controller/share/pickbot_controller/package.xml
[1.189s] Invoked command in '/home/rahul/pick_bot/pickbot_ws/build/pickbot_controller' returned '0': CMAKE_PREFIX_PATH=${CMAKE_PREFIX_PATH}:/opt/ros/humble /usr/bin/cmake --install /home/rahul/pick_bot/pickbot_ws/build/pickbot_controller
