[0.033s] Invoking command in '/home/rahul/pick_bot/pickbot_ws/build/pickbot_msgs': CMAKE_PREFIX_PATH=${CMAKE_PREFIX_PATH}:/opt/ros/humble /usr/bin/cmake --build /home/rahul/pick_bot/pickbot_ws/build/pickbot_msgs -- -j12 -l12
[0.159s] [ 10%] Built target pickbot_msgs__rosidl_generator_c
[0.172s] [ 12%] Built target pickbot_msgs__cpp
[0.195s] [ 12%] Built target ament_cmake_python_copy_pickbot_msgs
[0.268s] [ 23%] Built target pickbot_msgs__rosidl_typesupport_cpp
[0.283s] [ 34%] Built target pickbot_msgs__rosidl_typesupport_c
[0.290s] [ 50%] Built target pickbot_msgs__rosidl_typesupport_introspection_c
[0.293s] [ 56%] Built target pickbot_msgs__rosidl_typesupport_introspection_cpp
[0.294s] [ 67%] Built target pickbot_msgs__rosidl_typesupport_fastrtps_c
[0.300s] [ 78%] Built target pickbot_msgs__rosidl_typesupport_fastrtps_cpp
[0.371s] [ 78%] Built target pickbot_msgs
[0.423s] [ 80%] Built target pickbot_msgs__py
[0.478s] [ 89%] Built target pickbot_msgs__rosidl_generator_py
[0.535s] [ 96%] Built target pickbot_msgs__rosidl_typesupport_c__pyext
[0.535s] [ 96%] Built target pickbot_msgs__rosidl_typesupport_fastrtps_c__pyext
[0.541s] [100%] Built target pickbot_msgs__rosidl_typesupport_introspection_c__pyext
[0.692s] running egg_info
[0.693s] writing pickbot_msgs.egg-info/PKG-INFO
[0.693s] writing dependency_links to pickbot_msgs.egg-info/dependency_links.txt
[0.694s] writing top-level names to pickbot_msgs.egg-info/top_level.txt
[0.697s] reading manifest file 'pickbot_msgs.egg-info/SOURCES.txt'
[0.697s] writing manifest file 'pickbot_msgs.egg-info/SOURCES.txt'
[0.780s] [100%] Built target ament_cmake_python_build_pickbot_msgs_egg
[0.816s] Invoked command in '/home/rahul/pick_bot/pickbot_ws/build/pickbot_msgs' returned '0': CMAKE_PREFIX_PATH=${CMAKE_PREFIX_PATH}:/opt/ros/humble /usr/bin/cmake --build /home/rahul/pick_bot/pickbot_ws/build/pickbot_msgs -- -j12 -l12
[0.819s] Invoking command in '/home/rahul/pick_bot/pickbot_ws/build/pickbot_msgs': CMAKE_PREFIX_PATH=${CMAKE_PREFIX_PATH}:/opt/ros/humble /usr/bin/cmake --install /home/rahul/pick_bot/pickbot_ws/build/pickbot_msgs
[0.830s] -- Install configuration: ""
[0.830s] -- Up-to-date: /home/rahul/pick_bot/pickbot_ws/install/pickbot_msgs/share/ament_index/resource_index/rosidl_interfaces/pickbot_msgs
[0.830s] -- Up-to-date: /home/rahul/pick_bot/pickbot_ws/install/pickbot_msgs/include/pickbot_msgs/pickbot_msgs
[0.830s] -- Up-to-date: /home/rahul/pick_bot/pickbot_ws/install/pickbot_msgs/include/pickbot_msgs/pickbot_msgs/msg
[0.830s] -- Up-to-date: /home/rahul/pick_bot/pickbot_ws/install/pickbot_msgs/include/pickbot_msgs/pickbot_msgs/msg/rosidl_generator_c__visibility_control.h
[0.830s] -- Up-to-date: /home/rahul/pick_bot/pickbot_ws/install/pickbot_msgs/include/pickbot_msgs/pickbot_msgs/action
[0.831s] -- Up-to-date: /home/rahul/pick_bot/pickbot_ws/install/pickbot_msgs/include/pickbot_msgs/pickbot_msgs/action/detail
[0.831s] -- Up-to-date: /home/rahul/pick_bot/pickbot_ws/install/pickbot_msgs/include/pickbot_msgs/pickbot_msgs/action/detail/fibonacci__functions.c
[0.831s] -- Up-to-date: /home/rahul/pick_bot/pickbot_ws/install/pickbot_msgs/include/pickbot_msgs/pickbot_msgs/action/detail/fibonacci__type_support.h
[0.831s] -- Up-to-date: /home/rahul/pick_bot/pickbot_ws/install/pickbot_msgs/include/pickbot_msgs/pickbot_msgs/action/detail/fibonacci__struct.h
[0.831s] -- Up-to-date: /home/rahul/pick_bot/pickbot_ws/install/pickbot_msgs/include/pickbot_msgs/pickbot_msgs/action/detail/fibonacci__functions.h
[0.831s] -- Up-to-date: /home/rahul/pick_bot/pickbot_ws/install/pickbot_msgs/include/pickbot_msgs/pickbot_msgs/action/fibonacci.h
[0.831s] -- Up-to-date: /home/rahul/pick_bot/pickbot_ws/install/pickbot_msgs/include/pickbot_msgs/pickbot_msgs/srv
[0.831s] -- Up-to-date: /home/rahul/pick_bot/pickbot_ws/install/pickbot_msgs/include/pickbot_msgs/pickbot_msgs/srv/detail
[0.831s] -- Up-to-date: /home/rahul/pick_bot/pickbot_ws/install/pickbot_msgs/include/pickbot_msgs/pickbot_msgs/srv/detail/add_two_ints__type_support.h
[0.831s] -- Up-to-date: /home/rahul/pick_bot/pickbot_ws/install/pickbot_msgs/include/pickbot_msgs/pickbot_msgs/srv/detail/euler_to_quaternion__type_support.h
[0.832s] -- Up-to-date: /home/rahul/pick_bot/pickbot_ws/install/pickbot_msgs/include/pickbot_msgs/pickbot_msgs/srv/detail/add_two_ints__struct.h
[0.832s] -- Up-to-date: /home/rahul/pick_bot/pickbot_ws/install/pickbot_msgs/include/pickbot_msgs/pickbot_msgs/srv/detail/quaternion_to_euler__struct.h
[0.832s] -- Up-to-date: /home/rahul/pick_bot/pickbot_ws/install/pickbot_msgs/include/pickbot_msgs/pickbot_msgs/srv/detail/add_two_ints__functions.h
[0.832s] -- Up-to-date: /home/rahul/pick_bot/pickbot_ws/install/pickbot_msgs/include/pickbot_msgs/pickbot_msgs/srv/detail/quaternion_to_euler__functions.h
[0.832s] -- Up-to-date: /home/rahul/pick_bot/pickbot_ws/install/pickbot_msgs/include/pickbot_msgs/pickbot_msgs/srv/detail/quaternion_to_euler__functions.c
[0.832s] -- Up-to-date: /home/rahul/pick_bot/pickbot_ws/install/pickbot_msgs/include/pickbot_msgs/pickbot_msgs/srv/detail/euler_to_quaternion__functions.h
[0.832s] -- Up-to-date: /home/rahul/pick_bot/pickbot_ws/install/pickbot_msgs/include/pickbot_msgs/pickbot_msgs/srv/detail/euler_to_quaternion__functions.c
[0.832s] -- Up-to-date: /home/rahul/pick_bot/pickbot_ws/install/pickbot_msgs/include/pickbot_msgs/pickbot_msgs/srv/detail/euler_to_quaternion__struct.h
[0.832s] -- Up-to-date: /home/rahul/pick_bot/pickbot_ws/install/pickbot_msgs/include/pickbot_msgs/pickbot_msgs/srv/detail/quaternion_to_euler__type_support.h
[0.832s] -- Up-to-date: /home/rahul/pick_bot/pickbot_ws/install/pickbot_msgs/include/pickbot_msgs/pickbot_msgs/srv/detail/add_two_ints__functions.c
[0.832s] -- Up-to-date: /home/rahul/pick_bot/pickbot_ws/install/pickbot_msgs/include/pickbot_msgs/pickbot_msgs/srv/euler_to_quaternion.h
[0.832s] -- Up-to-date: /home/rahul/pick_bot/pickbot_ws/install/pickbot_msgs/include/pickbot_msgs/pickbot_msgs/srv/add_two_ints.h
[0.832s] -- Up-to-date: /home/rahul/pick_bot/pickbot_ws/install/pickbot_msgs/include/pickbot_msgs/pickbot_msgs/srv/quaternion_to_euler.h
[0.832s] -- Up-to-date: /home/rahul/pick_bot/pickbot_ws/install/pickbot_msgs/share/pickbot_msgs/environment/library_path.sh
[0.832s] -- Up-to-date: /home/rahul/pick_bot/pickbot_ws/install/pickbot_msgs/share/pickbot_msgs/environment/library_path.dsv
[0.833s] -- Up-to-date: /home/rahul/pick_bot/pickbot_ws/install/pickbot_msgs/lib/libpickbot_msgs__rosidl_generator_c.so
[0.833s] -- Up-to-date: /home/rahul/pick_bot/pickbot_ws/install/pickbot_msgs/include/pickbot_msgs/pickbot_msgs
[0.833s] -- Up-to-date: /home/rahul/pick_bot/pickbot_ws/install/pickbot_msgs/include/pickbot_msgs/pickbot_msgs/msg
[0.833s] -- Up-to-date: /home/rahul/pick_bot/pickbot_ws/install/pickbot_msgs/include/pickbot_msgs/pickbot_msgs/msg/rosidl_typesupport_fastrtps_c__visibility_control.h
[0.833s] -- Up-to-date: /home/rahul/pick_bot/pickbot_ws/install/pickbot_msgs/include/pickbot_msgs/pickbot_msgs/action
[0.833s] -- Up-to-date: /home/rahul/pick_bot/pickbot_ws/install/pickbot_msgs/include/pickbot_msgs/pickbot_msgs/action/detail
[0.833s] -- Up-to-date: /home/rahul/pick_bot/pickbot_ws/install/pickbot_msgs/include/pickbot_msgs/pickbot_msgs/action/detail/fibonacci__rosidl_typesupport_fastrtps_c.h
[0.833s] -- Up-to-date: /home/rahul/pick_bot/pickbot_ws/install/pickbot_msgs/include/pickbot_msgs/pickbot_msgs/srv
[0.833s] -- Up-to-date: /home/rahul/pick_bot/pickbot_ws/install/pickbot_msgs/include/pickbot_msgs/pickbot_msgs/srv/detail
[0.833s] -- Up-to-date: /home/rahul/pick_bot/pickbot_ws/install/pickbot_msgs/include/pickbot_msgs/pickbot_msgs/srv/detail/quaternion_to_euler__rosidl_typesupport_fastrtps_c.h
[0.833s] -- Up-to-date: /home/rahul/pick_bot/pickbot_ws/install/pickbot_msgs/include/pickbot_msgs/pickbot_msgs/srv/detail/add_two_ints__rosidl_typesupport_fastrtps_c.h
[0.833s] -- Up-to-date: /home/rahul/pick_bot/pickbot_ws/install/pickbot_msgs/include/pickbot_msgs/pickbot_msgs/srv/detail/euler_to_quaternion__rosidl_typesupport_fastrtps_c.h
[0.833s] -- Up-to-date: /home/rahul/pick_bot/pickbot_ws/install/pickbot_msgs/lib/libpickbot_msgs__rosidl_typesupport_fastrtps_c.so
[0.836s] -- Up-to-date: /home/rahul/pick_bot/pickbot_ws/install/pickbot_msgs/include/pickbot_msgs/pickbot_msgs
[0.837s] -- Up-to-date: /home/rahul/pick_bot/pickbot_ws/install/pickbot_msgs/include/pickbot_msgs/pickbot_msgs/msg
[0.837s] -- Up-to-date: /home/rahul/pick_bot/pickbot_ws/install/pickbot_msgs/include/pickbot_msgs/pickbot_msgs/msg/rosidl_generator_cpp__visibility_control.hpp
[0.837s] -- Up-to-date: /home/rahul/pick_bot/pickbot_ws/install/pickbot_msgs/include/pickbot_msgs/pickbot_msgs/action
[0.837s] -- Up-to-date: /home/rahul/pick_bot/pickbot_ws/install/pickbot_msgs/include/pickbot_msgs/pickbot_msgs/action/detail
[0.837s] -- Up-to-date: /home/rahul/pick_bot/pickbot_ws/install/pickbot_msgs/include/pickbot_msgs/pickbot_msgs/action/detail/fibonacci__builder.hpp
[0.837s] -- Up-to-date: /home/rahul/pick_bot/pickbot_ws/install/pickbot_msgs/include/pickbot_msgs/pickbot_msgs/action/detail/fibonacci__struct.hpp
[0.837s] -- Up-to-date: /home/rahul/pick_bot/pickbot_ws/install/pickbot_msgs/include/pickbot_msgs/pickbot_msgs/action/detail/fibonacci__type_support.hpp
[0.837s] -- Up-to-date: /home/rahul/pick_bot/pickbot_ws/install/pickbot_msgs/include/pickbot_msgs/pickbot_msgs/action/detail/fibonacci__traits.hpp
[0.837s] -- Up-to-date: /home/rahul/pick_bot/pickbot_ws/install/pickbot_msgs/include/pickbot_msgs/pickbot_msgs/action/fibonacci.hpp
[0.838s] -- Up-to-date: /home/rahul/pick_bot/pickbot_ws/install/pickbot_msgs/include/pickbot_msgs/pickbot_msgs/srv
[0.838s] -- Up-to-date: /home/rahul/pick_bot/pickbot_ws/install/pickbot_msgs/include/pickbot_msgs/pickbot_msgs/srv/detail
[0.838s] -- Up-to-date: /home/rahul/pick_bot/pickbot_ws/install/pickbot_msgs/include/pickbot_msgs/pickbot_msgs/srv/detail/quaternion_to_euler__traits.hpp
[0.838s] -- Up-to-date: /home/rahul/pick_bot/pickbot_ws/install/pickbot_msgs/include/pickbot_msgs/pickbot_msgs/srv/detail/add_two_ints__struct.hpp
[0.838s] -- Up-to-date: /home/rahul/pick_bot/pickbot_ws/install/pickbot_msgs/include/pickbot_msgs/pickbot_msgs/srv/detail/euler_to_quaternion__traits.hpp
[0.838s] -- Up-to-date: /home/rahul/pick_bot/pickbot_ws/install/pickbot_msgs/include/pickbot_msgs/pickbot_msgs/srv/detail/add_two_ints__type_support.hpp
[0.838s] -- Up-to-date: /home/rahul/pick_bot/pickbot_ws/install/pickbot_msgs/include/pickbot_msgs/pickbot_msgs/srv/detail/quaternion_to_euler__struct.hpp
[0.838s] -- Up-to-date: /home/rahul/pick_bot/pickbot_ws/install/pickbot_msgs/include/pickbot_msgs/pickbot_msgs/srv/detail/add_two_ints__builder.hpp
[0.838s] -- Up-to-date: /home/rahul/pick_bot/pickbot_ws/install/pickbot_msgs/include/pickbot_msgs/pickbot_msgs/srv/detail/add_two_ints__traits.hpp
[0.838s] -- Up-to-date: /home/rahul/pick_bot/pickbot_ws/install/pickbot_msgs/include/pickbot_msgs/pickbot_msgs/srv/detail/quaternion_to_euler__type_support.hpp
[0.838s] -- Up-to-date: /home/rahul/pick_bot/pickbot_ws/install/pickbot_msgs/include/pickbot_msgs/pickbot_msgs/srv/detail/quaternion_to_euler__builder.hpp
[0.838s] -- Up-to-date: /home/rahul/pick_bot/pickbot_ws/install/pickbot_msgs/include/pickbot_msgs/pickbot_msgs/srv/detail/euler_to_quaternion__builder.hpp
[0.838s] -- Up-to-date: /home/rahul/pick_bot/pickbot_ws/install/pickbot_msgs/include/pickbot_msgs/pickbot_msgs/srv/detail/euler_to_quaternion__type_support.hpp
[0.838s] -- Up-to-date: /home/rahul/pick_bot/pickbot_ws/install/pickbot_msgs/include/pickbot_msgs/pickbot_msgs/srv/detail/euler_to_quaternion__struct.hpp
[0.838s] -- Up-to-date: /home/rahul/pick_bot/pickbot_ws/install/pickbot_msgs/include/pickbot_msgs/pickbot_msgs/srv/quaternion_to_euler.hpp
[0.838s] -- Up-to-date: /home/rahul/pick_bot/pickbot_ws/install/pickbot_msgs/include/pickbot_msgs/pickbot_msgs/srv/add_two_ints.hpp
[0.838s] -- Up-to-date: /home/rahul/pick_bot/pickbot_ws/install/pickbot_msgs/include/pickbot_msgs/pickbot_msgs/srv/euler_to_quaternion.hpp
[0.839s] -- Up-to-date: /home/rahul/pick_bot/pickbot_ws/install/pickbot_msgs/include/pickbot_msgs/pickbot_msgs
[0.839s] -- Up-to-date: /home/rahul/pick_bot/pickbot_ws/install/pickbot_msgs/include/pickbot_msgs/pickbot_msgs/msg
[0.839s] -- Up-to-date: /home/rahul/pick_bot/pickbot_ws/install/pickbot_msgs/include/pickbot_msgs/pickbot_msgs/msg/rosidl_typesupport_fastrtps_cpp__visibility_control.h
[0.839s] -- Up-to-date: /home/rahul/pick_bot/pickbot_ws/install/pickbot_msgs/include/pickbot_msgs/pickbot_msgs/action
[0.839s] -- Up-to-date: /home/rahul/pick_bot/pickbot_ws/install/pickbot_msgs/include/pickbot_msgs/pickbot_msgs/action/detail
[0.839s] -- Up-to-date: /home/rahul/pick_bot/pickbot_ws/install/pickbot_msgs/include/pickbot_msgs/pickbot_msgs/action/detail/dds_fastrtps
[0.839s] -- Up-to-date: /home/rahul/pick_bot/pickbot_ws/install/pickbot_msgs/include/pickbot_msgs/pickbot_msgs/action/detail/fibonacci__rosidl_typesupport_fastrtps_cpp.hpp
[0.839s] -- Up-to-date: /home/rahul/pick_bot/pickbot_ws/install/pickbot_msgs/include/pickbot_msgs/pickbot_msgs/srv
[0.839s] -- Up-to-date: /home/rahul/pick_bot/pickbot_ws/install/pickbot_msgs/include/pickbot_msgs/pickbot_msgs/srv/detail
[0.839s] -- Up-to-date: /home/rahul/pick_bot/pickbot_ws/install/pickbot_msgs/include/pickbot_msgs/pickbot_msgs/srv/detail/add_two_ints__rosidl_typesupport_fastrtps_cpp.hpp
[0.839s] -- Up-to-date: /home/rahul/pick_bot/pickbot_ws/install/pickbot_msgs/include/pickbot_msgs/pickbot_msgs/srv/detail/euler_to_quaternion__rosidl_typesupport_fastrtps_cpp.hpp
[0.840s] -- Up-to-date: /home/rahul/pick_bot/pickbot_ws/install/pickbot_msgs/include/pickbot_msgs/pickbot_msgs/srv/detail/dds_fastrtps
[0.840s] -- Up-to-date: /home/rahul/pick_bot/pickbot_ws/install/pickbot_msgs/include/pickbot_msgs/pickbot_msgs/srv/detail/quaternion_to_euler__rosidl_typesupport_fastrtps_cpp.hpp
[0.840s] -- Up-to-date: /home/rahul/pick_bot/pickbot_ws/install/pickbot_msgs/lib/libpickbot_msgs__rosidl_typesupport_fastrtps_cpp.so
[0.840s] -- Up-to-date: /home/rahul/pick_bot/pickbot_ws/install/pickbot_msgs/include/pickbot_msgs/pickbot_msgs
[0.840s] -- Up-to-date: /home/rahul/pick_bot/pickbot_ws/install/pickbot_msgs/include/pickbot_msgs/pickbot_msgs/msg
[0.840s] -- Up-to-date: /home/rahul/pick_bot/pickbot_ws/install/pickbot_msgs/include/pickbot_msgs/pickbot_msgs/msg/rosidl_typesupport_introspection_c__visibility_control.h
[0.840s] -- Up-to-date: /home/rahul/pick_bot/pickbot_ws/install/pickbot_msgs/include/pickbot_msgs/pickbot_msgs/action
[0.840s] -- Up-to-date: /home/rahul/pick_bot/pickbot_ws/install/pickbot_msgs/include/pickbot_msgs/pickbot_msgs/action/detail
[0.840s] -- Up-to-date: /home/rahul/pick_bot/pickbot_ws/install/pickbot_msgs/include/pickbot_msgs/pickbot_msgs/action/detail/fibonacci__type_support.c
[0.841s] -- Up-to-date: /home/rahul/pick_bot/pickbot_ws/install/pickbot_msgs/include/pickbot_msgs/pickbot_msgs/action/detail/fibonacci__rosidl_typesupport_introspection_c.h
[0.841s] -- Up-to-date: /home/rahul/pick_bot/pickbot_ws/install/pickbot_msgs/include/pickbot_msgs/pickbot_msgs/srv
[0.841s] -- Up-to-date: /home/rahul/pick_bot/pickbot_ws/install/pickbot_msgs/include/pickbot_msgs/pickbot_msgs/srv/detail
[0.841s] -- Up-to-date: /home/rahul/pick_bot/pickbot_ws/install/pickbot_msgs/include/pickbot_msgs/pickbot_msgs/srv/detail/add_two_ints__type_support.c
[0.842s] -- Up-to-date: /home/rahul/pick_bot/pickbot_ws/install/pickbot_msgs/include/pickbot_msgs/pickbot_msgs/srv/detail/add_two_ints__rosidl_typesupport_introspection_c.h
[0.842s] -- Up-to-date: /home/rahul/pick_bot/pickbot_ws/install/pickbot_msgs/include/pickbot_msgs/pickbot_msgs/srv/detail/euler_to_quaternion__type_support.c
[0.842s] -- Up-to-date: /home/rahul/pick_bot/pickbot_ws/install/pickbot_msgs/include/pickbot_msgs/pickbot_msgs/srv/detail/quaternion_to_euler__type_support.c
[0.842s] -- Up-to-date: /home/rahul/pick_bot/pickbot_ws/install/pickbot_msgs/include/pickbot_msgs/pickbot_msgs/srv/detail/euler_to_quaternion__rosidl_typesupport_introspection_c.h
[0.842s] -- Up-to-date: /home/rahul/pick_bot/pickbot_ws/install/pickbot_msgs/include/pickbot_msgs/pickbot_msgs/srv/detail/quaternion_to_euler__rosidl_typesupport_introspection_c.h
[0.842s] -- Up-to-date: /home/rahul/pick_bot/pickbot_ws/install/pickbot_msgs/lib/libpickbot_msgs__rosidl_typesupport_introspection_c.so
[0.842s] -- Up-to-date: /home/rahul/pick_bot/pickbot_ws/install/pickbot_msgs/lib/libpickbot_msgs__rosidl_typesupport_c.so
[0.842s] -- Up-to-date: /home/rahul/pick_bot/pickbot_ws/install/pickbot_msgs/include/pickbot_msgs/pickbot_msgs
[0.842s] -- Up-to-date: /home/rahul/pick_bot/pickbot_ws/install/pickbot_msgs/include/pickbot_msgs/pickbot_msgs/action
[0.843s] -- Up-to-date: /home/rahul/pick_bot/pickbot_ws/install/pickbot_msgs/include/pickbot_msgs/pickbot_msgs/action/detail
[0.843s] -- Up-to-date: /home/rahul/pick_bot/pickbot_ws/install/pickbot_msgs/include/pickbot_msgs/pickbot_msgs/action/detail/fibonacci__rosidl_typesupport_introspection_cpp.hpp
[0.843s] -- Up-to-date: /home/rahul/pick_bot/pickbot_ws/install/pickbot_msgs/include/pickbot_msgs/pickbot_msgs/action/detail/fibonacci__type_support.cpp
[0.843s] -- Up-to-date: /home/rahul/pick_bot/pickbot_ws/install/pickbot_msgs/include/pickbot_msgs/pickbot_msgs/srv
[0.843s] -- Up-to-date: /home/rahul/pick_bot/pickbot_ws/install/pickbot_msgs/include/pickbot_msgs/pickbot_msgs/srv/detail
[0.843s] -- Up-to-date: /home/rahul/pick_bot/pickbot_ws/install/pickbot_msgs/include/pickbot_msgs/pickbot_msgs/srv/detail/quaternion_to_euler__type_support.cpp
[0.843s] -- Up-to-date: /home/rahul/pick_bot/pickbot_ws/install/pickbot_msgs/include/pickbot_msgs/pickbot_msgs/srv/detail/add_two_ints__type_support.cpp
[0.843s] -- Up-to-date: /home/rahul/pick_bot/pickbot_ws/install/pickbot_msgs/include/pickbot_msgs/pickbot_msgs/srv/detail/euler_to_quaternion__type_support.cpp
[0.843s] -- Up-to-date: /home/rahul/pick_bot/pickbot_ws/install/pickbot_msgs/include/pickbot_msgs/pickbot_msgs/srv/detail/euler_to_quaternion__rosidl_typesupport_introspection_cpp.hpp
[0.843s] -- Up-to-date: /home/rahul/pick_bot/pickbot_ws/install/pickbot_msgs/include/pickbot_msgs/pickbot_msgs/srv/detail/quaternion_to_euler__rosidl_typesupport_introspection_cpp.hpp
[0.844s] -- Up-to-date: /home/rahul/pick_bot/pickbot_ws/install/pickbot_msgs/include/pickbot_msgs/pickbot_msgs/srv/detail/add_two_ints__rosidl_typesupport_introspection_cpp.hpp
[0.844s] -- Up-to-date: /home/rahul/pick_bot/pickbot_ws/install/pickbot_msgs/lib/libpickbot_msgs__rosidl_typesupport_introspection_cpp.so
[0.844s] -- Up-to-date: /home/rahul/pick_bot/pickbot_ws/install/pickbot_msgs/lib/libpickbot_msgs__rosidl_typesupport_cpp.so
[0.844s] -- Up-to-date: /home/rahul/pick_bot/pickbot_ws/install/pickbot_msgs/share/pickbot_msgs/environment/pythonpath.sh
[0.844s] -- Up-to-date: /home/rahul/pick_bot/pickbot_ws/install/pickbot_msgs/share/pickbot_msgs/environment/pythonpath.dsv
[0.844s] -- Up-to-date: /home/rahul/pick_bot/pickbot_ws/install/pickbot_msgs/local/lib/python3.10/dist-packages/pickbot_msgs-0.0.0-py3.10.egg-info
[0.844s] -- Installing: /home/rahul/pick_bot/pickbot_ws/install/pickbot_msgs/local/lib/python3.10/dist-packages/pickbot_msgs-0.0.0-py3.10.egg-info/SOURCES.txt
[0.844s] -- Installing: /home/rahul/pick_bot/pickbot_ws/install/pickbot_msgs/local/lib/python3.10/dist-packages/pickbot_msgs-0.0.0-py3.10.egg-info/PKG-INFO
[0.844s] -- Installing: /home/rahul/pick_bot/pickbot_ws/install/pickbot_msgs/local/lib/python3.10/dist-packages/pickbot_msgs-0.0.0-py3.10.egg-info/dependency_links.txt
[0.844s] -- Installing: /home/rahul/pick_bot/pickbot_ws/install/pickbot_msgs/local/lib/python3.10/dist-packages/pickbot_msgs-0.0.0-py3.10.egg-info/top_level.txt
[0.844s] -- Up-to-date: /home/rahul/pick_bot/pickbot_ws/install/pickbot_msgs/local/lib/python3.10/dist-packages/pickbot_msgs
[0.844s] -- Up-to-date: /home/rahul/pick_bot/pickbot_ws/install/pickbot_msgs/local/lib/python3.10/dist-packages/pickbot_msgs/_pickbot_msgs_s.ep.rosidl_typesupport_fastrtps_c.c
[0.844s] -- Up-to-date: /home/rahul/pick_bot/pickbot_ws/install/pickbot_msgs/local/lib/python3.10/dist-packages/pickbot_msgs/_pickbot_msgs_s.ep.rosidl_typesupport_c.c
[0.844s] -- Up-to-date: /home/rahul/pick_bot/pickbot_ws/install/pickbot_msgs/local/lib/python3.10/dist-packages/pickbot_msgs/pickbot_msgs_s__rosidl_typesupport_introspection_c.cpython-310-x86_64-linux-gnu.so
[0.845s] -- Up-to-date: /home/rahul/pick_bot/pickbot_ws/install/pickbot_msgs/local/lib/python3.10/dist-packages/pickbot_msgs/action
[0.845s] -- Up-to-date: /home/rahul/pick_bot/pickbot_ws/install/pickbot_msgs/local/lib/python3.10/dist-packages/pickbot_msgs/action/__init__.py
[0.845s] -- Up-to-date: /home/rahul/pick_bot/pickbot_ws/install/pickbot_msgs/local/lib/python3.10/dist-packages/pickbot_msgs/action/_fibonacci.py
[0.845s] -- Up-to-date: /home/rahul/pick_bot/pickbot_ws/install/pickbot_msgs/local/lib/python3.10/dist-packages/pickbot_msgs/action/_fibonacci_s.c
[0.845s] -- Up-to-date: /home/rahul/pick_bot/pickbot_ws/install/pickbot_msgs/local/lib/python3.10/dist-packages/pickbot_msgs/pickbot_msgs_s__rosidl_typesupport_c.cpython-310-x86_64-linux-gnu.so
[0.845s] -- Up-to-date: /home/rahul/pick_bot/pickbot_ws/install/pickbot_msgs/local/lib/python3.10/dist-packages/pickbot_msgs/__init__.py
[0.845s] -- Up-to-date: /home/rahul/pick_bot/pickbot_ws/install/pickbot_msgs/local/lib/python3.10/dist-packages/pickbot_msgs/libpickbot_msgs__rosidl_generator_py.so
[0.845s] -- Up-to-date: /home/rahul/pick_bot/pickbot_ws/install/pickbot_msgs/local/lib/python3.10/dist-packages/pickbot_msgs/srv
[0.845s] -- Up-to-date: /home/rahul/pick_bot/pickbot_ws/install/pickbot_msgs/local/lib/python3.10/dist-packages/pickbot_msgs/srv/_quaternion_to_euler.py
[0.845s] -- Up-to-date: /home/rahul/pick_bot/pickbot_ws/install/pickbot_msgs/local/lib/python3.10/dist-packages/pickbot_msgs/srv/_euler_to_quaternion_s.c
[0.845s] -- Up-to-date: /home/rahul/pick_bot/pickbot_ws/install/pickbot_msgs/local/lib/python3.10/dist-packages/pickbot_msgs/srv/_quaternion_to_euler_s.c
[0.845s] -- Up-to-date: /home/rahul/pick_bot/pickbot_ws/install/pickbot_msgs/local/lib/python3.10/dist-packages/pickbot_msgs/srv/_euler_to_quaternion.py
[0.845s] -- Up-to-date: /home/rahul/pick_bot/pickbot_ws/install/pickbot_msgs/local/lib/python3.10/dist-packages/pickbot_msgs/srv/_add_two_ints_s.c
[0.845s] -- Up-to-date: /home/rahul/pick_bot/pickbot_ws/install/pickbot_msgs/local/lib/python3.10/dist-packages/pickbot_msgs/srv/__init__.py
[0.845s] -- Up-to-date: /home/rahul/pick_bot/pickbot_ws/install/pickbot_msgs/local/lib/python3.10/dist-packages/pickbot_msgs/srv/_add_two_ints.py
[0.845s] -- Up-to-date: /home/rahul/pick_bot/pickbot_ws/install/pickbot_msgs/local/lib/python3.10/dist-packages/pickbot_msgs/pickbot_msgs_s__rosidl_typesupport_fastrtps_c.cpython-310-x86_64-linux-gnu.so
[0.846s] -- Up-to-date: /home/rahul/pick_bot/pickbot_ws/install/pickbot_msgs/local/lib/python3.10/dist-packages/pickbot_msgs/_pickbot_msgs_s.ep.rosidl_typesupport_introspection_c.c
[0.899s] Listing '/home/rahul/pick_bot/pickbot_ws/install/pickbot_msgs/local/lib/python3.10/dist-packages/pickbot_msgs'...
[0.899s] Listing '/home/rahul/pick_bot/pickbot_ws/install/pickbot_msgs/local/lib/python3.10/dist-packages/pickbot_msgs/action'...
[0.899s] Listing '/home/rahul/pick_bot/pickbot_ws/install/pickbot_msgs/local/lib/python3.10/dist-packages/pickbot_msgs/srv'...
[0.907s] -- Up-to-date: /home/rahul/pick_bot/pickbot_ws/install/pickbot_msgs/local/lib/python3.10/dist-packages/pickbot_msgs/pickbot_msgs_s__rosidl_typesupport_fastrtps_c.cpython-310-x86_64-linux-gnu.so
[0.908s] -- Up-to-date: /home/rahul/pick_bot/pickbot_ws/install/pickbot_msgs/local/lib/python3.10/dist-packages/pickbot_msgs/pickbot_msgs_s__rosidl_typesupport_introspection_c.cpython-310-x86_64-linux-gnu.so
[0.908s] -- Up-to-date: /home/rahul/pick_bot/pickbot_ws/install/pickbot_msgs/local/lib/python3.10/dist-packages/pickbot_msgs/pickbot_msgs_s__rosidl_typesupport_c.cpython-310-x86_64-linux-gnu.so
[0.908s] -- Up-to-date: /home/rahul/pick_bot/pickbot_ws/install/pickbot_msgs/lib/libpickbot_msgs__rosidl_generator_py.so
[0.909s] -- Up-to-date: /home/rahul/pick_bot/pickbot_ws/install/pickbot_msgs/share/pickbot_msgs/srv/AddTwoInts.idl
[0.909s] -- Up-to-date: /home/rahul/pick_bot/pickbot_ws/install/pickbot_msgs/share/pickbot_msgs/srv/EulerToQuaternion.idl
[0.909s] -- Up-to-date: /home/rahul/pick_bot/pickbot_ws/install/pickbot_msgs/share/pickbot_msgs/srv/QuaternionToEuler.idl
[0.909s] -- Up-to-date: /home/rahul/pick_bot/pickbot_ws/install/pickbot_msgs/share/pickbot_msgs/action/Fibonacci.idl
[0.909s] -- Up-to-date: /home/rahul/pick_bot/pickbot_ws/install/pickbot_msgs/share/pickbot_msgs/srv/AddTwoInts.srv
[0.909s] -- Up-to-date: /home/rahul/pick_bot/pickbot_ws/install/pickbot_msgs/share/pickbot_msgs/srv/AddTwoInts_Request.msg
[0.909s] -- Up-to-date: /home/rahul/pick_bot/pickbot_ws/install/pickbot_msgs/share/pickbot_msgs/srv/AddTwoInts_Response.msg
[0.909s] -- Up-to-date: /home/rahul/pick_bot/pickbot_ws/install/pickbot_msgs/share/pickbot_msgs/srv/EulerToQuaternion.srv
[0.909s] -- Up-to-date: /home/rahul/pick_bot/pickbot_ws/install/pickbot_msgs/share/pickbot_msgs/srv/EulerToQuaternion_Request.msg
[0.909s] -- Up-to-date: /home/rahul/pick_bot/pickbot_ws/install/pickbot_msgs/share/pickbot_msgs/srv/EulerToQuaternion_Response.msg
[0.909s] -- Up-to-date: /home/rahul/pick_bot/pickbot_ws/install/pickbot_msgs/share/pickbot_msgs/srv/QuaternionToEuler.srv
[0.910s] -- Up-to-date: /home/rahul/pick_bot/pickbot_ws/install/pickbot_msgs/share/pickbot_msgs/srv/QuaternionToEuler_Request.msg
[0.910s] -- Up-to-date: /home/rahul/pick_bot/pickbot_ws/install/pickbot_msgs/share/pickbot_msgs/srv/QuaternionToEuler_Response.msg
[0.910s] -- Up-to-date: /home/rahul/pick_bot/pickbot_ws/install/pickbot_msgs/share/pickbot_msgs/action/Fibonacci.action
[0.910s] -- Up-to-date: /home/rahul/pick_bot/pickbot_ws/install/pickbot_msgs/share/ament_index/resource_index/package_run_dependencies/pickbot_msgs
[0.910s] -- Up-to-date: /home/rahul/pick_bot/pickbot_ws/install/pickbot_msgs/share/ament_index/resource_index/parent_prefix_path/pickbot_msgs
[0.910s] -- Up-to-date: /home/rahul/pick_bot/pickbot_ws/install/pickbot_msgs/share/pickbot_msgs/environment/ament_prefix_path.sh
[0.910s] -- Up-to-date: /home/rahul/pick_bot/pickbot_ws/install/pickbot_msgs/share/pickbot_msgs/environment/ament_prefix_path.dsv
[0.910s] -- Up-to-date: /home/rahul/pick_bot/pickbot_ws/install/pickbot_msgs/share/pickbot_msgs/environment/path.sh
[0.910s] -- Up-to-date: /home/rahul/pick_bot/pickbot_ws/install/pickbot_msgs/share/pickbot_msgs/environment/path.dsv
[0.910s] -- Up-to-date: /home/rahul/pick_bot/pickbot_ws/install/pickbot_msgs/share/pickbot_msgs/local_setup.bash
[0.911s] -- Up-to-date: /home/rahul/pick_bot/pickbot_ws/install/pickbot_msgs/share/pickbot_msgs/local_setup.sh
[0.911s] -- Up-to-date: /home/rahul/pick_bot/pickbot_ws/install/pickbot_msgs/share/pickbot_msgs/local_setup.zsh
[0.911s] -- Up-to-date: /home/rahul/pick_bot/pickbot_ws/install/pickbot_msgs/share/pickbot_msgs/local_setup.dsv
[0.911s] -- Installing: /home/rahul/pick_bot/pickbot_ws/install/pickbot_msgs/share/pickbot_msgs/package.dsv
[0.911s] -- Up-to-date: /home/rahul/pick_bot/pickbot_ws/install/pickbot_msgs/share/ament_index/resource_index/packages/pickbot_msgs
[0.912s] -- Up-to-date: /home/rahul/pick_bot/pickbot_ws/install/pickbot_msgs/share/pickbot_msgs/cmake/export_pickbot_msgs__rosidl_generator_cExport.cmake
[0.912s] -- Up-to-date: /home/rahul/pick_bot/pickbot_ws/install/pickbot_msgs/share/pickbot_msgs/cmake/export_pickbot_msgs__rosidl_generator_cExport-noconfig.cmake
[0.912s] -- Up-to-date: /home/rahul/pick_bot/pickbot_ws/install/pickbot_msgs/share/pickbot_msgs/cmake/export_pickbot_msgs__rosidl_typesupport_fastrtps_cExport.cmake
[0.912s] -- Up-to-date: /home/rahul/pick_bot/pickbot_ws/install/pickbot_msgs/share/pickbot_msgs/cmake/export_pickbot_msgs__rosidl_typesupport_fastrtps_cExport-noconfig.cmake
[0.912s] -- Up-to-date: /home/rahul/pick_bot/pickbot_ws/install/pickbot_msgs/share/pickbot_msgs/cmake/export_pickbot_msgs__rosidl_generator_cppExport.cmake
[0.912s] -- Up-to-date: /home/rahul/pick_bot/pickbot_ws/install/pickbot_msgs/share/pickbot_msgs/cmake/export_pickbot_msgs__rosidl_typesupport_fastrtps_cppExport.cmake
[0.912s] -- Up-to-date: /home/rahul/pick_bot/pickbot_ws/install/pickbot_msgs/share/pickbot_msgs/cmake/export_pickbot_msgs__rosidl_typesupport_fastrtps_cppExport-noconfig.cmake
[0.912s] -- Up-to-date: /home/rahul/pick_bot/pickbot_ws/install/pickbot_msgs/share/pickbot_msgs/cmake/pickbot_msgs__rosidl_typesupport_introspection_cExport.cmake
[0.913s] -- Up-to-date: /home/rahul/pick_bot/pickbot_ws/install/pickbot_msgs/share/pickbot_msgs/cmake/pickbot_msgs__rosidl_typesupport_introspection_cExport-noconfig.cmake
[0.913s] -- Up-to-date: /home/rahul/pick_bot/pickbot_ws/install/pickbot_msgs/share/pickbot_msgs/cmake/pickbot_msgs__rosidl_typesupport_cExport.cmake
[0.913s] -- Up-to-date: /home/rahul/pick_bot/pickbot_ws/install/pickbot_msgs/share/pickbot_msgs/cmake/pickbot_msgs__rosidl_typesupport_cExport-noconfig.cmake
[0.914s] -- Up-to-date: /home/rahul/pick_bot/pickbot_ws/install/pickbot_msgs/share/pickbot_msgs/cmake/pickbot_msgs__rosidl_typesupport_introspection_cppExport.cmake
[0.914s] -- Up-to-date: /home/rahul/pick_bot/pickbot_ws/install/pickbot_msgs/share/pickbot_msgs/cmake/pickbot_msgs__rosidl_typesupport_introspection_cppExport-noconfig.cmake
[0.914s] -- Up-to-date: /home/rahul/pick_bot/pickbot_ws/install/pickbot_msgs/share/pickbot_msgs/cmake/pickbot_msgs__rosidl_typesupport_cppExport.cmake
[0.914s] -- Up-to-date: /home/rahul/pick_bot/pickbot_ws/install/pickbot_msgs/share/pickbot_msgs/cmake/pickbot_msgs__rosidl_typesupport_cppExport-noconfig.cmake
[0.914s] -- Up-to-date: /home/rahul/pick_bot/pickbot_ws/install/pickbot_msgs/share/pickbot_msgs/cmake/export_pickbot_msgs__rosidl_generator_pyExport.cmake
[0.914s] -- Up-to-date: /home/rahul/pick_bot/pickbot_ws/install/pickbot_msgs/share/pickbot_msgs/cmake/export_pickbot_msgs__rosidl_generator_pyExport-noconfig.cmake
[0.914s] -- Up-to-date: /home/rahul/pick_bot/pickbot_ws/install/pickbot_msgs/share/pickbot_msgs/cmake/rosidl_cmake-extras.cmake
[0.914s] -- Up-to-date: /home/rahul/pick_bot/pickbot_ws/install/pickbot_msgs/share/pickbot_msgs/cmake/ament_cmake_export_dependencies-extras.cmake
[0.914s] -- Up-to-date: /home/rahul/pick_bot/pickbot_ws/install/pickbot_msgs/share/pickbot_msgs/cmake/ament_cmake_export_include_directories-extras.cmake
[0.915s] -- Up-to-date: /home/rahul/pick_bot/pickbot_ws/install/pickbot_msgs/share/pickbot_msgs/cmake/ament_cmake_export_libraries-extras.cmake
[0.915s] -- Up-to-date: /home/rahul/pick_bot/pickbot_ws/install/pickbot_msgs/share/pickbot_msgs/cmake/ament_cmake_export_targets-extras.cmake
[0.915s] -- Up-to-date: /home/rahul/pick_bot/pickbot_ws/install/pickbot_msgs/share/pickbot_msgs/cmake/rosidl_cmake_export_typesupport_targets-extras.cmake
[0.915s] -- Up-to-date: /home/rahul/pick_bot/pickbot_ws/install/pickbot_msgs/share/pickbot_msgs/cmake/rosidl_cmake_export_typesupport_libraries-extras.cmake
[0.915s] -- Up-to-date: /home/rahul/pick_bot/pickbot_ws/install/pickbot_msgs/share/pickbot_msgs/cmake/pickbot_msgsConfig.cmake
[0.915s] -- Up-to-date: /home/rahul/pick_bot/pickbot_ws/install/pickbot_msgs/share/pickbot_msgs/cmake/pickbot_msgsConfig-version.cmake
[0.916s] -- Up-to-date: /home/rahul/pick_bot/pickbot_ws/install/pickbot_msgs/share/pickbot_msgs/package.xml
[0.923s] Invoked command in '/home/rahul/pick_bot/pickbot_ws/build/pickbot_msgs' returned '0': CMAKE_PREFIX_PATH=${CMAKE_PREFIX_PATH}:/opt/ros/humble /usr/bin/cmake --install /home/rahul/pick_bot/pickbot_ws/build/pickbot_msgs
