[0.115s] DEBUG:colcon:Command line arguments: ['/usr/bin/colcon', 'build']
[0.115s] DEBUG:colcon:Parsed command line arguments: Namespace(log_base=None, log_level=None, verb_name='build', build_base='build', install_base='install', merge_install=False, symlink_install=False, test_result_base=None, continue_on_error=False, executor='parallel', parallel_workers=12, event_handlers=None, ignore_user_meta=False, metas=['./colcon.meta'], base_paths=['.'], packages_ignore=None, packages_ignore_regex=None, paths=None, packages_up_to=None, packages_up_to_regex=None, packages_above=None, packages_above_and_dependencies=None, packages_above_depth=None, packages_select_by_dep=None, packages_skip_by_dep=None, packages_skip_up_to=None, packages_select_build_failed=False, packages_skip_build_finished=False, packages_select_test_failures=False, packages_skip_test_passed=False, packages_select=None, packages_skip=None, packages_select_regex=None, packages_skip_regex=None, packages_start=None, packages_end=None, allow_overriding=[], cmake_args=None, cmake_target=None, cmake_target_skip_unavailable=False, cmake_clean_cache=False, cmake_clean_first=False, cmake_force_configure=False, ament_cmake_args=None, catkin_cmake_args=None, catkin_skip_building_tests=False, mixin_files=None, mixin=None, verb_parser=<colcon_mixin.mixin.mixin_argument.MixinArgumentDecorator object at 0x7533e9b3b940>, verb_extension=<colcon_core.verb.build.BuildVerb object at 0x7533e9b3b370>, main=<bound method BuildVerb.main of <colcon_core.verb.build.BuildVerb object at 0x7533e9b3b370>>, mixin_verb=('build',))
[0.312s] Level 1:colcon.colcon_core.package_discovery:discover_packages(colcon_meta) check parameters
[0.313s] Level 1:colcon.colcon_core.package_discovery:discover_packages(recursive) check parameters
[0.313s] Level 1:colcon.colcon_core.package_discovery:discover_packages(ignore) check parameters
[0.313s] Level 1:colcon.colcon_core.package_discovery:discover_packages(path) check parameters
[0.313s] Level 1:colcon.colcon_core.package_discovery:discover_packages(colcon_meta) discover
[0.313s] Level 1:colcon.colcon_core.package_discovery:discover_packages(recursive) discover
[0.313s] INFO:colcon.colcon_core.package_discovery:Crawling recursively for packages in '/home/rahul/pick_bot/pickbot_ws'
[0.313s] Level 1:colcon.colcon_core.package_identification:_identify(.) by extensions ['ignore', 'ignore_ament_install']
[0.313s] Level 1:colcon.colcon_core.package_identification:_identify(.) by extension 'ignore'
[0.313s] Level 1:colcon.colcon_core.package_identification:_identify(.) by extension 'ignore_ament_install'
[0.313s] Level 1:colcon.colcon_core.package_identification:_identify(.) by extensions ['colcon_pkg']
[0.313s] Level 1:colcon.colcon_core.package_identification:_identify(.) by extension 'colcon_pkg'
[0.313s] Level 1:colcon.colcon_core.package_identification:_identify(.) by extensions ['colcon_meta']
[0.313s] Level 1:colcon.colcon_core.package_identification:_identify(.) by extension 'colcon_meta'
[0.313s] Level 1:colcon.colcon_core.package_identification:_identify(.) by extensions ['ros']
[0.313s] Level 1:colcon.colcon_core.package_identification:_identify(.) by extension 'ros'
[0.323s] Level 1:colcon.colcon_core.package_identification:_identify(.) by extensions ['cmake', 'python']
[0.323s] Level 1:colcon.colcon_core.package_identification:_identify(.) by extension 'cmake'
[0.323s] Level 1:colcon.colcon_core.package_identification:_identify(.) by extension 'python'
[0.323s] Level 1:colcon.colcon_core.package_identification:_identify(.) by extensions ['python_setup_py']
[0.323s] Level 1:colcon.colcon_core.package_identification:_identify(.) by extension 'python_setup_py'
[0.323s] Level 1:colcon.colcon_core.package_identification:_identify(build) by extensions ['ignore', 'ignore_ament_install']
[0.323s] Level 1:colcon.colcon_core.package_identification:_identify(build) by extension 'ignore'
[0.324s] Level 1:colcon.colcon_core.package_identification:_identify(build) ignored
[0.324s] Level 1:colcon.colcon_core.package_identification:_identify(install) by extensions ['ignore', 'ignore_ament_install']
[0.324s] Level 1:colcon.colcon_core.package_identification:_identify(install) by extension 'ignore'
[0.324s] Level 1:colcon.colcon_core.package_identification:_identify(install) ignored
[0.324s] Level 1:colcon.colcon_core.package_identification:_identify(log) by extensions ['ignore', 'ignore_ament_install']
[0.324s] Level 1:colcon.colcon_core.package_identification:_identify(log) by extension 'ignore'
[0.324s] Level 1:colcon.colcon_core.package_identification:_identify(log) ignored
[0.324s] Level 1:colcon.colcon_core.package_identification:_identify(src) by extensions ['ignore', 'ignore_ament_install']
[0.324s] Level 1:colcon.colcon_core.package_identification:_identify(src) by extension 'ignore'
[0.324s] Level 1:colcon.colcon_core.package_identification:_identify(src) by extension 'ignore_ament_install'
[0.324s] Level 1:colcon.colcon_core.package_identification:_identify(src) by extensions ['colcon_pkg']
[0.324s] Level 1:colcon.colcon_core.package_identification:_identify(src) by extension 'colcon_pkg'
[0.324s] Level 1:colcon.colcon_core.package_identification:_identify(src) by extensions ['colcon_meta']
[0.324s] Level 1:colcon.colcon_core.package_identification:_identify(src) by extension 'colcon_meta'
[0.324s] Level 1:colcon.colcon_core.package_identification:_identify(src) by extensions ['ros']
[0.325s] Level 1:colcon.colcon_core.package_identification:_identify(src) by extension 'ros'
[0.325s] Level 1:colcon.colcon_core.package_identification:_identify(src) by extensions ['cmake', 'python']
[0.325s] Level 1:colcon.colcon_core.package_identification:_identify(src) by extension 'cmake'
[0.325s] Level 1:colcon.colcon_core.package_identification:_identify(src) by extension 'python'
[0.325s] Level 1:colcon.colcon_core.package_identification:_identify(src) by extensions ['python_setup_py']
[0.325s] Level 1:colcon.colcon_core.package_identification:_identify(src) by extension 'python_setup_py'
[0.325s] Level 1:colcon.colcon_core.package_identification:_identify(src/pick_bot_cpp_examples) by extensions ['ignore', 'ignore_ament_install']
[0.325s] Level 1:colcon.colcon_core.package_identification:_identify(src/pick_bot_cpp_examples) by extension 'ignore'
[0.325s] Level 1:colcon.colcon_core.package_identification:_identify(src/pick_bot_cpp_examples) by extension 'ignore_ament_install'
[0.325s] Level 1:colcon.colcon_core.package_identification:_identify(src/pick_bot_cpp_examples) by extensions ['colcon_pkg']
[0.325s] Level 1:colcon.colcon_core.package_identification:_identify(src/pick_bot_cpp_examples) by extension 'colcon_pkg'
[0.325s] Level 1:colcon.colcon_core.package_identification:_identify(src/pick_bot_cpp_examples) by extensions ['colcon_meta']
[0.325s] Level 1:colcon.colcon_core.package_identification:_identify(src/pick_bot_cpp_examples) by extension 'colcon_meta'
[0.325s] Level 1:colcon.colcon_core.package_identification:_identify(src/pick_bot_cpp_examples) by extensions ['ros']
[0.325s] Level 1:colcon.colcon_core.package_identification:_identify(src/pick_bot_cpp_examples) by extension 'ros'
[0.330s] DEBUG:colcon.colcon_core.package_identification:Package 'src/pick_bot_cpp_examples' with type 'ros.ament_cmake' and name 'pick_bot_cpp_examples'
[0.330s] Level 1:colcon.colcon_core.package_identification:_identify(src/pickbot_controller) by extensions ['ignore', 'ignore_ament_install']
[0.332s] Level 1:colcon.colcon_core.package_identification:_identify(src/pickbot_controller) by extension 'ignore'
[0.332s] Level 1:colcon.colcon_core.package_identification:_identify(src/pickbot_controller) by extension 'ignore_ament_install'
[0.332s] Level 1:colcon.colcon_core.package_identification:_identify(src/pickbot_controller) by extensions ['colcon_pkg']
[0.332s] Level 1:colcon.colcon_core.package_identification:_identify(src/pickbot_controller) by extension 'colcon_pkg'
[0.332s] Level 1:colcon.colcon_core.package_identification:_identify(src/pickbot_controller) by extensions ['colcon_meta']
[0.332s] Level 1:colcon.colcon_core.package_identification:_identify(src/pickbot_controller) by extension 'colcon_meta'
[0.332s] Level 1:colcon.colcon_core.package_identification:_identify(src/pickbot_controller) by extensions ['ros']
[0.332s] Level 1:colcon.colcon_core.package_identification:_identify(src/pickbot_controller) by extension 'ros'
[0.369s] DEBUG:colcon.colcon_core.package_identification:Package 'src/pickbot_controller' with type 'ros.ament_cmake' and name 'pickbot_controller'
[0.370s] Level 1:colcon.colcon_core.package_identification:_identify(src/pickbot_description) by extensions ['ignore', 'ignore_ament_install']
[0.370s] Level 1:colcon.colcon_core.package_identification:_identify(src/pickbot_description) by extension 'ignore'
[0.370s] Level 1:colcon.colcon_core.package_identification:_identify(src/pickbot_description) by extension 'ignore_ament_install'
[0.371s] Level 1:colcon.colcon_core.package_identification:_identify(src/pickbot_description) by extensions ['colcon_pkg']
[0.371s] Level 1:colcon.colcon_core.package_identification:_identify(src/pickbot_description) by extension 'colcon_pkg'
[0.371s] Level 1:colcon.colcon_core.package_identification:_identify(src/pickbot_description) by extensions ['colcon_meta']
[0.371s] Level 1:colcon.colcon_core.package_identification:_identify(src/pickbot_description) by extension 'colcon_meta'
[0.371s] Level 1:colcon.colcon_core.package_identification:_identify(src/pickbot_description) by extensions ['ros']
[0.371s] Level 1:colcon.colcon_core.package_identification:_identify(src/pickbot_description) by extension 'ros'
[0.446s] DEBUG:colcon.colcon_core.package_identification:Package 'src/pickbot_description' with type 'ros.ament_cmake' and name 'pickbot_description'
[0.447s] Level 1:colcon.colcon_core.package_identification:_identify(src/pickbot_msgs) by extensions ['ignore', 'ignore_ament_install']
[0.447s] Level 1:colcon.colcon_core.package_identification:_identify(src/pickbot_msgs) by extension 'ignore'
[0.447s] Level 1:colcon.colcon_core.package_identification:_identify(src/pickbot_msgs) by extension 'ignore_ament_install'
[0.447s] Level 1:colcon.colcon_core.package_identification:_identify(src/pickbot_msgs) by extensions ['colcon_pkg']
[0.447s] Level 1:colcon.colcon_core.package_identification:_identify(src/pickbot_msgs) by extension 'colcon_pkg'
[0.447s] Level 1:colcon.colcon_core.package_identification:_identify(src/pickbot_msgs) by extensions ['colcon_meta']
[0.447s] Level 1:colcon.colcon_core.package_identification:_identify(src/pickbot_msgs) by extension 'colcon_meta'
[0.447s] Level 1:colcon.colcon_core.package_identification:_identify(src/pickbot_msgs) by extensions ['ros']
[0.447s] Level 1:colcon.colcon_core.package_identification:_identify(src/pickbot_msgs) by extension 'ros'
[0.449s] DEBUG:colcon.colcon_core.package_identification:Package 'src/pickbot_msgs' with type 'ros.ament_cmake' and name 'pickbot_msgs'
[0.450s] Level 1:colcon.colcon_core.package_discovery:discover_packages(recursive) using defaults
[0.450s] Level 1:colcon.colcon_core.package_discovery:discover_packages(ignore) discover
[0.450s] Level 1:colcon.colcon_core.package_discovery:discover_packages(ignore) using defaults
[0.450s] Level 1:colcon.colcon_core.package_discovery:discover_packages(path) discover
[0.450s] Level 1:colcon.colcon_core.package_discovery:discover_packages(path) using defaults
[0.538s] Level 1:colcon.colcon_core.package_discovery:discover_packages(prefix_path) check parameters
[0.538s] Level 1:colcon.colcon_core.package_discovery:discover_packages(prefix_path) discover
[0.543s] DEBUG:colcon.colcon_installed_package_information.package_discovery:Found 4 installed packages in /home/rahul/pick_bot/pickbot_ws/install
[0.546s] DEBUG:colcon.colcon_installed_package_information.package_discovery:Found 389 installed packages in /opt/ros/humble
[0.548s] Level 1:colcon.colcon_core.package_discovery:discover_packages(prefix_path) using defaults
[0.607s] Level 5:colcon.colcon_core.verb:set package 'pick_bot_cpp_examples' build argument 'cmake_args' from command line to 'None'
[0.607s] Level 5:colcon.colcon_core.verb:set package 'pick_bot_cpp_examples' build argument 'cmake_target' from command line to 'None'
[0.607s] Level 5:colcon.colcon_core.verb:set package 'pick_bot_cpp_examples' build argument 'cmake_target_skip_unavailable' from command line to 'False'
[0.607s] Level 5:colcon.colcon_core.verb:set package 'pick_bot_cpp_examples' build argument 'cmake_clean_cache' from command line to 'False'
[0.607s] Level 5:colcon.colcon_core.verb:set package 'pick_bot_cpp_examples' build argument 'cmake_clean_first' from command line to 'False'
[0.607s] Level 5:colcon.colcon_core.verb:set package 'pick_bot_cpp_examples' build argument 'cmake_force_configure' from command line to 'False'
[0.607s] Level 5:colcon.colcon_core.verb:set package 'pick_bot_cpp_examples' build argument 'ament_cmake_args' from command line to 'None'
[0.607s] Level 5:colcon.colcon_core.verb:set package 'pick_bot_cpp_examples' build argument 'catkin_cmake_args' from command line to 'None'
[0.607s] Level 5:colcon.colcon_core.verb:set package 'pick_bot_cpp_examples' build argument 'catkin_skip_building_tests' from command line to 'False'
[0.607s] DEBUG:colcon.colcon_core.verb:Building package 'pick_bot_cpp_examples' with the following arguments: {'ament_cmake_args': None, 'build_base': '/home/rahul/pick_bot/pickbot_ws/build/pick_bot_cpp_examples', 'catkin_cmake_args': None, 'catkin_skip_building_tests': False, 'cmake_args': None, 'cmake_clean_cache': False, 'cmake_clean_first': False, 'cmake_force_configure': False, 'cmake_target': None, 'cmake_target_skip_unavailable': False, 'install_base': '/home/rahul/pick_bot/pickbot_ws/install/pick_bot_cpp_examples', 'merge_install': False, 'path': '/home/rahul/pick_bot/pickbot_ws/src/pick_bot_cpp_examples', 'symlink_install': False, 'test_result_base': None}
[0.608s] Level 5:colcon.colcon_core.verb:set package 'pickbot_controller' build argument 'cmake_args' from command line to 'None'
[0.608s] Level 5:colcon.colcon_core.verb:set package 'pickbot_controller' build argument 'cmake_target' from command line to 'None'
[0.608s] Level 5:colcon.colcon_core.verb:set package 'pickbot_controller' build argument 'cmake_target_skip_unavailable' from command line to 'False'
[0.608s] Level 5:colcon.colcon_core.verb:set package 'pickbot_controller' build argument 'cmake_clean_cache' from command line to 'False'
[0.608s] Level 5:colcon.colcon_core.verb:set package 'pickbot_controller' build argument 'cmake_clean_first' from command line to 'False'
[0.608s] Level 5:colcon.colcon_core.verb:set package 'pickbot_controller' build argument 'cmake_force_configure' from command line to 'False'
[0.608s] Level 5:colcon.colcon_core.verb:set package 'pickbot_controller' build argument 'ament_cmake_args' from command line to 'None'
[0.608s] Level 5:colcon.colcon_core.verb:set package 'pickbot_controller' build argument 'catkin_cmake_args' from command line to 'None'
[0.608s] Level 5:colcon.colcon_core.verb:set package 'pickbot_controller' build argument 'catkin_skip_building_tests' from command line to 'False'
[0.608s] DEBUG:colcon.colcon_core.verb:Building package 'pickbot_controller' with the following arguments: {'ament_cmake_args': None, 'build_base': '/home/rahul/pick_bot/pickbot_ws/build/pickbot_controller', 'catkin_cmake_args': None, 'catkin_skip_building_tests': False, 'cmake_args': None, 'cmake_clean_cache': False, 'cmake_clean_first': False, 'cmake_force_configure': False, 'cmake_target': None, 'cmake_target_skip_unavailable': False, 'install_base': '/home/rahul/pick_bot/pickbot_ws/install/pickbot_controller', 'merge_install': False, 'path': '/home/rahul/pick_bot/pickbot_ws/src/pickbot_controller', 'symlink_install': False, 'test_result_base': None}
[0.609s] Level 5:colcon.colcon_core.verb:set package 'pickbot_description' build argument 'cmake_args' from command line to 'None'
[0.609s] Level 5:colcon.colcon_core.verb:set package 'pickbot_description' build argument 'cmake_target' from command line to 'None'
[0.609s] Level 5:colcon.colcon_core.verb:set package 'pickbot_description' build argument 'cmake_target_skip_unavailable' from command line to 'False'
[0.609s] Level 5:colcon.colcon_core.verb:set package 'pickbot_description' build argument 'cmake_clean_cache' from command line to 'False'
[0.609s] Level 5:colcon.colcon_core.verb:set package 'pickbot_description' build argument 'cmake_clean_first' from command line to 'False'
[0.609s] Level 5:colcon.colcon_core.verb:set package 'pickbot_description' build argument 'cmake_force_configure' from command line to 'False'
[0.609s] Level 5:colcon.colcon_core.verb:set package 'pickbot_description' build argument 'ament_cmake_args' from command line to 'None'
[0.609s] Level 5:colcon.colcon_core.verb:set package 'pickbot_description' build argument 'catkin_cmake_args' from command line to 'None'
[0.609s] Level 5:colcon.colcon_core.verb:set package 'pickbot_description' build argument 'catkin_skip_building_tests' from command line to 'False'
[0.609s] DEBUG:colcon.colcon_core.verb:Building package 'pickbot_description' with the following arguments: {'ament_cmake_args': None, 'build_base': '/home/rahul/pick_bot/pickbot_ws/build/pickbot_description', 'catkin_cmake_args': None, 'catkin_skip_building_tests': False, 'cmake_args': None, 'cmake_clean_cache': False, 'cmake_clean_first': False, 'cmake_force_configure': False, 'cmake_target': None, 'cmake_target_skip_unavailable': False, 'install_base': '/home/rahul/pick_bot/pickbot_ws/install/pickbot_description', 'merge_install': False, 'path': '/home/rahul/pick_bot/pickbot_ws/src/pickbot_description', 'symlink_install': False, 'test_result_base': None}
[0.609s] Level 5:colcon.colcon_core.verb:set package 'pickbot_msgs' build argument 'cmake_args' from command line to 'None'
[0.609s] Level 5:colcon.colcon_core.verb:set package 'pickbot_msgs' build argument 'cmake_target' from command line to 'None'
[0.609s] Level 5:colcon.colcon_core.verb:set package 'pickbot_msgs' build argument 'cmake_target_skip_unavailable' from command line to 'False'
[0.609s] Level 5:colcon.colcon_core.verb:set package 'pickbot_msgs' build argument 'cmake_clean_cache' from command line to 'False'
[0.609s] Level 5:colcon.colcon_core.verb:set package 'pickbot_msgs' build argument 'cmake_clean_first' from command line to 'False'
[0.609s] Level 5:colcon.colcon_core.verb:set package 'pickbot_msgs' build argument 'cmake_force_configure' from command line to 'False'
[0.609s] Level 5:colcon.colcon_core.verb:set package 'pickbot_msgs' build argument 'ament_cmake_args' from command line to 'None'
[0.609s] Level 5:colcon.colcon_core.verb:set package 'pickbot_msgs' build argument 'catkin_cmake_args' from command line to 'None'
[0.609s] Level 5:colcon.colcon_core.verb:set package 'pickbot_msgs' build argument 'catkin_skip_building_tests' from command line to 'False'
[0.609s] DEBUG:colcon.colcon_core.verb:Building package 'pickbot_msgs' with the following arguments: {'ament_cmake_args': None, 'build_base': '/home/rahul/pick_bot/pickbot_ws/build/pickbot_msgs', 'catkin_cmake_args': None, 'catkin_skip_building_tests': False, 'cmake_args': None, 'cmake_clean_cache': False, 'cmake_clean_first': False, 'cmake_force_configure': False, 'cmake_target': None, 'cmake_target_skip_unavailable': False, 'install_base': '/home/rahul/pick_bot/pickbot_ws/install/pickbot_msgs', 'merge_install': False, 'path': '/home/rahul/pick_bot/pickbot_ws/src/pickbot_msgs', 'symlink_install': False, 'test_result_base': None}
[0.609s] INFO:colcon.colcon_core.executor:Executing jobs using 'parallel' executor
[0.611s] DEBUG:colcon.colcon_parallel_executor.executor.parallel:run_until_complete
[0.611s] INFO:colcon.colcon_ros.task.ament_cmake.build:Building ROS package in '/home/rahul/pick_bot/pickbot_ws/src/pick_bot_cpp_examples' with build type 'ament_cmake'
[0.611s] INFO:colcon.colcon_cmake.task.cmake.build:Building CMake package in '/home/rahul/pick_bot/pickbot_ws/src/pick_bot_cpp_examples'
[0.753s] INFO:colcon.colcon_core.plugin_system:Skipping extension 'colcon_core.shell.bat': Not used on non-Windows systems
[0.753s] INFO:colcon.colcon_core.shell:Skip shell extension 'powershell' for command environment: Not usable outside of PowerShell
[0.753s] DEBUG:colcon.colcon_core.shell:Skip shell extension 'dsv' for command environment
[0.760s] INFO:colcon.colcon_ros.task.ament_cmake.build:Building ROS package in '/home/rahul/pick_bot/pickbot_ws/src/pickbot_controller' with build type 'ament_cmake'
[0.760s] INFO:colcon.colcon_cmake.task.cmake.build:Building CMake package in '/home/rahul/pick_bot/pickbot_ws/src/pickbot_controller'
[0.761s] INFO:colcon.colcon_core.shell:Skip shell extension 'powershell' for command environment: Not usable outside of PowerShell
[0.762s] DEBUG:colcon.colcon_core.shell:Skip shell extension 'dsv' for command environment
[0.771s] INFO:colcon.colcon_ros.task.ament_cmake.build:Building ROS package in '/home/rahul/pick_bot/pickbot_ws/src/pickbot_description' with build type 'ament_cmake'
[0.773s] INFO:colcon.colcon_cmake.task.cmake.build:Building CMake package in '/home/rahul/pick_bot/pickbot_ws/src/pickbot_description'
[0.775s] INFO:colcon.colcon_core.shell:Skip shell extension 'powershell' for command environment: Not usable outside of PowerShell
[0.776s] DEBUG:colcon.colcon_core.shell:Skip shell extension 'dsv' for command environment
[0.786s] INFO:colcon.colcon_ros.task.ament_cmake.build:Building ROS package in '/home/rahul/pick_bot/pickbot_ws/src/pickbot_msgs' with build type 'ament_cmake'
[0.786s] INFO:colcon.colcon_cmake.task.cmake.build:Building CMake package in '/home/rahul/pick_bot/pickbot_ws/src/pickbot_msgs'
[0.787s] INFO:colcon.colcon_core.shell:Skip shell extension 'powershell' for command environment: Not usable outside of PowerShell
[0.788s] DEBUG:colcon.colcon_core.shell:Skip shell extension 'dsv' for command environment
[0.820s] DEBUG:colcon.colcon_core.event_handler.log_command:Invoking command in '/home/rahul/pick_bot/pickbot_ws/build/pick_bot_cpp_examples': CMAKE_PREFIX_PATH=${CMAKE_PREFIX_PATH}:/opt/ros/humble /usr/bin/cmake --build /home/rahul/pick_bot/pickbot_ws/build/pick_bot_cpp_examples -- -j12 -l12
[0.835s] DEBUG:colcon.colcon_core.event_handler.log_command:Invoking command in '/home/rahul/pick_bot/pickbot_ws/build/pickbot_controller': CMAKE_PREFIX_PATH=${CMAKE_PREFIX_PATH}:/opt/ros/humble /usr/bin/cmake --build /home/rahul/pick_bot/pickbot_ws/build/pickbot_controller -- -j12 -l12
[0.849s] DEBUG:colcon.colcon_core.event_handler.log_command:Invoking command in '/home/rahul/pick_bot/pickbot_ws/build/pickbot_description': CMAKE_PREFIX_PATH=${CMAKE_PREFIX_PATH}:/opt/ros/humble /usr/bin/cmake --build /home/rahul/pick_bot/pickbot_ws/build/pickbot_description -- -j12 -l12
[0.864s] DEBUG:colcon.colcon_core.event_handler.log_command:Invoking command in '/home/rahul/pick_bot/pickbot_ws/build/pickbot_msgs': CMAKE_PREFIX_PATH=${CMAKE_PREFIX_PATH}:/opt/ros/humble /usr/bin/cmake --build /home/rahul/pick_bot/pickbot_ws/build/pickbot_msgs -- -j12 -l12
[0.980s] DEBUG:colcon.colcon_core.event_handler.log_command:Invoked command in '/home/rahul/pick_bot/pickbot_ws/build/pickbot_controller' returned '0': CMAKE_PREFIX_PATH=${CMAKE_PREFIX_PATH}:/opt/ros/humble /usr/bin/cmake --build /home/rahul/pick_bot/pickbot_ws/build/pickbot_controller -- -j12 -l12
[1.015s] DEBUG:colcon.colcon_core.event_handler.log_command:Invoking command in '/home/rahul/pick_bot/pickbot_ws/build/pickbot_controller': CMAKE_PREFIX_PATH=${CMAKE_PREFIX_PATH}:/opt/ros/humble /usr/bin/cmake --install /home/rahul/pick_bot/pickbot_ws/build/pickbot_controller
[1.088s] DEBUG:colcon.colcon_core.event_handler.log_command:Invoked command in '/home/rahul/pick_bot/pickbot_ws/build/pickbot_description' returned '0': CMAKE_PREFIX_PATH=${CMAKE_PREFIX_PATH}:/opt/ros/humble /usr/bin/cmake --build /home/rahul/pick_bot/pickbot_ws/build/pickbot_description -- -j12 -l12
[1.156s] DEBUG:colcon.colcon_core.event_handler.log_command:Invoking command in '/home/rahul/pick_bot/pickbot_ws/build/pickbot_description': CMAKE_PREFIX_PATH=${CMAKE_PREFIX_PATH}:/opt/ros/humble /usr/bin/cmake --install /home/rahul/pick_bot/pickbot_ws/build/pickbot_description
[1.178s] Level 1:colcon.colcon_core.environment:create_environment_scripts_only(pickbot_controller)
[1.182s] DEBUG:colcon.colcon_core.event_handler.log_command:Invoked command in '/home/rahul/pick_bot/pickbot_ws/build/pickbot_controller' returned '0': CMAKE_PREFIX_PATH=${CMAKE_PREFIX_PATH}:/opt/ros/humble /usr/bin/cmake --install /home/rahul/pick_bot/pickbot_ws/build/pickbot_controller
[1.249s] Level 1:colcon.colcon_core.environment:checking '/home/rahul/pick_bot/pickbot_ws/install/pickbot_controller' for CMake module files
[1.250s] Level 1:colcon.colcon_core.environment:checking '/home/rahul/pick_bot/pickbot_ws/install/pickbot_controller' for CMake config files
[1.251s] Level 1:colcon.colcon_core.shell:create_environment_hook('pickbot_controller', 'cmake_prefix_path')
[1.251s] INFO:colcon.colcon_core.shell:Creating environment hook '/home/rahul/pick_bot/pickbot_ws/install/pickbot_controller/share/pickbot_controller/hook/cmake_prefix_path.ps1'
[1.254s] INFO:colcon.colcon_core.shell:Creating environment descriptor '/home/rahul/pick_bot/pickbot_ws/install/pickbot_controller/share/pickbot_controller/hook/cmake_prefix_path.dsv'
[1.255s] INFO:colcon.colcon_core.shell:Creating environment hook '/home/rahul/pick_bot/pickbot_ws/install/pickbot_controller/share/pickbot_controller/hook/cmake_prefix_path.sh'
[1.256s] Level 1:colcon.colcon_core.environment:checking '/home/rahul/pick_bot/pickbot_ws/install/pickbot_controller/bin'
[1.256s] Level 1:colcon.colcon_core.environment:checking '/home/rahul/pick_bot/pickbot_ws/install/pickbot_controller/lib/pkgconfig/pickbot_controller.pc'
[1.256s] Level 1:colcon.colcon_core.environment:checking '/home/rahul/pick_bot/pickbot_ws/install/pickbot_controller/lib/python3.10/site-packages'
[1.257s] Level 1:colcon.colcon_core.environment:checking '/home/rahul/pick_bot/pickbot_ws/install/pickbot_controller/bin'
[1.257s] INFO:colcon.colcon_core.shell:Creating package script '/home/rahul/pick_bot/pickbot_ws/install/pickbot_controller/share/pickbot_controller/package.ps1'
[1.259s] INFO:colcon.colcon_core.shell:Creating package descriptor '/home/rahul/pick_bot/pickbot_ws/install/pickbot_controller/share/pickbot_controller/package.dsv'
[1.260s] INFO:colcon.colcon_core.shell:Creating package script '/home/rahul/pick_bot/pickbot_ws/install/pickbot_controller/share/pickbot_controller/package.sh'
[1.262s] INFO:colcon.colcon_core.shell:Creating package script '/home/rahul/pick_bot/pickbot_ws/install/pickbot_controller/share/pickbot_controller/package.bash'
[1.265s] INFO:colcon.colcon_core.shell:Creating package script '/home/rahul/pick_bot/pickbot_ws/install/pickbot_controller/share/pickbot_controller/package.zsh'
[1.267s] Level 1:colcon.colcon_core.environment:create_file_with_runtime_dependencies(/home/rahul/pick_bot/pickbot_ws/install/pickbot_controller/share/colcon-core/packages/pickbot_controller)
[1.270s] Level 1:colcon.colcon_core.environment:create_environment_scripts_only(pickbot_controller)
[1.270s] Level 1:colcon.colcon_core.environment:checking '/home/rahul/pick_bot/pickbot_ws/install/pickbot_controller' for CMake module files
[1.271s] Level 1:colcon.colcon_core.environment:checking '/home/rahul/pick_bot/pickbot_ws/install/pickbot_controller' for CMake config files
[1.271s] Level 1:colcon.colcon_core.shell:create_environment_hook('pickbot_controller', 'cmake_prefix_path')
[1.272s] INFO:colcon.colcon_core.shell:Creating environment hook '/home/rahul/pick_bot/pickbot_ws/install/pickbot_controller/share/pickbot_controller/hook/cmake_prefix_path.ps1'
[1.274s] INFO:colcon.colcon_core.shell:Creating environment descriptor '/home/rahul/pick_bot/pickbot_ws/install/pickbot_controller/share/pickbot_controller/hook/cmake_prefix_path.dsv'
[1.275s] INFO:colcon.colcon_core.shell:Creating environment hook '/home/rahul/pick_bot/pickbot_ws/install/pickbot_controller/share/pickbot_controller/hook/cmake_prefix_path.sh'
[1.277s] Level 1:colcon.colcon_core.environment:checking '/home/rahul/pick_bot/pickbot_ws/install/pickbot_controller/bin'
[1.277s] Level 1:colcon.colcon_core.environment:checking '/home/rahul/pick_bot/pickbot_ws/install/pickbot_controller/lib/pkgconfig/pickbot_controller.pc'
[1.278s] Level 1:colcon.colcon_core.environment:checking '/home/rahul/pick_bot/pickbot_ws/install/pickbot_controller/lib/python3.10/site-packages'
[1.278s] Level 1:colcon.colcon_core.environment:checking '/home/rahul/pick_bot/pickbot_ws/install/pickbot_controller/bin'
[1.279s] INFO:colcon.colcon_core.shell:Creating package script '/home/rahul/pick_bot/pickbot_ws/install/pickbot_controller/share/pickbot_controller/package.ps1'
[1.280s] INFO:colcon.colcon_core.shell:Creating package descriptor '/home/rahul/pick_bot/pickbot_ws/install/pickbot_controller/share/pickbot_controller/package.dsv'
[1.281s] INFO:colcon.colcon_core.shell:Creating package script '/home/rahul/pick_bot/pickbot_ws/install/pickbot_controller/share/pickbot_controller/package.sh'
[1.282s] INFO:colcon.colcon_core.shell:Creating package script '/home/rahul/pick_bot/pickbot_ws/install/pickbot_controller/share/pickbot_controller/package.bash'
[1.282s] INFO:colcon.colcon_core.shell:Creating package script '/home/rahul/pick_bot/pickbot_ws/install/pickbot_controller/share/pickbot_controller/package.zsh'
[1.283s] Level 1:colcon.colcon_core.environment:create_file_with_runtime_dependencies(/home/rahul/pick_bot/pickbot_ws/install/pickbot_controller/share/colcon-core/packages/pickbot_controller)
[1.285s] Level 1:colcon.colcon_core.environment:create_environment_scripts_only(pickbot_description)
[1.286s] Level 1:colcon.colcon_core.environment:checking '/home/rahul/pick_bot/pickbot_ws/install/pickbot_description' for CMake module files
[1.287s] DEBUG:colcon.colcon_core.event_handler.log_command:Invoked command in '/home/rahul/pick_bot/pickbot_ws/build/pickbot_description' returned '0': CMAKE_PREFIX_PATH=${CMAKE_PREFIX_PATH}:/opt/ros/humble /usr/bin/cmake --install /home/rahul/pick_bot/pickbot_ws/build/pickbot_description
[1.288s] Level 1:colcon.colcon_core.environment:checking '/home/rahul/pick_bot/pickbot_ws/install/pickbot_description' for CMake config files
[1.288s] Level 1:colcon.colcon_core.shell:create_environment_hook('pickbot_description', 'cmake_prefix_path')
[1.288s] INFO:colcon.colcon_core.shell:Creating environment hook '/home/rahul/pick_bot/pickbot_ws/install/pickbot_description/share/pickbot_description/hook/cmake_prefix_path.ps1'
[1.289s] INFO:colcon.colcon_core.shell:Creating environment descriptor '/home/rahul/pick_bot/pickbot_ws/install/pickbot_description/share/pickbot_description/hook/cmake_prefix_path.dsv'
[1.289s] INFO:colcon.colcon_core.shell:Creating environment hook '/home/rahul/pick_bot/pickbot_ws/install/pickbot_description/share/pickbot_description/hook/cmake_prefix_path.sh'
[1.297s] Level 1:colcon.colcon_core.environment:checking '/home/rahul/pick_bot/pickbot_ws/install/pickbot_description/bin'
[1.299s] Level 1:colcon.colcon_core.environment:checking '/home/rahul/pick_bot/pickbot_ws/install/pickbot_description/lib/pkgconfig/pickbot_description.pc'
[1.300s] Level 1:colcon.colcon_core.environment:checking '/home/rahul/pick_bot/pickbot_ws/install/pickbot_description/lib/python3.10/site-packages'
[1.301s] Level 1:colcon.colcon_core.environment:checking '/home/rahul/pick_bot/pickbot_ws/install/pickbot_description/bin'
[1.302s] INFO:colcon.colcon_core.shell:Creating package script '/home/rahul/pick_bot/pickbot_ws/install/pickbot_description/share/pickbot_description/package.ps1'
[1.304s] INFO:colcon.colcon_core.shell:Creating package descriptor '/home/rahul/pick_bot/pickbot_ws/install/pickbot_description/share/pickbot_description/package.dsv'
[1.306s] INFO:colcon.colcon_core.shell:Creating package script '/home/rahul/pick_bot/pickbot_ws/install/pickbot_description/share/pickbot_description/package.sh'
[1.307s] INFO:colcon.colcon_core.shell:Creating package script '/home/rahul/pick_bot/pickbot_ws/install/pickbot_description/share/pickbot_description/package.bash'
[1.308s] INFO:colcon.colcon_core.shell:Creating package script '/home/rahul/pick_bot/pickbot_ws/install/pickbot_description/share/pickbot_description/package.zsh'
[1.309s] Level 1:colcon.colcon_core.environment:create_file_with_runtime_dependencies(/home/rahul/pick_bot/pickbot_ws/install/pickbot_description/share/colcon-core/packages/pickbot_description)
[1.315s] DEBUG:colcon.colcon_core.event_handler.log_command:Invoked command in '/home/rahul/pick_bot/pickbot_ws/build/pick_bot_cpp_examples' returned '0': CMAKE_PREFIX_PATH=${CMAKE_PREFIX_PATH}:/opt/ros/humble /usr/bin/cmake --build /home/rahul/pick_bot/pickbot_ws/build/pick_bot_cpp_examples -- -j12 -l12
[1.384s] Level 1:colcon.colcon_core.environment:create_environment_scripts_only(pickbot_description)
[1.385s] Level 1:colcon.colcon_core.environment:checking '/home/rahul/pick_bot/pickbot_ws/install/pickbot_description' for CMake module files
[1.386s] Level 1:colcon.colcon_core.environment:checking '/home/rahul/pick_bot/pickbot_ws/install/pickbot_description' for CMake config files
[1.387s] Level 1:colcon.colcon_core.shell:create_environment_hook('pickbot_description', 'cmake_prefix_path')
[1.388s] INFO:colcon.colcon_core.shell:Creating environment hook '/home/rahul/pick_bot/pickbot_ws/install/pickbot_description/share/pickbot_description/hook/cmake_prefix_path.ps1'
[1.388s] INFO:colcon.colcon_core.shell:Creating environment descriptor '/home/rahul/pick_bot/pickbot_ws/install/pickbot_description/share/pickbot_description/hook/cmake_prefix_path.dsv'
[1.389s] INFO:colcon.colcon_core.shell:Creating environment hook '/home/rahul/pick_bot/pickbot_ws/install/pickbot_description/share/pickbot_description/hook/cmake_prefix_path.sh'
[1.392s] Level 1:colcon.colcon_core.environment:checking '/home/rahul/pick_bot/pickbot_ws/install/pickbot_description/bin'
[1.393s] Level 1:colcon.colcon_core.environment:checking '/home/rahul/pick_bot/pickbot_ws/install/pickbot_description/lib/pkgconfig/pickbot_description.pc'
[1.395s] Level 1:colcon.colcon_core.environment:checking '/home/rahul/pick_bot/pickbot_ws/install/pickbot_description/lib/python3.10/site-packages'
[1.396s] Level 1:colcon.colcon_core.environment:checking '/home/rahul/pick_bot/pickbot_ws/install/pickbot_description/bin'
[1.399s] INFO:colcon.colcon_core.shell:Creating package script '/home/rahul/pick_bot/pickbot_ws/install/pickbot_description/share/pickbot_description/package.ps1'
[1.401s] INFO:colcon.colcon_core.shell:Creating package descriptor '/home/rahul/pick_bot/pickbot_ws/install/pickbot_description/share/pickbot_description/package.dsv'
[1.408s] INFO:colcon.colcon_core.shell:Creating package script '/home/rahul/pick_bot/pickbot_ws/install/pickbot_description/share/pickbot_description/package.sh'
[1.411s] INFO:colcon.colcon_core.shell:Creating package script '/home/rahul/pick_bot/pickbot_ws/install/pickbot_description/share/pickbot_description/package.bash'
[1.413s] INFO:colcon.colcon_core.shell:Creating package script '/home/rahul/pick_bot/pickbot_ws/install/pickbot_description/share/pickbot_description/package.zsh'
[1.414s] Level 1:colcon.colcon_core.environment:create_file_with_runtime_dependencies(/home/rahul/pick_bot/pickbot_ws/install/pickbot_description/share/colcon-core/packages/pickbot_description)
[1.434s] DEBUG:colcon.colcon_core.event_handler.log_command:Invoking command in '/home/rahul/pick_bot/pickbot_ws/build/pick_bot_cpp_examples': CMAKE_PREFIX_PATH=${CMAKE_PREFIX_PATH}:/opt/ros/humble /usr/bin/cmake --install /home/rahul/pick_bot/pickbot_ws/build/pick_bot_cpp_examples
[1.483s] Level 1:colcon.colcon_core.environment:create_environment_scripts_only(pick_bot_cpp_examples)
[1.484s] Level 1:colcon.colcon_core.environment:checking '/home/rahul/pick_bot/pickbot_ws/install/pick_bot_cpp_examples' for CMake module files
[1.485s] Level 1:colcon.colcon_core.environment:checking '/home/rahul/pick_bot/pickbot_ws/install/pick_bot_cpp_examples' for CMake config files
[1.487s] DEBUG:colcon.colcon_core.event_handler.log_command:Invoked command in '/home/rahul/pick_bot/pickbot_ws/build/pick_bot_cpp_examples' returned '0': CMAKE_PREFIX_PATH=${CMAKE_PREFIX_PATH}:/opt/ros/humble /usr/bin/cmake --install /home/rahul/pick_bot/pickbot_ws/build/pick_bot_cpp_examples
[1.487s] Level 1:colcon.colcon_core.shell:create_environment_hook('pick_bot_cpp_examples', 'cmake_prefix_path')
[1.488s] INFO:colcon.colcon_core.shell:Creating environment hook '/home/rahul/pick_bot/pickbot_ws/install/pick_bot_cpp_examples/share/pick_bot_cpp_examples/hook/cmake_prefix_path.ps1'
[1.489s] INFO:colcon.colcon_core.shell:Creating environment descriptor '/home/rahul/pick_bot/pickbot_ws/install/pick_bot_cpp_examples/share/pick_bot_cpp_examples/hook/cmake_prefix_path.dsv'
[1.489s] INFO:colcon.colcon_core.shell:Creating environment hook '/home/rahul/pick_bot/pickbot_ws/install/pick_bot_cpp_examples/share/pick_bot_cpp_examples/hook/cmake_prefix_path.sh'
[1.491s] Level 1:colcon.colcon_core.environment:checking '/home/rahul/pick_bot/pickbot_ws/install/pick_bot_cpp_examples/lib'
[1.491s] Level 1:colcon.colcon_core.environment:checking '/home/rahul/pick_bot/pickbot_ws/install/pick_bot_cpp_examples/bin'
[1.492s] Level 1:colcon.colcon_core.environment:checking '/home/rahul/pick_bot/pickbot_ws/install/pick_bot_cpp_examples/lib/pkgconfig/pick_bot_cpp_examples.pc'
[1.492s] Level 1:colcon.colcon_core.environment:checking '/home/rahul/pick_bot/pickbot_ws/install/pick_bot_cpp_examples/lib/python3.10/site-packages'
[1.493s] Level 1:colcon.colcon_core.environment:checking '/home/rahul/pick_bot/pickbot_ws/install/pick_bot_cpp_examples/bin'
[1.494s] INFO:colcon.colcon_core.shell:Creating package script '/home/rahul/pick_bot/pickbot_ws/install/pick_bot_cpp_examples/share/pick_bot_cpp_examples/package.ps1'
[1.497s] INFO:colcon.colcon_core.shell:Creating package descriptor '/home/rahul/pick_bot/pickbot_ws/install/pick_bot_cpp_examples/share/pick_bot_cpp_examples/package.dsv'
[1.498s] INFO:colcon.colcon_core.shell:Creating package script '/home/rahul/pick_bot/pickbot_ws/install/pick_bot_cpp_examples/share/pick_bot_cpp_examples/package.sh'
[1.501s] INFO:colcon.colcon_core.shell:Creating package script '/home/rahul/pick_bot/pickbot_ws/install/pick_bot_cpp_examples/share/pick_bot_cpp_examples/package.bash'
[1.504s] INFO:colcon.colcon_core.shell:Creating package script '/home/rahul/pick_bot/pickbot_ws/install/pick_bot_cpp_examples/share/pick_bot_cpp_examples/package.zsh'
[1.505s] Level 1:colcon.colcon_core.environment:create_file_with_runtime_dependencies(/home/rahul/pick_bot/pickbot_ws/install/pick_bot_cpp_examples/share/colcon-core/packages/pick_bot_cpp_examples)
[1.607s] Level 1:colcon.colcon_core.environment:create_environment_scripts_only(pick_bot_cpp_examples)
[1.608s] Level 1:colcon.colcon_core.environment:checking '/home/rahul/pick_bot/pickbot_ws/install/pick_bot_cpp_examples' for CMake module files
[1.609s] Level 1:colcon.colcon_core.environment:checking '/home/rahul/pick_bot/pickbot_ws/install/pick_bot_cpp_examples' for CMake config files
[1.610s] Level 1:colcon.colcon_core.shell:create_environment_hook('pick_bot_cpp_examples', 'cmake_prefix_path')
[1.611s] INFO:colcon.colcon_core.shell:Creating environment hook '/home/rahul/pick_bot/pickbot_ws/install/pick_bot_cpp_examples/share/pick_bot_cpp_examples/hook/cmake_prefix_path.ps1'
[1.612s] INFO:colcon.colcon_core.shell:Creating environment descriptor '/home/rahul/pick_bot/pickbot_ws/install/pick_bot_cpp_examples/share/pick_bot_cpp_examples/hook/cmake_prefix_path.dsv'
[1.613s] INFO:colcon.colcon_core.shell:Creating environment hook '/home/rahul/pick_bot/pickbot_ws/install/pick_bot_cpp_examples/share/pick_bot_cpp_examples/hook/cmake_prefix_path.sh'
[1.614s] Level 1:colcon.colcon_core.environment:checking '/home/rahul/pick_bot/pickbot_ws/install/pick_bot_cpp_examples/lib'
[1.614s] Level 1:colcon.colcon_core.environment:checking '/home/rahul/pick_bot/pickbot_ws/install/pick_bot_cpp_examples/bin'
[1.614s] Level 1:colcon.colcon_core.environment:checking '/home/rahul/pick_bot/pickbot_ws/install/pick_bot_cpp_examples/lib/pkgconfig/pick_bot_cpp_examples.pc'
[1.614s] Level 1:colcon.colcon_core.environment:checking '/home/rahul/pick_bot/pickbot_ws/install/pick_bot_cpp_examples/lib/python3.10/site-packages'
[1.614s] Level 1:colcon.colcon_core.environment:checking '/home/rahul/pick_bot/pickbot_ws/install/pick_bot_cpp_examples/bin'
[1.615s] INFO:colcon.colcon_core.shell:Creating package script '/home/rahul/pick_bot/pickbot_ws/install/pick_bot_cpp_examples/share/pick_bot_cpp_examples/package.ps1'
[1.617s] INFO:colcon.colcon_core.shell:Creating package descriptor '/home/rahul/pick_bot/pickbot_ws/install/pick_bot_cpp_examples/share/pick_bot_cpp_examples/package.dsv'
[1.618s] INFO:colcon.colcon_core.shell:Creating package script '/home/rahul/pick_bot/pickbot_ws/install/pick_bot_cpp_examples/share/pick_bot_cpp_examples/package.sh'
[1.619s] INFO:colcon.colcon_core.shell:Creating package script '/home/rahul/pick_bot/pickbot_ws/install/pick_bot_cpp_examples/share/pick_bot_cpp_examples/package.bash'
[1.620s] INFO:colcon.colcon_core.shell:Creating package script '/home/rahul/pick_bot/pickbot_ws/install/pick_bot_cpp_examples/share/pick_bot_cpp_examples/package.zsh'
[1.621s] Level 1:colcon.colcon_core.environment:create_file_with_runtime_dependencies(/home/rahul/pick_bot/pickbot_ws/install/pick_bot_cpp_examples/share/colcon-core/packages/pick_bot_cpp_examples)
[1.755s] DEBUG:colcon.colcon_core.event_handler.log_command:Invoked command in '/home/rahul/pick_bot/pickbot_ws/build/pickbot_msgs' returned '0': CMAKE_PREFIX_PATH=${CMAKE_PREFIX_PATH}:/opt/ros/humble /usr/bin/cmake --build /home/rahul/pick_bot/pickbot_ws/build/pickbot_msgs -- -j12 -l12
[1.757s] DEBUG:colcon.colcon_core.event_handler.log_command:Invoking command in '/home/rahul/pick_bot/pickbot_ws/build/pickbot_msgs': CMAKE_PREFIX_PATH=${CMAKE_PREFIX_PATH}:/opt/ros/humble /usr/bin/cmake --install /home/rahul/pick_bot/pickbot_ws/build/pickbot_msgs
[1.893s] Level 1:colcon.colcon_core.environment:create_environment_scripts_only(pickbot_msgs)
[1.894s] Level 1:colcon.colcon_core.environment:checking '/home/rahul/pick_bot/pickbot_ws/install/pickbot_msgs' for CMake module files
[1.897s] DEBUG:colcon.colcon_core.event_handler.log_command:Invoked command in '/home/rahul/pick_bot/pickbot_ws/build/pickbot_msgs' returned '0': CMAKE_PREFIX_PATH=${CMAKE_PREFIX_PATH}:/opt/ros/humble /usr/bin/cmake --install /home/rahul/pick_bot/pickbot_ws/build/pickbot_msgs
[1.900s] Level 1:colcon.colcon_core.environment:checking '/home/rahul/pick_bot/pickbot_ws/install/pickbot_msgs' for CMake config files
[1.901s] Level 1:colcon.colcon_core.shell:create_environment_hook('pickbot_msgs', 'cmake_prefix_path')
[1.903s] INFO:colcon.colcon_core.shell:Creating environment hook '/home/rahul/pick_bot/pickbot_ws/install/pickbot_msgs/share/pickbot_msgs/hook/cmake_prefix_path.ps1'
[1.905s] INFO:colcon.colcon_core.shell:Creating environment descriptor '/home/rahul/pick_bot/pickbot_ws/install/pickbot_msgs/share/pickbot_msgs/hook/cmake_prefix_path.dsv'
[1.907s] INFO:colcon.colcon_core.shell:Creating environment hook '/home/rahul/pick_bot/pickbot_ws/install/pickbot_msgs/share/pickbot_msgs/hook/cmake_prefix_path.sh'
[1.910s] Level 1:colcon.colcon_core.environment:checking '/home/rahul/pick_bot/pickbot_ws/install/pickbot_msgs/lib'
[1.911s] Level 1:colcon.colcon_core.shell:create_environment_hook('pickbot_msgs', 'ld_library_path_lib')
[1.911s] INFO:colcon.colcon_core.shell:Creating environment hook '/home/rahul/pick_bot/pickbot_ws/install/pickbot_msgs/share/pickbot_msgs/hook/ld_library_path_lib.ps1'
[1.912s] INFO:colcon.colcon_core.shell:Creating environment descriptor '/home/rahul/pick_bot/pickbot_ws/install/pickbot_msgs/share/pickbot_msgs/hook/ld_library_path_lib.dsv'
[1.913s] INFO:colcon.colcon_core.shell:Creating environment hook '/home/rahul/pick_bot/pickbot_ws/install/pickbot_msgs/share/pickbot_msgs/hook/ld_library_path_lib.sh'
[1.914s] Level 1:colcon.colcon_core.environment:checking '/home/rahul/pick_bot/pickbot_ws/install/pickbot_msgs/bin'
[1.915s] Level 1:colcon.colcon_core.environment:checking '/home/rahul/pick_bot/pickbot_ws/install/pickbot_msgs/lib/pkgconfig/pickbot_msgs.pc'
[1.915s] Level 1:colcon.colcon_core.environment:checking '/home/rahul/pick_bot/pickbot_ws/install/pickbot_msgs/lib/python3.10/site-packages'
[1.915s] Level 1:colcon.colcon_core.environment:checking '/home/rahul/pick_bot/pickbot_ws/install/pickbot_msgs/bin'
[1.916s] INFO:colcon.colcon_core.shell:Creating package script '/home/rahul/pick_bot/pickbot_ws/install/pickbot_msgs/share/pickbot_msgs/package.ps1'
[1.917s] INFO:colcon.colcon_core.shell:Creating package descriptor '/home/rahul/pick_bot/pickbot_ws/install/pickbot_msgs/share/pickbot_msgs/package.dsv'
[1.918s] INFO:colcon.colcon_core.shell:Creating package script '/home/rahul/pick_bot/pickbot_ws/install/pickbot_msgs/share/pickbot_msgs/package.sh'
[1.918s] INFO:colcon.colcon_core.shell:Creating package script '/home/rahul/pick_bot/pickbot_ws/install/pickbot_msgs/share/pickbot_msgs/package.bash'
[1.918s] INFO:colcon.colcon_core.shell:Creating package script '/home/rahul/pick_bot/pickbot_ws/install/pickbot_msgs/share/pickbot_msgs/package.zsh'
[1.919s] Level 1:colcon.colcon_core.environment:create_file_with_runtime_dependencies(/home/rahul/pick_bot/pickbot_ws/install/pickbot_msgs/share/colcon-core/packages/pickbot_msgs)
[1.920s] Level 1:colcon.colcon_core.environment:create_environment_scripts_only(pickbot_msgs)
[1.920s] Level 1:colcon.colcon_core.environment:checking '/home/rahul/pick_bot/pickbot_ws/install/pickbot_msgs' for CMake module files
[1.921s] Level 1:colcon.colcon_core.environment:checking '/home/rahul/pick_bot/pickbot_ws/install/pickbot_msgs' for CMake config files
[1.921s] Level 1:colcon.colcon_core.shell:create_environment_hook('pickbot_msgs', 'cmake_prefix_path')
[1.921s] INFO:colcon.colcon_core.shell:Creating environment hook '/home/rahul/pick_bot/pickbot_ws/install/pickbot_msgs/share/pickbot_msgs/hook/cmake_prefix_path.ps1'
[1.922s] INFO:colcon.colcon_core.shell:Creating environment descriptor '/home/rahul/pick_bot/pickbot_ws/install/pickbot_msgs/share/pickbot_msgs/hook/cmake_prefix_path.dsv'
[1.922s] INFO:colcon.colcon_core.shell:Creating environment hook '/home/rahul/pick_bot/pickbot_ws/install/pickbot_msgs/share/pickbot_msgs/hook/cmake_prefix_path.sh'
[1.923s] Level 1:colcon.colcon_core.environment:checking '/home/rahul/pick_bot/pickbot_ws/install/pickbot_msgs/lib'
[1.923s] Level 1:colcon.colcon_core.shell:create_environment_hook('pickbot_msgs', 'ld_library_path_lib')
[1.923s] INFO:colcon.colcon_core.shell:Creating environment hook '/home/rahul/pick_bot/pickbot_ws/install/pickbot_msgs/share/pickbot_msgs/hook/ld_library_path_lib.ps1'
[1.926s] INFO:colcon.colcon_core.shell:Creating environment descriptor '/home/rahul/pick_bot/pickbot_ws/install/pickbot_msgs/share/pickbot_msgs/hook/ld_library_path_lib.dsv'
[1.927s] INFO:colcon.colcon_core.shell:Creating environment hook '/home/rahul/pick_bot/pickbot_ws/install/pickbot_msgs/share/pickbot_msgs/hook/ld_library_path_lib.sh'
[1.928s] Level 1:colcon.colcon_core.environment:checking '/home/rahul/pick_bot/pickbot_ws/install/pickbot_msgs/bin'
[1.928s] Level 1:colcon.colcon_core.environment:checking '/home/rahul/pick_bot/pickbot_ws/install/pickbot_msgs/lib/pkgconfig/pickbot_msgs.pc'
[1.929s] Level 1:colcon.colcon_core.environment:checking '/home/rahul/pick_bot/pickbot_ws/install/pickbot_msgs/lib/python3.10/site-packages'
[1.930s] Level 1:colcon.colcon_core.environment:checking '/home/rahul/pick_bot/pickbot_ws/install/pickbot_msgs/bin'
[1.931s] INFO:colcon.colcon_core.shell:Creating package script '/home/rahul/pick_bot/pickbot_ws/install/pickbot_msgs/share/pickbot_msgs/package.ps1'
[1.932s] INFO:colcon.colcon_core.shell:Creating package descriptor '/home/rahul/pick_bot/pickbot_ws/install/pickbot_msgs/share/pickbot_msgs/package.dsv'
[1.934s] INFO:colcon.colcon_core.shell:Creating package script '/home/rahul/pick_bot/pickbot_ws/install/pickbot_msgs/share/pickbot_msgs/package.sh'
[1.935s] INFO:colcon.colcon_core.shell:Creating package script '/home/rahul/pick_bot/pickbot_ws/install/pickbot_msgs/share/pickbot_msgs/package.bash'
[1.938s] INFO:colcon.colcon_core.shell:Creating package script '/home/rahul/pick_bot/pickbot_ws/install/pickbot_msgs/share/pickbot_msgs/package.zsh'
[1.939s] Level 1:colcon.colcon_core.environment:create_file_with_runtime_dependencies(/home/rahul/pick_bot/pickbot_ws/install/pickbot_msgs/share/colcon-core/packages/pickbot_msgs)
[1.940s] DEBUG:colcon.colcon_parallel_executor.executor.parallel:closing loop
[1.940s] DEBUG:colcon.colcon_parallel_executor.executor.parallel:loop closed
[1.940s] DEBUG:colcon.colcon_parallel_executor.executor.parallel:run_until_complete finished with '0'
[1.940s] DEBUG:colcon.colcon_core.event_reactor:joining thread
[2.018s] INFO:colcon.colcon_core.plugin_system:Skipping extension 'colcon_notification.desktop_notification.terminal_notifier': Not used on non-Darwin systems
[2.018s] INFO:colcon.colcon_core.plugin_system:Skipping extension 'colcon_notification.desktop_notification.win32': Not used on non-Windows systems
[2.018s] INFO:colcon.colcon_notification.desktop_notification:Sending desktop notification using 'notify2'
[2.035s] DEBUG:colcon.colcon_core.event_reactor:joined thread
[2.035s] INFO:colcon.colcon_core.shell:Creating prefix script '/home/rahul/pick_bot/pickbot_ws/install/local_setup.ps1'
[2.043s] INFO:colcon.colcon_core.shell:Creating prefix util module '/home/rahul/pick_bot/pickbot_ws/install/_local_setup_util_ps1.py'
[2.044s] INFO:colcon.colcon_core.shell:Creating prefix chain script '/home/rahul/pick_bot/pickbot_ws/install/setup.ps1'
[2.047s] INFO:colcon.colcon_core.shell:Creating prefix script '/home/rahul/pick_bot/pickbot_ws/install/local_setup.sh'
[2.056s] INFO:colcon.colcon_core.shell:Creating prefix util module '/home/rahul/pick_bot/pickbot_ws/install/_local_setup_util_sh.py'
[2.056s] INFO:colcon.colcon_core.shell:Creating prefix chain script '/home/rahul/pick_bot/pickbot_ws/install/setup.sh'
[2.059s] INFO:colcon.colcon_core.shell:Creating prefix script '/home/rahul/pick_bot/pickbot_ws/install/local_setup.bash'
[2.073s] INFO:colcon.colcon_core.shell:Creating prefix chain script '/home/rahul/pick_bot/pickbot_ws/install/setup.bash'
[2.077s] INFO:colcon.colcon_core.shell:Creating prefix script '/home/rahul/pick_bot/pickbot_ws/install/local_setup.zsh'
[2.088s] INFO:colcon.colcon_core.shell:Creating prefix chain script '/home/rahul/pick_bot/pickbot_ws/install/setup.zsh'
