[0.059s] Invoking command in '/home/rahul/pick_bot/pickbot_ws/build/pickbot_description': CMAKE_PREFIX_PATH=${CMAKE_PREFIX_PATH}:/opt/ros/humble /usr/bin/cmake /home/rahul/pick_bot/pickbot_ws/src/pickbot_description -DCMAKE_INSTALL_PREFIX=/home/rahul/pick_bot/pickbot_ws/install/pickbot_description
[2.622s] -- The C compiler identification is GNU 11.4.0
[3.818s] -- The CXX compiler identification is GNU 11.4.0
[3.909s] -- Detecting C compiler ABI info
[4.139s] -- Detecting C compiler ABI info - done
[4.146s] -- Check for working C compiler: /usr/bin/cc - skipped
[4.146s] -- Detecting C compile features
[4.147s] -- Detecting C compile features - done
[4.150s] -- Detecting CXX compiler ABI info
[4.315s] -- Detecting CXX compiler ABI info - done
[4.324s] -- Check for working CXX compiler: /usr/bin/c++ - skipped
[4.324s] -- Detecting CXX compile features
[4.325s] -- Detecting CXX compile features - done
[4.381s] -- Found ament_cmake: 1.3.10 (/opt/ros/humble/share/ament_cmake/cmake)
[4.594s] -- Found Python3: /usr/bin/python3 (found version "3.10.12") found components: Interpreter 
[4.742s] -- Found ament_lint_auto: 0.12.11 (/opt/ros/humble/share/ament_lint_auto/cmake)
[4.869s] -- Added test 'lint_cmake' to check CMake code style
[4.870s] -- Added test 'xmllint' to check XML markup files
[4.871s] -- Configuring done
[4.875s] -- Generating done
[4.876s] -- Build files have been written to: /home/rahul/pick_bot/pickbot_ws/build/pickbot_description
[4.884s] Invoked command in '/home/rahul/pick_bot/pickbot_ws/build/pickbot_description' returned '0': CMAKE_PREFIX_PATH=${CMAKE_PREFIX_PATH}:/opt/ros/humble /usr/bin/cmake /home/rahul/pick_bot/pickbot_ws/src/pickbot_description -DCMAKE_INSTALL_PREFIX=/home/rahul/pick_bot/pickbot_ws/install/pickbot_description
[4.886s] Invoking command in '/home/rahul/pick_bot/pickbot_ws/build/pickbot_description': CMAKE_PREFIX_PATH=${CMAKE_PREFIX_PATH}:/opt/ros/humble /usr/bin/cmake --build /home/rahul/pick_bot/pickbot_ws/build/pickbot_description -- -j12 -l12
[4.942s] Invoked command in '/home/rahul/pick_bot/pickbot_ws/build/pickbot_description' returned '0': CMAKE_PREFIX_PATH=${CMAKE_PREFIX_PATH}:/opt/ros/humble /usr/bin/cmake --build /home/rahul/pick_bot/pickbot_ws/build/pickbot_description -- -j12 -l12
[4.982s] Invoking command in '/home/rahul/pick_bot/pickbot_ws/build/pickbot_description': CMAKE_PREFIX_PATH=${CMAKE_PREFIX_PATH}:/opt/ros/humble /usr/bin/cmake --install /home/rahul/pick_bot/pickbot_ws/build/pickbot_description
[4.992s] -- Install configuration: ""
[4.992s] -- Installing: /home/rahul/pick_bot/pickbot_ws/install/pickbot_description/share/ament_index/resource_index/package_run_dependencies/pickbot_description
[4.993s] -- Installing: /home/rahul/pick_bot/pickbot_ws/install/pickbot_description/share/ament_index/resource_index/parent_prefix_path/pickbot_description
[4.993s] -- Installing: /home/rahul/pick_bot/pickbot_ws/install/pickbot_description/share/pickbot_description/environment/ament_prefix_path.sh
[4.993s] -- Installing: /home/rahul/pick_bot/pickbot_ws/install/pickbot_description/share/pickbot_description/environment/ament_prefix_path.dsv
[4.993s] -- Installing: /home/rahul/pick_bot/pickbot_ws/install/pickbot_description/share/pickbot_description/environment/path.sh
[4.994s] -- Installing: /home/rahul/pick_bot/pickbot_ws/install/pickbot_description/share/pickbot_description/environment/path.dsv
[4.994s] -- Installing: /home/rahul/pick_bot/pickbot_ws/install/pickbot_description/share/pickbot_description/local_setup.bash
[4.994s] -- Installing: /home/rahul/pick_bot/pickbot_ws/install/pickbot_description/share/pickbot_description/local_setup.sh
[4.994s] -- Installing: /home/rahul/pick_bot/pickbot_ws/install/pickbot_description/share/pickbot_description/local_setup.zsh
[4.994s] -- Installing: /home/rahul/pick_bot/pickbot_ws/install/pickbot_description/share/pickbot_description/local_setup.dsv
[4.995s] -- Installing: /home/rahul/pick_bot/pickbot_ws/install/pickbot_description/share/pickbot_description/package.dsv
[4.995s] -- Installing: /home/rahul/pick_bot/pickbot_ws/install/pickbot_description/share/ament_index/resource_index/packages/pickbot_description
[4.995s] -- Installing: /home/rahul/pick_bot/pickbot_ws/install/pickbot_description/share/pickbot_description/cmake/pickbot_descriptionConfig.cmake
[4.995s] -- Installing: /home/rahul/pick_bot/pickbot_ws/install/pickbot_description/share/pickbot_description/cmake/pickbot_descriptionConfig-version.cmake
[4.995s] -- Installing: /home/rahul/pick_bot/pickbot_ws/install/pickbot_description/share/pickbot_description/package.xml
[5.000s] Invoked command in '/home/rahul/pick_bot/pickbot_ws/build/pickbot_description' returned '0': CMAKE_PREFIX_PATH=${CMAKE_PREFIX_PATH}:/opt/ros/humble /usr/bin/cmake --install /home/rahul/pick_bot/pickbot_ws/build/pickbot_description
