[0.035s] Invoking command in '/home/rahul/pick_bot/pickbot_ws/build/pickbot_controller': CMAKE_PREFIX_PATH=${CMAKE_PREFIX_PATH}:/opt/ros/humble /usr/bin/cmake /home/rahul/pick_bot/pickbot_ws/src/pickbot_controller -DCMAKE_INSTALL_PREFIX=/home/rahul/pick_bot/pickbot_ws/install/pickbot_controller
[2.600s] -- The C compiler identification is GNU 11.4.0
[3.461s] -- The CXX compiler identification is GNU 11.4.0
[3.480s] -- Detecting C compiler ABI info
[3.700s] -- Detecting C compiler ABI info - done
[3.709s] -- Check for working C compiler: /usr/bin/cc - skipped
[3.710s] -- Detecting C compile features
[3.743s] -- Detecting C compile features - done
[3.751s] -- Detecting CXX compiler ABI info
[3.937s] -- Detecting CXX compiler ABI info - done
[3.945s] -- Check for working CXX compiler: /usr/bin/c++ - skipped
[3.945s] -- Detecting CXX compile features
[3.946s] -- Detecting CXX compile features - done
[3.973s] -- Found ament_cmake: 1.3.10 (/opt/ros/humble/share/ament_cmake/cmake)
[4.191s] -- Found Python3: /usr/bin/python3 (found version "3.10.12") found components: Interpreter 
[4.364s] -- Found ament_lint_auto: 0.12.11 (/opt/ros/humble/share/ament_lint_auto/cmake)
[4.487s] -- Added test 'lint_cmake' to check CMake code style
[4.488s] -- Added test 'xmllint' to check XML markup files
[4.489s] -- Configuring done
[4.492s] -- Generating done
[4.494s] -- Build files have been written to: /home/rahul/pick_bot/pickbot_ws/build/pickbot_controller
[4.500s] Invoked command in '/home/rahul/pick_bot/pickbot_ws/build/pickbot_controller' returned '0': CMAKE_PREFIX_PATH=${CMAKE_PREFIX_PATH}:/opt/ros/humble /usr/bin/cmake /home/rahul/pick_bot/pickbot_ws/src/pickbot_controller -DCMAKE_INSTALL_PREFIX=/home/rahul/pick_bot/pickbot_ws/install/pickbot_controller
[4.504s] Invoking command in '/home/rahul/pick_bot/pickbot_ws/build/pickbot_controller': CMAKE_PREFIX_PATH=${CMAKE_PREFIX_PATH}:/opt/ros/humble /usr/bin/cmake --build /home/rahul/pick_bot/pickbot_ws/build/pickbot_controller -- -j12 -l12
[4.553s] Invoked command in '/home/rahul/pick_bot/pickbot_ws/build/pickbot_controller' returned '0': CMAKE_PREFIX_PATH=${CMAKE_PREFIX_PATH}:/opt/ros/humble /usr/bin/cmake --build /home/rahul/pick_bot/pickbot_ws/build/pickbot_controller -- -j12 -l12
[4.556s] Invoking command in '/home/rahul/pick_bot/pickbot_ws/build/pickbot_controller': CMAKE_PREFIX_PATH=${CMAKE_PREFIX_PATH}:/opt/ros/humble /usr/bin/cmake --install /home/rahul/pick_bot/pickbot_ws/build/pickbot_controller
[4.566s] -- Install configuration: ""
[4.567s] -- Installing: /home/rahul/pick_bot/pickbot_ws/install/pickbot_controller/share/ament_index/resource_index/package_run_dependencies/pickbot_controller
[4.567s] -- Installing: /home/rahul/pick_bot/pickbot_ws/install/pickbot_controller/share/ament_index/resource_index/parent_prefix_path/pickbot_controller
[4.567s] -- Installing: /home/rahul/pick_bot/pickbot_ws/install/pickbot_controller/share/pickbot_controller/environment/ament_prefix_path.sh
[4.568s] -- Installing: /home/rahul/pick_bot/pickbot_ws/install/pickbot_controller/share/pickbot_controller/environment/ament_prefix_path.dsv
[4.568s] -- Installing: /home/rahul/pick_bot/pickbot_ws/install/pickbot_controller/share/pickbot_controller/environment/path.sh
[4.568s] -- Installing: /home/rahul/pick_bot/pickbot_ws/install/pickbot_controller/share/pickbot_controller/environment/path.dsv
[4.568s] -- Installing: /home/rahul/pick_bot/pickbot_ws/install/pickbot_controller/share/pickbot_controller/local_setup.bash
[4.568s] -- Installing: /home/rahul/pick_bot/pickbot_ws/install/pickbot_controller/share/pickbot_controller/local_setup.sh
[4.568s] -- Installing: /home/rahul/pick_bot/pickbot_ws/install/pickbot_controller/share/pickbot_controller/local_setup.zsh
[4.568s] -- Installing: /home/rahul/pick_bot/pickbot_ws/install/pickbot_controller/share/pickbot_controller/local_setup.dsv
[4.568s] -- Installing: /home/rahul/pick_bot/pickbot_ws/install/pickbot_controller/share/pickbot_controller/package.dsv
[4.568s] -- Installing: /home/rahul/pick_bot/pickbot_ws/install/pickbot_controller/share/ament_index/resource_index/packages/pickbot_controller
[4.569s] -- Installing: /home/rahul/pick_bot/pickbot_ws/install/pickbot_controller/share/pickbot_controller/cmake/pickbot_controllerConfig.cmake
[4.569s] -- Installing: /home/rahul/pick_bot/pickbot_ws/install/pickbot_controller/share/pickbot_controller/cmake/pickbot_controllerConfig-version.cmake
[4.569s] -- Installing: /home/rahul/pick_bot/pickbot_ws/install/pickbot_controller/share/pickbot_controller/package.xml
[4.572s] Invoked command in '/home/rahul/pick_bot/pickbot_ws/build/pickbot_controller' returned '0': CMAKE_PREFIX_PATH=${CMAKE_PREFIX_PATH}:/opt/ros/humble /usr/bin/cmake --install /home/rahul/pick_bot/pickbot_ws/build/pickbot_controller
