[0.058s] Invoking command in '/home/rahul/pick_bot/pickbot_ws/build/pickbot_msgs': CMAKE_PREFIX_PATH=${CMAKE_PREFIX_PATH}:/opt/ros/humble /usr/bin/cmake --build /home/rahul/pick_bot/pickbot_ws/build/pickbot_msgs -- -j12 -l12
[0.395s] [  1%] Built target pickbot_msgs__cpp
[0.483s] [ 12%] Built target pickbot_msgs__rosidl_typesupport_fastrtps_cpp
[0.534s] [ 23%] Built target pickbot_msgs__rosidl_typesupport_introspection_cpp
[0.549s] [ 34%] Built target pickbot_msgs__rosidl_typesupport_cpp
[0.615s] [ 45%] Built target pickbot_msgs__rosidl_generator_c
[0.687s] [ 56%] Built target pickbot_msgs__rosidl_typesupport_c
[0.717s] [ 67%] Built target pickbot_msgs__rosidl_typesupport_introspection_c
[0.725s] [ 78%] Built target pickbot_msgs__rosidl_typesupport_fastrtps_c
[0.758s] [ 78%] Built target pickbot_msgs
[0.888s] [ 80%] Built target pickbot_msgs__py
[0.894s] [ 80%] Built target ament_cmake_python_copy_pickbot_msgs
[0.968s] [ 89%] Built target pickbot_msgs__rosidl_generator_py
[1.049s] [ 96%] Built target pickbot_msgs__rosidl_typesupport_c__pyext
[1.049s] [ 96%] Built target pickbot_msgs__rosidl_typesupport_fastrtps_c__pyext
[1.095s] [100%] Built target pickbot_msgs__rosidl_typesupport_introspection_c__pyext
[1.256s] running egg_info
[1.257s] writing pickbot_msgs.egg-info/PKG-INFO
[1.257s] writing dependency_links to pickbot_msgs.egg-info/dependency_links.txt
[1.257s] writing top-level names to pickbot_msgs.egg-info/top_level.txt
[1.262s] reading manifest file 'pickbot_msgs.egg-info/SOURCES.txt'
[1.263s] writing manifest file 'pickbot_msgs.egg-info/SOURCES.txt'
[1.321s] [100%] Built target ament_cmake_python_build_pickbot_msgs_egg
[1.344s] Invoked command in '/home/rahul/pick_bot/pickbot_ws/build/pickbot_msgs' returned '0': CMAKE_PREFIX_PATH=${CMAKE_PREFIX_PATH}:/opt/ros/humble /usr/bin/cmake --build /home/rahul/pick_bot/pickbot_ws/build/pickbot_msgs -- -j12 -l12
[1.380s] Invoking command in '/home/rahul/pick_bot/pickbot_ws/build/pickbot_msgs': CMAKE_PREFIX_PATH=${CMAKE_PREFIX_PATH}:/opt/ros/humble /usr/bin/cmake --install /home/rahul/pick_bot/pickbot_ws/build/pickbot_msgs
[1.400s] -- Install configuration: ""
[1.400s] -- Up-to-date: /home/rahul/pick_bot/pickbot_ws/install/pickbot_msgs/share/ament_index/resource_index/rosidl_interfaces/pickbot_msgs
[1.400s] -- Up-to-date: /home/rahul/pick_bot/pickbot_ws/install/pickbot_msgs/include/pickbot_msgs/pickbot_msgs
[1.400s] -- Up-to-date: /home/rahul/pick_bot/pickbot_ws/install/pickbot_msgs/include/pickbot_msgs/pickbot_msgs/msg
[1.400s] -- Up-to-date: /home/rahul/pick_bot/pickbot_ws/install/pickbot_msgs/include/pickbot_msgs/pickbot_msgs/msg/rosidl_generator_c__visibility_control.h
[1.401s] -- Up-to-date: /home/rahul/pick_bot/pickbot_ws/install/pickbot_msgs/include/pickbot_msgs/pickbot_msgs/action
[1.401s] -- Up-to-date: /home/rahul/pick_bot/pickbot_ws/install/pickbot_msgs/include/pickbot_msgs/pickbot_msgs/action/detail
[1.401s] -- Up-to-date: /home/rahul/pick_bot/pickbot_ws/install/pickbot_msgs/include/pickbot_msgs/pickbot_msgs/action/detail/fibonacci__functions.c
[1.401s] -- Up-to-date: /home/rahul/pick_bot/pickbot_ws/install/pickbot_msgs/include/pickbot_msgs/pickbot_msgs/action/detail/fibonacci__type_support.h
[1.401s] -- Up-to-date: /home/rahul/pick_bot/pickbot_ws/install/pickbot_msgs/include/pickbot_msgs/pickbot_msgs/action/detail/fibonacci__struct.h
[1.401s] -- Up-to-date: /home/rahul/pick_bot/pickbot_ws/install/pickbot_msgs/include/pickbot_msgs/pickbot_msgs/action/detail/fibonacci__functions.h
[1.401s] -- Up-to-date: /home/rahul/pick_bot/pickbot_ws/install/pickbot_msgs/include/pickbot_msgs/pickbot_msgs/action/fibonacci.h
[1.401s] -- Up-to-date: /home/rahul/pick_bot/pickbot_ws/install/pickbot_msgs/include/pickbot_msgs/pickbot_msgs/srv
[1.401s] -- Up-to-date: /home/rahul/pick_bot/pickbot_ws/install/pickbot_msgs/include/pickbot_msgs/pickbot_msgs/srv/detail
[1.401s] -- Up-to-date: /home/rahul/pick_bot/pickbot_ws/install/pickbot_msgs/include/pickbot_msgs/pickbot_msgs/srv/detail/add_two_ints__type_support.h
[1.402s] -- Up-to-date: /home/rahul/pick_bot/pickbot_ws/install/pickbot_msgs/include/pickbot_msgs/pickbot_msgs/srv/detail/euler_to_quaternion__type_support.h
[1.402s] -- Up-to-date: /home/rahul/pick_bot/pickbot_ws/install/pickbot_msgs/include/pickbot_msgs/pickbot_msgs/srv/detail/add_two_ints__struct.h
[1.402s] -- Up-to-date: /home/rahul/pick_bot/pickbot_ws/install/pickbot_msgs/include/pickbot_msgs/pickbot_msgs/srv/detail/quaternion_to_euler__struct.h
[1.402s] -- Up-to-date: /home/rahul/pick_bot/pickbot_ws/install/pickbot_msgs/include/pickbot_msgs/pickbot_msgs/srv/detail/add_two_ints__functions.h
[1.402s] -- Up-to-date: /home/rahul/pick_bot/pickbot_ws/install/pickbot_msgs/include/pickbot_msgs/pickbot_msgs/srv/detail/quaternion_to_euler__functions.h
[1.402s] -- Up-to-date: /home/rahul/pick_bot/pickbot_ws/install/pickbot_msgs/include/pickbot_msgs/pickbot_msgs/srv/detail/quaternion_to_euler__functions.c
[1.402s] -- Up-to-date: /home/rahul/pick_bot/pickbot_ws/install/pickbot_msgs/include/pickbot_msgs/pickbot_msgs/srv/detail/euler_to_quaternion__functions.h
[1.402s] -- Up-to-date: /home/rahul/pick_bot/pickbot_ws/install/pickbot_msgs/include/pickbot_msgs/pickbot_msgs/srv/detail/euler_to_quaternion__functions.c
[1.403s] -- Up-to-date: /home/rahul/pick_bot/pickbot_ws/install/pickbot_msgs/include/pickbot_msgs/pickbot_msgs/srv/detail/euler_to_quaternion__struct.h
[1.403s] -- Up-to-date: /home/rahul/pick_bot/pickbot_ws/install/pickbot_msgs/include/pickbot_msgs/pickbot_msgs/srv/detail/quaternion_to_euler__type_support.h
[1.403s] -- Up-to-date: /home/rahul/pick_bot/pickbot_ws/install/pickbot_msgs/include/pickbot_msgs/pickbot_msgs/srv/detail/add_two_ints__functions.c
[1.403s] -- Up-to-date: /home/rahul/pick_bot/pickbot_ws/install/pickbot_msgs/include/pickbot_msgs/pickbot_msgs/srv/euler_to_quaternion.h
[1.403s] -- Up-to-date: /home/rahul/pick_bot/pickbot_ws/install/pickbot_msgs/include/pickbot_msgs/pickbot_msgs/srv/add_two_ints.h
[1.403s] -- Up-to-date: /home/rahul/pick_bot/pickbot_ws/install/pickbot_msgs/include/pickbot_msgs/pickbot_msgs/srv/quaternion_to_euler.h
[1.403s] -- Up-to-date: /home/rahul/pick_bot/pickbot_ws/install/pickbot_msgs/share/pickbot_msgs/environment/library_path.sh
[1.403s] -- Up-to-date: /home/rahul/pick_bot/pickbot_ws/install/pickbot_msgs/share/pickbot_msgs/environment/library_path.dsv
[1.403s] -- Up-to-date: /home/rahul/pick_bot/pickbot_ws/install/pickbot_msgs/lib/libpickbot_msgs__rosidl_generator_c.so
[1.403s] -- Up-to-date: /home/rahul/pick_bot/pickbot_ws/install/pickbot_msgs/include/pickbot_msgs/pickbot_msgs
[1.404s] -- Up-to-date: /home/rahul/pick_bot/pickbot_ws/install/pickbot_msgs/include/pickbot_msgs/pickbot_msgs/msg
[1.404s] -- Up-to-date: /home/rahul/pick_bot/pickbot_ws/install/pickbot_msgs/include/pickbot_msgs/pickbot_msgs/msg/rosidl_typesupport_fastrtps_c__visibility_control.h
[1.404s] -- Up-to-date: /home/rahul/pick_bot/pickbot_ws/install/pickbot_msgs/include/pickbot_msgs/pickbot_msgs/action
[1.404s] -- Up-to-date: /home/rahul/pick_bot/pickbot_ws/install/pickbot_msgs/include/pickbot_msgs/pickbot_msgs/action/detail
[1.404s] -- Up-to-date: /home/rahul/pick_bot/pickbot_ws/install/pickbot_msgs/include/pickbot_msgs/pickbot_msgs/action/detail/fibonacci__rosidl_typesupport_fastrtps_c.h
[1.404s] -- Up-to-date: /home/rahul/pick_bot/pickbot_ws/install/pickbot_msgs/include/pickbot_msgs/pickbot_msgs/srv
[1.404s] -- Up-to-date: /home/rahul/pick_bot/pickbot_ws/install/pickbot_msgs/include/pickbot_msgs/pickbot_msgs/srv/detail
[1.404s] -- Up-to-date: /home/rahul/pick_bot/pickbot_ws/install/pickbot_msgs/include/pickbot_msgs/pickbot_msgs/srv/detail/quaternion_to_euler__rosidl_typesupport_fastrtps_c.h
[1.405s] -- Up-to-date: /home/rahul/pick_bot/pickbot_ws/install/pickbot_msgs/include/pickbot_msgs/pickbot_msgs/srv/detail/add_two_ints__rosidl_typesupport_fastrtps_c.h
[1.405s] -- Up-to-date: /home/rahul/pick_bot/pickbot_ws/install/pickbot_msgs/include/pickbot_msgs/pickbot_msgs/srv/detail/euler_to_quaternion__rosidl_typesupport_fastrtps_c.h
[1.405s] -- Up-to-date: /home/rahul/pick_bot/pickbot_ws/install/pickbot_msgs/lib/libpickbot_msgs__rosidl_typesupport_fastrtps_c.so
[1.405s] -- Up-to-date: /home/rahul/pick_bot/pickbot_ws/install/pickbot_msgs/include/pickbot_msgs/pickbot_msgs
[1.405s] -- Up-to-date: /home/rahul/pick_bot/pickbot_ws/install/pickbot_msgs/include/pickbot_msgs/pickbot_msgs/msg
[1.405s] -- Up-to-date: /home/rahul/pick_bot/pickbot_ws/install/pickbot_msgs/include/pickbot_msgs/pickbot_msgs/msg/rosidl_generator_cpp__visibility_control.hpp
[1.405s] -- Up-to-date: /home/rahul/pick_bot/pickbot_ws/install/pickbot_msgs/include/pickbot_msgs/pickbot_msgs/action
[1.405s] -- Up-to-date: /home/rahul/pick_bot/pickbot_ws/install/pickbot_msgs/include/pickbot_msgs/pickbot_msgs/action/detail
[1.405s] -- Up-to-date: /home/rahul/pick_bot/pickbot_ws/install/pickbot_msgs/include/pickbot_msgs/pickbot_msgs/action/detail/fibonacci__builder.hpp
[1.405s] -- Up-to-date: /home/rahul/pick_bot/pickbot_ws/install/pickbot_msgs/include/pickbot_msgs/pickbot_msgs/action/detail/fibonacci__struct.hpp
[1.405s] -- Up-to-date: /home/rahul/pick_bot/pickbot_ws/install/pickbot_msgs/include/pickbot_msgs/pickbot_msgs/action/detail/fibonacci__type_support.hpp
[1.405s] -- Up-to-date: /home/rahul/pick_bot/pickbot_ws/install/pickbot_msgs/include/pickbot_msgs/pickbot_msgs/action/detail/fibonacci__traits.hpp
[1.406s] -- Up-to-date: /home/rahul/pick_bot/pickbot_ws/install/pickbot_msgs/include/pickbot_msgs/pickbot_msgs/action/fibonacci.hpp
[1.406s] -- Up-to-date: /home/rahul/pick_bot/pickbot_ws/install/pickbot_msgs/include/pickbot_msgs/pickbot_msgs/srv
[1.406s] -- Up-to-date: /home/rahul/pick_bot/pickbot_ws/install/pickbot_msgs/include/pickbot_msgs/pickbot_msgs/srv/detail
[1.406s] -- Up-to-date: /home/rahul/pick_bot/pickbot_ws/install/pickbot_msgs/include/pickbot_msgs/pickbot_msgs/srv/detail/quaternion_to_euler__traits.hpp
[1.406s] -- Up-to-date: /home/rahul/pick_bot/pickbot_ws/install/pickbot_msgs/include/pickbot_msgs/pickbot_msgs/srv/detail/add_two_ints__struct.hpp
[1.406s] -- Up-to-date: /home/rahul/pick_bot/pickbot_ws/install/pickbot_msgs/include/pickbot_msgs/pickbot_msgs/srv/detail/euler_to_quaternion__traits.hpp
[1.406s] -- Up-to-date: /home/rahul/pick_bot/pickbot_ws/install/pickbot_msgs/include/pickbot_msgs/pickbot_msgs/srv/detail/add_two_ints__type_support.hpp
[1.406s] -- Up-to-date: /home/rahul/pick_bot/pickbot_ws/install/pickbot_msgs/include/pickbot_msgs/pickbot_msgs/srv/detail/quaternion_to_euler__struct.hpp
[1.406s] -- Up-to-date: /home/rahul/pick_bot/pickbot_ws/install/pickbot_msgs/include/pickbot_msgs/pickbot_msgs/srv/detail/add_two_ints__builder.hpp
[1.406s] -- Up-to-date: /home/rahul/pick_bot/pickbot_ws/install/pickbot_msgs/include/pickbot_msgs/pickbot_msgs/srv/detail/add_two_ints__traits.hpp
[1.406s] -- Up-to-date: /home/rahul/pick_bot/pickbot_ws/install/pickbot_msgs/include/pickbot_msgs/pickbot_msgs/srv/detail/quaternion_to_euler__type_support.hpp
[1.406s] -- Up-to-date: /home/rahul/pick_bot/pickbot_ws/install/pickbot_msgs/include/pickbot_msgs/pickbot_msgs/srv/detail/quaternion_to_euler__builder.hpp
[1.406s] -- Up-to-date: /home/rahul/pick_bot/pickbot_ws/install/pickbot_msgs/include/pickbot_msgs/pickbot_msgs/srv/detail/euler_to_quaternion__builder.hpp
[1.406s] -- Up-to-date: /home/rahul/pick_bot/pickbot_ws/install/pickbot_msgs/include/pickbot_msgs/pickbot_msgs/srv/detail/euler_to_quaternion__type_support.hpp
[1.407s] -- Up-to-date: /home/rahul/pick_bot/pickbot_ws/install/pickbot_msgs/include/pickbot_msgs/pickbot_msgs/srv/detail/euler_to_quaternion__struct.hpp
[1.407s] -- Up-to-date: /home/rahul/pick_bot/pickbot_ws/install/pickbot_msgs/include/pickbot_msgs/pickbot_msgs/srv/quaternion_to_euler.hpp
[1.407s] -- Up-to-date: /home/rahul/pick_bot/pickbot_ws/install/pickbot_msgs/include/pickbot_msgs/pickbot_msgs/srv/add_two_ints.hpp
[1.407s] -- Up-to-date: /home/rahul/pick_bot/pickbot_ws/install/pickbot_msgs/include/pickbot_msgs/pickbot_msgs/srv/euler_to_quaternion.hpp
[1.407s] -- Up-to-date: /home/rahul/pick_bot/pickbot_ws/install/pickbot_msgs/include/pickbot_msgs/pickbot_msgs
[1.407s] -- Up-to-date: /home/rahul/pick_bot/pickbot_ws/install/pickbot_msgs/include/pickbot_msgs/pickbot_msgs/msg
[1.407s] -- Up-to-date: /home/rahul/pick_bot/pickbot_ws/install/pickbot_msgs/include/pickbot_msgs/pickbot_msgs/msg/rosidl_typesupport_fastrtps_cpp__visibility_control.h
[1.407s] -- Up-to-date: /home/rahul/pick_bot/pickbot_ws/install/pickbot_msgs/include/pickbot_msgs/pickbot_msgs/action
[1.407s] -- Up-to-date: /home/rahul/pick_bot/pickbot_ws/install/pickbot_msgs/include/pickbot_msgs/pickbot_msgs/action/detail
[1.407s] -- Up-to-date: /home/rahul/pick_bot/pickbot_ws/install/pickbot_msgs/include/pickbot_msgs/pickbot_msgs/action/detail/dds_fastrtps
[1.407s] -- Up-to-date: /home/rahul/pick_bot/pickbot_ws/install/pickbot_msgs/include/pickbot_msgs/pickbot_msgs/action/detail/fibonacci__rosidl_typesupport_fastrtps_cpp.hpp
[1.408s] -- Up-to-date: /home/rahul/pick_bot/pickbot_ws/install/pickbot_msgs/include/pickbot_msgs/pickbot_msgs/srv
[1.408s] -- Up-to-date: /home/rahul/pick_bot/pickbot_ws/install/pickbot_msgs/include/pickbot_msgs/pickbot_msgs/srv/detail
[1.408s] -- Up-to-date: /home/rahul/pick_bot/pickbot_ws/install/pickbot_msgs/include/pickbot_msgs/pickbot_msgs/srv/detail/add_two_ints__rosidl_typesupport_fastrtps_cpp.hpp
[1.408s] -- Up-to-date: /home/rahul/pick_bot/pickbot_ws/install/pickbot_msgs/include/pickbot_msgs/pickbot_msgs/srv/detail/euler_to_quaternion__rosidl_typesupport_fastrtps_cpp.hpp
[1.408s] -- Up-to-date: /home/rahul/pick_bot/pickbot_ws/install/pickbot_msgs/include/pickbot_msgs/pickbot_msgs/srv/detail/dds_fastrtps
[1.408s] -- Up-to-date: /home/rahul/pick_bot/pickbot_ws/install/pickbot_msgs/include/pickbot_msgs/pickbot_msgs/srv/detail/quaternion_to_euler__rosidl_typesupport_fastrtps_cpp.hpp
[1.408s] -- Up-to-date: /home/rahul/pick_bot/pickbot_ws/install/pickbot_msgs/lib/libpickbot_msgs__rosidl_typesupport_fastrtps_cpp.so
[1.408s] -- Up-to-date: /home/rahul/pick_bot/pickbot_ws/install/pickbot_msgs/include/pickbot_msgs/pickbot_msgs
[1.408s] -- Up-to-date: /home/rahul/pick_bot/pickbot_ws/install/pickbot_msgs/include/pickbot_msgs/pickbot_msgs/msg
[1.408s] -- Up-to-date: /home/rahul/pick_bot/pickbot_ws/install/pickbot_msgs/include/pickbot_msgs/pickbot_msgs/msg/rosidl_typesupport_introspection_c__visibility_control.h
[1.408s] -- Up-to-date: /home/rahul/pick_bot/pickbot_ws/install/pickbot_msgs/include/pickbot_msgs/pickbot_msgs/action
[1.408s] -- Up-to-date: /home/rahul/pick_bot/pickbot_ws/install/pickbot_msgs/include/pickbot_msgs/pickbot_msgs/action/detail
[1.408s] -- Up-to-date: /home/rahul/pick_bot/pickbot_ws/install/pickbot_msgs/include/pickbot_msgs/pickbot_msgs/action/detail/fibonacci__type_support.c
[1.408s] -- Up-to-date: /home/rahul/pick_bot/pickbot_ws/install/pickbot_msgs/include/pickbot_msgs/pickbot_msgs/action/detail/fibonacci__rosidl_typesupport_introspection_c.h
[1.408s] -- Up-to-date: /home/rahul/pick_bot/pickbot_ws/install/pickbot_msgs/include/pickbot_msgs/pickbot_msgs/srv
[1.408s] -- Up-to-date: /home/rahul/pick_bot/pickbot_ws/install/pickbot_msgs/include/pickbot_msgs/pickbot_msgs/srv/detail
[1.409s] -- Up-to-date: /home/rahul/pick_bot/pickbot_ws/install/pickbot_msgs/include/pickbot_msgs/pickbot_msgs/srv/detail/add_two_ints__type_support.c
[1.409s] -- Up-to-date: /home/rahul/pick_bot/pickbot_ws/install/pickbot_msgs/include/pickbot_msgs/pickbot_msgs/srv/detail/add_two_ints__rosidl_typesupport_introspection_c.h
[1.409s] -- Up-to-date: /home/rahul/pick_bot/pickbot_ws/install/pickbot_msgs/include/pickbot_msgs/pickbot_msgs/srv/detail/euler_to_quaternion__type_support.c
[1.409s] -- Up-to-date: /home/rahul/pick_bot/pickbot_ws/install/pickbot_msgs/include/pickbot_msgs/pickbot_msgs/srv/detail/quaternion_to_euler__type_support.c
[1.409s] -- Up-to-date: /home/rahul/pick_bot/pickbot_ws/install/pickbot_msgs/include/pickbot_msgs/pickbot_msgs/srv/detail/euler_to_quaternion__rosidl_typesupport_introspection_c.h
[1.409s] -- Up-to-date: /home/rahul/pick_bot/pickbot_ws/install/pickbot_msgs/include/pickbot_msgs/pickbot_msgs/srv/detail/quaternion_to_euler__rosidl_typesupport_introspection_c.h
[1.409s] -- Up-to-date: /home/rahul/pick_bot/pickbot_ws/install/pickbot_msgs/lib/libpickbot_msgs__rosidl_typesupport_introspection_c.so
[1.409s] -- Up-to-date: /home/rahul/pick_bot/pickbot_ws/install/pickbot_msgs/lib/libpickbot_msgs__rosidl_typesupport_c.so
[1.409s] -- Up-to-date: /home/rahul/pick_bot/pickbot_ws/install/pickbot_msgs/include/pickbot_msgs/pickbot_msgs
[1.409s] -- Up-to-date: /home/rahul/pick_bot/pickbot_ws/install/pickbot_msgs/include/pickbot_msgs/pickbot_msgs/action
[1.409s] -- Up-to-date: /home/rahul/pick_bot/pickbot_ws/install/pickbot_msgs/include/pickbot_msgs/pickbot_msgs/action/detail
[1.409s] -- Up-to-date: /home/rahul/pick_bot/pickbot_ws/install/pickbot_msgs/include/pickbot_msgs/pickbot_msgs/action/detail/fibonacci__rosidl_typesupport_introspection_cpp.hpp
[1.409s] -- Up-to-date: /home/rahul/pick_bot/pickbot_ws/install/pickbot_msgs/include/pickbot_msgs/pickbot_msgs/action/detail/fibonacci__type_support.cpp
[1.409s] -- Up-to-date: /home/rahul/pick_bot/pickbot_ws/install/pickbot_msgs/include/pickbot_msgs/pickbot_msgs/srv
[1.410s] -- Up-to-date: /home/rahul/pick_bot/pickbot_ws/install/pickbot_msgs/include/pickbot_msgs/pickbot_msgs/srv/detail
[1.410s] -- Up-to-date: /home/rahul/pick_bot/pickbot_ws/install/pickbot_msgs/include/pickbot_msgs/pickbot_msgs/srv/detail/quaternion_to_euler__type_support.cpp
[1.410s] -- Up-to-date: /home/rahul/pick_bot/pickbot_ws/install/pickbot_msgs/include/pickbot_msgs/pickbot_msgs/srv/detail/add_two_ints__type_support.cpp
[1.410s] -- Up-to-date: /home/rahul/pick_bot/pickbot_ws/install/pickbot_msgs/include/pickbot_msgs/pickbot_msgs/srv/detail/euler_to_quaternion__type_support.cpp
[1.410s] -- Up-to-date: /home/rahul/pick_bot/pickbot_ws/install/pickbot_msgs/include/pickbot_msgs/pickbot_msgs/srv/detail/euler_to_quaternion__rosidl_typesupport_introspection_cpp.hpp
[1.410s] -- Up-to-date: /home/rahul/pick_bot/pickbot_ws/install/pickbot_msgs/include/pickbot_msgs/pickbot_msgs/srv/detail/quaternion_to_euler__rosidl_typesupport_introspection_cpp.hpp
[1.410s] -- Up-to-date: /home/rahul/pick_bot/pickbot_ws/install/pickbot_msgs/include/pickbot_msgs/pickbot_msgs/srv/detail/add_two_ints__rosidl_typesupport_introspection_cpp.hpp
[1.410s] -- Up-to-date: /home/rahul/pick_bot/pickbot_ws/install/pickbot_msgs/lib/libpickbot_msgs__rosidl_typesupport_introspection_cpp.so
[1.410s] -- Up-to-date: /home/rahul/pick_bot/pickbot_ws/install/pickbot_msgs/lib/libpickbot_msgs__rosidl_typesupport_cpp.so
[1.410s] -- Up-to-date: /home/rahul/pick_bot/pickbot_ws/install/pickbot_msgs/share/pickbot_msgs/environment/pythonpath.sh
[1.410s] -- Up-to-date: /home/rahul/pick_bot/pickbot_ws/install/pickbot_msgs/share/pickbot_msgs/environment/pythonpath.dsv
[1.410s] -- Up-to-date: /home/rahul/pick_bot/pickbot_ws/install/pickbot_msgs/local/lib/python3.10/dist-packages/pickbot_msgs-0.0.0-py3.10.egg-info
[1.410s] -- Installing: /home/rahul/pick_bot/pickbot_ws/install/pickbot_msgs/local/lib/python3.10/dist-packages/pickbot_msgs-0.0.0-py3.10.egg-info/SOURCES.txt
[1.410s] -- Installing: /home/rahul/pick_bot/pickbot_ws/install/pickbot_msgs/local/lib/python3.10/dist-packages/pickbot_msgs-0.0.0-py3.10.egg-info/PKG-INFO
[1.410s] -- Installing: /home/rahul/pick_bot/pickbot_ws/install/pickbot_msgs/local/lib/python3.10/dist-packages/pickbot_msgs-0.0.0-py3.10.egg-info/dependency_links.txt
[1.410s] -- Installing: /home/rahul/pick_bot/pickbot_ws/install/pickbot_msgs/local/lib/python3.10/dist-packages/pickbot_msgs-0.0.0-py3.10.egg-info/top_level.txt
[1.410s] -- Up-to-date: /home/rahul/pick_bot/pickbot_ws/install/pickbot_msgs/local/lib/python3.10/dist-packages/pickbot_msgs
[1.410s] -- Up-to-date: /home/rahul/pick_bot/pickbot_ws/install/pickbot_msgs/local/lib/python3.10/dist-packages/pickbot_msgs/_pickbot_msgs_s.ep.rosidl_typesupport_fastrtps_c.c
[1.410s] -- Up-to-date: /home/rahul/pick_bot/pickbot_ws/install/pickbot_msgs/local/lib/python3.10/dist-packages/pickbot_msgs/_pickbot_msgs_s.ep.rosidl_typesupport_c.c
[1.411s] -- Up-to-date: /home/rahul/pick_bot/pickbot_ws/install/pickbot_msgs/local/lib/python3.10/dist-packages/pickbot_msgs/pickbot_msgs_s__rosidl_typesupport_introspection_c.cpython-310-x86_64-linux-gnu.so
[1.411s] -- Up-to-date: /home/rahul/pick_bot/pickbot_ws/install/pickbot_msgs/local/lib/python3.10/dist-packages/pickbot_msgs/action
[1.411s] -- Up-to-date: /home/rahul/pick_bot/pickbot_ws/install/pickbot_msgs/local/lib/python3.10/dist-packages/pickbot_msgs/action/__init__.py
[1.411s] -- Up-to-date: /home/rahul/pick_bot/pickbot_ws/install/pickbot_msgs/local/lib/python3.10/dist-packages/pickbot_msgs/action/_fibonacci.py
[1.411s] -- Up-to-date: /home/rahul/pick_bot/pickbot_ws/install/pickbot_msgs/local/lib/python3.10/dist-packages/pickbot_msgs/action/_fibonacci_s.c
[1.411s] -- Up-to-date: /home/rahul/pick_bot/pickbot_ws/install/pickbot_msgs/local/lib/python3.10/dist-packages/pickbot_msgs/pickbot_msgs_s__rosidl_typesupport_c.cpython-310-x86_64-linux-gnu.so
[1.411s] -- Up-to-date: /home/rahul/pick_bot/pickbot_ws/install/pickbot_msgs/local/lib/python3.10/dist-packages/pickbot_msgs/__init__.py
[1.411s] -- Up-to-date: /home/rahul/pick_bot/pickbot_ws/install/pickbot_msgs/local/lib/python3.10/dist-packages/pickbot_msgs/libpickbot_msgs__rosidl_generator_py.so
[1.411s] -- Up-to-date: /home/rahul/pick_bot/pickbot_ws/install/pickbot_msgs/local/lib/python3.10/dist-packages/pickbot_msgs/srv
[1.411s] -- Up-to-date: /home/rahul/pick_bot/pickbot_ws/install/pickbot_msgs/local/lib/python3.10/dist-packages/pickbot_msgs/srv/_quaternion_to_euler.py
[1.411s] -- Up-to-date: /home/rahul/pick_bot/pickbot_ws/install/pickbot_msgs/local/lib/python3.10/dist-packages/pickbot_msgs/srv/_euler_to_quaternion_s.c
[1.411s] -- Up-to-date: /home/rahul/pick_bot/pickbot_ws/install/pickbot_msgs/local/lib/python3.10/dist-packages/pickbot_msgs/srv/_quaternion_to_euler_s.c
[1.411s] -- Up-to-date: /home/rahul/pick_bot/pickbot_ws/install/pickbot_msgs/local/lib/python3.10/dist-packages/pickbot_msgs/srv/_euler_to_quaternion.py
[1.411s] -- Up-to-date: /home/rahul/pick_bot/pickbot_ws/install/pickbot_msgs/local/lib/python3.10/dist-packages/pickbot_msgs/srv/_add_two_ints_s.c
[1.411s] -- Up-to-date: /home/rahul/pick_bot/pickbot_ws/install/pickbot_msgs/local/lib/python3.10/dist-packages/pickbot_msgs/srv/__init__.py
[1.411s] -- Up-to-date: /home/rahul/pick_bot/pickbot_ws/install/pickbot_msgs/local/lib/python3.10/dist-packages/pickbot_msgs/srv/_add_two_ints.py
[1.411s] -- Up-to-date: /home/rahul/pick_bot/pickbot_ws/install/pickbot_msgs/local/lib/python3.10/dist-packages/pickbot_msgs/pickbot_msgs_s__rosidl_typesupport_fastrtps_c.cpython-310-x86_64-linux-gnu.so
[1.411s] -- Up-to-date: /home/rahul/pick_bot/pickbot_ws/install/pickbot_msgs/local/lib/python3.10/dist-packages/pickbot_msgs/_pickbot_msgs_s.ep.rosidl_typesupport_introspection_c.c
[1.483s] Listing '/home/rahul/pick_bot/pickbot_ws/install/pickbot_msgs/local/lib/python3.10/dist-packages/pickbot_msgs'...
[1.483s] Listing '/home/rahul/pick_bot/pickbot_ws/install/pickbot_msgs/local/lib/python3.10/dist-packages/pickbot_msgs/action'...
[1.483s] Listing '/home/rahul/pick_bot/pickbot_ws/install/pickbot_msgs/local/lib/python3.10/dist-packages/pickbot_msgs/srv'...
[1.492s] -- Up-to-date: /home/rahul/pick_bot/pickbot_ws/install/pickbot_msgs/local/lib/python3.10/dist-packages/pickbot_msgs/pickbot_msgs_s__rosidl_typesupport_fastrtps_c.cpython-310-x86_64-linux-gnu.so
[1.492s] -- Up-to-date: /home/rahul/pick_bot/pickbot_ws/install/pickbot_msgs/local/lib/python3.10/dist-packages/pickbot_msgs/pickbot_msgs_s__rosidl_typesupport_introspection_c.cpython-310-x86_64-linux-gnu.so
[1.493s] -- Up-to-date: /home/rahul/pick_bot/pickbot_ws/install/pickbot_msgs/local/lib/python3.10/dist-packages/pickbot_msgs/pickbot_msgs_s__rosidl_typesupport_c.cpython-310-x86_64-linux-gnu.so
[1.493s] -- Up-to-date: /home/rahul/pick_bot/pickbot_ws/install/pickbot_msgs/lib/libpickbot_msgs__rosidl_generator_py.so
[1.493s] -- Up-to-date: /home/rahul/pick_bot/pickbot_ws/install/pickbot_msgs/share/pickbot_msgs/srv/AddTwoInts.idl
[1.493s] -- Up-to-date: /home/rahul/pick_bot/pickbot_ws/install/pickbot_msgs/share/pickbot_msgs/srv/EulerToQuaternion.idl
[1.493s] -- Up-to-date: /home/rahul/pick_bot/pickbot_ws/install/pickbot_msgs/share/pickbot_msgs/srv/QuaternionToEuler.idl
[1.494s] -- Up-to-date: /home/rahul/pick_bot/pickbot_ws/install/pickbot_msgs/share/pickbot_msgs/action/Fibonacci.idl
[1.494s] -- Up-to-date: /home/rahul/pick_bot/pickbot_ws/install/pickbot_msgs/share/pickbot_msgs/srv/AddTwoInts.srv
[1.494s] -- Up-to-date: /home/rahul/pick_bot/pickbot_ws/install/pickbot_msgs/share/pickbot_msgs/srv/AddTwoInts_Request.msg
[1.494s] -- Up-to-date: /home/rahul/pick_bot/pickbot_ws/install/pickbot_msgs/share/pickbot_msgs/srv/AddTwoInts_Response.msg
[1.494s] -- Up-to-date: /home/rahul/pick_bot/pickbot_ws/install/pickbot_msgs/share/pickbot_msgs/srv/EulerToQuaternion.srv
[1.494s] -- Up-to-date: /home/rahul/pick_bot/pickbot_ws/install/pickbot_msgs/share/pickbot_msgs/srv/EulerToQuaternion_Request.msg
[1.494s] -- Up-to-date: /home/rahul/pick_bot/pickbot_ws/install/pickbot_msgs/share/pickbot_msgs/srv/EulerToQuaternion_Response.msg
[1.495s] -- Up-to-date: /home/rahul/pick_bot/pickbot_ws/install/pickbot_msgs/share/pickbot_msgs/srv/QuaternionToEuler.srv
[1.495s] -- Up-to-date: /home/rahul/pick_bot/pickbot_ws/install/pickbot_msgs/share/pickbot_msgs/srv/QuaternionToEuler_Request.msg
[1.495s] -- Up-to-date: /home/rahul/pick_bot/pickbot_ws/install/pickbot_msgs/share/pickbot_msgs/srv/QuaternionToEuler_Response.msg
[1.495s] -- Up-to-date: /home/rahul/pick_bot/pickbot_ws/install/pickbot_msgs/share/pickbot_msgs/action/Fibonacci.action
[1.495s] -- Up-to-date: /home/rahul/pick_bot/pickbot_ws/install/pickbot_msgs/share/ament_index/resource_index/package_run_dependencies/pickbot_msgs
[1.495s] -- Up-to-date: /home/rahul/pick_bot/pickbot_ws/install/pickbot_msgs/share/ament_index/resource_index/parent_prefix_path/pickbot_msgs
[1.495s] -- Up-to-date: /home/rahul/pick_bot/pickbot_ws/install/pickbot_msgs/share/pickbot_msgs/environment/ament_prefix_path.sh
[1.495s] -- Up-to-date: /home/rahul/pick_bot/pickbot_ws/install/pickbot_msgs/share/pickbot_msgs/environment/ament_prefix_path.dsv
[1.495s] -- Up-to-date: /home/rahul/pick_bot/pickbot_ws/install/pickbot_msgs/share/pickbot_msgs/environment/path.sh
[1.496s] -- Up-to-date: /home/rahul/pick_bot/pickbot_ws/install/pickbot_msgs/share/pickbot_msgs/environment/path.dsv
[1.496s] -- Up-to-date: /home/rahul/pick_bot/pickbot_ws/install/pickbot_msgs/share/pickbot_msgs/local_setup.bash
[1.496s] -- Up-to-date: /home/rahul/pick_bot/pickbot_ws/install/pickbot_msgs/share/pickbot_msgs/local_setup.sh
[1.496s] -- Up-to-date: /home/rahul/pick_bot/pickbot_ws/install/pickbot_msgs/share/pickbot_msgs/local_setup.zsh
[1.496s] -- Up-to-date: /home/rahul/pick_bot/pickbot_ws/install/pickbot_msgs/share/pickbot_msgs/local_setup.dsv
[1.496s] -- Installing: /home/rahul/pick_bot/pickbot_ws/install/pickbot_msgs/share/pickbot_msgs/package.dsv
[1.525s] -- Up-to-date: /home/rahul/pick_bot/pickbot_ws/install/pickbot_msgs/share/ament_index/resource_index/packages/pickbot_msgs
[1.525s] -- Up-to-date: /home/rahul/pick_bot/pickbot_ws/install/pickbot_msgs/share/pickbot_msgs/cmake/export_pickbot_msgs__rosidl_generator_cExport.cmake
[1.525s] -- Up-to-date: /home/rahul/pick_bot/pickbot_ws/install/pickbot_msgs/share/pickbot_msgs/cmake/export_pickbot_msgs__rosidl_generator_cExport-noconfig.cmake
[1.529s] -- Up-to-date: /home/rahul/pick_bot/pickbot_ws/install/pickbot_msgs/share/pickbot_msgs/cmake/export_pickbot_msgs__rosidl_typesupport_fastrtps_cExport.cmake
[1.529s] -- Up-to-date: /home/rahul/pick_bot/pickbot_ws/install/pickbot_msgs/share/pickbot_msgs/cmake/export_pickbot_msgs__rosidl_typesupport_fastrtps_cExport-noconfig.cmake
[1.529s] -- Up-to-date: /home/rahul/pick_bot/pickbot_ws/install/pickbot_msgs/share/pickbot_msgs/cmake/export_pickbot_msgs__rosidl_generator_cppExport.cmake
[1.530s] -- Up-to-date: /home/rahul/pick_bot/pickbot_ws/install/pickbot_msgs/share/pickbot_msgs/cmake/export_pickbot_msgs__rosidl_typesupport_fastrtps_cppExport.cmake
[1.530s] -- Up-to-date: /home/rahul/pick_bot/pickbot_ws/install/pickbot_msgs/share/pickbot_msgs/cmake/export_pickbot_msgs__rosidl_typesupport_fastrtps_cppExport-noconfig.cmake
[1.530s] -- Up-to-date: /home/rahul/pick_bot/pickbot_ws/install/pickbot_msgs/share/pickbot_msgs/cmake/pickbot_msgs__rosidl_typesupport_introspection_cExport.cmake
[1.530s] -- Up-to-date: /home/rahul/pick_bot/pickbot_ws/install/pickbot_msgs/share/pickbot_msgs/cmake/pickbot_msgs__rosidl_typesupport_introspection_cExport-noconfig.cmake
[1.531s] -- Up-to-date: /home/rahul/pick_bot/pickbot_ws/install/pickbot_msgs/share/pickbot_msgs/cmake/pickbot_msgs__rosidl_typesupport_cExport.cmake
[1.531s] -- Up-to-date: /home/rahul/pick_bot/pickbot_ws/install/pickbot_msgs/share/pickbot_msgs/cmake/pickbot_msgs__rosidl_typesupport_cExport-noconfig.cmake
[1.531s] -- Up-to-date: /home/rahul/pick_bot/pickbot_ws/install/pickbot_msgs/share/pickbot_msgs/cmake/pickbot_msgs__rosidl_typesupport_introspection_cppExport.cmake
[1.531s] -- Up-to-date: /home/rahul/pick_bot/pickbot_ws/install/pickbot_msgs/share/pickbot_msgs/cmake/pickbot_msgs__rosidl_typesupport_introspection_cppExport-noconfig.cmake
[1.532s] -- Up-to-date: /home/rahul/pick_bot/pickbot_ws/install/pickbot_msgs/share/pickbot_msgs/cmake/pickbot_msgs__rosidl_typesupport_cppExport.cmake
[1.532s] -- Up-to-date: /home/rahul/pick_bot/pickbot_ws/install/pickbot_msgs/share/pickbot_msgs/cmake/pickbot_msgs__rosidl_typesupport_cppExport-noconfig.cmake
[1.554s] -- Up-to-date: /home/rahul/pick_bot/pickbot_ws/install/pickbot_msgs/share/pickbot_msgs/cmake/export_pickbot_msgs__rosidl_generator_pyExport.cmake
[1.554s] -- Up-to-date: /home/rahul/pick_bot/pickbot_ws/install/pickbot_msgs/share/pickbot_msgs/cmake/export_pickbot_msgs__rosidl_generator_pyExport-noconfig.cmake
[1.554s] -- Up-to-date: /home/rahul/pick_bot/pickbot_ws/install/pickbot_msgs/share/pickbot_msgs/cmake/rosidl_cmake-extras.cmake
[1.554s] -- Up-to-date: /home/rahul/pick_bot/pickbot_ws/install/pickbot_msgs/share/pickbot_msgs/cmake/ament_cmake_export_dependencies-extras.cmake
[1.554s] -- Up-to-date: /home/rahul/pick_bot/pickbot_ws/install/pickbot_msgs/share/pickbot_msgs/cmake/ament_cmake_export_include_directories-extras.cmake
[1.554s] -- Up-to-date: /home/rahul/pick_bot/pickbot_ws/install/pickbot_msgs/share/pickbot_msgs/cmake/ament_cmake_export_libraries-extras.cmake
[1.554s] -- Up-to-date: /home/rahul/pick_bot/pickbot_ws/install/pickbot_msgs/share/pickbot_msgs/cmake/ament_cmake_export_targets-extras.cmake
[1.554s] -- Up-to-date: /home/rahul/pick_bot/pickbot_ws/install/pickbot_msgs/share/pickbot_msgs/cmake/rosidl_cmake_export_typesupport_targets-extras.cmake
[1.554s] -- Up-to-date: /home/rahul/pick_bot/pickbot_ws/install/pickbot_msgs/share/pickbot_msgs/cmake/rosidl_cmake_export_typesupport_libraries-extras.cmake
[1.554s] -- Up-to-date: /home/rahul/pick_bot/pickbot_ws/install/pickbot_msgs/share/pickbot_msgs/cmake/pickbot_msgsConfig.cmake
[1.555s] -- Up-to-date: /home/rahul/pick_bot/pickbot_ws/install/pickbot_msgs/share/pickbot_msgs/cmake/pickbot_msgsConfig-version.cmake
[1.555s] -- Up-to-date: /home/rahul/pick_bot/pickbot_ws/install/pickbot_msgs/share/pickbot_msgs/package.xml
[1.614s] Invoked command in '/home/rahul/pick_bot/pickbot_ws/build/pickbot_msgs' returned '0': CMAKE_PREFIX_PATH=${CMAKE_PREFIX_PATH}:/opt/ros/humble /usr/bin/cmake --install /home/rahul/pick_bot/pickbot_ws/build/pickbot_msgs
