[0.100s] Invoking command in '/home/rahul/pick_bot/pickbot_ws/build/pickbot_description': CMAKE_PREFIX_PATH=${CMAKE_PREFIX_PATH}:/opt/ros/humble /usr/bin/cmake --build /home/rahul/pick_bot/pickbot_ws/build/pickbot_description -- -j12 -l12
[0.488s] Invoked command in '/home/rahul/pick_bot/pickbot_ws/build/pickbot_description' returned '0': CMAKE_PREFIX_PATH=${CMAKE_PREFIX_PATH}:/opt/ros/humble /usr/bin/cmake --build /home/rahul/pick_bot/pickbot_ws/build/pickbot_description -- -j12 -l12
[0.574s] Invoking command in '/home/rahul/pick_bot/pickbot_ws/build/pickbot_description': CMAKE_PREFIX_PATH=${CMAKE_PREFIX_PATH}:/opt/ros/humble /usr/bin/cmake --install /home/rahul/pick_bot/pickbot_ws/build/pickbot_description
[0.587s] -- Install configuration: ""
[0.607s] -- Up-to-date: /home/rahul/pick_bot/pickbot_ws/install/pickbot_description/share/pickbot_description/meshes
[0.607s] -- Up-to-date: /home/rahul/pick_bot/pickbot_ws/install/pickbot_description/share/pickbot_description/meshes/left_finger.STL
[0.608s] -- Up-to-date: /home/rahul/pick_bot/pickbot_ws/install/pickbot_description/share/pickbot_description/meshes/plate.STL
[0.608s] -- Up-to-date: /home/rahul/pick_bot/pickbot_ws/install/pickbot_description/share/pickbot_description/meshes/pi_camera.STL
[0.608s] -- Up-to-date: /home/rahul/pick_bot/pickbot_ws/install/pickbot_description/share/pickbot_description/meshes/triangular_link.STL
[0.608s] -- Up-to-date: /home/rahul/pick_bot/pickbot_ws/install/pickbot_description/share/pickbot_description/meshes/horizontal_arm.STL
[0.608s] -- Up-to-date: /home/rahul/pick_bot/pickbot_ws/install/pickbot_description/share/pickbot_description/meshes/round_plate.STL
[0.608s] -- Up-to-date: /home/rahul/pick_bot/pickbot_ws/install/pickbot_description/share/pickbot_description/meshes/claw_support.STL
[0.608s] -- Up-to-date: /home/rahul/pick_bot/pickbot_ws/install/pickbot_description/share/pickbot_description/meshes/basement.STL
[0.609s] -- Up-to-date: /home/rahul/pick_bot/pickbot_ws/install/pickbot_description/share/pickbot_description/meshes/link.STL
[0.609s] -- Up-to-date: /home/rahul/pick_bot/pickbot_ws/install/pickbot_description/share/pickbot_description/meshes/forward_drive_arm.STL
[0.609s] -- Up-to-date: /home/rahul/pick_bot/pickbot_ws/install/pickbot_description/share/pickbot_description/meshes/base_plate.STL
[0.609s] -- Up-to-date: /home/rahul/pick_bot/pickbot_ws/install/pickbot_description/share/pickbot_description/meshes/vertical_drive_arm.STL
[0.609s] -- Up-to-date: /home/rahul/pick_bot/pickbot_ws/install/pickbot_description/share/pickbot_description/meshes/right_finger.STL
[0.609s] -- Up-to-date: /home/rahul/pick_bot/pickbot_ws/install/pickbot_description/share/pickbot_description/meshes/servo_plate.STL
[0.609s] -- Up-to-date: /home/rahul/pick_bot/pickbot_ws/install/pickbot_description/share/pickbot_description/urdf
[0.609s] -- Up-to-date: /home/rahul/pick_bot/pickbot_ws/install/pickbot_description/share/pickbot_description/urdf/pickbot_gazebo.xacro
[0.609s] -- Up-to-date: /home/rahul/pick_bot/pickbot_ws/install/pickbot_description/share/pickbot_description/urdf/pickbot_ros2_control.xacro
[0.609s] -- Up-to-date: /home/rahul/pick_bot/pickbot_ws/install/pickbot_description/share/pickbot_description/urdf/pickbot.urdf.xacro
[0.609s] -- Up-to-date: /home/rahul/pick_bot/pickbot_ws/install/pickbot_description/share/pickbot_description/launch
[0.609s] -- Up-to-date: /home/rahul/pick_bot/pickbot_ws/install/pickbot_description/share/pickbot_description/launch/display.launch.py
[0.609s] -- Up-to-date: /home/rahul/pick_bot/pickbot_ws/install/pickbot_description/share/pickbot_description/launch/gazebo.launch.py
[0.609s] -- Up-to-date: /home/rahul/pick_bot/pickbot_ws/install/pickbot_description/share/pickbot_description/rviz
[0.609s] -- Up-to-date: /home/rahul/pick_bot/pickbot_ws/install/pickbot_description/share/pickbot_description/rviz/display.rviz
[0.609s] -- Up-to-date: /home/rahul/pick_bot/pickbot_ws/install/pickbot_description/share/ament_index/resource_index/package_run_dependencies/pickbot_description
[0.609s] -- Up-to-date: /home/rahul/pick_bot/pickbot_ws/install/pickbot_description/share/ament_index/resource_index/parent_prefix_path/pickbot_description
[0.609s] -- Installing: /home/rahul/pick_bot/pickbot_ws/install/pickbot_description/share/pickbot_description/environment/ament_prefix_path.sh
[0.659s] -- Up-to-date: /home/rahul/pick_bot/pickbot_ws/install/pickbot_description/share/pickbot_description/environment/ament_prefix_path.dsv
[0.660s] -- Installing: /home/rahul/pick_bot/pickbot_ws/install/pickbot_description/share/pickbot_description/environment/path.sh
[0.660s] -- Up-to-date: /home/rahul/pick_bot/pickbot_ws/install/pickbot_description/share/pickbot_description/environment/path.dsv
[0.660s] -- Up-to-date: /home/rahul/pick_bot/pickbot_ws/install/pickbot_description/share/pickbot_description/local_setup.bash
[0.660s] -- Up-to-date: /home/rahul/pick_bot/pickbot_ws/install/pickbot_description/share/pickbot_description/local_setup.sh
[0.660s] -- Up-to-date: /home/rahul/pick_bot/pickbot_ws/install/pickbot_description/share/pickbot_description/local_setup.zsh
[0.660s] -- Up-to-date: /home/rahul/pick_bot/pickbot_ws/install/pickbot_description/share/pickbot_description/local_setup.dsv
[0.661s] -- Installing: /home/rahul/pick_bot/pickbot_ws/install/pickbot_description/share/pickbot_description/package.dsv
[0.687s] -- Up-to-date: /home/rahul/pick_bot/pickbot_ws/install/pickbot_description/share/ament_index/resource_index/packages/pickbot_description
[0.687s] -- Up-to-date: /home/rahul/pick_bot/pickbot_ws/install/pickbot_description/share/pickbot_description/cmake/pickbot_descriptionConfig.cmake
[0.687s] -- Up-to-date: /home/rahul/pick_bot/pickbot_ws/install/pickbot_description/share/pickbot_description/cmake/pickbot_descriptionConfig-version.cmake
[0.687s] -- Up-to-date: /home/rahul/pick_bot/pickbot_ws/install/pickbot_description/share/pickbot_description/package.xml
[0.702s] Invoked command in '/home/rahul/pick_bot/pickbot_ws/build/pickbot_description' returned '0': CMAKE_PREFIX_PATH=${CMAKE_PREFIX_PATH}:/opt/ros/humble /usr/bin/cmake --install /home/rahul/pick_bot/pickbot_ws/build/pickbot_description
