[0.053s] Invoking command in '/home/rahul/pick_bot/pickbot_ws/build/pickbot_description': CMAKE_PREFIX_PATH=${CMAKE_PREFIX_PATH}:/opt/ros/humble /usr/bin/cmake --build /home/rahul/pick_bot/pickbot_ws/build/pickbot_description -- -j12 -l12
[0.665s] -- Found ament_cmake: 1.3.10 (/opt/ros/humble/share/ament_cmake/cmake)
[2.241s] -- Found urdf: 2.6.1 (/opt/ros/humble/share/urdf/cmake)
[3.402s] -- Found ament_lint_auto: 0.12.11 (/opt/ros/humble/share/ament_lint_auto/cmake)
[3.826s] -- Added test 'flake8' to check Python code syntax and style conventions
[3.831s] -- Added test 'lint_cmake' to check CMake code style
[3.857s] -- Added test 'pep257' to check Python code against some of the docstring style conventions in PEP 257
[3.876s] -- Added test 'xmllint' to check XML markup files
[3.877s] -- Configuring done
[3.909s] -- Generating done
[3.911s] -- Build files have been written to: /home/rahul/pick_bot/pickbot_ws/build/pickbot_description
[3.958s] Invoked command in '/home/rahul/pick_bot/pickbot_ws/build/pickbot_description' returned '0': CMAKE_PREFIX_PATH=${CMAKE_PREFIX_PATH}:/opt/ros/humble /usr/bin/cmake --build /home/rahul/pick_bot/pickbot_ws/build/pickbot_description -- -j12 -l12
[3.991s] Invoking command in '/home/rahul/pick_bot/pickbot_ws/build/pickbot_description': CMAKE_PREFIX_PATH=${CMAKE_PREFIX_PATH}:/opt/ros/humble /usr/bin/cmake --install /home/rahul/pick_bot/pickbot_ws/build/pickbot_description
[4.001s] -- Install configuration: ""
[4.002s] -- Up-to-date: /home/rahul/pick_bot/pickbot_ws/install/pickbot_description/share/pickbot_description/meshes
[4.002s] -- Up-to-date: /home/rahul/pick_bot/pickbot_ws/install/pickbot_description/share/pickbot_description/meshes/left_finger.STL
[4.002s] -- Up-to-date: /home/rahul/pick_bot/pickbot_ws/install/pickbot_description/share/pickbot_description/meshes/plate.STL
[4.002s] -- Up-to-date: /home/rahul/pick_bot/pickbot_ws/install/pickbot_description/share/pickbot_description/meshes/pi_camera.STL
[4.002s] -- Up-to-date: /home/rahul/pick_bot/pickbot_ws/install/pickbot_description/share/pickbot_description/meshes/triangular_link.STL
[4.002s] -- Up-to-date: /home/rahul/pick_bot/pickbot_ws/install/pickbot_description/share/pickbot_description/meshes/horizontal_arm.STL
[4.003s] -- Up-to-date: /home/rahul/pick_bot/pickbot_ws/install/pickbot_description/share/pickbot_description/meshes/round_plate.STL
[4.003s] -- Up-to-date: /home/rahul/pick_bot/pickbot_ws/install/pickbot_description/share/pickbot_description/meshes/claw_support.STL
[4.003s] -- Up-to-date: /home/rahul/pick_bot/pickbot_ws/install/pickbot_description/share/pickbot_description/meshes/basement.STL
[4.003s] -- Up-to-date: /home/rahul/pick_bot/pickbot_ws/install/pickbot_description/share/pickbot_description/meshes/link.STL
[4.003s] -- Up-to-date: /home/rahul/pick_bot/pickbot_ws/install/pickbot_description/share/pickbot_description/meshes/forward_drive_arm.STL
[4.003s] -- Up-to-date: /home/rahul/pick_bot/pickbot_ws/install/pickbot_description/share/pickbot_description/meshes/base_plate.STL
[4.003s] -- Up-to-date: /home/rahul/pick_bot/pickbot_ws/install/pickbot_description/share/pickbot_description/meshes/vertical_drive_arm.STL
[4.004s] -- Up-to-date: /home/rahul/pick_bot/pickbot_ws/install/pickbot_description/share/pickbot_description/meshes/right_finger.STL
[4.004s] -- Up-to-date: /home/rahul/pick_bot/pickbot_ws/install/pickbot_description/share/pickbot_description/meshes/servo_plate.STL
[4.004s] -- Up-to-date: /home/rahul/pick_bot/pickbot_ws/install/pickbot_description/share/pickbot_description/urdf
[4.004s] -- Installing: /home/rahul/pick_bot/pickbot_ws/install/pickbot_description/share/pickbot_description/urdf/pickbot_gazebo.xacro
[4.004s] -- Installing: /home/rahul/pick_bot/pickbot_ws/install/pickbot_description/share/pickbot_description/urdf/pickbot_ros2_control.xacro
[4.004s] -- Installing: /home/rahul/pick_bot/pickbot_ws/install/pickbot_description/share/pickbot_description/urdf/pickbot.urdf.xacro
[4.005s] -- Up-to-date: /home/rahul/pick_bot/pickbot_ws/install/pickbot_description/share/pickbot_description/launch
[4.005s] -- Up-to-date: /home/rahul/pick_bot/pickbot_ws/install/pickbot_description/share/pickbot_description/launch/display.launch.py
[4.005s] -- Up-to-date: /home/rahul/pick_bot/pickbot_ws/install/pickbot_description/share/pickbot_description/launch/gazebo.launch.py
[4.005s] -- Up-to-date: /home/rahul/pick_bot/pickbot_ws/install/pickbot_description/share/pickbot_description/rviz
[4.005s] -- Up-to-date: /home/rahul/pick_bot/pickbot_ws/install/pickbot_description/share/pickbot_description/rviz/display.rviz
[4.005s] -- Installing: /home/rahul/pick_bot/pickbot_ws/install/pickbot_description/share/ament_index/resource_index/package_run_dependencies/pickbot_description
[4.005s] -- Up-to-date: /home/rahul/pick_bot/pickbot_ws/install/pickbot_description/share/ament_index/resource_index/parent_prefix_path/pickbot_description
[4.005s] -- Up-to-date: /home/rahul/pick_bot/pickbot_ws/install/pickbot_description/share/pickbot_description/environment/ament_prefix_path.sh
[4.006s] -- Installing: /home/rahul/pick_bot/pickbot_ws/install/pickbot_description/share/pickbot_description/environment/ament_prefix_path.dsv
[4.006s] -- Up-to-date: /home/rahul/pick_bot/pickbot_ws/install/pickbot_description/share/pickbot_description/environment/path.sh
[4.006s] -- Installing: /home/rahul/pick_bot/pickbot_ws/install/pickbot_description/share/pickbot_description/environment/path.dsv
[4.006s] -- Up-to-date: /home/rahul/pick_bot/pickbot_ws/install/pickbot_description/share/pickbot_description/local_setup.bash
[4.006s] -- Up-to-date: /home/rahul/pick_bot/pickbot_ws/install/pickbot_description/share/pickbot_description/local_setup.sh
[4.006s] -- Up-to-date: /home/rahul/pick_bot/pickbot_ws/install/pickbot_description/share/pickbot_description/local_setup.zsh
[4.006s] -- Installing: /home/rahul/pick_bot/pickbot_ws/install/pickbot_description/share/pickbot_description/local_setup.dsv
[4.006s] -- Installing: /home/rahul/pick_bot/pickbot_ws/install/pickbot_description/share/pickbot_description/package.dsv
[4.007s] -- Up-to-date: /home/rahul/pick_bot/pickbot_ws/install/pickbot_description/share/ament_index/resource_index/packages/pickbot_description
[4.007s] -- Up-to-date: /home/rahul/pick_bot/pickbot_ws/install/pickbot_description/share/pickbot_description/cmake/pickbot_descriptionConfig.cmake
[4.007s] -- Up-to-date: /home/rahul/pick_bot/pickbot_ws/install/pickbot_description/share/pickbot_description/cmake/pickbot_descriptionConfig-version.cmake
[4.007s] -- Installing: /home/rahul/pick_bot/pickbot_ws/install/pickbot_description/share/pickbot_description/package.xml
[4.009s] Invoked command in '/home/rahul/pick_bot/pickbot_ws/build/pickbot_description' returned '0': CMAKE_PREFIX_PATH=${CMAKE_PREFIX_PATH}:/opt/ros/humble /usr/bin/cmake --install /home/rahul/pick_bot/pickbot_ws/build/pickbot_description
