[0.148s] Invoking command in '/home/rahul/pick_bot/pickbot_ws/build/pickbot_moveit': CMAKE_PREFIX_PATH=${CMAKE_PREFIX_PATH}:/opt/ros/humble /usr/bin/cmake --build /home/rahul/pick_bot/pickbot_ws/build/pickbot_moveit -- -j12 -l12
[0.721s] Invoked command in '/home/rahul/pick_bot/pickbot_ws/build/pickbot_moveit' returned '0': CMAKE_PREFIX_PATH=${CMAKE_PREFIX_PATH}:/opt/ros/humble /usr/bin/cmake --build /home/rahul/pick_bot/pickbot_ws/build/pickbot_moveit -- -j12 -l12
[0.751s] Invoking command in '/home/rahul/pick_bot/pickbot_ws/build/pickbot_moveit': CMAKE_PREFIX_PATH=${CMAKE_PREFIX_PATH}:/opt/ros/humble /usr/bin/cmake --install /home/rahul/pick_bot/pickbot_ws/build/pickbot_moveit
[0.816s] -- Install configuration: ""
[0.817s] -- Up-to-date: /home/rahul/pick_bot/pickbot_ws/install/pickbot_moveit/share/pickbot_moveit/launch
[0.817s] -- Up-to-date: /home/rahul/pick_bot/pickbot_ws/install/pickbot_moveit/share/pickbot_moveit/launch/moveit.launch.py
[0.818s] -- Up-to-date: /home/rahul/pick_bot/pickbot_ws/install/pickbot_moveit/share/pickbot_moveit/config
[0.818s] -- Up-to-date: /home/rahul/pick_bot/pickbot_ws/install/pickbot_moveit/share/pickbot_moveit/config/joint_limits.yaml
[0.818s] -- Up-to-date: /home/rahul/pick_bot/pickbot_ws/install/pickbot_moveit/share/pickbot_moveit/config/moveit_controllers.yaml
[0.818s] -- Up-to-date: /home/rahul/pick_bot/pickbot_ws/install/pickbot_moveit/share/pickbot_moveit/config/pickbot.srdf
[0.818s] -- Installing: /home/rahul/pick_bot/pickbot_ws/install/pickbot_moveit/share/pickbot_moveit/config/kinematics.yaml
[0.818s] -- Up-to-date: /home/rahul/pick_bot/pickbot_ws/install/pickbot_moveit/share/pickbot_moveit/config/pliz_cartesian_limits.yaml
[0.818s] -- Up-to-date: /home/rahul/pick_bot/pickbot_ws/install/pickbot_moveit/share/pickbot_moveit/config/initial_positions.yaml
[0.818s] -- Up-to-date: /home/rahul/pick_bot/pickbot_ws/install/pickbot_moveit/share/ament_index/resource_index/package_run_dependencies/pickbot_moveit
[0.818s] -- Up-to-date: /home/rahul/pick_bot/pickbot_ws/install/pickbot_moveit/share/ament_index/resource_index/parent_prefix_path/pickbot_moveit
[0.818s] -- Up-to-date: /home/rahul/pick_bot/pickbot_ws/install/pickbot_moveit/share/pickbot_moveit/environment/ament_prefix_path.sh
[0.818s] -- Up-to-date: /home/rahul/pick_bot/pickbot_ws/install/pickbot_moveit/share/pickbot_moveit/environment/ament_prefix_path.dsv
[0.819s] -- Up-to-date: /home/rahul/pick_bot/pickbot_ws/install/pickbot_moveit/share/pickbot_moveit/environment/path.sh
[0.819s] -- Up-to-date: /home/rahul/pick_bot/pickbot_ws/install/pickbot_moveit/share/pickbot_moveit/environment/path.dsv
[0.819s] -- Up-to-date: /home/rahul/pick_bot/pickbot_ws/install/pickbot_moveit/share/pickbot_moveit/local_setup.bash
[0.819s] -- Up-to-date: /home/rahul/pick_bot/pickbot_ws/install/pickbot_moveit/share/pickbot_moveit/local_setup.sh
[0.819s] -- Up-to-date: /home/rahul/pick_bot/pickbot_ws/install/pickbot_moveit/share/pickbot_moveit/local_setup.zsh
[0.819s] -- Up-to-date: /home/rahul/pick_bot/pickbot_ws/install/pickbot_moveit/share/pickbot_moveit/local_setup.dsv
[0.821s] -- Installing: /home/rahul/pick_bot/pickbot_ws/install/pickbot_moveit/share/pickbot_moveit/package.dsv
[0.821s] -- Up-to-date: /home/rahul/pick_bot/pickbot_ws/install/pickbot_moveit/share/ament_index/resource_index/packages/pickbot_moveit
[0.821s] -- Up-to-date: /home/rahul/pick_bot/pickbot_ws/install/pickbot_moveit/share/pickbot_moveit/cmake/pickbot_moveitConfig.cmake
[0.821s] -- Up-to-date: /home/rahul/pick_bot/pickbot_ws/install/pickbot_moveit/share/pickbot_moveit/cmake/pickbot_moveitConfig-version.cmake
[0.821s] -- Up-to-date: /home/rahul/pick_bot/pickbot_ws/install/pickbot_moveit/share/pickbot_moveit/package.xml
[0.822s] Invoked command in '/home/rahul/pick_bot/pickbot_ws/build/pickbot_moveit' returned '0': CMAKE_PREFIX_PATH=${CMAKE_PREFIX_PATH}:/opt/ros/humble /usr/bin/cmake --install /home/rahul/pick_bot/pickbot_ws/build/pickbot_moveit
