[0.065s] Invoking command in '/home/rahul/pick_bot/pickbot_ws/build/pickbot_utils': CMAKE_PREFIX_PATH=/home/rahul/pick_bot/pickbot_ws/install/pickbot_msgs:/home/rahul/pick_bot/pickbot_ws/install/pickbot_utils:/home/rahul/pick_bot/pickbot_ws/install/pick_bot_cpp_examples:/home/rahul/pick_bot/pickbot_ws/install/pickbot_description:/home/rahul/pick_bot/pickbot_ws/install/pickbot_controller:/opt/ros/humble /usr/bin/cmake --build /home/rahul/pick_bot/pickbot_ws/build/pickbot_utils -- -j12 -l12
[0.463s] -- Found ament_cmake: 1.3.11 (/opt/ros/humble/share/ament_cmake/cmake)
[1.175s] -- Found rclcpp: 16.0.11 (/opt/ros/humble/share/rclcpp/cmake)
[1.574s] -- Found rosidl_generator_c: 3.1.6 (/opt/ros/humble/share/rosidl_generator_c/cmake)
[1.640s] -- Found rosidl_adapter: 3.1.6 (/opt/ros/humble/share/rosidl_adapter/cmake)
[1.714s] -- Found rosidl_generator_cpp: 3.1.6 (/opt/ros/humble/share/rosidl_generator_cpp/cmake)
[1.857s] -- Using all available rosidl_typesupport_c: rosidl_typesupport_fastrtps_c;rosidl_typesupport_introspection_c
[1.924s] -- Using all available rosidl_typesupport_cpp: rosidl_typesupport_fastrtps_cpp;rosidl_typesupport_introspection_cpp
[2.183s] -- Found rmw_implementation_cmake: 6.1.2 (/opt/ros/humble/share/rmw_implementation_cmake/cmake)
[2.203s] -- Found rmw_fastrtps_cpp: 6.2.7 (/opt/ros/humble/share/rmw_fastrtps_cpp/cmake)
[2.821s] -- Found OpenSSL: /usr/lib/x86_64-linux-gnu/libcrypto.so (found version "3.0.2")  
[2.894s] -- Found FastRTPS: /opt/ros/humble/include  
[2.944s] -- Using RMW implementation 'rmw_fastrtps_cpp' as default
[3.045s] -- Looking for pthread.h
[4.072s] -- Looking for pthread.h - found
[4.084s] -- Performing Test CMAKE_HAVE_LIBC_PTHREAD
[4.233s] -- Performing Test CMAKE_HAVE_LIBC_PTHREAD - Success
[4.235s] -- Found Threads: TRUE  
[4.525s] -- Found pickbot_msgs: 0.0.0 (/home/rahul/pick_bot/pickbot_ws/install/pickbot_msgs/share/pickbot_msgs/cmake)
[4.571s] -- Found tf2: 0.25.9 (/opt/ros/humble/share/tf2/cmake)
[4.677s] -- Found ament_lint_auto: 0.12.11 (/opt/ros/humble/share/ament_lint_auto/cmake)
[4.927s] -- Added test 'cppcheck' to perform static code analysis on C / C++ code
[4.927s] -- Configured cppcheck include dirs: 
[4.927s] -- Configured cppcheck exclude dirs and/or files: 
[4.978s] -- Added test 'lint_cmake' to check CMake code style
[4.993s] -- Added test 'uncrustify' to check C / C++ code style
[4.993s] -- Configured uncrustify additional arguments: 
[4.995s] -- Added test 'xmllint' to check XML markup files
[4.996s] -- Configuring done
[5.075s] -- Generating done
[5.086s] -- Build files have been written to: /home/rahul/pick_bot/pickbot_ws/build/pickbot_utils
[5.138s] [ 50%] [32mBuilding CXX object CMakeFiles/angle_conversion.dir/src/angle_conversion.cpp.o[0m
[11.610s] [100%] [32m[1mLinking CXX executable angle_conversion[0m
[13.674s] [100%] Built target angle_conversion
[13.692s] Invoked command in '/home/rahul/pick_bot/pickbot_ws/build/pickbot_utils' returned '0': CMAKE_PREFIX_PATH=/home/rahul/pick_bot/pickbot_ws/install/pickbot_msgs:/home/rahul/pick_bot/pickbot_ws/install/pickbot_utils:/home/rahul/pick_bot/pickbot_ws/install/pick_bot_cpp_examples:/home/rahul/pick_bot/pickbot_ws/install/pickbot_description:/home/rahul/pick_bot/pickbot_ws/install/pickbot_controller:/opt/ros/humble /usr/bin/cmake --build /home/rahul/pick_bot/pickbot_ws/build/pickbot_utils -- -j12 -l12
[13.694s] Invoking command in '/home/rahul/pick_bot/pickbot_ws/build/pickbot_utils': CMAKE_PREFIX_PATH=/home/rahul/pick_bot/pickbot_ws/install/pickbot_msgs:/home/rahul/pick_bot/pickbot_ws/install/pickbot_utils:/home/rahul/pick_bot/pickbot_ws/install/pick_bot_cpp_examples:/home/rahul/pick_bot/pickbot_ws/install/pickbot_description:/home/rahul/pick_bot/pickbot_ws/install/pickbot_controller:/opt/ros/humble /usr/bin/cmake --install /home/rahul/pick_bot/pickbot_ws/build/pickbot_utils
[13.704s] -- Install configuration: ""
[13.705s] -- Installing: /home/rahul/pick_bot/pickbot_ws/install/pickbot_utils/lib/pickbot_utils/angle_conversion
[13.707s] -- Set runtime path of "/home/rahul/pick_bot/pickbot_ws/install/pickbot_utils/lib/pickbot_utils/angle_conversion" to ""
[13.707s] -- Installing: /home/rahul/pick_bot/pickbot_ws/install/pickbot_utils/share/ament_index/resource_index/package_run_dependencies/pickbot_utils
[13.708s] -- Up-to-date: /home/rahul/pick_bot/pickbot_ws/install/pickbot_utils/share/ament_index/resource_index/parent_prefix_path/pickbot_utils
[13.708s] -- Installing: /home/rahul/pick_bot/pickbot_ws/install/pickbot_utils/share/pickbot_utils/environment/ament_prefix_path.sh
[13.708s] -- Installing: /home/rahul/pick_bot/pickbot_ws/install/pickbot_utils/share/pickbot_utils/environment/ament_prefix_path.dsv
[13.708s] -- Installing: /home/rahul/pick_bot/pickbot_ws/install/pickbot_utils/share/pickbot_utils/environment/path.sh
[13.708s] -- Installing: /home/rahul/pick_bot/pickbot_ws/install/pickbot_utils/share/pickbot_utils/environment/path.dsv
[13.708s] -- Up-to-date: /home/rahul/pick_bot/pickbot_ws/install/pickbot_utils/share/pickbot_utils/local_setup.bash
[13.708s] -- Up-to-date: /home/rahul/pick_bot/pickbot_ws/install/pickbot_utils/share/pickbot_utils/local_setup.sh
[13.709s] -- Up-to-date: /home/rahul/pick_bot/pickbot_ws/install/pickbot_utils/share/pickbot_utils/local_setup.zsh
[13.709s] -- Installing: /home/rahul/pick_bot/pickbot_ws/install/pickbot_utils/share/pickbot_utils/local_setup.dsv
[13.709s] -- Installing: /home/rahul/pick_bot/pickbot_ws/install/pickbot_utils/share/pickbot_utils/package.dsv
[13.709s] -- Up-to-date: /home/rahul/pick_bot/pickbot_ws/install/pickbot_utils/share/ament_index/resource_index/packages/pickbot_utils
[13.709s] -- Up-to-date: /home/rahul/pick_bot/pickbot_ws/install/pickbot_utils/share/pickbot_utils/cmake/pickbot_utilsConfig.cmake
[13.710s] -- Up-to-date: /home/rahul/pick_bot/pickbot_ws/install/pickbot_utils/share/pickbot_utils/cmake/pickbot_utilsConfig-version.cmake
[13.710s] -- Installing: /home/rahul/pick_bot/pickbot_ws/install/pickbot_utils/share/pickbot_utils/package.xml
[13.714s] Invoked command in '/home/rahul/pick_bot/pickbot_ws/build/pickbot_utils' returned '0': CMAKE_PREFIX_PATH=/home/rahul/pick_bot/pickbot_ws/install/pickbot_msgs:/home/rahul/pick_bot/pickbot_ws/install/pickbot_utils:/home/rahul/pick_bot/pickbot_ws/install/pick_bot_cpp_examples:/home/rahul/pick_bot/pickbot_ws/install/pickbot_description:/home/rahul/pick_bot/pickbot_ws/install/pickbot_controller:/opt/ros/humble /usr/bin/cmake --install /home/rahul/pick_bot/pickbot_ws/build/pickbot_utils
