[0.391s] DEBUG:colcon:Command line arguments: ['/usr/bin/colcon', 'build']
[0.391s] DEBUG:colcon:Parsed command line arguments: Namespace(log_base=None, log_level=None, verb_name='build', build_base='build', install_base='install', merge_install=False, symlink_install=False, test_result_base=None, continue_on_error=False, executor='parallel', parallel_workers=12, event_handlers=None, ignore_user_meta=False, metas=['./colcon.meta'], base_paths=['.'], packages_ignore=None, packages_ignore_regex=None, paths=None, packages_up_to=None, packages_up_to_regex=None, packages_above=None, packages_above_and_dependencies=None, packages_above_depth=None, packages_select_by_dep=None, packages_skip_by_dep=None, packages_skip_up_to=None, packages_select_build_failed=False, packages_skip_build_finished=False, packages_select_test_failures=False, packages_skip_test_passed=False, packages_select=None, packages_skip=None, packages_select_regex=None, packages_skip_regex=None, packages_start=None, packages_end=None, allow_overriding=[], cmake_args=None, cmake_target=None, cmake_target_skip_unavailable=False, cmake_clean_cache=False, cmake_clean_first=False, cmake_force_configure=False, ament_cmake_args=None, catkin_cmake_args=None, catkin_skip_building_tests=False, mixin_files=None, mixin=None, verb_parser=<colcon_mixin.mixin.mixin_argument.MixinArgumentDecorator object at 0x72a39754b850>, verb_extension=<colcon_core.verb.build.BuildVerb object at 0x72a39754b280>, main=<bound method BuildVerb.main of <colcon_core.verb.build.BuildVerb object at 0x72a39754b280>>, mixin_verb=('build',))
[3.000s] Level 1:colcon.colcon_core.package_discovery:discover_packages(colcon_meta) check parameters
[3.000s] Level 1:colcon.colcon_core.package_discovery:discover_packages(recursive) check parameters
[3.001s] Level 1:colcon.colcon_core.package_discovery:discover_packages(ignore) check parameters
[3.001s] Level 1:colcon.colcon_core.package_discovery:discover_packages(path) check parameters
[3.001s] Level 1:colcon.colcon_core.package_discovery:discover_packages(colcon_meta) discover
[3.001s] Level 1:colcon.colcon_core.package_discovery:discover_packages(recursive) discover
[3.001s] INFO:colcon.colcon_core.package_discovery:Crawling recursively for packages in '/home/rahul/pick_bot/pickbot_ws'
[3.001s] Level 1:colcon.colcon_core.package_identification:_identify(.) by extensions ['ignore', 'ignore_ament_install']
[3.001s] Level 1:colcon.colcon_core.package_identification:_identify(.) by extension 'ignore'
[3.001s] Level 1:colcon.colcon_core.package_identification:_identify(.) by extension 'ignore_ament_install'
[3.002s] Level 1:colcon.colcon_core.package_identification:_identify(.) by extensions ['colcon_pkg']
[3.002s] Level 1:colcon.colcon_core.package_identification:_identify(.) by extension 'colcon_pkg'
[3.002s] Level 1:colcon.colcon_core.package_identification:_identify(.) by extensions ['colcon_meta']
[3.002s] Level 1:colcon.colcon_core.package_identification:_identify(.) by extension 'colcon_meta'
[3.002s] Level 1:colcon.colcon_core.package_identification:_identify(.) by extensions ['ros']
[3.002s] Level 1:colcon.colcon_core.package_identification:_identify(.) by extension 'ros'
[3.072s] Level 1:colcon.colcon_core.package_identification:_identify(.) by extensions ['cmake', 'python']
[3.072s] Level 1:colcon.colcon_core.package_identification:_identify(.) by extension 'cmake'
[3.072s] Level 1:colcon.colcon_core.package_identification:_identify(.) by extension 'python'
[3.072s] Level 1:colcon.colcon_core.package_identification:_identify(.) by extensions ['python_setup_py']
[3.072s] Level 1:colcon.colcon_core.package_identification:_identify(.) by extension 'python_setup_py'
[3.073s] Level 1:colcon.colcon_core.package_identification:_identify(build) by extensions ['ignore', 'ignore_ament_install']
[3.073s] Level 1:colcon.colcon_core.package_identification:_identify(build) by extension 'ignore'
[3.073s] Level 1:colcon.colcon_core.package_identification:_identify(build) ignored
[3.073s] Level 1:colcon.colcon_core.package_identification:_identify(install) by extensions ['ignore', 'ignore_ament_install']
[3.074s] Level 1:colcon.colcon_core.package_identification:_identify(install) by extension 'ignore'
[3.074s] Level 1:colcon.colcon_core.package_identification:_identify(install) ignored
[3.074s] Level 1:colcon.colcon_core.package_identification:_identify(log) by extensions ['ignore', 'ignore_ament_install']
[3.074s] Level 1:colcon.colcon_core.package_identification:_identify(log) by extension 'ignore'
[3.074s] Level 1:colcon.colcon_core.package_identification:_identify(log) ignored
[3.074s] Level 1:colcon.colcon_core.package_identification:_identify(src) by extensions ['ignore', 'ignore_ament_install']
[3.074s] Level 1:colcon.colcon_core.package_identification:_identify(src) by extension 'ignore'
[3.075s] Level 1:colcon.colcon_core.package_identification:_identify(src) by extension 'ignore_ament_install'
[3.075s] Level 1:colcon.colcon_core.package_identification:_identify(src) by extensions ['colcon_pkg']
[3.075s] Level 1:colcon.colcon_core.package_identification:_identify(src) by extension 'colcon_pkg'
[3.075s] Level 1:colcon.colcon_core.package_identification:_identify(src) by extensions ['colcon_meta']
[3.075s] Level 1:colcon.colcon_core.package_identification:_identify(src) by extension 'colcon_meta'
[3.075s] Level 1:colcon.colcon_core.package_identification:_identify(src) by extensions ['ros']
[3.075s] Level 1:colcon.colcon_core.package_identification:_identify(src) by extension 'ros'
[3.075s] Level 1:colcon.colcon_core.package_identification:_identify(src) by extensions ['cmake', 'python']
[3.075s] Level 1:colcon.colcon_core.package_identification:_identify(src) by extension 'cmake'
[3.075s] Level 1:colcon.colcon_core.package_identification:_identify(src) by extension 'python'
[3.076s] Level 1:colcon.colcon_core.package_identification:_identify(src) by extensions ['python_setup_py']
[3.076s] Level 1:colcon.colcon_core.package_identification:_identify(src) by extension 'python_setup_py'
[3.076s] Level 1:colcon.colcon_core.package_identification:_identify(src/pick_bot_cpp_examples) by extensions ['ignore', 'ignore_ament_install']
[3.076s] Level 1:colcon.colcon_core.package_identification:_identify(src/pick_bot_cpp_examples) by extension 'ignore'
[3.076s] Level 1:colcon.colcon_core.package_identification:_identify(src/pick_bot_cpp_examples) by extension 'ignore_ament_install'
[3.076s] Level 1:colcon.colcon_core.package_identification:_identify(src/pick_bot_cpp_examples) by extensions ['colcon_pkg']
[3.076s] Level 1:colcon.colcon_core.package_identification:_identify(src/pick_bot_cpp_examples) by extension 'colcon_pkg'
[3.076s] Level 1:colcon.colcon_core.package_identification:_identify(src/pick_bot_cpp_examples) by extensions ['colcon_meta']
[3.077s] Level 1:colcon.colcon_core.package_identification:_identify(src/pick_bot_cpp_examples) by extension 'colcon_meta'
[3.077s] Level 1:colcon.colcon_core.package_identification:_identify(src/pick_bot_cpp_examples) by extensions ['ros']
[3.077s] Level 1:colcon.colcon_core.package_identification:_identify(src/pick_bot_cpp_examples) by extension 'ros'
[3.098s] DEBUG:colcon.colcon_core.package_identification:Package 'src/pick_bot_cpp_examples' with type 'ros.ament_cmake' and name 'pick_bot_cpp_examples'
[3.098s] Level 1:colcon.colcon_core.package_identification:_identify(src/pickbot_description) by extensions ['ignore', 'ignore_ament_install']
[3.099s] Level 1:colcon.colcon_core.package_identification:_identify(src/pickbot_description) by extension 'ignore'
[3.099s] Level 1:colcon.colcon_core.package_identification:_identify(src/pickbot_description) by extension 'ignore_ament_install'
[3.099s] Level 1:colcon.colcon_core.package_identification:_identify(src/pickbot_description) by extensions ['colcon_pkg']
[3.099s] Level 1:colcon.colcon_core.package_identification:_identify(src/pickbot_description) by extension 'colcon_pkg'
[3.099s] Level 1:colcon.colcon_core.package_identification:_identify(src/pickbot_description) by extensions ['colcon_meta']
[3.099s] Level 1:colcon.colcon_core.package_identification:_identify(src/pickbot_description) by extension 'colcon_meta'
[3.099s] Level 1:colcon.colcon_core.package_identification:_identify(src/pickbot_description) by extensions ['ros']
[3.100s] Level 1:colcon.colcon_core.package_identification:_identify(src/pickbot_description) by extension 'ros'
[3.117s] DEBUG:colcon.colcon_core.package_identification:Package 'src/pickbot_description' with type 'ros.ament_cmake' and name 'pickbot_description'
[3.117s] Level 1:colcon.colcon_core.package_discovery:discover_packages(recursive) using defaults
[3.118s] Level 1:colcon.colcon_core.package_discovery:discover_packages(ignore) discover
[3.118s] Level 1:colcon.colcon_core.package_discovery:discover_packages(ignore) using defaults
[3.118s] Level 1:colcon.colcon_core.package_discovery:discover_packages(path) discover
[3.118s] Level 1:colcon.colcon_core.package_discovery:discover_packages(path) using defaults
[3.398s] Level 1:colcon.colcon_core.package_discovery:discover_packages(prefix_path) check parameters
[3.398s] Level 1:colcon.colcon_core.package_discovery:discover_packages(prefix_path) discover
[3.405s] DEBUG:colcon.colcon_installed_package_information.package_discovery:Found 2 installed packages in /home/rahul/pick_bot/pickbot_ws/install
[3.411s] DEBUG:colcon.colcon_installed_package_information.package_discovery:Found 389 installed packages in /opt/ros/humble
[3.416s] Level 1:colcon.colcon_core.package_discovery:discover_packages(prefix_path) using defaults
[4.346s] Level 5:colcon.colcon_core.verb:set package 'pick_bot_cpp_examples' build argument 'cmake_args' from command line to 'None'
[4.346s] Level 5:colcon.colcon_core.verb:set package 'pick_bot_cpp_examples' build argument 'cmake_target' from command line to 'None'
[4.346s] Level 5:colcon.colcon_core.verb:set package 'pick_bot_cpp_examples' build argument 'cmake_target_skip_unavailable' from command line to 'False'
[4.346s] Level 5:colcon.colcon_core.verb:set package 'pick_bot_cpp_examples' build argument 'cmake_clean_cache' from command line to 'False'
[4.346s] Level 5:colcon.colcon_core.verb:set package 'pick_bot_cpp_examples' build argument 'cmake_clean_first' from command line to 'False'
[4.346s] Level 5:colcon.colcon_core.verb:set package 'pick_bot_cpp_examples' build argument 'cmake_force_configure' from command line to 'False'
[4.346s] Level 5:colcon.colcon_core.verb:set package 'pick_bot_cpp_examples' build argument 'ament_cmake_args' from command line to 'None'
[4.346s] Level 5:colcon.colcon_core.verb:set package 'pick_bot_cpp_examples' build argument 'catkin_cmake_args' from command line to 'None'
[4.346s] Level 5:colcon.colcon_core.verb:set package 'pick_bot_cpp_examples' build argument 'catkin_skip_building_tests' from command line to 'False'
[4.346s] DEBUG:colcon.colcon_core.verb:Building package 'pick_bot_cpp_examples' with the following arguments: {'ament_cmake_args': None, 'build_base': '/home/rahul/pick_bot/pickbot_ws/build/pick_bot_cpp_examples', 'catkin_cmake_args': None, 'catkin_skip_building_tests': False, 'cmake_args': None, 'cmake_clean_cache': False, 'cmake_clean_first': False, 'cmake_force_configure': False, 'cmake_target': None, 'cmake_target_skip_unavailable': False, 'install_base': '/home/rahul/pick_bot/pickbot_ws/install/pick_bot_cpp_examples', 'merge_install': False, 'path': '/home/rahul/pick_bot/pickbot_ws/src/pick_bot_cpp_examples', 'symlink_install': False, 'test_result_base': None}
[4.346s] Level 5:colcon.colcon_core.verb:set package 'pickbot_description' build argument 'cmake_args' from command line to 'None'
[4.346s] Level 5:colcon.colcon_core.verb:set package 'pickbot_description' build argument 'cmake_target' from command line to 'None'
[4.346s] Level 5:colcon.colcon_core.verb:set package 'pickbot_description' build argument 'cmake_target_skip_unavailable' from command line to 'False'
[4.346s] Level 5:colcon.colcon_core.verb:set package 'pickbot_description' build argument 'cmake_clean_cache' from command line to 'False'
[4.346s] Level 5:colcon.colcon_core.verb:set package 'pickbot_description' build argument 'cmake_clean_first' from command line to 'False'
[4.346s] Level 5:colcon.colcon_core.verb:set package 'pickbot_description' build argument 'cmake_force_configure' from command line to 'False'
[4.346s] Level 5:colcon.colcon_core.verb:set package 'pickbot_description' build argument 'ament_cmake_args' from command line to 'None'
[4.347s] Level 5:colcon.colcon_core.verb:set package 'pickbot_description' build argument 'catkin_cmake_args' from command line to 'None'
[4.347s] Level 5:colcon.colcon_core.verb:set package 'pickbot_description' build argument 'catkin_skip_building_tests' from command line to 'False'
[4.347s] DEBUG:colcon.colcon_core.verb:Building package 'pickbot_description' with the following arguments: {'ament_cmake_args': None, 'build_base': '/home/rahul/pick_bot/pickbot_ws/build/pickbot_description', 'catkin_cmake_args': None, 'catkin_skip_building_tests': False, 'cmake_args': None, 'cmake_clean_cache': False, 'cmake_clean_first': False, 'cmake_force_configure': False, 'cmake_target': None, 'cmake_target_skip_unavailable': False, 'install_base': '/home/rahul/pick_bot/pickbot_ws/install/pickbot_description', 'merge_install': False, 'path': '/home/rahul/pick_bot/pickbot_ws/src/pickbot_description', 'symlink_install': False, 'test_result_base': None}
[4.347s] INFO:colcon.colcon_core.executor:Executing jobs using 'parallel' executor
[4.348s] DEBUG:colcon.colcon_parallel_executor.executor.parallel:run_until_complete
[4.348s] INFO:colcon.colcon_ros.task.ament_cmake.build:Building ROS package in '/home/rahul/pick_bot/pickbot_ws/src/pick_bot_cpp_examples' with build type 'ament_cmake'
[4.348s] INFO:colcon.colcon_cmake.task.cmake.build:Building CMake package in '/home/rahul/pick_bot/pickbot_ws/src/pick_bot_cpp_examples'
[4.361s] INFO:colcon.colcon_core.plugin_system:Skipping extension 'colcon_core.shell.bat': Not used on non-Windows systems
[4.361s] INFO:colcon.colcon_core.shell:Skip shell extension 'powershell' for command environment: Not usable outside of PowerShell
[4.361s] DEBUG:colcon.colcon_core.shell:Skip shell extension 'dsv' for command environment
[4.378s] INFO:colcon.colcon_ros.task.ament_cmake.build:Building ROS package in '/home/rahul/pick_bot/pickbot_ws/src/pickbot_description' with build type 'ament_cmake'
[4.378s] INFO:colcon.colcon_cmake.task.cmake.build:Building CMake package in '/home/rahul/pick_bot/pickbot_ws/src/pickbot_description'
[4.378s] INFO:colcon.colcon_core.shell:Skip shell extension 'powershell' for command environment: Not usable outside of PowerShell
[4.378s] DEBUG:colcon.colcon_core.shell:Skip shell extension 'dsv' for command environment
[4.410s] DEBUG:colcon.colcon_core.event_handler.log_command:Invoking command in '/home/rahul/pick_bot/pickbot_ws/build/pick_bot_cpp_examples': CMAKE_PREFIX_PATH=${CMAKE_PREFIX_PATH}:/opt/ros/humble /usr/bin/cmake --build /home/rahul/pick_bot/pickbot_ws/build/pick_bot_cpp_examples -- -j12 -l12
[4.472s] DEBUG:colcon.colcon_core.event_handler.log_command:Invoking command in '/home/rahul/pick_bot/pickbot_ws/build/pickbot_description': CMAKE_PREFIX_PATH=${CMAKE_PREFIX_PATH}:/opt/ros/humble /usr/bin/cmake --build /home/rahul/pick_bot/pickbot_ws/build/pickbot_description -- -j12 -l12
[4.802s] DEBUG:colcon.colcon_core.event_handler.log_command:Invoked command in '/home/rahul/pick_bot/pickbot_ws/build/pickbot_description' returned '0': CMAKE_PREFIX_PATH=${CMAKE_PREFIX_PATH}:/opt/ros/humble /usr/bin/cmake --build /home/rahul/pick_bot/pickbot_ws/build/pickbot_description -- -j12 -l12
[4.817s] DEBUG:colcon.colcon_core.event_handler.log_command:Invoked command in '/home/rahul/pick_bot/pickbot_ws/build/pick_bot_cpp_examples' returned '0': CMAKE_PREFIX_PATH=${CMAKE_PREFIX_PATH}:/opt/ros/humble /usr/bin/cmake --build /home/rahul/pick_bot/pickbot_ws/build/pick_bot_cpp_examples -- -j12 -l12
[4.848s] DEBUG:colcon.colcon_core.event_handler.log_command:Invoking command in '/home/rahul/pick_bot/pickbot_ws/build/pickbot_description': CMAKE_PREFIX_PATH=${CMAKE_PREFIX_PATH}:/opt/ros/humble /usr/bin/cmake --install /home/rahul/pick_bot/pickbot_ws/build/pickbot_description
[4.851s] DEBUG:colcon.colcon_core.event_handler.log_command:Invoking command in '/home/rahul/pick_bot/pickbot_ws/build/pick_bot_cpp_examples': CMAKE_PREFIX_PATH=${CMAKE_PREFIX_PATH}:/opt/ros/humble /usr/bin/cmake --install /home/rahul/pick_bot/pickbot_ws/build/pick_bot_cpp_examples
[4.864s] Level 1:colcon.colcon_core.environment:create_environment_scripts_only(pickbot_description)
[4.865s] DEBUG:colcon.colcon_core.event_handler.log_command:Invoked command in '/home/rahul/pick_bot/pickbot_ws/build/pickbot_description' returned '0': CMAKE_PREFIX_PATH=${CMAKE_PREFIX_PATH}:/opt/ros/humble /usr/bin/cmake --install /home/rahul/pick_bot/pickbot_ws/build/pickbot_description
[4.891s] Level 1:colcon.colcon_core.environment:checking '/home/rahul/pick_bot/pickbot_ws/install/pickbot_description' for CMake module files
[4.891s] Level 1:colcon.colcon_core.environment:checking '/home/rahul/pick_bot/pickbot_ws/install/pickbot_description' for CMake config files
[4.892s] Level 1:colcon.colcon_core.shell:create_environment_hook('pickbot_description', 'cmake_prefix_path')
[4.892s] INFO:colcon.colcon_core.shell:Creating environment hook '/home/rahul/pick_bot/pickbot_ws/install/pickbot_description/share/pickbot_description/hook/cmake_prefix_path.ps1'
[4.905s] INFO:colcon.colcon_core.shell:Creating environment descriptor '/home/rahul/pick_bot/pickbot_ws/install/pickbot_description/share/pickbot_description/hook/cmake_prefix_path.dsv'
[4.906s] INFO:colcon.colcon_core.shell:Creating environment hook '/home/rahul/pick_bot/pickbot_ws/install/pickbot_description/share/pickbot_description/hook/cmake_prefix_path.sh'
[4.907s] Level 1:colcon.colcon_core.environment:checking '/home/rahul/pick_bot/pickbot_ws/install/pickbot_description/bin'
[4.908s] Level 1:colcon.colcon_core.environment:checking '/home/rahul/pick_bot/pickbot_ws/install/pickbot_description/lib/pkgconfig/pickbot_description.pc'
[4.908s] Level 1:colcon.colcon_core.environment:checking '/home/rahul/pick_bot/pickbot_ws/install/pickbot_description/lib/python3.10/site-packages'
[4.908s] Level 1:colcon.colcon_core.environment:checking '/home/rahul/pick_bot/pickbot_ws/install/pickbot_description/bin'
[4.908s] INFO:colcon.colcon_core.shell:Creating package script '/home/rahul/pick_bot/pickbot_ws/install/pickbot_description/share/pickbot_description/package.ps1'
[4.910s] INFO:colcon.colcon_core.shell:Creating package descriptor '/home/rahul/pick_bot/pickbot_ws/install/pickbot_description/share/pickbot_description/package.dsv'
[4.911s] INFO:colcon.colcon_core.shell:Creating package script '/home/rahul/pick_bot/pickbot_ws/install/pickbot_description/share/pickbot_description/package.sh'
[4.915s] INFO:colcon.colcon_core.shell:Creating package script '/home/rahul/pick_bot/pickbot_ws/install/pickbot_description/share/pickbot_description/package.bash'
[4.917s] INFO:colcon.colcon_core.shell:Creating package script '/home/rahul/pick_bot/pickbot_ws/install/pickbot_description/share/pickbot_description/package.zsh'
[4.930s] Level 1:colcon.colcon_core.environment:create_file_with_runtime_dependencies(/home/rahul/pick_bot/pickbot_ws/install/pickbot_description/share/colcon-core/packages/pickbot_description)
[4.933s] Level 1:colcon.colcon_core.environment:create_environment_scripts_only(pick_bot_cpp_examples)
[4.934s] Level 1:colcon.colcon_core.environment:checking '/home/rahul/pick_bot/pickbot_ws/install/pick_bot_cpp_examples' for CMake module files
[4.936s] DEBUG:colcon.colcon_core.event_handler.log_command:Invoked command in '/home/rahul/pick_bot/pickbot_ws/build/pick_bot_cpp_examples' returned '0': CMAKE_PREFIX_PATH=${CMAKE_PREFIX_PATH}:/opt/ros/humble /usr/bin/cmake --install /home/rahul/pick_bot/pickbot_ws/build/pick_bot_cpp_examples
[4.936s] Level 1:colcon.colcon_core.environment:checking '/home/rahul/pick_bot/pickbot_ws/install/pick_bot_cpp_examples' for CMake config files
[4.937s] Level 1:colcon.colcon_core.shell:create_environment_hook('pick_bot_cpp_examples', 'cmake_prefix_path')
[4.937s] INFO:colcon.colcon_core.shell:Creating environment hook '/home/rahul/pick_bot/pickbot_ws/install/pick_bot_cpp_examples/share/pick_bot_cpp_examples/hook/cmake_prefix_path.ps1'
[4.938s] INFO:colcon.colcon_core.shell:Creating environment descriptor '/home/rahul/pick_bot/pickbot_ws/install/pick_bot_cpp_examples/share/pick_bot_cpp_examples/hook/cmake_prefix_path.dsv'
[4.939s] INFO:colcon.colcon_core.shell:Creating environment hook '/home/rahul/pick_bot/pickbot_ws/install/pick_bot_cpp_examples/share/pick_bot_cpp_examples/hook/cmake_prefix_path.sh'
[4.941s] Level 1:colcon.colcon_core.environment:checking '/home/rahul/pick_bot/pickbot_ws/install/pick_bot_cpp_examples/bin'
[4.941s] Level 1:colcon.colcon_core.environment:checking '/home/rahul/pick_bot/pickbot_ws/install/pick_bot_cpp_examples/lib/pkgconfig/pick_bot_cpp_examples.pc'
[4.941s] Level 1:colcon.colcon_core.environment:checking '/home/rahul/pick_bot/pickbot_ws/install/pick_bot_cpp_examples/lib/python3.10/site-packages'
[4.942s] Level 1:colcon.colcon_core.environment:checking '/home/rahul/pick_bot/pickbot_ws/install/pick_bot_cpp_examples/bin'
[4.943s] INFO:colcon.colcon_core.shell:Creating package script '/home/rahul/pick_bot/pickbot_ws/install/pick_bot_cpp_examples/share/pick_bot_cpp_examples/package.ps1'
[4.944s] INFO:colcon.colcon_core.shell:Creating package descriptor '/home/rahul/pick_bot/pickbot_ws/install/pick_bot_cpp_examples/share/pick_bot_cpp_examples/package.dsv'
[4.944s] INFO:colcon.colcon_core.shell:Creating package script '/home/rahul/pick_bot/pickbot_ws/install/pick_bot_cpp_examples/share/pick_bot_cpp_examples/package.sh'
[4.945s] INFO:colcon.colcon_core.shell:Creating package script '/home/rahul/pick_bot/pickbot_ws/install/pick_bot_cpp_examples/share/pick_bot_cpp_examples/package.bash'
[4.946s] INFO:colcon.colcon_core.shell:Creating package script '/home/rahul/pick_bot/pickbot_ws/install/pick_bot_cpp_examples/share/pick_bot_cpp_examples/package.zsh'
[4.947s] Level 1:colcon.colcon_core.environment:create_file_with_runtime_dependencies(/home/rahul/pick_bot/pickbot_ws/install/pick_bot_cpp_examples/share/colcon-core/packages/pick_bot_cpp_examples)
[4.973s] Level 1:colcon.colcon_core.environment:create_environment_scripts_only(pickbot_description)
[4.973s] Level 1:colcon.colcon_core.environment:checking '/home/rahul/pick_bot/pickbot_ws/install/pickbot_description' for CMake module files
[4.974s] Level 1:colcon.colcon_core.environment:checking '/home/rahul/pick_bot/pickbot_ws/install/pickbot_description' for CMake config files
[4.974s] Level 1:colcon.colcon_core.shell:create_environment_hook('pickbot_description', 'cmake_prefix_path')
[4.974s] INFO:colcon.colcon_core.shell:Creating environment hook '/home/rahul/pick_bot/pickbot_ws/install/pickbot_description/share/pickbot_description/hook/cmake_prefix_path.ps1'
[4.975s] INFO:colcon.colcon_core.shell:Creating environment descriptor '/home/rahul/pick_bot/pickbot_ws/install/pickbot_description/share/pickbot_description/hook/cmake_prefix_path.dsv'
[4.976s] INFO:colcon.colcon_core.shell:Creating environment hook '/home/rahul/pick_bot/pickbot_ws/install/pickbot_description/share/pickbot_description/hook/cmake_prefix_path.sh'
[4.976s] Level 1:colcon.colcon_core.environment:checking '/home/rahul/pick_bot/pickbot_ws/install/pickbot_description/bin'
[4.976s] Level 1:colcon.colcon_core.environment:checking '/home/rahul/pick_bot/pickbot_ws/install/pickbot_description/lib/pkgconfig/pickbot_description.pc'
[4.976s] Level 1:colcon.colcon_core.environment:checking '/home/rahul/pick_bot/pickbot_ws/install/pickbot_description/lib/python3.10/site-packages'
[4.977s] Level 1:colcon.colcon_core.environment:checking '/home/rahul/pick_bot/pickbot_ws/install/pickbot_description/bin'
[4.977s] INFO:colcon.colcon_core.shell:Creating package script '/home/rahul/pick_bot/pickbot_ws/install/pickbot_description/share/pickbot_description/package.ps1'
[4.977s] INFO:colcon.colcon_core.shell:Creating package descriptor '/home/rahul/pick_bot/pickbot_ws/install/pickbot_description/share/pickbot_description/package.dsv'
[4.978s] INFO:colcon.colcon_core.shell:Creating package script '/home/rahul/pick_bot/pickbot_ws/install/pickbot_description/share/pickbot_description/package.sh'
[4.978s] INFO:colcon.colcon_core.shell:Creating package script '/home/rahul/pick_bot/pickbot_ws/install/pickbot_description/share/pickbot_description/package.bash'
[4.979s] INFO:colcon.colcon_core.shell:Creating package script '/home/rahul/pick_bot/pickbot_ws/install/pickbot_description/share/pickbot_description/package.zsh'
[4.980s] Level 1:colcon.colcon_core.environment:create_file_with_runtime_dependencies(/home/rahul/pick_bot/pickbot_ws/install/pickbot_description/share/colcon-core/packages/pickbot_description)
[4.986s] Level 1:colcon.colcon_core.environment:create_environment_scripts_only(pick_bot_cpp_examples)
[4.986s] Level 1:colcon.colcon_core.environment:checking '/home/rahul/pick_bot/pickbot_ws/install/pick_bot_cpp_examples' for CMake module files
[4.987s] Level 1:colcon.colcon_core.environment:checking '/home/rahul/pick_bot/pickbot_ws/install/pick_bot_cpp_examples' for CMake config files
[4.987s] Level 1:colcon.colcon_core.shell:create_environment_hook('pick_bot_cpp_examples', 'cmake_prefix_path')
[4.987s] INFO:colcon.colcon_core.shell:Creating environment hook '/home/rahul/pick_bot/pickbot_ws/install/pick_bot_cpp_examples/share/pick_bot_cpp_examples/hook/cmake_prefix_path.ps1'
[4.988s] INFO:colcon.colcon_core.shell:Creating environment descriptor '/home/rahul/pick_bot/pickbot_ws/install/pick_bot_cpp_examples/share/pick_bot_cpp_examples/hook/cmake_prefix_path.dsv'
[4.988s] INFO:colcon.colcon_core.shell:Creating environment hook '/home/rahul/pick_bot/pickbot_ws/install/pick_bot_cpp_examples/share/pick_bot_cpp_examples/hook/cmake_prefix_path.sh'
[4.989s] Level 1:colcon.colcon_core.environment:checking '/home/rahul/pick_bot/pickbot_ws/install/pick_bot_cpp_examples/bin'
[4.989s] Level 1:colcon.colcon_core.environment:checking '/home/rahul/pick_bot/pickbot_ws/install/pick_bot_cpp_examples/lib/pkgconfig/pick_bot_cpp_examples.pc'
[4.989s] Level 1:colcon.colcon_core.environment:checking '/home/rahul/pick_bot/pickbot_ws/install/pick_bot_cpp_examples/lib/python3.10/site-packages'
[4.989s] Level 1:colcon.colcon_core.environment:checking '/home/rahul/pick_bot/pickbot_ws/install/pick_bot_cpp_examples/bin'
[4.990s] INFO:colcon.colcon_core.shell:Creating package script '/home/rahul/pick_bot/pickbot_ws/install/pick_bot_cpp_examples/share/pick_bot_cpp_examples/package.ps1'
[4.990s] INFO:colcon.colcon_core.shell:Creating package descriptor '/home/rahul/pick_bot/pickbot_ws/install/pick_bot_cpp_examples/share/pick_bot_cpp_examples/package.dsv'
[4.991s] INFO:colcon.colcon_core.shell:Creating package script '/home/rahul/pick_bot/pickbot_ws/install/pick_bot_cpp_examples/share/pick_bot_cpp_examples/package.sh'
[4.991s] INFO:colcon.colcon_core.shell:Creating package script '/home/rahul/pick_bot/pickbot_ws/install/pick_bot_cpp_examples/share/pick_bot_cpp_examples/package.bash'
[4.991s] INFO:colcon.colcon_core.shell:Creating package script '/home/rahul/pick_bot/pickbot_ws/install/pick_bot_cpp_examples/share/pick_bot_cpp_examples/package.zsh'
[4.992s] Level 1:colcon.colcon_core.environment:create_file_with_runtime_dependencies(/home/rahul/pick_bot/pickbot_ws/install/pick_bot_cpp_examples/share/colcon-core/packages/pick_bot_cpp_examples)
[4.992s] DEBUG:colcon.colcon_parallel_executor.executor.parallel:closing loop
[4.992s] DEBUG:colcon.colcon_parallel_executor.executor.parallel:loop closed
[4.992s] DEBUG:colcon.colcon_parallel_executor.executor.parallel:run_until_complete finished with '0'
[4.992s] DEBUG:colcon.colcon_core.event_reactor:joining thread
[5.058s] INFO:colcon.colcon_core.plugin_system:Skipping extension 'colcon_notification.desktop_notification.terminal_notifier': Not used on non-Darwin systems
[5.059s] INFO:colcon.colcon_core.plugin_system:Skipping extension 'colcon_notification.desktop_notification.win32': Not used on non-Windows systems
[5.059s] INFO:colcon.colcon_notification.desktop_notification:Sending desktop notification using 'notify2'
[5.072s] DEBUG:colcon.colcon_core.event_reactor:joined thread
[5.072s] INFO:colcon.colcon_core.shell:Creating prefix script '/home/rahul/pick_bot/pickbot_ws/install/local_setup.ps1'
[5.073s] INFO:colcon.colcon_core.shell:Creating prefix util module '/home/rahul/pick_bot/pickbot_ws/install/_local_setup_util_ps1.py'
[5.076s] INFO:colcon.colcon_core.shell:Creating prefix chain script '/home/rahul/pick_bot/pickbot_ws/install/setup.ps1'
[5.078s] INFO:colcon.colcon_core.shell:Creating prefix script '/home/rahul/pick_bot/pickbot_ws/install/local_setup.sh'
[5.079s] INFO:colcon.colcon_core.shell:Creating prefix util module '/home/rahul/pick_bot/pickbot_ws/install/_local_setup_util_sh.py'
[5.080s] INFO:colcon.colcon_core.shell:Creating prefix chain script '/home/rahul/pick_bot/pickbot_ws/install/setup.sh'
[5.081s] INFO:colcon.colcon_core.shell:Creating prefix script '/home/rahul/pick_bot/pickbot_ws/install/local_setup.bash'
[5.081s] INFO:colcon.colcon_core.shell:Creating prefix chain script '/home/rahul/pick_bot/pickbot_ws/install/setup.bash'
[5.083s] INFO:colcon.colcon_core.shell:Creating prefix script '/home/rahul/pick_bot/pickbot_ws/install/local_setup.zsh'
[5.083s] INFO:colcon.colcon_core.shell:Creating prefix chain script '/home/rahul/pick_bot/pickbot_ws/install/setup.zsh'
