[0.025s] Invoking command in '/home/rahul/pick_bot/pickbot_ws/build/pickbot_utils': CMAKE_PREFIX_PATH=/home/rahul/pick_bot/pickbot_ws/install/pickbot_msgs:/home/rahul/pick_bot/pickbot_ws/install/pickbot_utils:/home/rahul/pick_bot/pickbot_ws/install/pick_bot_cpp_examples:/home/rahul/pick_bot/pickbot_ws/install/pickbot_moveit:/home/rahul/pick_bot/pickbot_ws/install/pickbot_description:/home/rahul/pick_bot/pickbot_ws/install/pickbot_controller:/opt/ros/humble /usr/bin/cmake --build /home/rahul/pick_bot/pickbot_ws/build/pickbot_utils -- -j12 -l12
[0.162s] [35m[1mConsolidate compiler generated dependencies of target angle_conversion[0m
[0.203s] [100%] Built target angle_conversion
[0.216s] Invoked command in '/home/rahul/pick_bot/pickbot_ws/build/pickbot_utils' returned '0': CMAKE_PREFIX_PATH=/home/rahul/pick_bot/pickbot_ws/install/pickbot_msgs:/home/rahul/pick_bot/pickbot_ws/install/pickbot_utils:/home/rahul/pick_bot/pickbot_ws/install/pick_bot_cpp_examples:/home/rahul/pick_bot/pickbot_ws/install/pickbot_moveit:/home/rahul/pick_bot/pickbot_ws/install/pickbot_description:/home/rahul/pick_bot/pickbot_ws/install/pickbot_controller:/opt/ros/humble /usr/bin/cmake --build /home/rahul/pick_bot/pickbot_ws/build/pickbot_utils -- -j12 -l12
[0.219s] Invoking command in '/home/rahul/pick_bot/pickbot_ws/build/pickbot_utils': CMAKE_PREFIX_PATH=/home/rahul/pick_bot/pickbot_ws/install/pickbot_msgs:/home/rahul/pick_bot/pickbot_ws/install/pickbot_utils:/home/rahul/pick_bot/pickbot_ws/install/pick_bot_cpp_examples:/home/rahul/pick_bot/pickbot_ws/install/pickbot_moveit:/home/rahul/pick_bot/pickbot_ws/install/pickbot_description:/home/rahul/pick_bot/pickbot_ws/install/pickbot_controller:/opt/ros/humble /usr/bin/cmake --install /home/rahul/pick_bot/pickbot_ws/build/pickbot_utils
[0.227s] -- Install configuration: ""
[0.227s] -- Up-to-date: /home/rahul/pick_bot/pickbot_ws/install/pickbot_utils/lib/pickbot_utils/angle_conversion
[0.227s] -- Up-to-date: /home/rahul/pick_bot/pickbot_ws/install/pickbot_utils/share/ament_index/resource_index/package_run_dependencies/pickbot_utils
[0.227s] -- Up-to-date: /home/rahul/pick_bot/pickbot_ws/install/pickbot_utils/share/ament_index/resource_index/parent_prefix_path/pickbot_utils
[0.227s] -- Up-to-date: /home/rahul/pick_bot/pickbot_ws/install/pickbot_utils/share/pickbot_utils/environment/ament_prefix_path.sh
[0.227s] -- Up-to-date: /home/rahul/pick_bot/pickbot_ws/install/pickbot_utils/share/pickbot_utils/environment/ament_prefix_path.dsv
[0.228s] -- Up-to-date: /home/rahul/pick_bot/pickbot_ws/install/pickbot_utils/share/pickbot_utils/environment/path.sh
[0.228s] -- Up-to-date: /home/rahul/pick_bot/pickbot_ws/install/pickbot_utils/share/pickbot_utils/environment/path.dsv
[0.228s] -- Up-to-date: /home/rahul/pick_bot/pickbot_ws/install/pickbot_utils/share/pickbot_utils/local_setup.bash
[0.228s] -- Up-to-date: /home/rahul/pick_bot/pickbot_ws/install/pickbot_utils/share/pickbot_utils/local_setup.sh
[0.228s] -- Up-to-date: /home/rahul/pick_bot/pickbot_ws/install/pickbot_utils/share/pickbot_utils/local_setup.zsh
[0.228s] -- Up-to-date: /home/rahul/pick_bot/pickbot_ws/install/pickbot_utils/share/pickbot_utils/local_setup.dsv
[0.228s] -- Installing: /home/rahul/pick_bot/pickbot_ws/install/pickbot_utils/share/pickbot_utils/package.dsv
[0.228s] -- Up-to-date: /home/rahul/pick_bot/pickbot_ws/install/pickbot_utils/share/ament_index/resource_index/packages/pickbot_utils
[0.229s] -- Up-to-date: /home/rahul/pick_bot/pickbot_ws/install/pickbot_utils/share/pickbot_utils/cmake/pickbot_utilsConfig.cmake
[0.229s] -- Up-to-date: /home/rahul/pick_bot/pickbot_ws/install/pickbot_utils/share/pickbot_utils/cmake/pickbot_utilsConfig-version.cmake
[0.229s] -- Up-to-date: /home/rahul/pick_bot/pickbot_ws/install/pickbot_utils/share/pickbot_utils/package.xml
[0.231s] Invoked command in '/home/rahul/pick_bot/pickbot_ws/build/pickbot_utils' returned '0': CMAKE_PREFIX_PATH=/home/rahul/pick_bot/pickbot_ws/install/pickbot_msgs:/home/rahul/pick_bot/pickbot_ws/install/pickbot_utils:/home/rahul/pick_bot/pickbot_ws/install/pick_bot_cpp_examples:/home/rahul/pick_bot/pickbot_ws/install/pickbot_moveit:/home/rahul/pick_bot/pickbot_ws/install/pickbot_description:/home/rahul/pick_bot/pickbot_ws/install/pickbot_controller:/opt/ros/humble /usr/bin/cmake --install /home/rahul/pick_bot/pickbot_ws/build/pickbot_utils
