[0.148s] Invoking command in '/home/rahul/pick_bot/pickbot_ws/build/pickbot_msgs': CMAKE_PREFIX_PATH=${CMAKE_PREFIX_PATH}:/opt/ros/humble /usr/bin/cmake --build /home/rahul/pick_bot/pickbot_ws/build/pickbot_msgs -- -j12 -l12
[0.643s] [  1%] Built target pickbot_msgs__cpp
[0.676s] [ 12%] Built target pickbot_msgs__rosidl_generator_c
[0.761s] [ 23%] Built target pickbot_msgs__rosidl_typesupport_introspection_cpp
[0.766s] [ 34%] Built target pickbot_msgs__rosidl_typesupport_cpp
[0.788s] [ 45%] Built target pickbot_msgs__rosidl_typesupport_fastrtps_cpp
[0.798s] [ 56%] Built target pickbot_msgs__rosidl_typesupport_introspection_c
[0.813s] [ 67%] Built target pickbot_msgs__rosidl_typesupport_c
[0.833s] [ 78%] Built target pickbot_msgs__rosidl_typesupport_fastrtps_c
[0.863s] [ 78%] Built target pickbot_msgs
[0.956s] [ 80%] Built target pickbot_msgs__py
[0.981s] [ 80%] Built target ament_cmake_python_copy_pickbot_msgs
[1.016s] [ 89%] Built target pickbot_msgs__rosidl_generator_py
[1.097s] [100%] Built target pickbot_msgs__rosidl_typesupport_introspection_c__pyext
[1.097s] [100%] Built target pickbot_msgs__rosidl_typesupport_fastrtps_c__pyext
[1.097s] [100%] Built target pickbot_msgs__rosidl_typesupport_c__pyext
[1.364s] running egg_info
[1.365s] writing pickbot_msgs.egg-info/PKG-INFO
[1.366s] writing dependency_links to pickbot_msgs.egg-info/dependency_links.txt
[1.366s] writing top-level names to pickbot_msgs.egg-info/top_level.txt
[1.382s] reading manifest file 'pickbot_msgs.egg-info/SOURCES.txt'
[1.385s] writing manifest file 'pickbot_msgs.egg-info/SOURCES.txt'
[1.443s] [100%] Built target ament_cmake_python_build_pickbot_msgs_egg
[1.470s] Invoked command in '/home/rahul/pick_bot/pickbot_ws/build/pickbot_msgs' returned '0': CMAKE_PREFIX_PATH=${CMAKE_PREFIX_PATH}:/opt/ros/humble /usr/bin/cmake --build /home/rahul/pick_bot/pickbot_ws/build/pickbot_msgs -- -j12 -l12
[1.490s] Invoking command in '/home/rahul/pick_bot/pickbot_ws/build/pickbot_msgs': CMAKE_PREFIX_PATH=${CMAKE_PREFIX_PATH}:/opt/ros/humble /usr/bin/cmake --install /home/rahul/pick_bot/pickbot_ws/build/pickbot_msgs
[1.512s] -- Install configuration: ""
[1.512s] -- Up-to-date: /home/rahul/pick_bot/pickbot_ws/install/pickbot_msgs/share/ament_index/resource_index/rosidl_interfaces/pickbot_msgs
[1.512s] -- Up-to-date: /home/rahul/pick_bot/pickbot_ws/install/pickbot_msgs/include/pickbot_msgs/pickbot_msgs
[1.512s] -- Up-to-date: /home/rahul/pick_bot/pickbot_ws/install/pickbot_msgs/include/pickbot_msgs/pickbot_msgs/msg
[1.513s] -- Up-to-date: /home/rahul/pick_bot/pickbot_ws/install/pickbot_msgs/include/pickbot_msgs/pickbot_msgs/msg/rosidl_generator_c__visibility_control.h
[1.513s] -- Up-to-date: /home/rahul/pick_bot/pickbot_ws/install/pickbot_msgs/include/pickbot_msgs/pickbot_msgs/action
[1.513s] -- Up-to-date: /home/rahul/pick_bot/pickbot_ws/install/pickbot_msgs/include/pickbot_msgs/pickbot_msgs/action/detail
[1.513s] -- Up-to-date: /home/rahul/pick_bot/pickbot_ws/install/pickbot_msgs/include/pickbot_msgs/pickbot_msgs/action/detail/fibonacci__functions.c
[1.514s] -- Up-to-date: /home/rahul/pick_bot/pickbot_ws/install/pickbot_msgs/include/pickbot_msgs/pickbot_msgs/action/detail/fibonacci__type_support.h
[1.514s] -- Up-to-date: /home/rahul/pick_bot/pickbot_ws/install/pickbot_msgs/include/pickbot_msgs/pickbot_msgs/action/detail/fibonacci__struct.h
[1.514s] -- Up-to-date: /home/rahul/pick_bot/pickbot_ws/install/pickbot_msgs/include/pickbot_msgs/pickbot_msgs/action/detail/fibonacci__functions.h
[1.514s] -- Up-to-date: /home/rahul/pick_bot/pickbot_ws/install/pickbot_msgs/include/pickbot_msgs/pickbot_msgs/action/fibonacci.h
[1.514s] -- Up-to-date: /home/rahul/pick_bot/pickbot_ws/install/pickbot_msgs/include/pickbot_msgs/pickbot_msgs/srv
[1.514s] -- Up-to-date: /home/rahul/pick_bot/pickbot_ws/install/pickbot_msgs/include/pickbot_msgs/pickbot_msgs/srv/detail
[1.514s] -- Up-to-date: /home/rahul/pick_bot/pickbot_ws/install/pickbot_msgs/include/pickbot_msgs/pickbot_msgs/srv/detail/add_two_ints__type_support.h
[1.515s] -- Up-to-date: /home/rahul/pick_bot/pickbot_ws/install/pickbot_msgs/include/pickbot_msgs/pickbot_msgs/srv/detail/euler_to_quaternion__type_support.h
[1.515s] -- Up-to-date: /home/rahul/pick_bot/pickbot_ws/install/pickbot_msgs/include/pickbot_msgs/pickbot_msgs/srv/detail/add_two_ints__struct.h
[1.515s] -- Up-to-date: /home/rahul/pick_bot/pickbot_ws/install/pickbot_msgs/include/pickbot_msgs/pickbot_msgs/srv/detail/quaternion_to_euler__struct.h
[1.515s] -- Up-to-date: /home/rahul/pick_bot/pickbot_ws/install/pickbot_msgs/include/pickbot_msgs/pickbot_msgs/srv/detail/add_two_ints__functions.h
[1.515s] -- Up-to-date: /home/rahul/pick_bot/pickbot_ws/install/pickbot_msgs/include/pickbot_msgs/pickbot_msgs/srv/detail/quaternion_to_euler__functions.h
[1.515s] -- Up-to-date: /home/rahul/pick_bot/pickbot_ws/install/pickbot_msgs/include/pickbot_msgs/pickbot_msgs/srv/detail/quaternion_to_euler__functions.c
[1.515s] -- Up-to-date: /home/rahul/pick_bot/pickbot_ws/install/pickbot_msgs/include/pickbot_msgs/pickbot_msgs/srv/detail/euler_to_quaternion__functions.h
[1.515s] -- Up-to-date: /home/rahul/pick_bot/pickbot_ws/install/pickbot_msgs/include/pickbot_msgs/pickbot_msgs/srv/detail/euler_to_quaternion__functions.c
[1.516s] -- Up-to-date: /home/rahul/pick_bot/pickbot_ws/install/pickbot_msgs/include/pickbot_msgs/pickbot_msgs/srv/detail/euler_to_quaternion__struct.h
[1.516s] -- Up-to-date: /home/rahul/pick_bot/pickbot_ws/install/pickbot_msgs/include/pickbot_msgs/pickbot_msgs/srv/detail/quaternion_to_euler__type_support.h
[1.516s] -- Up-to-date: /home/rahul/pick_bot/pickbot_ws/install/pickbot_msgs/include/pickbot_msgs/pickbot_msgs/srv/detail/add_two_ints__functions.c
[1.516s] -- Up-to-date: /home/rahul/pick_bot/pickbot_ws/install/pickbot_msgs/include/pickbot_msgs/pickbot_msgs/srv/euler_to_quaternion.h
[1.516s] -- Up-to-date: /home/rahul/pick_bot/pickbot_ws/install/pickbot_msgs/include/pickbot_msgs/pickbot_msgs/srv/add_two_ints.h
[1.516s] -- Up-to-date: /home/rahul/pick_bot/pickbot_ws/install/pickbot_msgs/include/pickbot_msgs/pickbot_msgs/srv/quaternion_to_euler.h
[1.516s] -- Up-to-date: /home/rahul/pick_bot/pickbot_ws/install/pickbot_msgs/share/pickbot_msgs/environment/library_path.sh
[1.516s] -- Up-to-date: /home/rahul/pick_bot/pickbot_ws/install/pickbot_msgs/share/pickbot_msgs/environment/library_path.dsv
[1.525s] -- Up-to-date: /home/rahul/pick_bot/pickbot_ws/install/pickbot_msgs/lib/libpickbot_msgs__rosidl_generator_c.so
[1.526s] -- Up-to-date: /home/rahul/pick_bot/pickbot_ws/install/pickbot_msgs/include/pickbot_msgs/pickbot_msgs
[1.526s] -- Up-to-date: /home/rahul/pick_bot/pickbot_ws/install/pickbot_msgs/include/pickbot_msgs/pickbot_msgs/msg
[1.526s] -- Up-to-date: /home/rahul/pick_bot/pickbot_ws/install/pickbot_msgs/include/pickbot_msgs/pickbot_msgs/msg/rosidl_typesupport_fastrtps_c__visibility_control.h
[1.526s] -- Up-to-date: /home/rahul/pick_bot/pickbot_ws/install/pickbot_msgs/include/pickbot_msgs/pickbot_msgs/action
[1.526s] -- Up-to-date: /home/rahul/pick_bot/pickbot_ws/install/pickbot_msgs/include/pickbot_msgs/pickbot_msgs/action/detail
[1.526s] -- Up-to-date: /home/rahul/pick_bot/pickbot_ws/install/pickbot_msgs/include/pickbot_msgs/pickbot_msgs/action/detail/fibonacci__rosidl_typesupport_fastrtps_c.h
[1.526s] -- Up-to-date: /home/rahul/pick_bot/pickbot_ws/install/pickbot_msgs/include/pickbot_msgs/pickbot_msgs/srv
[1.527s] -- Up-to-date: /home/rahul/pick_bot/pickbot_ws/install/pickbot_msgs/include/pickbot_msgs/pickbot_msgs/srv/detail
[1.527s] -- Up-to-date: /home/rahul/pick_bot/pickbot_ws/install/pickbot_msgs/include/pickbot_msgs/pickbot_msgs/srv/detail/quaternion_to_euler__rosidl_typesupport_fastrtps_c.h
[1.527s] -- Up-to-date: /home/rahul/pick_bot/pickbot_ws/install/pickbot_msgs/include/pickbot_msgs/pickbot_msgs/srv/detail/add_two_ints__rosidl_typesupport_fastrtps_c.h
[1.527s] -- Up-to-date: /home/rahul/pick_bot/pickbot_ws/install/pickbot_msgs/include/pickbot_msgs/pickbot_msgs/srv/detail/euler_to_quaternion__rosidl_typesupport_fastrtps_c.h
[1.535s] -- Up-to-date: /home/rahul/pick_bot/pickbot_ws/install/pickbot_msgs/lib/libpickbot_msgs__rosidl_typesupport_fastrtps_c.so
[1.535s] -- Up-to-date: /home/rahul/pick_bot/pickbot_ws/install/pickbot_msgs/include/pickbot_msgs/pickbot_msgs
[1.536s] -- Up-to-date: /home/rahul/pick_bot/pickbot_ws/install/pickbot_msgs/include/pickbot_msgs/pickbot_msgs/msg
[1.536s] -- Up-to-date: /home/rahul/pick_bot/pickbot_ws/install/pickbot_msgs/include/pickbot_msgs/pickbot_msgs/msg/rosidl_generator_cpp__visibility_control.hpp
[1.536s] -- Up-to-date: /home/rahul/pick_bot/pickbot_ws/install/pickbot_msgs/include/pickbot_msgs/pickbot_msgs/action
[1.536s] -- Up-to-date: /home/rahul/pick_bot/pickbot_ws/install/pickbot_msgs/include/pickbot_msgs/pickbot_msgs/action/detail
[1.536s] -- Up-to-date: /home/rahul/pick_bot/pickbot_ws/install/pickbot_msgs/include/pickbot_msgs/pickbot_msgs/action/detail/fibonacci__builder.hpp
[1.537s] -- Up-to-date: /home/rahul/pick_bot/pickbot_ws/install/pickbot_msgs/include/pickbot_msgs/pickbot_msgs/action/detail/fibonacci__struct.hpp
[1.537s] -- Up-to-date: /home/rahul/pick_bot/pickbot_ws/install/pickbot_msgs/include/pickbot_msgs/pickbot_msgs/action/detail/fibonacci__type_support.hpp
[1.537s] -- Up-to-date: /home/rahul/pick_bot/pickbot_ws/install/pickbot_msgs/include/pickbot_msgs/pickbot_msgs/action/detail/fibonacci__traits.hpp
[1.537s] -- Up-to-date: /home/rahul/pick_bot/pickbot_ws/install/pickbot_msgs/include/pickbot_msgs/pickbot_msgs/action/fibonacci.hpp
[1.537s] -- Up-to-date: /home/rahul/pick_bot/pickbot_ws/install/pickbot_msgs/include/pickbot_msgs/pickbot_msgs/srv
[1.538s] -- Up-to-date: /home/rahul/pick_bot/pickbot_ws/install/pickbot_msgs/include/pickbot_msgs/pickbot_msgs/srv/detail
[1.538s] -- Up-to-date: /home/rahul/pick_bot/pickbot_ws/install/pickbot_msgs/include/pickbot_msgs/pickbot_msgs/srv/detail/quaternion_to_euler__traits.hpp
[1.538s] -- Up-to-date: /home/rahul/pick_bot/pickbot_ws/install/pickbot_msgs/include/pickbot_msgs/pickbot_msgs/srv/detail/add_two_ints__struct.hpp
[1.538s] -- Up-to-date: /home/rahul/pick_bot/pickbot_ws/install/pickbot_msgs/include/pickbot_msgs/pickbot_msgs/srv/detail/euler_to_quaternion__traits.hpp
[1.538s] -- Up-to-date: /home/rahul/pick_bot/pickbot_ws/install/pickbot_msgs/include/pickbot_msgs/pickbot_msgs/srv/detail/add_two_ints__type_support.hpp
[1.538s] -- Up-to-date: /home/rahul/pick_bot/pickbot_ws/install/pickbot_msgs/include/pickbot_msgs/pickbot_msgs/srv/detail/quaternion_to_euler__struct.hpp
[1.539s] -- Up-to-date: /home/rahul/pick_bot/pickbot_ws/install/pickbot_msgs/include/pickbot_msgs/pickbot_msgs/srv/detail/add_two_ints__builder.hpp
[1.539s] -- Up-to-date: /home/rahul/pick_bot/pickbot_ws/install/pickbot_msgs/include/pickbot_msgs/pickbot_msgs/srv/detail/add_two_ints__traits.hpp
[1.539s] -- Up-to-date: /home/rahul/pick_bot/pickbot_ws/install/pickbot_msgs/include/pickbot_msgs/pickbot_msgs/srv/detail/quaternion_to_euler__type_support.hpp
[1.539s] -- Up-to-date: /home/rahul/pick_bot/pickbot_ws/install/pickbot_msgs/include/pickbot_msgs/pickbot_msgs/srv/detail/quaternion_to_euler__builder.hpp
[1.539s] -- Up-to-date: /home/rahul/pick_bot/pickbot_ws/install/pickbot_msgs/include/pickbot_msgs/pickbot_msgs/srv/detail/euler_to_quaternion__builder.hpp
[1.539s] -- Up-to-date: /home/rahul/pick_bot/pickbot_ws/install/pickbot_msgs/include/pickbot_msgs/pickbot_msgs/srv/detail/euler_to_quaternion__type_support.hpp
[1.539s] -- Up-to-date: /home/rahul/pick_bot/pickbot_ws/install/pickbot_msgs/include/pickbot_msgs/pickbot_msgs/srv/detail/euler_to_quaternion__struct.hpp
[1.540s] -- Up-to-date: /home/rahul/pick_bot/pickbot_ws/install/pickbot_msgs/include/pickbot_msgs/pickbot_msgs/srv/quaternion_to_euler.hpp
[1.540s] -- Up-to-date: /home/rahul/pick_bot/pickbot_ws/install/pickbot_msgs/include/pickbot_msgs/pickbot_msgs/srv/add_two_ints.hpp
[1.540s] -- Up-to-date: /home/rahul/pick_bot/pickbot_ws/install/pickbot_msgs/include/pickbot_msgs/pickbot_msgs/srv/euler_to_quaternion.hpp
[1.540s] -- Up-to-date: /home/rahul/pick_bot/pickbot_ws/install/pickbot_msgs/include/pickbot_msgs/pickbot_msgs
[1.540s] -- Up-to-date: /home/rahul/pick_bot/pickbot_ws/install/pickbot_msgs/include/pickbot_msgs/pickbot_msgs/msg
[1.541s] -- Up-to-date: /home/rahul/pick_bot/pickbot_ws/install/pickbot_msgs/include/pickbot_msgs/pickbot_msgs/msg/rosidl_typesupport_fastrtps_cpp__visibility_control.h
[1.541s] -- Up-to-date: /home/rahul/pick_bot/pickbot_ws/install/pickbot_msgs/include/pickbot_msgs/pickbot_msgs/action
[1.541s] -- Up-to-date: /home/rahul/pick_bot/pickbot_ws/install/pickbot_msgs/include/pickbot_msgs/pickbot_msgs/action/detail
[1.541s] -- Up-to-date: /home/rahul/pick_bot/pickbot_ws/install/pickbot_msgs/include/pickbot_msgs/pickbot_msgs/action/detail/dds_fastrtps
[1.541s] -- Up-to-date: /home/rahul/pick_bot/pickbot_ws/install/pickbot_msgs/include/pickbot_msgs/pickbot_msgs/action/detail/fibonacci__rosidl_typesupport_fastrtps_cpp.hpp
[1.541s] -- Up-to-date: /home/rahul/pick_bot/pickbot_ws/install/pickbot_msgs/include/pickbot_msgs/pickbot_msgs/srv
[1.542s] -- Up-to-date: /home/rahul/pick_bot/pickbot_ws/install/pickbot_msgs/include/pickbot_msgs/pickbot_msgs/srv/detail
[1.542s] -- Up-to-date: /home/rahul/pick_bot/pickbot_ws/install/pickbot_msgs/include/pickbot_msgs/pickbot_msgs/srv/detail/add_two_ints__rosidl_typesupport_fastrtps_cpp.hpp
[1.542s] -- Up-to-date: /home/rahul/pick_bot/pickbot_ws/install/pickbot_msgs/include/pickbot_msgs/pickbot_msgs/srv/detail/euler_to_quaternion__rosidl_typesupport_fastrtps_cpp.hpp
[1.542s] -- Up-to-date: /home/rahul/pick_bot/pickbot_ws/install/pickbot_msgs/include/pickbot_msgs/pickbot_msgs/srv/detail/dds_fastrtps
[1.543s] -- Up-to-date: /home/rahul/pick_bot/pickbot_ws/install/pickbot_msgs/include/pickbot_msgs/pickbot_msgs/srv/detail/quaternion_to_euler__rosidl_typesupport_fastrtps_cpp.hpp
[1.543s] -- Up-to-date: /home/rahul/pick_bot/pickbot_ws/install/pickbot_msgs/lib/libpickbot_msgs__rosidl_typesupport_fastrtps_cpp.so
[1.543s] -- Up-to-date: /home/rahul/pick_bot/pickbot_ws/install/pickbot_msgs/include/pickbot_msgs/pickbot_msgs
[1.543s] -- Up-to-date: /home/rahul/pick_bot/pickbot_ws/install/pickbot_msgs/include/pickbot_msgs/pickbot_msgs/msg
[1.543s] -- Up-to-date: /home/rahul/pick_bot/pickbot_ws/install/pickbot_msgs/include/pickbot_msgs/pickbot_msgs/msg/rosidl_typesupport_introspection_c__visibility_control.h
[1.543s] -- Up-to-date: /home/rahul/pick_bot/pickbot_ws/install/pickbot_msgs/include/pickbot_msgs/pickbot_msgs/action
[1.544s] -- Up-to-date: /home/rahul/pick_bot/pickbot_ws/install/pickbot_msgs/include/pickbot_msgs/pickbot_msgs/action/detail
[1.544s] -- Up-to-date: /home/rahul/pick_bot/pickbot_ws/install/pickbot_msgs/include/pickbot_msgs/pickbot_msgs/action/detail/fibonacci__type_support.c
[1.544s] -- Up-to-date: /home/rahul/pick_bot/pickbot_ws/install/pickbot_msgs/include/pickbot_msgs/pickbot_msgs/action/detail/fibonacci__rosidl_typesupport_introspection_c.h
[1.544s] -- Up-to-date: /home/rahul/pick_bot/pickbot_ws/install/pickbot_msgs/include/pickbot_msgs/pickbot_msgs/srv
[1.544s] -- Up-to-date: /home/rahul/pick_bot/pickbot_ws/install/pickbot_msgs/include/pickbot_msgs/pickbot_msgs/srv/detail
[1.545s] -- Up-to-date: /home/rahul/pick_bot/pickbot_ws/install/pickbot_msgs/include/pickbot_msgs/pickbot_msgs/srv/detail/add_two_ints__type_support.c
[1.545s] -- Up-to-date: /home/rahul/pick_bot/pickbot_ws/install/pickbot_msgs/include/pickbot_msgs/pickbot_msgs/srv/detail/add_two_ints__rosidl_typesupport_introspection_c.h
[1.545s] -- Up-to-date: /home/rahul/pick_bot/pickbot_ws/install/pickbot_msgs/include/pickbot_msgs/pickbot_msgs/srv/detail/euler_to_quaternion__type_support.c
[1.545s] -- Up-to-date: /home/rahul/pick_bot/pickbot_ws/install/pickbot_msgs/include/pickbot_msgs/pickbot_msgs/srv/detail/quaternion_to_euler__type_support.c
[1.545s] -- Up-to-date: /home/rahul/pick_bot/pickbot_ws/install/pickbot_msgs/include/pickbot_msgs/pickbot_msgs/srv/detail/euler_to_quaternion__rosidl_typesupport_introspection_c.h
[1.545s] -- Up-to-date: /home/rahul/pick_bot/pickbot_ws/install/pickbot_msgs/include/pickbot_msgs/pickbot_msgs/srv/detail/quaternion_to_euler__rosidl_typesupport_introspection_c.h
[1.552s] -- Up-to-date: /home/rahul/pick_bot/pickbot_ws/install/pickbot_msgs/lib/libpickbot_msgs__rosidl_typesupport_introspection_c.so
[1.555s] -- Up-to-date: /home/rahul/pick_bot/pickbot_ws/install/pickbot_msgs/lib/libpickbot_msgs__rosidl_typesupport_c.so
[1.555s] -- Up-to-date: /home/rahul/pick_bot/pickbot_ws/install/pickbot_msgs/include/pickbot_msgs/pickbot_msgs
[1.555s] -- Up-to-date: /home/rahul/pick_bot/pickbot_ws/install/pickbot_msgs/include/pickbot_msgs/pickbot_msgs/action
[1.555s] -- Up-to-date: /home/rahul/pick_bot/pickbot_ws/install/pickbot_msgs/include/pickbot_msgs/pickbot_msgs/action/detail
[1.555s] -- Up-to-date: /home/rahul/pick_bot/pickbot_ws/install/pickbot_msgs/include/pickbot_msgs/pickbot_msgs/action/detail/fibonacci__rosidl_typesupport_introspection_cpp.hpp
[1.555s] -- Up-to-date: /home/rahul/pick_bot/pickbot_ws/install/pickbot_msgs/include/pickbot_msgs/pickbot_msgs/action/detail/fibonacci__type_support.cpp
[1.555s] -- Up-to-date: /home/rahul/pick_bot/pickbot_ws/install/pickbot_msgs/include/pickbot_msgs/pickbot_msgs/srv
[1.555s] -- Up-to-date: /home/rahul/pick_bot/pickbot_ws/install/pickbot_msgs/include/pickbot_msgs/pickbot_msgs/srv/detail
[1.555s] -- Up-to-date: /home/rahul/pick_bot/pickbot_ws/install/pickbot_msgs/include/pickbot_msgs/pickbot_msgs/srv/detail/quaternion_to_euler__type_support.cpp
[1.555s] -- Up-to-date: /home/rahul/pick_bot/pickbot_ws/install/pickbot_msgs/include/pickbot_msgs/pickbot_msgs/srv/detail/add_two_ints__type_support.cpp
[1.555s] -- Up-to-date: /home/rahul/pick_bot/pickbot_ws/install/pickbot_msgs/include/pickbot_msgs/pickbot_msgs/srv/detail/euler_to_quaternion__type_support.cpp
[1.556s] -- Up-to-date: /home/rahul/pick_bot/pickbot_ws/install/pickbot_msgs/include/pickbot_msgs/pickbot_msgs/srv/detail/euler_to_quaternion__rosidl_typesupport_introspection_cpp.hpp
[1.556s] -- Up-to-date: /home/rahul/pick_bot/pickbot_ws/install/pickbot_msgs/include/pickbot_msgs/pickbot_msgs/srv/detail/quaternion_to_euler__rosidl_typesupport_introspection_cpp.hpp
[1.556s] -- Up-to-date: /home/rahul/pick_bot/pickbot_ws/install/pickbot_msgs/include/pickbot_msgs/pickbot_msgs/srv/detail/add_two_ints__rosidl_typesupport_introspection_cpp.hpp
[1.556s] -- Up-to-date: /home/rahul/pick_bot/pickbot_ws/install/pickbot_msgs/lib/libpickbot_msgs__rosidl_typesupport_introspection_cpp.so
[1.557s] -- Up-to-date: /home/rahul/pick_bot/pickbot_ws/install/pickbot_msgs/lib/libpickbot_msgs__rosidl_typesupport_cpp.so
[1.558s] -- Up-to-date: /home/rahul/pick_bot/pickbot_ws/install/pickbot_msgs/share/pickbot_msgs/environment/pythonpath.sh
[1.558s] -- Up-to-date: /home/rahul/pick_bot/pickbot_ws/install/pickbot_msgs/share/pickbot_msgs/environment/pythonpath.dsv
[1.558s] -- Up-to-date: /home/rahul/pick_bot/pickbot_ws/install/pickbot_msgs/local/lib/python3.10/dist-packages/pickbot_msgs-0.0.0-py3.10.egg-info
[1.558s] -- Installing: /home/rahul/pick_bot/pickbot_ws/install/pickbot_msgs/local/lib/python3.10/dist-packages/pickbot_msgs-0.0.0-py3.10.egg-info/SOURCES.txt
[1.558s] -- Installing: /home/rahul/pick_bot/pickbot_ws/install/pickbot_msgs/local/lib/python3.10/dist-packages/pickbot_msgs-0.0.0-py3.10.egg-info/PKG-INFO
[1.558s] -- Installing: /home/rahul/pick_bot/pickbot_ws/install/pickbot_msgs/local/lib/python3.10/dist-packages/pickbot_msgs-0.0.0-py3.10.egg-info/dependency_links.txt
[1.558s] -- Installing: /home/rahul/pick_bot/pickbot_ws/install/pickbot_msgs/local/lib/python3.10/dist-packages/pickbot_msgs-0.0.0-py3.10.egg-info/top_level.txt
[1.559s] -- Up-to-date: /home/rahul/pick_bot/pickbot_ws/install/pickbot_msgs/local/lib/python3.10/dist-packages/pickbot_msgs
[1.559s] -- Up-to-date: /home/rahul/pick_bot/pickbot_ws/install/pickbot_msgs/local/lib/python3.10/dist-packages/pickbot_msgs/_pickbot_msgs_s.ep.rosidl_typesupport_fastrtps_c.c
[1.559s] -- Up-to-date: /home/rahul/pick_bot/pickbot_ws/install/pickbot_msgs/local/lib/python3.10/dist-packages/pickbot_msgs/_pickbot_msgs_s.ep.rosidl_typesupport_c.c
[1.559s] -- Up-to-date: /home/rahul/pick_bot/pickbot_ws/install/pickbot_msgs/local/lib/python3.10/dist-packages/pickbot_msgs/pickbot_msgs_s__rosidl_typesupport_introspection_c.cpython-310-x86_64-linux-gnu.so
[1.560s] -- Up-to-date: /home/rahul/pick_bot/pickbot_ws/install/pickbot_msgs/local/lib/python3.10/dist-packages/pickbot_msgs/action
[1.560s] -- Up-to-date: /home/rahul/pick_bot/pickbot_ws/install/pickbot_msgs/local/lib/python3.10/dist-packages/pickbot_msgs/action/__init__.py
[1.560s] -- Up-to-date: /home/rahul/pick_bot/pickbot_ws/install/pickbot_msgs/local/lib/python3.10/dist-packages/pickbot_msgs/action/_fibonacci.py
[1.560s] -- Up-to-date: /home/rahul/pick_bot/pickbot_ws/install/pickbot_msgs/local/lib/python3.10/dist-packages/pickbot_msgs/action/_fibonacci_s.c
[1.560s] -- Up-to-date: /home/rahul/pick_bot/pickbot_ws/install/pickbot_msgs/local/lib/python3.10/dist-packages/pickbot_msgs/pickbot_msgs_s__rosidl_typesupport_c.cpython-310-x86_64-linux-gnu.so
[1.560s] -- Up-to-date: /home/rahul/pick_bot/pickbot_ws/install/pickbot_msgs/local/lib/python3.10/dist-packages/pickbot_msgs/__init__.py
[1.560s] -- Up-to-date: /home/rahul/pick_bot/pickbot_ws/install/pickbot_msgs/local/lib/python3.10/dist-packages/pickbot_msgs/libpickbot_msgs__rosidl_generator_py.so
[1.560s] -- Up-to-date: /home/rahul/pick_bot/pickbot_ws/install/pickbot_msgs/local/lib/python3.10/dist-packages/pickbot_msgs/srv
[1.560s] -- Up-to-date: /home/rahul/pick_bot/pickbot_ws/install/pickbot_msgs/local/lib/python3.10/dist-packages/pickbot_msgs/srv/_quaternion_to_euler.py
[1.560s] -- Up-to-date: /home/rahul/pick_bot/pickbot_ws/install/pickbot_msgs/local/lib/python3.10/dist-packages/pickbot_msgs/srv/_euler_to_quaternion_s.c
[1.560s] -- Up-to-date: /home/rahul/pick_bot/pickbot_ws/install/pickbot_msgs/local/lib/python3.10/dist-packages/pickbot_msgs/srv/_quaternion_to_euler_s.c
[1.560s] -- Up-to-date: /home/rahul/pick_bot/pickbot_ws/install/pickbot_msgs/local/lib/python3.10/dist-packages/pickbot_msgs/srv/_euler_to_quaternion.py
[1.560s] -- Up-to-date: /home/rahul/pick_bot/pickbot_ws/install/pickbot_msgs/local/lib/python3.10/dist-packages/pickbot_msgs/srv/_add_two_ints_s.c
[1.561s] -- Up-to-date: /home/rahul/pick_bot/pickbot_ws/install/pickbot_msgs/local/lib/python3.10/dist-packages/pickbot_msgs/srv/__init__.py
[1.561s] -- Up-to-date: /home/rahul/pick_bot/pickbot_ws/install/pickbot_msgs/local/lib/python3.10/dist-packages/pickbot_msgs/srv/_add_two_ints.py
[1.561s] -- Up-to-date: /home/rahul/pick_bot/pickbot_ws/install/pickbot_msgs/local/lib/python3.10/dist-packages/pickbot_msgs/pickbot_msgs_s__rosidl_typesupport_fastrtps_c.cpython-310-x86_64-linux-gnu.so
[1.561s] -- Up-to-date: /home/rahul/pick_bot/pickbot_ws/install/pickbot_msgs/local/lib/python3.10/dist-packages/pickbot_msgs/_pickbot_msgs_s.ep.rosidl_typesupport_introspection_c.c
[1.615s] Listing '/home/rahul/pick_bot/pickbot_ws/install/pickbot_msgs/local/lib/python3.10/dist-packages/pickbot_msgs'...
[1.615s] Listing '/home/rahul/pick_bot/pickbot_ws/install/pickbot_msgs/local/lib/python3.10/dist-packages/pickbot_msgs/action'...
[1.616s] Listing '/home/rahul/pick_bot/pickbot_ws/install/pickbot_msgs/local/lib/python3.10/dist-packages/pickbot_msgs/srv'...
[1.623s] -- Up-to-date: /home/rahul/pick_bot/pickbot_ws/install/pickbot_msgs/local/lib/python3.10/dist-packages/pickbot_msgs/pickbot_msgs_s__rosidl_typesupport_fastrtps_c.cpython-310-x86_64-linux-gnu.so
[1.625s] -- Up-to-date: /home/rahul/pick_bot/pickbot_ws/install/pickbot_msgs/local/lib/python3.10/dist-packages/pickbot_msgs/pickbot_msgs_s__rosidl_typesupport_introspection_c.cpython-310-x86_64-linux-gnu.so
[1.627s] -- Up-to-date: /home/rahul/pick_bot/pickbot_ws/install/pickbot_msgs/local/lib/python3.10/dist-packages/pickbot_msgs/pickbot_msgs_s__rosidl_typesupport_c.cpython-310-x86_64-linux-gnu.so
[1.630s] -- Up-to-date: /home/rahul/pick_bot/pickbot_ws/install/pickbot_msgs/lib/libpickbot_msgs__rosidl_generator_py.so
[1.630s] -- Up-to-date: /home/rahul/pick_bot/pickbot_ws/install/pickbot_msgs/share/pickbot_msgs/srv/AddTwoInts.idl
[1.630s] -- Up-to-date: /home/rahul/pick_bot/pickbot_ws/install/pickbot_msgs/share/pickbot_msgs/srv/EulerToQuaternion.idl
[1.630s] -- Up-to-date: /home/rahul/pick_bot/pickbot_ws/install/pickbot_msgs/share/pickbot_msgs/srv/QuaternionToEuler.idl
[1.630s] -- Up-to-date: /home/rahul/pick_bot/pickbot_ws/install/pickbot_msgs/share/pickbot_msgs/action/Fibonacci.idl
[1.630s] -- Up-to-date: /home/rahul/pick_bot/pickbot_ws/install/pickbot_msgs/share/pickbot_msgs/srv/AddTwoInts.srv
[1.631s] -- Up-to-date: /home/rahul/pick_bot/pickbot_ws/install/pickbot_msgs/share/pickbot_msgs/srv/AddTwoInts_Request.msg
[1.631s] -- Up-to-date: /home/rahul/pick_bot/pickbot_ws/install/pickbot_msgs/share/pickbot_msgs/srv/AddTwoInts_Response.msg
[1.631s] -- Up-to-date: /home/rahul/pick_bot/pickbot_ws/install/pickbot_msgs/share/pickbot_msgs/srv/EulerToQuaternion.srv
[1.631s] -- Up-to-date: /home/rahul/pick_bot/pickbot_ws/install/pickbot_msgs/share/pickbot_msgs/srv/EulerToQuaternion_Request.msg
[1.631s] -- Up-to-date: /home/rahul/pick_bot/pickbot_ws/install/pickbot_msgs/share/pickbot_msgs/srv/EulerToQuaternion_Response.msg
[1.631s] -- Up-to-date: /home/rahul/pick_bot/pickbot_ws/install/pickbot_msgs/share/pickbot_msgs/srv/QuaternionToEuler.srv
[1.631s] -- Up-to-date: /home/rahul/pick_bot/pickbot_ws/install/pickbot_msgs/share/pickbot_msgs/srv/QuaternionToEuler_Request.msg
[1.632s] -- Up-to-date: /home/rahul/pick_bot/pickbot_ws/install/pickbot_msgs/share/pickbot_msgs/srv/QuaternionToEuler_Response.msg
[1.632s] -- Up-to-date: /home/rahul/pick_bot/pickbot_ws/install/pickbot_msgs/share/pickbot_msgs/action/Fibonacci.action
[1.632s] -- Up-to-date: /home/rahul/pick_bot/pickbot_ws/install/pickbot_msgs/share/ament_index/resource_index/package_run_dependencies/pickbot_msgs
[1.632s] -- Up-to-date: /home/rahul/pick_bot/pickbot_ws/install/pickbot_msgs/share/ament_index/resource_index/parent_prefix_path/pickbot_msgs
[1.632s] -- Up-to-date: /home/rahul/pick_bot/pickbot_ws/install/pickbot_msgs/share/pickbot_msgs/environment/ament_prefix_path.sh
[1.632s] -- Up-to-date: /home/rahul/pick_bot/pickbot_ws/install/pickbot_msgs/share/pickbot_msgs/environment/ament_prefix_path.dsv
[1.632s] -- Up-to-date: /home/rahul/pick_bot/pickbot_ws/install/pickbot_msgs/share/pickbot_msgs/environment/path.sh
[1.632s] -- Up-to-date: /home/rahul/pick_bot/pickbot_ws/install/pickbot_msgs/share/pickbot_msgs/environment/path.dsv
[1.632s] -- Up-to-date: /home/rahul/pick_bot/pickbot_ws/install/pickbot_msgs/share/pickbot_msgs/local_setup.bash
[1.633s] -- Up-to-date: /home/rahul/pick_bot/pickbot_ws/install/pickbot_msgs/share/pickbot_msgs/local_setup.sh
[1.633s] -- Up-to-date: /home/rahul/pick_bot/pickbot_ws/install/pickbot_msgs/share/pickbot_msgs/local_setup.zsh
[1.633s] -- Up-to-date: /home/rahul/pick_bot/pickbot_ws/install/pickbot_msgs/share/pickbot_msgs/local_setup.dsv
[1.633s] -- Installing: /home/rahul/pick_bot/pickbot_ws/install/pickbot_msgs/share/pickbot_msgs/package.dsv
[1.657s] -- Up-to-date: /home/rahul/pick_bot/pickbot_ws/install/pickbot_msgs/share/ament_index/resource_index/packages/pickbot_msgs
[1.657s] -- Up-to-date: /home/rahul/pick_bot/pickbot_ws/install/pickbot_msgs/share/pickbot_msgs/cmake/export_pickbot_msgs__rosidl_generator_cExport.cmake
[1.657s] -- Up-to-date: /home/rahul/pick_bot/pickbot_ws/install/pickbot_msgs/share/pickbot_msgs/cmake/export_pickbot_msgs__rosidl_generator_cExport-noconfig.cmake
[1.660s] -- Up-to-date: /home/rahul/pick_bot/pickbot_ws/install/pickbot_msgs/share/pickbot_msgs/cmake/export_pickbot_msgs__rosidl_typesupport_fastrtps_cExport.cmake
[1.660s] -- Up-to-date: /home/rahul/pick_bot/pickbot_ws/install/pickbot_msgs/share/pickbot_msgs/cmake/export_pickbot_msgs__rosidl_typesupport_fastrtps_cExport-noconfig.cmake
[1.660s] -- Up-to-date: /home/rahul/pick_bot/pickbot_ws/install/pickbot_msgs/share/pickbot_msgs/cmake/export_pickbot_msgs__rosidl_generator_cppExport.cmake
[1.662s] -- Up-to-date: /home/rahul/pick_bot/pickbot_ws/install/pickbot_msgs/share/pickbot_msgs/cmake/export_pickbot_msgs__rosidl_typesupport_fastrtps_cppExport.cmake
[1.662s] -- Up-to-date: /home/rahul/pick_bot/pickbot_ws/install/pickbot_msgs/share/pickbot_msgs/cmake/export_pickbot_msgs__rosidl_typesupport_fastrtps_cppExport-noconfig.cmake
[1.664s] -- Up-to-date: /home/rahul/pick_bot/pickbot_ws/install/pickbot_msgs/share/pickbot_msgs/cmake/pickbot_msgs__rosidl_typesupport_introspection_cExport.cmake
[1.664s] -- Up-to-date: /home/rahul/pick_bot/pickbot_ws/install/pickbot_msgs/share/pickbot_msgs/cmake/pickbot_msgs__rosidl_typesupport_introspection_cExport-noconfig.cmake
[1.667s] -- Up-to-date: /home/rahul/pick_bot/pickbot_ws/install/pickbot_msgs/share/pickbot_msgs/cmake/pickbot_msgs__rosidl_typesupport_cExport.cmake
[1.667s] -- Up-to-date: /home/rahul/pick_bot/pickbot_ws/install/pickbot_msgs/share/pickbot_msgs/cmake/pickbot_msgs__rosidl_typesupport_cExport-noconfig.cmake
[1.670s] -- Up-to-date: /home/rahul/pick_bot/pickbot_ws/install/pickbot_msgs/share/pickbot_msgs/cmake/pickbot_msgs__rosidl_typesupport_introspection_cppExport.cmake
[1.670s] -- Up-to-date: /home/rahul/pick_bot/pickbot_ws/install/pickbot_msgs/share/pickbot_msgs/cmake/pickbot_msgs__rosidl_typesupport_introspection_cppExport-noconfig.cmake
[1.671s] -- Up-to-date: /home/rahul/pick_bot/pickbot_ws/install/pickbot_msgs/share/pickbot_msgs/cmake/pickbot_msgs__rosidl_typesupport_cppExport.cmake
[1.671s] -- Up-to-date: /home/rahul/pick_bot/pickbot_ws/install/pickbot_msgs/share/pickbot_msgs/cmake/pickbot_msgs__rosidl_typesupport_cppExport-noconfig.cmake
[1.675s] -- Up-to-date: /home/rahul/pick_bot/pickbot_ws/install/pickbot_msgs/share/pickbot_msgs/cmake/export_pickbot_msgs__rosidl_generator_pyExport.cmake
[1.675s] -- Up-to-date: /home/rahul/pick_bot/pickbot_ws/install/pickbot_msgs/share/pickbot_msgs/cmake/export_pickbot_msgs__rosidl_generator_pyExport-noconfig.cmake
[1.675s] -- Up-to-date: /home/rahul/pick_bot/pickbot_ws/install/pickbot_msgs/share/pickbot_msgs/cmake/rosidl_cmake-extras.cmake
[1.675s] -- Up-to-date: /home/rahul/pick_bot/pickbot_ws/install/pickbot_msgs/share/pickbot_msgs/cmake/ament_cmake_export_dependencies-extras.cmake
[1.675s] -- Up-to-date: /home/rahul/pick_bot/pickbot_ws/install/pickbot_msgs/share/pickbot_msgs/cmake/ament_cmake_export_include_directories-extras.cmake
[1.676s] -- Up-to-date: /home/rahul/pick_bot/pickbot_ws/install/pickbot_msgs/share/pickbot_msgs/cmake/ament_cmake_export_libraries-extras.cmake
[1.676s] -- Up-to-date: /home/rahul/pick_bot/pickbot_ws/install/pickbot_msgs/share/pickbot_msgs/cmake/ament_cmake_export_targets-extras.cmake
[1.676s] -- Up-to-date: /home/rahul/pick_bot/pickbot_ws/install/pickbot_msgs/share/pickbot_msgs/cmake/rosidl_cmake_export_typesupport_targets-extras.cmake
[1.676s] -- Up-to-date: /home/rahul/pick_bot/pickbot_ws/install/pickbot_msgs/share/pickbot_msgs/cmake/rosidl_cmake_export_typesupport_libraries-extras.cmake
[1.676s] -- Up-to-date: /home/rahul/pick_bot/pickbot_ws/install/pickbot_msgs/share/pickbot_msgs/cmake/pickbot_msgsConfig.cmake
[1.676s] -- Up-to-date: /home/rahul/pick_bot/pickbot_ws/install/pickbot_msgs/share/pickbot_msgs/cmake/pickbot_msgsConfig-version.cmake
[1.676s] -- Up-to-date: /home/rahul/pick_bot/pickbot_ws/install/pickbot_msgs/share/pickbot_msgs/package.xml
[1.683s] Invoked command in '/home/rahul/pick_bot/pickbot_ws/build/pickbot_msgs' returned '0': CMAKE_PREFIX_PATH=${CMAKE_PREFIX_PATH}:/opt/ros/humble /usr/bin/cmake --install /home/rahul/pick_bot/pickbot_ws/build/pickbot_msgs
