[0.032s] Invoking command in '/home/rahul/pick_bot/pickbot_ws/build/pickbot_moveit': CMAKE_PREFIX_PATH=${CMAKE_PREFIX_PATH}:/opt/ros/humble /usr/bin/cmake --build /home/rahul/pick_bot/pickbot_ws/build/pickbot_moveit -- -j12 -l12
[0.079s] -- Found ament_cmake: 1.3.11 (/opt/ros/humble/share/ament_cmake/cmake)
[1.122s] -- Found ament_lint_auto: 0.12.11 (/opt/ros/humble/share/ament_lint_auto/cmake)
[1.505s] -- Added test 'flake8' to check Python code syntax and style conventions
[1.507s] -- Added test 'lint_cmake' to check CMake code style
[1.508s] -- Added test 'pep257' to check Python code against some of the docstring style conventions in PEP 257
[1.512s] -- Added test 'xmllint' to check XML markup files
[1.514s] -- Configuring done
[1.523s] -- Generating done
[1.550s] -- Build files have been written to: /home/rahul/pick_bot/pickbot_ws/build/pickbot_moveit
[1.593s] Invoked command in '/home/rahul/pick_bot/pickbot_ws/build/pickbot_moveit' returned '0': CMAKE_PREFIX_PATH=${CMAKE_PREFIX_PATH}:/opt/ros/humble /usr/bin/cmake --build /home/rahul/pick_bot/pickbot_ws/build/pickbot_moveit -- -j12 -l12
[1.596s] Invoking command in '/home/rahul/pick_bot/pickbot_ws/build/pickbot_moveit': CMAKE_PREFIX_PATH=${CMAKE_PREFIX_PATH}:/opt/ros/humble /usr/bin/cmake --install /home/rahul/pick_bot/pickbot_ws/build/pickbot_moveit
[1.610s] -- Install configuration: ""
[1.611s] -- Installing: /home/rahul/pick_bot/pickbot_ws/install/pickbot_moveit/share/pickbot_moveit/launch
[1.611s] -- Installing: /home/rahul/pick_bot/pickbot_ws/install/pickbot_moveit/share/pickbot_moveit/launch/moveit.launch.py
[1.611s] -- Installing: /home/rahul/pick_bot/pickbot_ws/install/pickbot_moveit/share/pickbot_moveit/config
[1.611s] -- Installing: /home/rahul/pick_bot/pickbot_ws/install/pickbot_moveit/share/pickbot_moveit/config/joint_limits.yaml
[1.634s] -- Installing: /home/rahul/pick_bot/pickbot_ws/install/pickbot_moveit/share/pickbot_moveit/config/moveit_controllers.yaml
[1.663s] -- Installing: /home/rahul/pick_bot/pickbot_ws/install/pickbot_moveit/share/pickbot_moveit/config/kinematic.yaml
[1.670s] -- Installing: /home/rahul/pick_bot/pickbot_ws/install/pickbot_moveit/share/pickbot_moveit/config/pickbot.srdf
[1.696s] -- Installing: /home/rahul/pick_bot/pickbot_ws/install/pickbot_moveit/share/pickbot_moveit/config/pliz_cartesian_limits.yaml
[1.772s] -- Installing: /home/rahul/pick_bot/pickbot_ws/install/pickbot_moveit/share/pickbot_moveit/config/initial_positions.yaml
[1.819s] -- Installing: /home/rahul/pick_bot/pickbot_ws/install/pickbot_moveit/share/ament_index/resource_index/package_run_dependencies/pickbot_moveit
[1.819s] -- Installing: /home/rahul/pick_bot/pickbot_ws/install/pickbot_moveit/share/ament_index/resource_index/parent_prefix_path/pickbot_moveit
[1.820s] -- Up-to-date: /home/rahul/pick_bot/pickbot_ws/install/pickbot_moveit/share/pickbot_moveit/environment/ament_prefix_path.sh
[1.820s] -- Installing: /home/rahul/pick_bot/pickbot_ws/install/pickbot_moveit/share/pickbot_moveit/environment/ament_prefix_path.dsv
[1.820s] -- Up-to-date: /home/rahul/pick_bot/pickbot_ws/install/pickbot_moveit/share/pickbot_moveit/environment/path.sh
[1.820s] -- Installing: /home/rahul/pick_bot/pickbot_ws/install/pickbot_moveit/share/pickbot_moveit/environment/path.dsv
[1.821s] -- Up-to-date: /home/rahul/pick_bot/pickbot_ws/install/pickbot_moveit/share/pickbot_moveit/local_setup.bash
[1.821s] -- Up-to-date: /home/rahul/pick_bot/pickbot_ws/install/pickbot_moveit/share/pickbot_moveit/local_setup.sh
[1.821s] -- Up-to-date: /home/rahul/pick_bot/pickbot_ws/install/pickbot_moveit/share/pickbot_moveit/local_setup.zsh
[1.822s] -- Installing: /home/rahul/pick_bot/pickbot_ws/install/pickbot_moveit/share/pickbot_moveit/local_setup.dsv
[1.822s] -- Installing: /home/rahul/pick_bot/pickbot_ws/install/pickbot_moveit/share/pickbot_moveit/package.dsv
[1.822s] -- Up-to-date: /home/rahul/pick_bot/pickbot_ws/install/pickbot_moveit/share/ament_index/resource_index/packages/pickbot_moveit
[1.823s] -- Up-to-date: /home/rahul/pick_bot/pickbot_ws/install/pickbot_moveit/share/pickbot_moveit/cmake/pickbot_moveitConfig.cmake
[1.823s] -- Up-to-date: /home/rahul/pick_bot/pickbot_ws/install/pickbot_moveit/share/pickbot_moveit/cmake/pickbot_moveitConfig-version.cmake
[1.823s] -- Installing: /home/rahul/pick_bot/pickbot_ws/install/pickbot_moveit/share/pickbot_moveit/package.xml
[1.829s] Invoked command in '/home/rahul/pick_bot/pickbot_ws/build/pickbot_moveit' returned '0': CMAKE_PREFIX_PATH=${CMAKE_PREFIX_PATH}:/opt/ros/humble /usr/bin/cmake --install /home/rahul/pick_bot/pickbot_ws/build/pickbot_moveit
