[0.076s] Invoking command in '/home/rahul/pick_bot/pickbot_ws/build/pickbot_utils': CMAKE_PREFIX_PATH=${CMAKE_PREFIX_PATH}:/opt/ros/humble /usr/bin/cmake --build /home/rahul/pick_bot/pickbot_ws/build/pickbot_utils -- -j12 -l12
[0.268s] -- Found ament_cmake: 1.3.10 (/opt/ros/humble/share/ament_cmake/cmake)
[0.710s] -- Found ament_lint_auto: 0.12.11 (/opt/ros/humble/share/ament_lint_auto/cmake)
[1.183s] -- Added test 'cppcheck' to perform static code analysis on C / C++ code
[1.183s] -- Configured cppcheck include dirs: 
[1.183s] -- Configured cppcheck exclude dirs and/or files: 
[1.201s] -- Added test 'lint_cmake' to check CMake code style
[1.216s] -- Added test 'uncrustify' to check C / C++ code style
[1.216s] -- Configured uncrustify additional arguments: 
[1.218s] -- Added test 'xmllint' to check XML markup files
[1.223s] -- Configuring done
[1.238s] -- Generating done
[1.244s] -- Build files have been written to: /home/rahul/pick_bot/pickbot_ws/build/pickbot_utils
[1.290s] Invoked command in '/home/rahul/pick_bot/pickbot_ws/build/pickbot_utils' returned '0': CMAKE_PREFIX_PATH=${CMAKE_PREFIX_PATH}:/opt/ros/humble /usr/bin/cmake --build /home/rahul/pick_bot/pickbot_ws/build/pickbot_utils -- -j12 -l12
[1.292s] Invoking command in '/home/rahul/pick_bot/pickbot_ws/build/pickbot_utils': CMAKE_PREFIX_PATH=${CMAKE_PREFIX_PATH}:/opt/ros/humble /usr/bin/cmake --install /home/rahul/pick_bot/pickbot_ws/build/pickbot_utils
[1.300s] -- Install configuration: ""
[1.301s] -- Up-to-date: /home/rahul/pick_bot/pickbot_ws/install/pickbot_utils/share/ament_index/resource_index/package_run_dependencies/pickbot_utils
[1.301s] -- Installing: /home/rahul/pick_bot/pickbot_ws/install/pickbot_utils/share/ament_index/resource_index/parent_prefix_path/pickbot_utils
[1.301s] -- Up-to-date: /home/rahul/pick_bot/pickbot_ws/install/pickbot_utils/share/pickbot_utils/environment/ament_prefix_path.sh
[1.301s] -- Installing: /home/rahul/pick_bot/pickbot_ws/install/pickbot_utils/share/pickbot_utils/environment/ament_prefix_path.dsv
[1.301s] -- Up-to-date: /home/rahul/pick_bot/pickbot_ws/install/pickbot_utils/share/pickbot_utils/environment/path.sh
[1.301s] -- Installing: /home/rahul/pick_bot/pickbot_ws/install/pickbot_utils/share/pickbot_utils/environment/path.dsv
[1.301s] -- Up-to-date: /home/rahul/pick_bot/pickbot_ws/install/pickbot_utils/share/pickbot_utils/local_setup.bash
[1.302s] -- Up-to-date: /home/rahul/pick_bot/pickbot_ws/install/pickbot_utils/share/pickbot_utils/local_setup.sh
[1.302s] -- Up-to-date: /home/rahul/pick_bot/pickbot_ws/install/pickbot_utils/share/pickbot_utils/local_setup.zsh
[1.302s] -- Installing: /home/rahul/pick_bot/pickbot_ws/install/pickbot_utils/share/pickbot_utils/local_setup.dsv
[1.302s] -- Installing: /home/rahul/pick_bot/pickbot_ws/install/pickbot_utils/share/pickbot_utils/package.dsv
[1.302s] -- Up-to-date: /home/rahul/pick_bot/pickbot_ws/install/pickbot_utils/share/ament_index/resource_index/packages/pickbot_utils
[1.302s] -- Up-to-date: /home/rahul/pick_bot/pickbot_ws/install/pickbot_utils/share/pickbot_utils/cmake/pickbot_utilsConfig.cmake
[1.303s] -- Up-to-date: /home/rahul/pick_bot/pickbot_ws/install/pickbot_utils/share/pickbot_utils/cmake/pickbot_utilsConfig-version.cmake
[1.303s] -- Up-to-date: /home/rahul/pick_bot/pickbot_ws/install/pickbot_utils/share/pickbot_utils/package.xml
[1.306s] Invoked command in '/home/rahul/pick_bot/pickbot_ws/build/pickbot_utils' returned '0': CMAKE_PREFIX_PATH=${CMAKE_PREFIX_PATH}:/opt/ros/humble /usr/bin/cmake --install /home/rahul/pick_bot/pickbot_ws/build/pickbot_utils
