[0.072s] Invoking command in '/home/rahul/pick_bot/pickbot_ws/build/pickbot_msgs': CMAKE_PREFIX_PATH=${CMAKE_PREFIX_PATH}:/opt/ros/humble /usr/bin/cmake --build /home/rahul/pick_bot/pickbot_ws/build/pickbot_msgs -- -j12 -l12
[0.635s] [  2%] Built target pickbot_msgs__cpp
[0.698s] [35m[1mConsolidate compiler generated dependencies of target pickbot_msgs__rosidl_generator_c[0m
[0.724s] [ 12%] Built target pickbot_msgs__rosidl_generator_c
[0.779s] [35m[1mConsolidate compiler generated dependencies of target pickbot_msgs__rosidl_typesupport_cpp[0m
[0.788s] [35m[1mConsolidate compiler generated dependencies of target pickbot_msgs__rosidl_typesupport_introspection_cpp[0m
[0.790s] [35m[1mConsolidate compiler generated dependencies of target pickbot_msgs__rosidl_typesupport_fastrtps_cpp[0m
[0.801s] [ 23%] Built target pickbot_msgs__rosidl_typesupport_cpp
[0.805s] [35m[1mConsolidate compiler generated dependencies of target pickbot_msgs__rosidl_typesupport_fastrtps_c[0m
[0.806s] [ 34%] Built target pickbot_msgs__rosidl_typesupport_introspection_cpp
[0.808s] [ 44%] Built target pickbot_msgs__rosidl_typesupport_fastrtps_cpp
[0.825s] [ 55%] Built target pickbot_msgs__rosidl_typesupport_fastrtps_c
[0.849s] [35m[1mConsolidate compiler generated dependencies of target pickbot_msgs__rosidl_typesupport_c[0m
[0.849s] [35m[1mConsolidate compiler generated dependencies of target pickbot_msgs__rosidl_typesupport_introspection_c[0m
[0.864s] [ 65%] Built target pickbot_msgs__rosidl_typesupport_c
[0.866s] [ 76%] Built target pickbot_msgs__rosidl_typesupport_introspection_c
[0.869s] [ 76%] Built target ament_cmake_python_copy_pickbot_msgs
[0.897s] [ 76%] Built target pickbot_msgs
[0.965s] [ 78%] Built target pickbot_msgs__py
[1.006s] [35m[1mConsolidate compiler generated dependencies of target pickbot_msgs__rosidl_generator_py[0m
[1.029s] [ 87%] Built target pickbot_msgs__rosidl_generator_py
[1.050s] [35m[1mConsolidate compiler generated dependencies of target pickbot_msgs__rosidl_typesupport_fastrtps_c__pyext[0m
[1.053s] [35m[1mConsolidate compiler generated dependencies of target pickbot_msgs__rosidl_typesupport_introspection_c__pyext[0m
[1.063s] [35m[1mConsolidate compiler generated dependencies of target pickbot_msgs__rosidl_typesupport_c__pyext[0m
[1.070s] [ 95%] Built target pickbot_msgs__rosidl_typesupport_fastrtps_c__pyext
[1.071s] [ 95%] Built target pickbot_msgs__rosidl_typesupport_introspection_c__pyext
[1.087s] [100%] Built target pickbot_msgs__rosidl_typesupport_c__pyext
[1.339s] running egg_info
[1.340s] writing pickbot_msgs.egg-info/PKG-INFO
[1.341s] writing dependency_links to pickbot_msgs.egg-info/dependency_links.txt
[1.341s] writing top-level names to pickbot_msgs.egg-info/top_level.txt
[1.361s] reading manifest file 'pickbot_msgs.egg-info/SOURCES.txt'
[1.361s] writing manifest file 'pickbot_msgs.egg-info/SOURCES.txt'
[1.423s] [100%] Built target ament_cmake_python_build_pickbot_msgs_egg
[1.442s] Invoked command in '/home/rahul/pick_bot/pickbot_ws/build/pickbot_msgs' returned '0': CMAKE_PREFIX_PATH=${CMAKE_PREFIX_PATH}:/opt/ros/humble /usr/bin/cmake --build /home/rahul/pick_bot/pickbot_ws/build/pickbot_msgs -- -j12 -l12
[1.450s] Invoking command in '/home/rahul/pick_bot/pickbot_ws/build/pickbot_msgs': CMAKE_PREFIX_PATH=${CMAKE_PREFIX_PATH}:/opt/ros/humble /usr/bin/cmake --install /home/rahul/pick_bot/pickbot_ws/build/pickbot_msgs
[1.472s] -- Install configuration: ""
[1.472s] -- Up-to-date: /home/rahul/pick_bot/pickbot_ws/install/pickbot_msgs/share/ament_index/resource_index/rosidl_interfaces/pickbot_msgs
[1.472s] -- Up-to-date: /home/rahul/pick_bot/pickbot_ws/install/pickbot_msgs/include/pickbot_msgs/pickbot_msgs
[1.472s] -- Up-to-date: /home/rahul/pick_bot/pickbot_ws/install/pickbot_msgs/include/pickbot_msgs/pickbot_msgs/msg
[1.472s] -- Up-to-date: /home/rahul/pick_bot/pickbot_ws/install/pickbot_msgs/include/pickbot_msgs/pickbot_msgs/msg/rosidl_generator_c__visibility_control.h
[1.473s] -- Up-to-date: /home/rahul/pick_bot/pickbot_ws/install/pickbot_msgs/include/pickbot_msgs/pickbot_msgs/srv
[1.473s] -- Up-to-date: /home/rahul/pick_bot/pickbot_ws/install/pickbot_msgs/include/pickbot_msgs/pickbot_msgs/srv/detail
[1.473s] -- Up-to-date: /home/rahul/pick_bot/pickbot_ws/install/pickbot_msgs/include/pickbot_msgs/pickbot_msgs/srv/detail/add_two_ints__type_support.h
[1.473s] -- Up-to-date: /home/rahul/pick_bot/pickbot_ws/install/pickbot_msgs/include/pickbot_msgs/pickbot_msgs/srv/detail/euler_to_quaternion__type_support.h
[1.473s] -- Up-to-date: /home/rahul/pick_bot/pickbot_ws/install/pickbot_msgs/include/pickbot_msgs/pickbot_msgs/srv/detail/add_two_ints__struct.h
[1.473s] -- Up-to-date: /home/rahul/pick_bot/pickbot_ws/install/pickbot_msgs/include/pickbot_msgs/pickbot_msgs/srv/detail/quaternion_to_euler__struct.h
[1.473s] -- Up-to-date: /home/rahul/pick_bot/pickbot_ws/install/pickbot_msgs/include/pickbot_msgs/pickbot_msgs/srv/detail/add_two_ints__functions.h
[1.473s] -- Up-to-date: /home/rahul/pick_bot/pickbot_ws/install/pickbot_msgs/include/pickbot_msgs/pickbot_msgs/srv/detail/quaternion_to_euler__functions.h
[1.473s] -- Up-to-date: /home/rahul/pick_bot/pickbot_ws/install/pickbot_msgs/include/pickbot_msgs/pickbot_msgs/srv/detail/quaternion_to_euler__functions.c
[1.473s] -- Up-to-date: /home/rahul/pick_bot/pickbot_ws/install/pickbot_msgs/include/pickbot_msgs/pickbot_msgs/srv/detail/euler_to_quaternion__functions.h
[1.474s] -- Up-to-date: /home/rahul/pick_bot/pickbot_ws/install/pickbot_msgs/include/pickbot_msgs/pickbot_msgs/srv/detail/euler_to_quaternion__functions.c
[1.474s] -- Up-to-date: /home/rahul/pick_bot/pickbot_ws/install/pickbot_msgs/include/pickbot_msgs/pickbot_msgs/srv/detail/euler_to_quaternion__struct.h
[1.474s] -- Up-to-date: /home/rahul/pick_bot/pickbot_ws/install/pickbot_msgs/include/pickbot_msgs/pickbot_msgs/srv/detail/quaternion_to_euler__type_support.h
[1.474s] -- Up-to-date: /home/rahul/pick_bot/pickbot_ws/install/pickbot_msgs/include/pickbot_msgs/pickbot_msgs/srv/detail/add_two_ints__functions.c
[1.474s] -- Up-to-date: /home/rahul/pick_bot/pickbot_ws/install/pickbot_msgs/include/pickbot_msgs/pickbot_msgs/srv/euler_to_quaternion.h
[1.474s] -- Up-to-date: /home/rahul/pick_bot/pickbot_ws/install/pickbot_msgs/include/pickbot_msgs/pickbot_msgs/srv/add_two_ints.h
[1.474s] -- Up-to-date: /home/rahul/pick_bot/pickbot_ws/install/pickbot_msgs/include/pickbot_msgs/pickbot_msgs/srv/quaternion_to_euler.h
[1.474s] -- Up-to-date: /home/rahul/pick_bot/pickbot_ws/install/pickbot_msgs/share/pickbot_msgs/environment/library_path.sh
[1.474s] -- Up-to-date: /home/rahul/pick_bot/pickbot_ws/install/pickbot_msgs/share/pickbot_msgs/environment/library_path.dsv
[1.516s] -- Up-to-date: /home/rahul/pick_bot/pickbot_ws/install/pickbot_msgs/lib/libpickbot_msgs__rosidl_generator_c.so
[1.516s] -- Up-to-date: /home/rahul/pick_bot/pickbot_ws/install/pickbot_msgs/include/pickbot_msgs/pickbot_msgs
[1.517s] -- Up-to-date: /home/rahul/pick_bot/pickbot_ws/install/pickbot_msgs/include/pickbot_msgs/pickbot_msgs/msg
[1.517s] -- Up-to-date: /home/rahul/pick_bot/pickbot_ws/install/pickbot_msgs/include/pickbot_msgs/pickbot_msgs/msg/rosidl_typesupport_fastrtps_c__visibility_control.h
[1.517s] -- Up-to-date: /home/rahul/pick_bot/pickbot_ws/install/pickbot_msgs/include/pickbot_msgs/pickbot_msgs/srv
[1.517s] -- Up-to-date: /home/rahul/pick_bot/pickbot_ws/install/pickbot_msgs/include/pickbot_msgs/pickbot_msgs/srv/detail
[1.517s] -- Up-to-date: /home/rahul/pick_bot/pickbot_ws/install/pickbot_msgs/include/pickbot_msgs/pickbot_msgs/srv/detail/quaternion_to_euler__rosidl_typesupport_fastrtps_c.h
[1.517s] -- Up-to-date: /home/rahul/pick_bot/pickbot_ws/install/pickbot_msgs/include/pickbot_msgs/pickbot_msgs/srv/detail/add_two_ints__rosidl_typesupport_fastrtps_c.h
[1.517s] -- Up-to-date: /home/rahul/pick_bot/pickbot_ws/install/pickbot_msgs/include/pickbot_msgs/pickbot_msgs/srv/detail/euler_to_quaternion__rosidl_typesupport_fastrtps_c.h
[1.519s] -- Up-to-date: /home/rahul/pick_bot/pickbot_ws/install/pickbot_msgs/lib/libpickbot_msgs__rosidl_typesupport_fastrtps_c.so
[1.519s] -- Up-to-date: /home/rahul/pick_bot/pickbot_ws/install/pickbot_msgs/include/pickbot_msgs/pickbot_msgs
[1.519s] -- Up-to-date: /home/rahul/pick_bot/pickbot_ws/install/pickbot_msgs/include/pickbot_msgs/pickbot_msgs/srv
[1.519s] -- Up-to-date: /home/rahul/pick_bot/pickbot_ws/install/pickbot_msgs/include/pickbot_msgs/pickbot_msgs/srv/detail
[1.519s] -- Up-to-date: /home/rahul/pick_bot/pickbot_ws/install/pickbot_msgs/include/pickbot_msgs/pickbot_msgs/srv/detail/quaternion_to_euler__traits.hpp
[1.519s] -- Up-to-date: /home/rahul/pick_bot/pickbot_ws/install/pickbot_msgs/include/pickbot_msgs/pickbot_msgs/srv/detail/add_two_ints__struct.hpp
[1.520s] -- Up-to-date: /home/rahul/pick_bot/pickbot_ws/install/pickbot_msgs/include/pickbot_msgs/pickbot_msgs/srv/detail/euler_to_quaternion__traits.hpp
[1.520s] -- Up-to-date: /home/rahul/pick_bot/pickbot_ws/install/pickbot_msgs/include/pickbot_msgs/pickbot_msgs/srv/detail/quaternion_to_euler__struct.hpp
[1.520s] -- Up-to-date: /home/rahul/pick_bot/pickbot_ws/install/pickbot_msgs/include/pickbot_msgs/pickbot_msgs/srv/detail/add_two_ints__builder.hpp
[1.520s] -- Up-to-date: /home/rahul/pick_bot/pickbot_ws/install/pickbot_msgs/include/pickbot_msgs/pickbot_msgs/srv/detail/add_two_ints__traits.hpp
[1.520s] -- Up-to-date: /home/rahul/pick_bot/pickbot_ws/install/pickbot_msgs/include/pickbot_msgs/pickbot_msgs/srv/detail/quaternion_to_euler__builder.hpp
[1.521s] -- Up-to-date: /home/rahul/pick_bot/pickbot_ws/install/pickbot_msgs/include/pickbot_msgs/pickbot_msgs/srv/detail/euler_to_quaternion__builder.hpp
[1.521s] -- Up-to-date: /home/rahul/pick_bot/pickbot_ws/install/pickbot_msgs/include/pickbot_msgs/pickbot_msgs/srv/detail/euler_to_quaternion__struct.hpp
[1.521s] -- Up-to-date: /home/rahul/pick_bot/pickbot_ws/install/pickbot_msgs/include/pickbot_msgs/pickbot_msgs/srv/quaternion_to_euler.hpp
[1.521s] -- Up-to-date: /home/rahul/pick_bot/pickbot_ws/install/pickbot_msgs/include/pickbot_msgs/pickbot_msgs/srv/add_two_ints.hpp
[1.521s] -- Up-to-date: /home/rahul/pick_bot/pickbot_ws/install/pickbot_msgs/include/pickbot_msgs/pickbot_msgs/srv/euler_to_quaternion.hpp
[1.521s] -- Up-to-date: /home/rahul/pick_bot/pickbot_ws/install/pickbot_msgs/include/pickbot_msgs/pickbot_msgs
[1.521s] -- Up-to-date: /home/rahul/pick_bot/pickbot_ws/install/pickbot_msgs/include/pickbot_msgs/pickbot_msgs/msg
[1.521s] -- Up-to-date: /home/rahul/pick_bot/pickbot_ws/install/pickbot_msgs/include/pickbot_msgs/pickbot_msgs/msg/rosidl_typesupport_fastrtps_cpp__visibility_control.h
[1.521s] -- Up-to-date: /home/rahul/pick_bot/pickbot_ws/install/pickbot_msgs/include/pickbot_msgs/pickbot_msgs/srv
[1.521s] -- Up-to-date: /home/rahul/pick_bot/pickbot_ws/install/pickbot_msgs/include/pickbot_msgs/pickbot_msgs/srv/detail
[1.521s] -- Up-to-date: /home/rahul/pick_bot/pickbot_ws/install/pickbot_msgs/include/pickbot_msgs/pickbot_msgs/srv/detail/add_two_ints__rosidl_typesupport_fastrtps_cpp.hpp
[1.521s] -- Up-to-date: /home/rahul/pick_bot/pickbot_ws/install/pickbot_msgs/include/pickbot_msgs/pickbot_msgs/srv/detail/euler_to_quaternion__rosidl_typesupport_fastrtps_cpp.hpp
[1.522s] -- Up-to-date: /home/rahul/pick_bot/pickbot_ws/install/pickbot_msgs/include/pickbot_msgs/pickbot_msgs/srv/detail/dds_fastrtps
[1.522s] -- Up-to-date: /home/rahul/pick_bot/pickbot_ws/install/pickbot_msgs/include/pickbot_msgs/pickbot_msgs/srv/detail/quaternion_to_euler__rosidl_typesupport_fastrtps_cpp.hpp
[1.522s] -- Up-to-date: /home/rahul/pick_bot/pickbot_ws/install/pickbot_msgs/lib/libpickbot_msgs__rosidl_typesupport_fastrtps_cpp.so
[1.523s] -- Up-to-date: /home/rahul/pick_bot/pickbot_ws/install/pickbot_msgs/include/pickbot_msgs/pickbot_msgs
[1.523s] -- Up-to-date: /home/rahul/pick_bot/pickbot_ws/install/pickbot_msgs/include/pickbot_msgs/pickbot_msgs/msg
[1.523s] -- Up-to-date: /home/rahul/pick_bot/pickbot_ws/install/pickbot_msgs/include/pickbot_msgs/pickbot_msgs/msg/rosidl_typesupport_introspection_c__visibility_control.h
[1.524s] -- Up-to-date: /home/rahul/pick_bot/pickbot_ws/install/pickbot_msgs/include/pickbot_msgs/pickbot_msgs/srv
[1.524s] -- Up-to-date: /home/rahul/pick_bot/pickbot_ws/install/pickbot_msgs/include/pickbot_msgs/pickbot_msgs/srv/detail
[1.524s] -- Up-to-date: /home/rahul/pick_bot/pickbot_ws/install/pickbot_msgs/include/pickbot_msgs/pickbot_msgs/srv/detail/add_two_ints__type_support.c
[1.524s] -- Up-to-date: /home/rahul/pick_bot/pickbot_ws/install/pickbot_msgs/include/pickbot_msgs/pickbot_msgs/srv/detail/add_two_ints__rosidl_typesupport_introspection_c.h
[1.524s] -- Up-to-date: /home/rahul/pick_bot/pickbot_ws/install/pickbot_msgs/include/pickbot_msgs/pickbot_msgs/srv/detail/euler_to_quaternion__type_support.c
[1.524s] -- Up-to-date: /home/rahul/pick_bot/pickbot_ws/install/pickbot_msgs/include/pickbot_msgs/pickbot_msgs/srv/detail/quaternion_to_euler__type_support.c
[1.524s] -- Up-to-date: /home/rahul/pick_bot/pickbot_ws/install/pickbot_msgs/include/pickbot_msgs/pickbot_msgs/srv/detail/euler_to_quaternion__rosidl_typesupport_introspection_c.h
[1.525s] -- Up-to-date: /home/rahul/pick_bot/pickbot_ws/install/pickbot_msgs/include/pickbot_msgs/pickbot_msgs/srv/detail/quaternion_to_euler__rosidl_typesupport_introspection_c.h
[1.525s] -- Up-to-date: /home/rahul/pick_bot/pickbot_ws/install/pickbot_msgs/lib/libpickbot_msgs__rosidl_typesupport_introspection_c.so
[1.527s] -- Up-to-date: /home/rahul/pick_bot/pickbot_ws/install/pickbot_msgs/lib/libpickbot_msgs__rosidl_typesupport_c.so
[1.527s] -- Up-to-date: /home/rahul/pick_bot/pickbot_ws/install/pickbot_msgs/include/pickbot_msgs/pickbot_msgs
[1.527s] -- Up-to-date: /home/rahul/pick_bot/pickbot_ws/install/pickbot_msgs/include/pickbot_msgs/pickbot_msgs/srv
[1.528s] -- Up-to-date: /home/rahul/pick_bot/pickbot_ws/install/pickbot_msgs/include/pickbot_msgs/pickbot_msgs/srv/detail
[1.528s] -- Up-to-date: /home/rahul/pick_bot/pickbot_ws/install/pickbot_msgs/include/pickbot_msgs/pickbot_msgs/srv/detail/quaternion_to_euler__type_support.cpp
[1.528s] -- Up-to-date: /home/rahul/pick_bot/pickbot_ws/install/pickbot_msgs/include/pickbot_msgs/pickbot_msgs/srv/detail/add_two_ints__type_support.cpp
[1.528s] -- Up-to-date: /home/rahul/pick_bot/pickbot_ws/install/pickbot_msgs/include/pickbot_msgs/pickbot_msgs/srv/detail/euler_to_quaternion__type_support.cpp
[1.529s] -- Up-to-date: /home/rahul/pick_bot/pickbot_ws/install/pickbot_msgs/include/pickbot_msgs/pickbot_msgs/srv/detail/euler_to_quaternion__rosidl_typesupport_introspection_cpp.hpp
[1.529s] -- Up-to-date: /home/rahul/pick_bot/pickbot_ws/install/pickbot_msgs/include/pickbot_msgs/pickbot_msgs/srv/detail/quaternion_to_euler__rosidl_typesupport_introspection_cpp.hpp
[1.529s] -- Up-to-date: /home/rahul/pick_bot/pickbot_ws/install/pickbot_msgs/include/pickbot_msgs/pickbot_msgs/srv/detail/add_two_ints__rosidl_typesupport_introspection_cpp.hpp
[1.539s] -- Up-to-date: /home/rahul/pick_bot/pickbot_ws/install/pickbot_msgs/lib/libpickbot_msgs__rosidl_typesupport_introspection_cpp.so
[1.540s] -- Up-to-date: /home/rahul/pick_bot/pickbot_ws/install/pickbot_msgs/lib/libpickbot_msgs__rosidl_typesupport_cpp.so
[1.541s] -- Up-to-date: /home/rahul/pick_bot/pickbot_ws/install/pickbot_msgs/share/pickbot_msgs/environment/pythonpath.sh
[1.541s] -- Up-to-date: /home/rahul/pick_bot/pickbot_ws/install/pickbot_msgs/share/pickbot_msgs/environment/pythonpath.dsv
[1.541s] -- Up-to-date: /home/rahul/pick_bot/pickbot_ws/install/pickbot_msgs/local/lib/python3.10/dist-packages/pickbot_msgs-0.0.0-py3.10.egg-info
[1.541s] -- Installing: /home/rahul/pick_bot/pickbot_ws/install/pickbot_msgs/local/lib/python3.10/dist-packages/pickbot_msgs-0.0.0-py3.10.egg-info/SOURCES.txt
[1.542s] -- Installing: /home/rahul/pick_bot/pickbot_ws/install/pickbot_msgs/local/lib/python3.10/dist-packages/pickbot_msgs-0.0.0-py3.10.egg-info/PKG-INFO
[1.542s] -- Installing: /home/rahul/pick_bot/pickbot_ws/install/pickbot_msgs/local/lib/python3.10/dist-packages/pickbot_msgs-0.0.0-py3.10.egg-info/dependency_links.txt
[1.543s] -- Installing: /home/rahul/pick_bot/pickbot_ws/install/pickbot_msgs/local/lib/python3.10/dist-packages/pickbot_msgs-0.0.0-py3.10.egg-info/top_level.txt
[1.544s] -- Up-to-date: /home/rahul/pick_bot/pickbot_ws/install/pickbot_msgs/local/lib/python3.10/dist-packages/pickbot_msgs
[1.544s] -- Up-to-date: /home/rahul/pick_bot/pickbot_ws/install/pickbot_msgs/local/lib/python3.10/dist-packages/pickbot_msgs/_pickbot_msgs_s.ep.rosidl_typesupport_fastrtps_c.c
[1.544s] -- Up-to-date: /home/rahul/pick_bot/pickbot_ws/install/pickbot_msgs/local/lib/python3.10/dist-packages/pickbot_msgs/_pickbot_msgs_s.ep.rosidl_typesupport_c.c
[1.544s] -- Up-to-date: /home/rahul/pick_bot/pickbot_ws/install/pickbot_msgs/local/lib/python3.10/dist-packages/pickbot_msgs/pickbot_msgs_s__rosidl_typesupport_introspection_c.cpython-310-x86_64-linux-gnu.so
[1.545s] -- Up-to-date: /home/rahul/pick_bot/pickbot_ws/install/pickbot_msgs/local/lib/python3.10/dist-packages/pickbot_msgs/pickbot_msgs_s__rosidl_typesupport_c.cpython-310-x86_64-linux-gnu.so
[1.545s] -- Up-to-date: /home/rahul/pick_bot/pickbot_ws/install/pickbot_msgs/local/lib/python3.10/dist-packages/pickbot_msgs/__init__.py
[1.545s] -- Up-to-date: /home/rahul/pick_bot/pickbot_ws/install/pickbot_msgs/local/lib/python3.10/dist-packages/pickbot_msgs/libpickbot_msgs__rosidl_generator_py.so
[1.545s] -- Up-to-date: /home/rahul/pick_bot/pickbot_ws/install/pickbot_msgs/local/lib/python3.10/dist-packages/pickbot_msgs/srv
[1.545s] -- Up-to-date: /home/rahul/pick_bot/pickbot_ws/install/pickbot_msgs/local/lib/python3.10/dist-packages/pickbot_msgs/srv/_quaternion_to_euler.py
[1.545s] -- Up-to-date: /home/rahul/pick_bot/pickbot_ws/install/pickbot_msgs/local/lib/python3.10/dist-packages/pickbot_msgs/srv/_euler_to_quaternion_s.c
[1.545s] -- Up-to-date: /home/rahul/pick_bot/pickbot_ws/install/pickbot_msgs/local/lib/python3.10/dist-packages/pickbot_msgs/srv/_quaternion_to_euler_s.c
[1.546s] -- Up-to-date: /home/rahul/pick_bot/pickbot_ws/install/pickbot_msgs/local/lib/python3.10/dist-packages/pickbot_msgs/srv/_euler_to_quaternion.py
[1.546s] -- Up-to-date: /home/rahul/pick_bot/pickbot_ws/install/pickbot_msgs/local/lib/python3.10/dist-packages/pickbot_msgs/srv/_add_two_ints_s.c
[1.546s] -- Up-to-date: /home/rahul/pick_bot/pickbot_ws/install/pickbot_msgs/local/lib/python3.10/dist-packages/pickbot_msgs/srv/__init__.py
[1.546s] -- Up-to-date: /home/rahul/pick_bot/pickbot_ws/install/pickbot_msgs/local/lib/python3.10/dist-packages/pickbot_msgs/srv/_add_two_ints.py
[1.546s] -- Up-to-date: /home/rahul/pick_bot/pickbot_ws/install/pickbot_msgs/local/lib/python3.10/dist-packages/pickbot_msgs/pickbot_msgs_s__rosidl_typesupport_fastrtps_c.cpython-310-x86_64-linux-gnu.so
[1.546s] -- Up-to-date: /home/rahul/pick_bot/pickbot_ws/install/pickbot_msgs/local/lib/python3.10/dist-packages/pickbot_msgs/_pickbot_msgs_s.ep.rosidl_typesupport_introspection_c.c
[1.623s] Listing '/home/rahul/pick_bot/pickbot_ws/install/pickbot_msgs/local/lib/python3.10/dist-packages/pickbot_msgs'...
[1.623s] Listing '/home/rahul/pick_bot/pickbot_ws/install/pickbot_msgs/local/lib/python3.10/dist-packages/pickbot_msgs/srv'...
[1.648s] -- Up-to-date: /home/rahul/pick_bot/pickbot_ws/install/pickbot_msgs/local/lib/python3.10/dist-packages/pickbot_msgs/pickbot_msgs_s__rosidl_typesupport_fastrtps_c.cpython-310-x86_64-linux-gnu.so
[1.650s] -- Up-to-date: /home/rahul/pick_bot/pickbot_ws/install/pickbot_msgs/local/lib/python3.10/dist-packages/pickbot_msgs/pickbot_msgs_s__rosidl_typesupport_introspection_c.cpython-310-x86_64-linux-gnu.so
[1.651s] -- Up-to-date: /home/rahul/pick_bot/pickbot_ws/install/pickbot_msgs/local/lib/python3.10/dist-packages/pickbot_msgs/pickbot_msgs_s__rosidl_typesupport_c.cpython-310-x86_64-linux-gnu.so
[1.666s] -- Up-to-date: /home/rahul/pick_bot/pickbot_ws/install/pickbot_msgs/lib/libpickbot_msgs__rosidl_generator_py.so
[1.666s] -- Up-to-date: /home/rahul/pick_bot/pickbot_ws/install/pickbot_msgs/share/pickbot_msgs/srv/AddTwoInts.idl
[1.666s] -- Up-to-date: /home/rahul/pick_bot/pickbot_ws/install/pickbot_msgs/share/pickbot_msgs/srv/EulerToQuaternion.idl
[1.666s] -- Up-to-date: /home/rahul/pick_bot/pickbot_ws/install/pickbot_msgs/share/pickbot_msgs/srv/QuaternionToEuler.idl
[1.667s] -- Up-to-date: /home/rahul/pick_bot/pickbot_ws/install/pickbot_msgs/share/pickbot_msgs/srv/AddTwoInts.srv
[1.667s] -- Up-to-date: /home/rahul/pick_bot/pickbot_ws/install/pickbot_msgs/share/pickbot_msgs/srv/AddTwoInts_Request.msg
[1.668s] -- Up-to-date: /home/rahul/pick_bot/pickbot_ws/install/pickbot_msgs/share/pickbot_msgs/srv/AddTwoInts_Response.msg
[1.668s] -- Up-to-date: /home/rahul/pick_bot/pickbot_ws/install/pickbot_msgs/share/pickbot_msgs/srv/EulerToQuaternion.srv
[1.668s] -- Up-to-date: /home/rahul/pick_bot/pickbot_ws/install/pickbot_msgs/share/pickbot_msgs/srv/EulerToQuaternion_Request.msg
[1.668s] -- Up-to-date: /home/rahul/pick_bot/pickbot_ws/install/pickbot_msgs/share/pickbot_msgs/srv/EulerToQuaternion_Response.msg
[1.668s] -- Up-to-date: /home/rahul/pick_bot/pickbot_ws/install/pickbot_msgs/share/pickbot_msgs/srv/QuaternionToEuler.srv
[1.668s] -- Up-to-date: /home/rahul/pick_bot/pickbot_ws/install/pickbot_msgs/share/pickbot_msgs/srv/QuaternionToEuler_Request.msg
[1.668s] -- Up-to-date: /home/rahul/pick_bot/pickbot_ws/install/pickbot_msgs/share/pickbot_msgs/srv/QuaternionToEuler_Response.msg
[1.668s] -- Up-to-date: /home/rahul/pick_bot/pickbot_ws/install/pickbot_msgs/share/ament_index/resource_index/package_run_dependencies/pickbot_msgs
[1.669s] -- Up-to-date: /home/rahul/pick_bot/pickbot_ws/install/pickbot_msgs/share/ament_index/resource_index/parent_prefix_path/pickbot_msgs
[1.669s] -- Installing: /home/rahul/pick_bot/pickbot_ws/install/pickbot_msgs/share/pickbot_msgs/environment/ament_prefix_path.sh
[1.669s] -- Up-to-date: /home/rahul/pick_bot/pickbot_ws/install/pickbot_msgs/share/pickbot_msgs/environment/ament_prefix_path.dsv
[1.670s] -- Installing: /home/rahul/pick_bot/pickbot_ws/install/pickbot_msgs/share/pickbot_msgs/environment/path.sh
[1.670s] -- Up-to-date: /home/rahul/pick_bot/pickbot_ws/install/pickbot_msgs/share/pickbot_msgs/environment/path.dsv
[1.670s] -- Up-to-date: /home/rahul/pick_bot/pickbot_ws/install/pickbot_msgs/share/pickbot_msgs/local_setup.bash
[1.670s] -- Up-to-date: /home/rahul/pick_bot/pickbot_ws/install/pickbot_msgs/share/pickbot_msgs/local_setup.sh
[1.670s] -- Up-to-date: /home/rahul/pick_bot/pickbot_ws/install/pickbot_msgs/share/pickbot_msgs/local_setup.zsh
[1.670s] -- Up-to-date: /home/rahul/pick_bot/pickbot_ws/install/pickbot_msgs/share/pickbot_msgs/local_setup.dsv
[1.670s] -- Installing: /home/rahul/pick_bot/pickbot_ws/install/pickbot_msgs/share/pickbot_msgs/package.dsv
[1.671s] -- Up-to-date: /home/rahul/pick_bot/pickbot_ws/install/pickbot_msgs/share/ament_index/resource_index/packages/pickbot_msgs
[1.671s] -- Up-to-date: /home/rahul/pick_bot/pickbot_ws/install/pickbot_msgs/share/pickbot_msgs/cmake/export_pickbot_msgs__rosidl_generator_cExport.cmake
[1.671s] -- Up-to-date: /home/rahul/pick_bot/pickbot_ws/install/pickbot_msgs/share/pickbot_msgs/cmake/export_pickbot_msgs__rosidl_generator_cExport-noconfig.cmake
[1.672s] -- Up-to-date: /home/rahul/pick_bot/pickbot_ws/install/pickbot_msgs/share/pickbot_msgs/cmake/export_pickbot_msgs__rosidl_typesupport_fastrtps_cExport.cmake
[1.672s] -- Up-to-date: /home/rahul/pick_bot/pickbot_ws/install/pickbot_msgs/share/pickbot_msgs/cmake/export_pickbot_msgs__rosidl_typesupport_fastrtps_cExport-noconfig.cmake
[1.672s] -- Up-to-date: /home/rahul/pick_bot/pickbot_ws/install/pickbot_msgs/share/pickbot_msgs/cmake/export_pickbot_msgs__rosidl_generator_cppExport.cmake
[1.674s] -- Up-to-date: /home/rahul/pick_bot/pickbot_ws/install/pickbot_msgs/share/pickbot_msgs/cmake/export_pickbot_msgs__rosidl_typesupport_fastrtps_cppExport.cmake
[1.674s] -- Up-to-date: /home/rahul/pick_bot/pickbot_ws/install/pickbot_msgs/share/pickbot_msgs/cmake/export_pickbot_msgs__rosidl_typesupport_fastrtps_cppExport-noconfig.cmake
[1.674s] -- Up-to-date: /home/rahul/pick_bot/pickbot_ws/install/pickbot_msgs/share/pickbot_msgs/cmake/pickbot_msgs__rosidl_typesupport_introspection_cExport.cmake
[1.674s] -- Up-to-date: /home/rahul/pick_bot/pickbot_ws/install/pickbot_msgs/share/pickbot_msgs/cmake/pickbot_msgs__rosidl_typesupport_introspection_cExport-noconfig.cmake
[1.675s] -- Up-to-date: /home/rahul/pick_bot/pickbot_ws/install/pickbot_msgs/share/pickbot_msgs/cmake/pickbot_msgs__rosidl_typesupport_cExport.cmake
[1.675s] -- Up-to-date: /home/rahul/pick_bot/pickbot_ws/install/pickbot_msgs/share/pickbot_msgs/cmake/pickbot_msgs__rosidl_typesupport_cExport-noconfig.cmake
[1.675s] -- Up-to-date: /home/rahul/pick_bot/pickbot_ws/install/pickbot_msgs/share/pickbot_msgs/cmake/pickbot_msgs__rosidl_typesupport_introspection_cppExport.cmake
[1.675s] -- Up-to-date: /home/rahul/pick_bot/pickbot_ws/install/pickbot_msgs/share/pickbot_msgs/cmake/pickbot_msgs__rosidl_typesupport_introspection_cppExport-noconfig.cmake
[1.676s] -- Up-to-date: /home/rahul/pick_bot/pickbot_ws/install/pickbot_msgs/share/pickbot_msgs/cmake/pickbot_msgs__rosidl_typesupport_cppExport.cmake
[1.676s] -- Up-to-date: /home/rahul/pick_bot/pickbot_ws/install/pickbot_msgs/share/pickbot_msgs/cmake/pickbot_msgs__rosidl_typesupport_cppExport-noconfig.cmake
[1.676s] -- Up-to-date: /home/rahul/pick_bot/pickbot_ws/install/pickbot_msgs/share/pickbot_msgs/cmake/export_pickbot_msgs__rosidl_generator_pyExport.cmake
[1.676s] -- Up-to-date: /home/rahul/pick_bot/pickbot_ws/install/pickbot_msgs/share/pickbot_msgs/cmake/export_pickbot_msgs__rosidl_generator_pyExport-noconfig.cmake
[1.676s] -- Up-to-date: /home/rahul/pick_bot/pickbot_ws/install/pickbot_msgs/share/pickbot_msgs/cmake/rosidl_cmake-extras.cmake
[1.676s] -- Up-to-date: /home/rahul/pick_bot/pickbot_ws/install/pickbot_msgs/share/pickbot_msgs/cmake/ament_cmake_export_include_directories-extras.cmake
[1.676s] -- Up-to-date: /home/rahul/pick_bot/pickbot_ws/install/pickbot_msgs/share/pickbot_msgs/cmake/ament_cmake_export_libraries-extras.cmake
[1.676s] -- Up-to-date: /home/rahul/pick_bot/pickbot_ws/install/pickbot_msgs/share/pickbot_msgs/cmake/ament_cmake_export_targets-extras.cmake
[1.677s] -- Up-to-date: /home/rahul/pick_bot/pickbot_ws/install/pickbot_msgs/share/pickbot_msgs/cmake/rosidl_cmake_export_typesupport_targets-extras.cmake
[1.677s] -- Up-to-date: /home/rahul/pick_bot/pickbot_ws/install/pickbot_msgs/share/pickbot_msgs/cmake/ament_cmake_export_dependencies-extras.cmake
[1.677s] -- Up-to-date: /home/rahul/pick_bot/pickbot_ws/install/pickbot_msgs/share/pickbot_msgs/cmake/rosidl_cmake_export_typesupport_libraries-extras.cmake
[1.677s] -- Up-to-date: /home/rahul/pick_bot/pickbot_ws/install/pickbot_msgs/share/pickbot_msgs/cmake/pickbot_msgsConfig.cmake
[1.677s] -- Up-to-date: /home/rahul/pick_bot/pickbot_ws/install/pickbot_msgs/share/pickbot_msgs/cmake/pickbot_msgsConfig-version.cmake
[1.677s] -- Up-to-date: /home/rahul/pick_bot/pickbot_ws/install/pickbot_msgs/share/pickbot_msgs/package.xml
[1.691s] Invoked command in '/home/rahul/pick_bot/pickbot_ws/build/pickbot_msgs' returned '0': CMAKE_PREFIX_PATH=${CMAKE_PREFIX_PATH}:/opt/ros/humble /usr/bin/cmake --install /home/rahul/pick_bot/pickbot_ws/build/pickbot_msgs
