[0.101s] DEBUG:colcon:Command line arguments: ['/usr/bin/colcon', 'build']
[0.101s] DEBUG:colcon:Parsed command line arguments: Namespace(log_base=None, log_level=None, verb_name='build', build_base='build', install_base='install', merge_install=False, symlink_install=False, test_result_base=None, continue_on_error=False, executor='parallel', parallel_workers=12, event_handlers=None, ignore_user_meta=False, metas=['./colcon.meta'], base_paths=['.'], packages_ignore=None, packages_ignore_regex=None, paths=None, packages_up_to=None, packages_up_to_regex=None, packages_above=None, packages_above_and_dependencies=None, packages_above_depth=None, packages_select_by_dep=None, packages_skip_by_dep=None, packages_skip_up_to=None, packages_select_build_failed=False, packages_skip_build_finished=False, packages_select_test_failures=False, packages_skip_test_passed=False, packages_select=None, packages_skip=None, packages_select_regex=None, packages_skip_regex=None, packages_start=None, packages_end=None, allow_overriding=[], cmake_args=None, cmake_target=None, cmake_target_skip_unavailable=False, cmake_clean_cache=False, cmake_clean_first=False, cmake_force_configure=False, ament_cmake_args=None, catkin_cmake_args=None, catkin_skip_building_tests=False, mixin_files=None, mixin=None, verb_parser=<colcon_mixin.mixin.mixin_argument.MixinArgumentDecorator object at 0x74b0e253fbb0>, verb_extension=<colcon_core.verb.build.BuildVerb object at 0x74b0e253f5e0>, main=<bound method BuildVerb.main of <colcon_core.verb.build.BuildVerb object at 0x74b0e253f5e0>>, mixin_verb=('build',))
[0.261s] Level 1:colcon.colcon_core.package_discovery:discover_packages(colcon_meta) check parameters
[0.261s] Level 1:colcon.colcon_core.package_discovery:discover_packages(recursive) check parameters
[0.261s] Level 1:colcon.colcon_core.package_discovery:discover_packages(ignore) check parameters
[0.261s] Level 1:colcon.colcon_core.package_discovery:discover_packages(path) check parameters
[0.261s] Level 1:colcon.colcon_core.package_discovery:discover_packages(colcon_meta) discover
[0.261s] Level 1:colcon.colcon_core.package_discovery:discover_packages(recursive) discover
[0.261s] INFO:colcon.colcon_core.package_discovery:Crawling recursively for packages in '/home/rahul/pick_bot/pickbot_ws'
[0.261s] Level 1:colcon.colcon_core.package_identification:_identify(.) by extensions ['ignore', 'ignore_ament_install']
[0.261s] Level 1:colcon.colcon_core.package_identification:_identify(.) by extension 'ignore'
[0.261s] Level 1:colcon.colcon_core.package_identification:_identify(.) by extension 'ignore_ament_install'
[0.262s] Level 1:colcon.colcon_core.package_identification:_identify(.) by extensions ['colcon_pkg']
[0.262s] Level 1:colcon.colcon_core.package_identification:_identify(.) by extension 'colcon_pkg'
[0.262s] Level 1:colcon.colcon_core.package_identification:_identify(.) by extensions ['colcon_meta']
[0.262s] Level 1:colcon.colcon_core.package_identification:_identify(.) by extension 'colcon_meta'
[0.262s] Level 1:colcon.colcon_core.package_identification:_identify(.) by extensions ['ros']
[0.262s] Level 1:colcon.colcon_core.package_identification:_identify(.) by extension 'ros'
[0.271s] Level 1:colcon.colcon_core.package_identification:_identify(.) by extensions ['cmake', 'python']
[0.271s] Level 1:colcon.colcon_core.package_identification:_identify(.) by extension 'cmake'
[0.271s] Level 1:colcon.colcon_core.package_identification:_identify(.) by extension 'python'
[0.271s] Level 1:colcon.colcon_core.package_identification:_identify(.) by extensions ['python_setup_py']
[0.271s] Level 1:colcon.colcon_core.package_identification:_identify(.) by extension 'python_setup_py'
[0.271s] Level 1:colcon.colcon_core.package_identification:_identify(build) by extensions ['ignore', 'ignore_ament_install']
[0.271s] Level 1:colcon.colcon_core.package_identification:_identify(build) by extension 'ignore'
[0.272s] Level 1:colcon.colcon_core.package_identification:_identify(build) ignored
[0.272s] Level 1:colcon.colcon_core.package_identification:_identify(install) by extensions ['ignore', 'ignore_ament_install']
[0.272s] Level 1:colcon.colcon_core.package_identification:_identify(install) by extension 'ignore'
[0.272s] Level 1:colcon.colcon_core.package_identification:_identify(install) ignored
[0.272s] Level 1:colcon.colcon_core.package_identification:_identify(log) by extensions ['ignore', 'ignore_ament_install']
[0.272s] Level 1:colcon.colcon_core.package_identification:_identify(log) by extension 'ignore'
[0.272s] Level 1:colcon.colcon_core.package_identification:_identify(log) ignored
[0.272s] Level 1:colcon.colcon_core.package_identification:_identify(src) by extensions ['ignore', 'ignore_ament_install']
[0.272s] Level 1:colcon.colcon_core.package_identification:_identify(src) by extension 'ignore'
[0.272s] Level 1:colcon.colcon_core.package_identification:_identify(src) by extension 'ignore_ament_install'
[0.272s] Level 1:colcon.colcon_core.package_identification:_identify(src) by extensions ['colcon_pkg']
[0.272s] Level 1:colcon.colcon_core.package_identification:_identify(src) by extension 'colcon_pkg'
[0.272s] Level 1:colcon.colcon_core.package_identification:_identify(src) by extensions ['colcon_meta']
[0.272s] Level 1:colcon.colcon_core.package_identification:_identify(src) by extension 'colcon_meta'
[0.272s] Level 1:colcon.colcon_core.package_identification:_identify(src) by extensions ['ros']
[0.272s] Level 1:colcon.colcon_core.package_identification:_identify(src) by extension 'ros'
[0.273s] Level 1:colcon.colcon_core.package_identification:_identify(src) by extensions ['cmake', 'python']
[0.273s] Level 1:colcon.colcon_core.package_identification:_identify(src) by extension 'cmake'
[0.273s] Level 1:colcon.colcon_core.package_identification:_identify(src) by extension 'python'
[0.273s] Level 1:colcon.colcon_core.package_identification:_identify(src) by extensions ['python_setup_py']
[0.273s] Level 1:colcon.colcon_core.package_identification:_identify(src) by extension 'python_setup_py'
[0.273s] Level 1:colcon.colcon_core.package_identification:_identify(src/pick_bot_cpp_examples) by extensions ['ignore', 'ignore_ament_install']
[0.273s] Level 1:colcon.colcon_core.package_identification:_identify(src/pick_bot_cpp_examples) by extension 'ignore'
[0.273s] Level 1:colcon.colcon_core.package_identification:_identify(src/pick_bot_cpp_examples) by extension 'ignore_ament_install'
[0.273s] Level 1:colcon.colcon_core.package_identification:_identify(src/pick_bot_cpp_examples) by extensions ['colcon_pkg']
[0.273s] Level 1:colcon.colcon_core.package_identification:_identify(src/pick_bot_cpp_examples) by extension 'colcon_pkg'
[0.273s] Level 1:colcon.colcon_core.package_identification:_identify(src/pick_bot_cpp_examples) by extensions ['colcon_meta']
[0.273s] Level 1:colcon.colcon_core.package_identification:_identify(src/pick_bot_cpp_examples) by extension 'colcon_meta'
[0.273s] Level 1:colcon.colcon_core.package_identification:_identify(src/pick_bot_cpp_examples) by extensions ['ros']
[0.273s] Level 1:colcon.colcon_core.package_identification:_identify(src/pick_bot_cpp_examples) by extension 'ros'
[0.276s] DEBUG:colcon.colcon_core.package_identification:Package 'src/pick_bot_cpp_examples' with type 'ros.ament_cmake' and name 'pick_bot_cpp_examples'
[0.276s] Level 1:colcon.colcon_core.package_identification:_identify(src/pickbot_controller) by extensions ['ignore', 'ignore_ament_install']
[0.276s] Level 1:colcon.colcon_core.package_identification:_identify(src/pickbot_controller) by extension 'ignore'
[0.276s] Level 1:colcon.colcon_core.package_identification:_identify(src/pickbot_controller) by extension 'ignore_ament_install'
[0.276s] Level 1:colcon.colcon_core.package_identification:_identify(src/pickbot_controller) by extensions ['colcon_pkg']
[0.276s] Level 1:colcon.colcon_core.package_identification:_identify(src/pickbot_controller) by extension 'colcon_pkg'
[0.276s] Level 1:colcon.colcon_core.package_identification:_identify(src/pickbot_controller) by extensions ['colcon_meta']
[0.276s] Level 1:colcon.colcon_core.package_identification:_identify(src/pickbot_controller) by extension 'colcon_meta'
[0.276s] Level 1:colcon.colcon_core.package_identification:_identify(src/pickbot_controller) by extensions ['ros']
[0.276s] Level 1:colcon.colcon_core.package_identification:_identify(src/pickbot_controller) by extension 'ros'
[0.277s] DEBUG:colcon.colcon_core.package_identification:Package 'src/pickbot_controller' with type 'ros.ament_cmake' and name 'pickbot_controller'
[0.277s] Level 1:colcon.colcon_core.package_identification:_identify(src/pickbot_description) by extensions ['ignore', 'ignore_ament_install']
[0.277s] Level 1:colcon.colcon_core.package_identification:_identify(src/pickbot_description) by extension 'ignore'
[0.277s] Level 1:colcon.colcon_core.package_identification:_identify(src/pickbot_description) by extension 'ignore_ament_install'
[0.277s] Level 1:colcon.colcon_core.package_identification:_identify(src/pickbot_description) by extensions ['colcon_pkg']
[0.277s] Level 1:colcon.colcon_core.package_identification:_identify(src/pickbot_description) by extension 'colcon_pkg'
[0.277s] Level 1:colcon.colcon_core.package_identification:_identify(src/pickbot_description) by extensions ['colcon_meta']
[0.277s] Level 1:colcon.colcon_core.package_identification:_identify(src/pickbot_description) by extension 'colcon_meta'
[0.277s] Level 1:colcon.colcon_core.package_identification:_identify(src/pickbot_description) by extensions ['ros']
[0.277s] Level 1:colcon.colcon_core.package_identification:_identify(src/pickbot_description) by extension 'ros'
[0.279s] DEBUG:colcon.colcon_core.package_identification:Package 'src/pickbot_description' with type 'ros.ament_cmake' and name 'pickbot_description'
[0.279s] Level 1:colcon.colcon_core.package_identification:_identify(src/pickbot_moveit) by extensions ['ignore', 'ignore_ament_install']
[0.279s] Level 1:colcon.colcon_core.package_identification:_identify(src/pickbot_moveit) by extension 'ignore'
[0.279s] Level 1:colcon.colcon_core.package_identification:_identify(src/pickbot_moveit) by extension 'ignore_ament_install'
[0.280s] Level 1:colcon.colcon_core.package_identification:_identify(src/pickbot_moveit) by extensions ['colcon_pkg']
[0.280s] Level 1:colcon.colcon_core.package_identification:_identify(src/pickbot_moveit) by extension 'colcon_pkg'
[0.280s] Level 1:colcon.colcon_core.package_identification:_identify(src/pickbot_moveit) by extensions ['colcon_meta']
[0.280s] Level 1:colcon.colcon_core.package_identification:_identify(src/pickbot_moveit) by extension 'colcon_meta'
[0.280s] Level 1:colcon.colcon_core.package_identification:_identify(src/pickbot_moveit) by extensions ['ros']
[0.280s] Level 1:colcon.colcon_core.package_identification:_identify(src/pickbot_moveit) by extension 'ros'
[0.281s] DEBUG:colcon.colcon_core.package_identification:Package 'src/pickbot_moveit' with type 'ros.ament_cmake' and name 'pickbot_moveit'
[0.282s] Level 1:colcon.colcon_core.package_identification:_identify(src/pickbot_msgs) by extensions ['ignore', 'ignore_ament_install']
[0.282s] Level 1:colcon.colcon_core.package_identification:_identify(src/pickbot_msgs) by extension 'ignore'
[0.282s] Level 1:colcon.colcon_core.package_identification:_identify(src/pickbot_msgs) by extension 'ignore_ament_install'
[0.282s] Level 1:colcon.colcon_core.package_identification:_identify(src/pickbot_msgs) by extensions ['colcon_pkg']
[0.282s] Level 1:colcon.colcon_core.package_identification:_identify(src/pickbot_msgs) by extension 'colcon_pkg'
[0.282s] Level 1:colcon.colcon_core.package_identification:_identify(src/pickbot_msgs) by extensions ['colcon_meta']
[0.282s] Level 1:colcon.colcon_core.package_identification:_identify(src/pickbot_msgs) by extension 'colcon_meta'
[0.282s] Level 1:colcon.colcon_core.package_identification:_identify(src/pickbot_msgs) by extensions ['ros']
[0.282s] Level 1:colcon.colcon_core.package_identification:_identify(src/pickbot_msgs) by extension 'ros'
[0.283s] DEBUG:colcon.colcon_core.package_identification:Package 'src/pickbot_msgs' with type 'ros.ament_cmake' and name 'pickbot_msgs'
[0.283s] Level 1:colcon.colcon_core.package_identification:_identify(src/pickbot_remote) by extensions ['ignore', 'ignore_ament_install']
[0.283s] Level 1:colcon.colcon_core.package_identification:_identify(src/pickbot_remote) by extension 'ignore'
[0.283s] Level 1:colcon.colcon_core.package_identification:_identify(src/pickbot_remote) by extension 'ignore_ament_install'
[0.283s] Level 1:colcon.colcon_core.package_identification:_identify(src/pickbot_remote) by extensions ['colcon_pkg']
[0.283s] Level 1:colcon.colcon_core.package_identification:_identify(src/pickbot_remote) by extension 'colcon_pkg'
[0.283s] Level 1:colcon.colcon_core.package_identification:_identify(src/pickbot_remote) by extensions ['colcon_meta']
[0.283s] Level 1:colcon.colcon_core.package_identification:_identify(src/pickbot_remote) by extension 'colcon_meta'
[0.283s] Level 1:colcon.colcon_core.package_identification:_identify(src/pickbot_remote) by extensions ['ros']
[0.283s] Level 1:colcon.colcon_core.package_identification:_identify(src/pickbot_remote) by extension 'ros'
[0.284s] DEBUG:colcon.colcon_core.package_identification:Package 'src/pickbot_remote' with type 'ros.ament_cmake' and name 'pickbot_remote'
[0.284s] Level 1:colcon.colcon_core.package_identification:_identify(src/pickbot_utils) by extensions ['ignore', 'ignore_ament_install']
[0.284s] Level 1:colcon.colcon_core.package_identification:_identify(src/pickbot_utils) by extension 'ignore'
[0.284s] Level 1:colcon.colcon_core.package_identification:_identify(src/pickbot_utils) by extension 'ignore_ament_install'
[0.284s] Level 1:colcon.colcon_core.package_identification:_identify(src/pickbot_utils) by extensions ['colcon_pkg']
[0.284s] Level 1:colcon.colcon_core.package_identification:_identify(src/pickbot_utils) by extension 'colcon_pkg'
[0.284s] Level 1:colcon.colcon_core.package_identification:_identify(src/pickbot_utils) by extensions ['colcon_meta']
[0.284s] Level 1:colcon.colcon_core.package_identification:_identify(src/pickbot_utils) by extension 'colcon_meta'
[0.284s] Level 1:colcon.colcon_core.package_identification:_identify(src/pickbot_utils) by extensions ['ros']
[0.284s] Level 1:colcon.colcon_core.package_identification:_identify(src/pickbot_utils) by extension 'ros'
[0.285s] DEBUG:colcon.colcon_core.package_identification:Package 'src/pickbot_utils' with type 'ros.ament_cmake' and name 'pickbot_utils'
[0.285s] Level 1:colcon.colcon_core.package_discovery:discover_packages(recursive) using defaults
[0.285s] Level 1:colcon.colcon_core.package_discovery:discover_packages(ignore) discover
[0.285s] Level 1:colcon.colcon_core.package_discovery:discover_packages(ignore) using defaults
[0.285s] Level 1:colcon.colcon_core.package_discovery:discover_packages(path) discover
[0.285s] Level 1:colcon.colcon_core.package_discovery:discover_packages(path) using defaults
[0.317s] Level 1:colcon.colcon_core.package_discovery:discover_packages(prefix_path) check parameters
[0.317s] Level 1:colcon.colcon_core.package_discovery:discover_packages(prefix_path) discover
[0.318s] DEBUG:colcon.colcon_installed_package_information.package_discovery:Found 7 installed packages in /home/rahul/pick_bot/pickbot_ws/install
[0.320s] DEBUG:colcon.colcon_installed_package_information.package_discovery:Found 390 installed packages in /opt/ros/humble
[0.322s] Level 1:colcon.colcon_core.package_discovery:discover_packages(prefix_path) using defaults
[0.365s] Level 5:colcon.colcon_core.verb:set package 'pickbot_controller' build argument 'cmake_args' from command line to 'None'
[0.365s] Level 5:colcon.colcon_core.verb:set package 'pickbot_controller' build argument 'cmake_target' from command line to 'None'
[0.365s] Level 5:colcon.colcon_core.verb:set package 'pickbot_controller' build argument 'cmake_target_skip_unavailable' from command line to 'False'
[0.365s] Level 5:colcon.colcon_core.verb:set package 'pickbot_controller' build argument 'cmake_clean_cache' from command line to 'False'
[0.365s] Level 5:colcon.colcon_core.verb:set package 'pickbot_controller' build argument 'cmake_clean_first' from command line to 'False'
[0.365s] Level 5:colcon.colcon_core.verb:set package 'pickbot_controller' build argument 'cmake_force_configure' from command line to 'False'
[0.365s] Level 5:colcon.colcon_core.verb:set package 'pickbot_controller' build argument 'ament_cmake_args' from command line to 'None'
[0.365s] Level 5:colcon.colcon_core.verb:set package 'pickbot_controller' build argument 'catkin_cmake_args' from command line to 'None'
[0.365s] Level 5:colcon.colcon_core.verb:set package 'pickbot_controller' build argument 'catkin_skip_building_tests' from command line to 'False'
[0.365s] DEBUG:colcon.colcon_core.verb:Building package 'pickbot_controller' with the following arguments: {'ament_cmake_args': None, 'build_base': '/home/rahul/pick_bot/pickbot_ws/build/pickbot_controller', 'catkin_cmake_args': None, 'catkin_skip_building_tests': False, 'cmake_args': None, 'cmake_clean_cache': False, 'cmake_clean_first': False, 'cmake_force_configure': False, 'cmake_target': None, 'cmake_target_skip_unavailable': False, 'install_base': '/home/rahul/pick_bot/pickbot_ws/install/pickbot_controller', 'merge_install': False, 'path': '/home/rahul/pick_bot/pickbot_ws/src/pickbot_controller', 'symlink_install': False, 'test_result_base': None}
[0.365s] Level 5:colcon.colcon_core.verb:set package 'pickbot_description' build argument 'cmake_args' from command line to 'None'
[0.365s] Level 5:colcon.colcon_core.verb:set package 'pickbot_description' build argument 'cmake_target' from command line to 'None'
[0.365s] Level 5:colcon.colcon_core.verb:set package 'pickbot_description' build argument 'cmake_target_skip_unavailable' from command line to 'False'
[0.365s] Level 5:colcon.colcon_core.verb:set package 'pickbot_description' build argument 'cmake_clean_cache' from command line to 'False'
[0.365s] Level 5:colcon.colcon_core.verb:set package 'pickbot_description' build argument 'cmake_clean_first' from command line to 'False'
[0.365s] Level 5:colcon.colcon_core.verb:set package 'pickbot_description' build argument 'cmake_force_configure' from command line to 'False'
[0.365s] Level 5:colcon.colcon_core.verb:set package 'pickbot_description' build argument 'ament_cmake_args' from command line to 'None'
[0.365s] Level 5:colcon.colcon_core.verb:set package 'pickbot_description' build argument 'catkin_cmake_args' from command line to 'None'
[0.365s] Level 5:colcon.colcon_core.verb:set package 'pickbot_description' build argument 'catkin_skip_building_tests' from command line to 'False'
[0.365s] DEBUG:colcon.colcon_core.verb:Building package 'pickbot_description' with the following arguments: {'ament_cmake_args': None, 'build_base': '/home/rahul/pick_bot/pickbot_ws/build/pickbot_description', 'catkin_cmake_args': None, 'catkin_skip_building_tests': False, 'cmake_args': None, 'cmake_clean_cache': False, 'cmake_clean_first': False, 'cmake_force_configure': False, 'cmake_target': None, 'cmake_target_skip_unavailable': False, 'install_base': '/home/rahul/pick_bot/pickbot_ws/install/pickbot_description', 'merge_install': False, 'path': '/home/rahul/pick_bot/pickbot_ws/src/pickbot_description', 'symlink_install': False, 'test_result_base': None}
[0.366s] Level 5:colcon.colcon_core.verb:set package 'pickbot_msgs' build argument 'cmake_args' from command line to 'None'
[0.366s] Level 5:colcon.colcon_core.verb:set package 'pickbot_msgs' build argument 'cmake_target' from command line to 'None'
[0.366s] Level 5:colcon.colcon_core.verb:set package 'pickbot_msgs' build argument 'cmake_target_skip_unavailable' from command line to 'False'
[0.366s] Level 5:colcon.colcon_core.verb:set package 'pickbot_msgs' build argument 'cmake_clean_cache' from command line to 'False'
[0.366s] Level 5:colcon.colcon_core.verb:set package 'pickbot_msgs' build argument 'cmake_clean_first' from command line to 'False'
[0.366s] Level 5:colcon.colcon_core.verb:set package 'pickbot_msgs' build argument 'cmake_force_configure' from command line to 'False'
[0.366s] Level 5:colcon.colcon_core.verb:set package 'pickbot_msgs' build argument 'ament_cmake_args' from command line to 'None'
[0.366s] Level 5:colcon.colcon_core.verb:set package 'pickbot_msgs' build argument 'catkin_cmake_args' from command line to 'None'
[0.366s] Level 5:colcon.colcon_core.verb:set package 'pickbot_msgs' build argument 'catkin_skip_building_tests' from command line to 'False'
[0.366s] DEBUG:colcon.colcon_core.verb:Building package 'pickbot_msgs' with the following arguments: {'ament_cmake_args': None, 'build_base': '/home/rahul/pick_bot/pickbot_ws/build/pickbot_msgs', 'catkin_cmake_args': None, 'catkin_skip_building_tests': False, 'cmake_args': None, 'cmake_clean_cache': False, 'cmake_clean_first': False, 'cmake_force_configure': False, 'cmake_target': None, 'cmake_target_skip_unavailable': False, 'install_base': '/home/rahul/pick_bot/pickbot_ws/install/pickbot_msgs', 'merge_install': False, 'path': '/home/rahul/pick_bot/pickbot_ws/src/pickbot_msgs', 'symlink_install': False, 'test_result_base': None}
[0.366s] Level 5:colcon.colcon_core.verb:set package 'pick_bot_cpp_examples' build argument 'cmake_args' from command line to 'None'
[0.366s] Level 5:colcon.colcon_core.verb:set package 'pick_bot_cpp_examples' build argument 'cmake_target' from command line to 'None'
[0.366s] Level 5:colcon.colcon_core.verb:set package 'pick_bot_cpp_examples' build argument 'cmake_target_skip_unavailable' from command line to 'False'
[0.366s] Level 5:colcon.colcon_core.verb:set package 'pick_bot_cpp_examples' build argument 'cmake_clean_cache' from command line to 'False'
[0.366s] Level 5:colcon.colcon_core.verb:set package 'pick_bot_cpp_examples' build argument 'cmake_clean_first' from command line to 'False'
[0.366s] Level 5:colcon.colcon_core.verb:set package 'pick_bot_cpp_examples' build argument 'cmake_force_configure' from command line to 'False'
[0.366s] Level 5:colcon.colcon_core.verb:set package 'pick_bot_cpp_examples' build argument 'ament_cmake_args' from command line to 'None'
[0.366s] Level 5:colcon.colcon_core.verb:set package 'pick_bot_cpp_examples' build argument 'catkin_cmake_args' from command line to 'None'
[0.366s] Level 5:colcon.colcon_core.verb:set package 'pick_bot_cpp_examples' build argument 'catkin_skip_building_tests' from command line to 'False'
[0.366s] DEBUG:colcon.colcon_core.verb:Building package 'pick_bot_cpp_examples' with the following arguments: {'ament_cmake_args': None, 'build_base': '/home/rahul/pick_bot/pickbot_ws/build/pick_bot_cpp_examples', 'catkin_cmake_args': None, 'catkin_skip_building_tests': False, 'cmake_args': None, 'cmake_clean_cache': False, 'cmake_clean_first': False, 'cmake_force_configure': False, 'cmake_target': None, 'cmake_target_skip_unavailable': False, 'install_base': '/home/rahul/pick_bot/pickbot_ws/install/pick_bot_cpp_examples', 'merge_install': False, 'path': '/home/rahul/pick_bot/pickbot_ws/src/pick_bot_cpp_examples', 'symlink_install': False, 'test_result_base': None}
[0.367s] Level 5:colcon.colcon_core.verb:set package 'pickbot_moveit' build argument 'cmake_args' from command line to 'None'
[0.367s] Level 5:colcon.colcon_core.verb:set package 'pickbot_moveit' build argument 'cmake_target' from command line to 'None'
[0.367s] Level 5:colcon.colcon_core.verb:set package 'pickbot_moveit' build argument 'cmake_target_skip_unavailable' from command line to 'False'
[0.367s] Level 5:colcon.colcon_core.verb:set package 'pickbot_moveit' build argument 'cmake_clean_cache' from command line to 'False'
[0.367s] Level 5:colcon.colcon_core.verb:set package 'pickbot_moveit' build argument 'cmake_clean_first' from command line to 'False'
[0.367s] Level 5:colcon.colcon_core.verb:set package 'pickbot_moveit' build argument 'cmake_force_configure' from command line to 'False'
[0.367s] Level 5:colcon.colcon_core.verb:set package 'pickbot_moveit' build argument 'ament_cmake_args' from command line to 'None'
[0.367s] Level 5:colcon.colcon_core.verb:set package 'pickbot_moveit' build argument 'catkin_cmake_args' from command line to 'None'
[0.367s] Level 5:colcon.colcon_core.verb:set package 'pickbot_moveit' build argument 'catkin_skip_building_tests' from command line to 'False'
[0.367s] DEBUG:colcon.colcon_core.verb:Building package 'pickbot_moveit' with the following arguments: {'ament_cmake_args': None, 'build_base': '/home/rahul/pick_bot/pickbot_ws/build/pickbot_moveit', 'catkin_cmake_args': None, 'catkin_skip_building_tests': False, 'cmake_args': None, 'cmake_clean_cache': False, 'cmake_clean_first': False, 'cmake_force_configure': False, 'cmake_target': None, 'cmake_target_skip_unavailable': False, 'install_base': '/home/rahul/pick_bot/pickbot_ws/install/pickbot_moveit', 'merge_install': False, 'path': '/home/rahul/pick_bot/pickbot_ws/src/pickbot_moveit', 'symlink_install': False, 'test_result_base': None}
[0.367s] Level 5:colcon.colcon_core.verb:set package 'pickbot_utils' build argument 'cmake_args' from command line to 'None'
[0.367s] Level 5:colcon.colcon_core.verb:set package 'pickbot_utils' build argument 'cmake_target' from command line to 'None'
[0.367s] Level 5:colcon.colcon_core.verb:set package 'pickbot_utils' build argument 'cmake_target_skip_unavailable' from command line to 'False'
[0.367s] Level 5:colcon.colcon_core.verb:set package 'pickbot_utils' build argument 'cmake_clean_cache' from command line to 'False'
[0.367s] Level 5:colcon.colcon_core.verb:set package 'pickbot_utils' build argument 'cmake_clean_first' from command line to 'False'
[0.367s] Level 5:colcon.colcon_core.verb:set package 'pickbot_utils' build argument 'cmake_force_configure' from command line to 'False'
[0.367s] Level 5:colcon.colcon_core.verb:set package 'pickbot_utils' build argument 'ament_cmake_args' from command line to 'None'
[0.367s] Level 5:colcon.colcon_core.verb:set package 'pickbot_utils' build argument 'catkin_cmake_args' from command line to 'None'
[0.367s] Level 5:colcon.colcon_core.verb:set package 'pickbot_utils' build argument 'catkin_skip_building_tests' from command line to 'False'
[0.367s] DEBUG:colcon.colcon_core.verb:Building package 'pickbot_utils' with the following arguments: {'ament_cmake_args': None, 'build_base': '/home/rahul/pick_bot/pickbot_ws/build/pickbot_utils', 'catkin_cmake_args': None, 'catkin_skip_building_tests': False, 'cmake_args': None, 'cmake_clean_cache': False, 'cmake_clean_first': False, 'cmake_force_configure': False, 'cmake_target': None, 'cmake_target_skip_unavailable': False, 'install_base': '/home/rahul/pick_bot/pickbot_ws/install/pickbot_utils', 'merge_install': False, 'path': '/home/rahul/pick_bot/pickbot_ws/src/pickbot_utils', 'symlink_install': False, 'test_result_base': None}
[0.368s] Level 5:colcon.colcon_core.verb:set package 'pickbot_remote' build argument 'cmake_args' from command line to 'None'
[0.368s] Level 5:colcon.colcon_core.verb:set package 'pickbot_remote' build argument 'cmake_target' from command line to 'None'
[0.368s] Level 5:colcon.colcon_core.verb:set package 'pickbot_remote' build argument 'cmake_target_skip_unavailable' from command line to 'False'
[0.368s] Level 5:colcon.colcon_core.verb:set package 'pickbot_remote' build argument 'cmake_clean_cache' from command line to 'False'
[0.368s] Level 5:colcon.colcon_core.verb:set package 'pickbot_remote' build argument 'cmake_clean_first' from command line to 'False'
[0.368s] Level 5:colcon.colcon_core.verb:set package 'pickbot_remote' build argument 'cmake_force_configure' from command line to 'False'
[0.368s] Level 5:colcon.colcon_core.verb:set package 'pickbot_remote' build argument 'ament_cmake_args' from command line to 'None'
[0.368s] Level 5:colcon.colcon_core.verb:set package 'pickbot_remote' build argument 'catkin_cmake_args' from command line to 'None'
[0.368s] Level 5:colcon.colcon_core.verb:set package 'pickbot_remote' build argument 'catkin_skip_building_tests' from command line to 'False'
[0.368s] DEBUG:colcon.colcon_core.verb:Building package 'pickbot_remote' with the following arguments: {'ament_cmake_args': None, 'build_base': '/home/rahul/pick_bot/pickbot_ws/build/pickbot_remote', 'catkin_cmake_args': None, 'catkin_skip_building_tests': False, 'cmake_args': None, 'cmake_clean_cache': False, 'cmake_clean_first': False, 'cmake_force_configure': False, 'cmake_target': None, 'cmake_target_skip_unavailable': False, 'install_base': '/home/rahul/pick_bot/pickbot_ws/install/pickbot_remote', 'merge_install': False, 'path': '/home/rahul/pick_bot/pickbot_ws/src/pickbot_remote', 'symlink_install': False, 'test_result_base': None}
[0.368s] INFO:colcon.colcon_core.executor:Executing jobs using 'parallel' executor
[0.369s] DEBUG:colcon.colcon_parallel_executor.executor.parallel:run_until_complete
[0.369s] INFO:colcon.colcon_ros.task.ament_cmake.build:Building ROS package in '/home/rahul/pick_bot/pickbot_ws/src/pickbot_msgs' with build type 'ament_cmake'
[0.369s] INFO:colcon.colcon_cmake.task.cmake.build:Building CMake package in '/home/rahul/pick_bot/pickbot_ws/src/pickbot_msgs'
[0.371s] INFO:colcon.colcon_core.plugin_system:Skipping extension 'colcon_core.shell.bat': Not used on non-Windows systems
[0.372s] INFO:colcon.colcon_core.shell:Skip shell extension 'powershell' for command environment: Not usable outside of PowerShell
[0.372s] DEBUG:colcon.colcon_core.shell:Skip shell extension 'dsv' for command environment
[0.376s] INFO:colcon.colcon_ros.task.ament_cmake.build:Building ROS package in '/home/rahul/pick_bot/pickbot_ws/src/pickbot_description' with build type 'ament_cmake'
[0.376s] INFO:colcon.colcon_cmake.task.cmake.build:Building CMake package in '/home/rahul/pick_bot/pickbot_ws/src/pickbot_description'
[0.377s] INFO:colcon.colcon_core.shell:Skip shell extension 'powershell' for command environment: Not usable outside of PowerShell
[0.377s] DEBUG:colcon.colcon_core.shell:Skip shell extension 'dsv' for command environment
[0.381s] INFO:colcon.colcon_ros.task.ament_cmake.build:Building ROS package in '/home/rahul/pick_bot/pickbot_ws/src/pickbot_controller' with build type 'ament_cmake'
[0.381s] INFO:colcon.colcon_cmake.task.cmake.build:Building CMake package in '/home/rahul/pick_bot/pickbot_ws/src/pickbot_controller'
[0.381s] INFO:colcon.colcon_core.shell:Skip shell extension 'powershell' for command environment: Not usable outside of PowerShell
[0.381s] DEBUG:colcon.colcon_core.shell:Skip shell extension 'dsv' for command environment
[0.393s] DEBUG:colcon.colcon_core.event_handler.log_command:Invoking command in '/home/rahul/pick_bot/pickbot_ws/build/pickbot_msgs': CMAKE_PREFIX_PATH=${CMAKE_PREFIX_PATH}:/opt/ros/humble /usr/bin/cmake --build /home/rahul/pick_bot/pickbot_ws/build/pickbot_msgs -- -j12 -l12
[0.396s] DEBUG:colcon.colcon_core.event_handler.log_command:Invoking command in '/home/rahul/pick_bot/pickbot_ws/build/pickbot_description': CMAKE_PREFIX_PATH=${CMAKE_PREFIX_PATH}:/opt/ros/humble /usr/bin/cmake --build /home/rahul/pick_bot/pickbot_ws/build/pickbot_description -- -j12 -l12
[0.403s] DEBUG:colcon.colcon_core.event_handler.log_command:Invoking command in '/home/rahul/pick_bot/pickbot_ws/build/pickbot_controller': CMAKE_PREFIX_PATH=${CMAKE_PREFIX_PATH}:/opt/ros/humble /usr/bin/cmake --build /home/rahul/pick_bot/pickbot_ws/build/pickbot_controller -- -j12 -l12
[0.451s] DEBUG:colcon.colcon_core.event_handler.log_command:Invoked command in '/home/rahul/pick_bot/pickbot_ws/build/pickbot_description' returned '0': CMAKE_PREFIX_PATH=${CMAKE_PREFIX_PATH}:/opt/ros/humble /usr/bin/cmake --build /home/rahul/pick_bot/pickbot_ws/build/pickbot_description -- -j12 -l12
[0.452s] DEBUG:colcon.colcon_core.event_handler.log_command:Invoked command in '/home/rahul/pick_bot/pickbot_ws/build/pickbot_controller' returned '0': CMAKE_PREFIX_PATH=${CMAKE_PREFIX_PATH}:/opt/ros/humble /usr/bin/cmake --build /home/rahul/pick_bot/pickbot_ws/build/pickbot_controller -- -j12 -l12
[0.467s] DEBUG:colcon.colcon_core.event_handler.log_command:Invoking command in '/home/rahul/pick_bot/pickbot_ws/build/pickbot_controller': CMAKE_PREFIX_PATH=${CMAKE_PREFIX_PATH}:/opt/ros/humble /usr/bin/cmake --install /home/rahul/pick_bot/pickbot_ws/build/pickbot_controller
[0.486s] Level 1:colcon.colcon_core.environment:create_environment_scripts_only(pickbot_controller)
[0.490s] Level 1:colcon.colcon_core.environment:checking '/home/rahul/pick_bot/pickbot_ws/install/pickbot_controller' for CMake module files
[0.491s] DEBUG:colcon.colcon_core.event_handler.log_command:Invoked command in '/home/rahul/pick_bot/pickbot_ws/build/pickbot_controller' returned '0': CMAKE_PREFIX_PATH=${CMAKE_PREFIX_PATH}:/opt/ros/humble /usr/bin/cmake --install /home/rahul/pick_bot/pickbot_ws/build/pickbot_controller
[0.492s] Level 1:colcon.colcon_core.environment:checking '/home/rahul/pick_bot/pickbot_ws/install/pickbot_controller' for CMake config files
[0.493s] Level 1:colcon.colcon_core.shell:create_environment_hook('pickbot_controller', 'cmake_prefix_path')
[0.494s] INFO:colcon.colcon_core.shell:Creating environment hook '/home/rahul/pick_bot/pickbot_ws/install/pickbot_controller/share/pickbot_controller/hook/cmake_prefix_path.ps1'
[0.497s] INFO:colcon.colcon_core.shell:Creating environment descriptor '/home/rahul/pick_bot/pickbot_ws/install/pickbot_controller/share/pickbot_controller/hook/cmake_prefix_path.dsv'
[0.498s] INFO:colcon.colcon_core.shell:Creating environment hook '/home/rahul/pick_bot/pickbot_ws/install/pickbot_controller/share/pickbot_controller/hook/cmake_prefix_path.sh'
[0.500s] Level 1:colcon.colcon_core.environment:checking '/home/rahul/pick_bot/pickbot_ws/install/pickbot_controller/bin'
[0.500s] Level 1:colcon.colcon_core.environment:checking '/home/rahul/pick_bot/pickbot_ws/install/pickbot_controller/lib/pkgconfig/pickbot_controller.pc'
[0.501s] Level 1:colcon.colcon_core.environment:checking '/home/rahul/pick_bot/pickbot_ws/install/pickbot_controller/lib/python3.10/site-packages'
[0.502s] Level 1:colcon.colcon_core.environment:checking '/home/rahul/pick_bot/pickbot_ws/install/pickbot_controller/bin'
[0.502s] INFO:colcon.colcon_core.shell:Creating package script '/home/rahul/pick_bot/pickbot_ws/install/pickbot_controller/share/pickbot_controller/package.ps1'
[0.504s] INFO:colcon.colcon_core.shell:Creating package descriptor '/home/rahul/pick_bot/pickbot_ws/install/pickbot_controller/share/pickbot_controller/package.dsv'
[0.505s] INFO:colcon.colcon_core.shell:Creating package script '/home/rahul/pick_bot/pickbot_ws/install/pickbot_controller/share/pickbot_controller/package.sh'
[0.510s] INFO:colcon.colcon_core.shell:Creating package script '/home/rahul/pick_bot/pickbot_ws/install/pickbot_controller/share/pickbot_controller/package.bash'
[0.512s] INFO:colcon.colcon_core.shell:Creating package script '/home/rahul/pick_bot/pickbot_ws/install/pickbot_controller/share/pickbot_controller/package.zsh'
[0.513s] Level 1:colcon.colcon_core.environment:create_file_with_runtime_dependencies(/home/rahul/pick_bot/pickbot_ws/install/pickbot_controller/share/colcon-core/packages/pickbot_controller)
[0.514s] Level 1:colcon.colcon_core.environment:create_environment_scripts_only(pickbot_controller)
[0.515s] Level 1:colcon.colcon_core.environment:checking '/home/rahul/pick_bot/pickbot_ws/install/pickbot_controller' for CMake module files
[0.516s] Level 1:colcon.colcon_core.environment:checking '/home/rahul/pick_bot/pickbot_ws/install/pickbot_controller' for CMake config files
[0.516s] Level 1:colcon.colcon_core.shell:create_environment_hook('pickbot_controller', 'cmake_prefix_path')
[0.516s] INFO:colcon.colcon_core.shell:Creating environment hook '/home/rahul/pick_bot/pickbot_ws/install/pickbot_controller/share/pickbot_controller/hook/cmake_prefix_path.ps1'
[0.517s] INFO:colcon.colcon_core.shell:Creating environment descriptor '/home/rahul/pick_bot/pickbot_ws/install/pickbot_controller/share/pickbot_controller/hook/cmake_prefix_path.dsv'
[0.517s] INFO:colcon.colcon_core.shell:Creating environment hook '/home/rahul/pick_bot/pickbot_ws/install/pickbot_controller/share/pickbot_controller/hook/cmake_prefix_path.sh'
[0.518s] Level 1:colcon.colcon_core.environment:checking '/home/rahul/pick_bot/pickbot_ws/install/pickbot_controller/bin'
[0.518s] Level 1:colcon.colcon_core.environment:checking '/home/rahul/pick_bot/pickbot_ws/install/pickbot_controller/lib/pkgconfig/pickbot_controller.pc'
[0.518s] Level 1:colcon.colcon_core.environment:checking '/home/rahul/pick_bot/pickbot_ws/install/pickbot_controller/lib/python3.10/site-packages'
[0.518s] Level 1:colcon.colcon_core.environment:checking '/home/rahul/pick_bot/pickbot_ws/install/pickbot_controller/bin'
[0.518s] INFO:colcon.colcon_core.shell:Creating package script '/home/rahul/pick_bot/pickbot_ws/install/pickbot_controller/share/pickbot_controller/package.ps1'
[0.519s] INFO:colcon.colcon_core.shell:Creating package descriptor '/home/rahul/pick_bot/pickbot_ws/install/pickbot_controller/share/pickbot_controller/package.dsv'
[0.520s] INFO:colcon.colcon_core.shell:Creating package script '/home/rahul/pick_bot/pickbot_ws/install/pickbot_controller/share/pickbot_controller/package.sh'
[0.520s] INFO:colcon.colcon_core.shell:Creating package script '/home/rahul/pick_bot/pickbot_ws/install/pickbot_controller/share/pickbot_controller/package.bash'
[0.521s] INFO:colcon.colcon_core.shell:Creating package script '/home/rahul/pick_bot/pickbot_ws/install/pickbot_controller/share/pickbot_controller/package.zsh'
[0.521s] Level 1:colcon.colcon_core.environment:create_file_with_runtime_dependencies(/home/rahul/pick_bot/pickbot_ws/install/pickbot_controller/share/colcon-core/packages/pickbot_controller)
[0.526s] DEBUG:colcon.colcon_core.event_handler.log_command:Invoking command in '/home/rahul/pick_bot/pickbot_ws/build/pickbot_description': CMAKE_PREFIX_PATH=${CMAKE_PREFIX_PATH}:/opt/ros/humble /usr/bin/cmake --install /home/rahul/pick_bot/pickbot_ws/build/pickbot_description
[0.543s] Level 1:colcon.colcon_core.environment:create_environment_scripts_only(pickbot_description)
[0.544s] Level 1:colcon.colcon_core.environment:checking '/home/rahul/pick_bot/pickbot_ws/install/pickbot_description' for CMake module files
[0.545s] DEBUG:colcon.colcon_core.event_handler.log_command:Invoked command in '/home/rahul/pick_bot/pickbot_ws/build/pickbot_description' returned '0': CMAKE_PREFIX_PATH=${CMAKE_PREFIX_PATH}:/opt/ros/humble /usr/bin/cmake --install /home/rahul/pick_bot/pickbot_ws/build/pickbot_description
[0.545s] Level 1:colcon.colcon_core.environment:checking '/home/rahul/pick_bot/pickbot_ws/install/pickbot_description' for CMake config files
[0.546s] Level 1:colcon.colcon_core.shell:create_environment_hook('pickbot_description', 'cmake_prefix_path')
[0.546s] INFO:colcon.colcon_core.shell:Creating environment hook '/home/rahul/pick_bot/pickbot_ws/install/pickbot_description/share/pickbot_description/hook/cmake_prefix_path.ps1'
[0.547s] INFO:colcon.colcon_core.shell:Creating environment descriptor '/home/rahul/pick_bot/pickbot_ws/install/pickbot_description/share/pickbot_description/hook/cmake_prefix_path.dsv'
[0.548s] INFO:colcon.colcon_core.shell:Creating environment hook '/home/rahul/pick_bot/pickbot_ws/install/pickbot_description/share/pickbot_description/hook/cmake_prefix_path.sh'
[0.548s] Level 1:colcon.colcon_core.environment:checking '/home/rahul/pick_bot/pickbot_ws/install/pickbot_description/bin'
[0.548s] Level 1:colcon.colcon_core.environment:checking '/home/rahul/pick_bot/pickbot_ws/install/pickbot_description/lib/pkgconfig/pickbot_description.pc'
[0.549s] Level 1:colcon.colcon_core.environment:checking '/home/rahul/pick_bot/pickbot_ws/install/pickbot_description/lib/python3.10/site-packages'
[0.549s] Level 1:colcon.colcon_core.environment:checking '/home/rahul/pick_bot/pickbot_ws/install/pickbot_description/bin'
[0.549s] INFO:colcon.colcon_core.shell:Creating package script '/home/rahul/pick_bot/pickbot_ws/install/pickbot_description/share/pickbot_description/package.ps1'
[0.550s] INFO:colcon.colcon_core.shell:Creating package descriptor '/home/rahul/pick_bot/pickbot_ws/install/pickbot_description/share/pickbot_description/package.dsv'
[0.550s] INFO:colcon.colcon_core.shell:Creating package script '/home/rahul/pick_bot/pickbot_ws/install/pickbot_description/share/pickbot_description/package.sh'
[0.551s] INFO:colcon.colcon_core.shell:Creating package script '/home/rahul/pick_bot/pickbot_ws/install/pickbot_description/share/pickbot_description/package.bash'
[0.551s] INFO:colcon.colcon_core.shell:Creating package script '/home/rahul/pick_bot/pickbot_ws/install/pickbot_description/share/pickbot_description/package.zsh'
[0.551s] Level 1:colcon.colcon_core.environment:create_file_with_runtime_dependencies(/home/rahul/pick_bot/pickbot_ws/install/pickbot_description/share/colcon-core/packages/pickbot_description)
[0.582s] Level 1:colcon.colcon_core.environment:create_environment_scripts_only(pickbot_description)
[0.582s] Level 1:colcon.colcon_core.environment:checking '/home/rahul/pick_bot/pickbot_ws/install/pickbot_description' for CMake module files
[0.582s] Level 1:colcon.colcon_core.environment:checking '/home/rahul/pick_bot/pickbot_ws/install/pickbot_description' for CMake config files
[0.583s] Level 1:colcon.colcon_core.shell:create_environment_hook('pickbot_description', 'cmake_prefix_path')
[0.583s] INFO:colcon.colcon_core.shell:Creating environment hook '/home/rahul/pick_bot/pickbot_ws/install/pickbot_description/share/pickbot_description/hook/cmake_prefix_path.ps1'
[0.584s] INFO:colcon.colcon_core.shell:Creating environment descriptor '/home/rahul/pick_bot/pickbot_ws/install/pickbot_description/share/pickbot_description/hook/cmake_prefix_path.dsv'
[0.584s] INFO:colcon.colcon_core.shell:Creating environment hook '/home/rahul/pick_bot/pickbot_ws/install/pickbot_description/share/pickbot_description/hook/cmake_prefix_path.sh'
[0.585s] Level 1:colcon.colcon_core.environment:checking '/home/rahul/pick_bot/pickbot_ws/install/pickbot_description/bin'
[0.585s] Level 1:colcon.colcon_core.environment:checking '/home/rahul/pick_bot/pickbot_ws/install/pickbot_description/lib/pkgconfig/pickbot_description.pc'
[0.585s] Level 1:colcon.colcon_core.environment:checking '/home/rahul/pick_bot/pickbot_ws/install/pickbot_description/lib/python3.10/site-packages'
[0.585s] Level 1:colcon.colcon_core.environment:checking '/home/rahul/pick_bot/pickbot_ws/install/pickbot_description/bin'
[0.586s] INFO:colcon.colcon_core.shell:Creating package script '/home/rahul/pick_bot/pickbot_ws/install/pickbot_description/share/pickbot_description/package.ps1'
[0.586s] INFO:colcon.colcon_core.shell:Creating package descriptor '/home/rahul/pick_bot/pickbot_ws/install/pickbot_description/share/pickbot_description/package.dsv'
[0.587s] INFO:colcon.colcon_core.shell:Creating package script '/home/rahul/pick_bot/pickbot_ws/install/pickbot_description/share/pickbot_description/package.sh'
[0.587s] INFO:colcon.colcon_core.shell:Creating package script '/home/rahul/pick_bot/pickbot_ws/install/pickbot_description/share/pickbot_description/package.bash'
[0.588s] INFO:colcon.colcon_core.shell:Creating package script '/home/rahul/pick_bot/pickbot_ws/install/pickbot_description/share/pickbot_description/package.zsh'
[0.588s] Level 1:colcon.colcon_core.environment:create_file_with_runtime_dependencies(/home/rahul/pick_bot/pickbot_ws/install/pickbot_description/share/colcon-core/packages/pickbot_description)
[0.588s] INFO:colcon.colcon_ros.task.ament_cmake.build:Building ROS package in '/home/rahul/pick_bot/pickbot_ws/src/pickbot_moveit' with build type 'ament_cmake'
[0.589s] INFO:colcon.colcon_cmake.task.cmake.build:Building CMake package in '/home/rahul/pick_bot/pickbot_ws/src/pickbot_moveit'
[0.589s] INFO:colcon.colcon_core.shell:Skip shell extension 'powershell' for command environment: Not usable outside of PowerShell
[0.589s] DEBUG:colcon.colcon_core.shell:Skip shell extension 'dsv' for command environment
[0.604s] DEBUG:colcon.colcon_core.event_handler.log_command:Invoking command in '/home/rahul/pick_bot/pickbot_ws/build/pickbot_moveit': CMAKE_PREFIX_PATH=/home/rahul/pick_bot/pickbot_ws/install/pickbot_description:/home/rahul/pick_bot/pickbot_ws/install/pickbot_utils:/home/rahul/pick_bot/pickbot_ws/install/pick_bot_cpp_examples:/home/rahul/pick_bot/pickbot_ws/install/pickbot_msgs:/home/rahul/pick_bot/pickbot_ws/install/pickbot_moveit:/home/rahul/pick_bot/pickbot_ws/install/pickbot_controller:/opt/ros/humble /usr/bin/cmake --build /home/rahul/pick_bot/pickbot_ws/build/pickbot_moveit -- -j12 -l12
[0.662s] DEBUG:colcon.colcon_core.event_handler.log_command:Invoked command in '/home/rahul/pick_bot/pickbot_ws/build/pickbot_moveit' returned '0': CMAKE_PREFIX_PATH=/home/rahul/pick_bot/pickbot_ws/install/pickbot_description:/home/rahul/pick_bot/pickbot_ws/install/pickbot_utils:/home/rahul/pick_bot/pickbot_ws/install/pick_bot_cpp_examples:/home/rahul/pick_bot/pickbot_ws/install/pickbot_msgs:/home/rahul/pick_bot/pickbot_ws/install/pickbot_moveit:/home/rahul/pick_bot/pickbot_ws/install/pickbot_controller:/opt/ros/humble /usr/bin/cmake --build /home/rahul/pick_bot/pickbot_ws/build/pickbot_moveit -- -j12 -l12
[0.663s] DEBUG:colcon.colcon_core.event_handler.log_command:Invoking command in '/home/rahul/pick_bot/pickbot_ws/build/pickbot_moveit': CMAKE_PREFIX_PATH=/home/rahul/pick_bot/pickbot_ws/install/pickbot_description:/home/rahul/pick_bot/pickbot_ws/install/pickbot_utils:/home/rahul/pick_bot/pickbot_ws/install/pick_bot_cpp_examples:/home/rahul/pick_bot/pickbot_ws/install/pickbot_msgs:/home/rahul/pick_bot/pickbot_ws/install/pickbot_moveit:/home/rahul/pick_bot/pickbot_ws/install/pickbot_controller:/opt/ros/humble /usr/bin/cmake --install /home/rahul/pick_bot/pickbot_ws/build/pickbot_moveit
[0.676s] Level 1:colcon.colcon_core.environment:create_environment_scripts_only(pickbot_moveit)
[0.676s] Level 1:colcon.colcon_core.environment:checking '/home/rahul/pick_bot/pickbot_ws/install/pickbot_moveit' for CMake module files
[0.677s] DEBUG:colcon.colcon_core.event_handler.log_command:Invoked command in '/home/rahul/pick_bot/pickbot_ws/build/pickbot_moveit' returned '0': CMAKE_PREFIX_PATH=/home/rahul/pick_bot/pickbot_ws/install/pickbot_description:/home/rahul/pick_bot/pickbot_ws/install/pickbot_utils:/home/rahul/pick_bot/pickbot_ws/install/pick_bot_cpp_examples:/home/rahul/pick_bot/pickbot_ws/install/pickbot_msgs:/home/rahul/pick_bot/pickbot_ws/install/pickbot_moveit:/home/rahul/pick_bot/pickbot_ws/install/pickbot_controller:/opt/ros/humble /usr/bin/cmake --install /home/rahul/pick_bot/pickbot_ws/build/pickbot_moveit
[0.677s] Level 1:colcon.colcon_core.environment:checking '/home/rahul/pick_bot/pickbot_ws/install/pickbot_moveit' for CMake config files
[0.677s] Level 1:colcon.colcon_core.shell:create_environment_hook('pickbot_moveit', 'cmake_prefix_path')
[0.678s] INFO:colcon.colcon_core.shell:Creating environment hook '/home/rahul/pick_bot/pickbot_ws/install/pickbot_moveit/share/pickbot_moveit/hook/cmake_prefix_path.ps1'
[0.678s] INFO:colcon.colcon_core.shell:Creating environment descriptor '/home/rahul/pick_bot/pickbot_ws/install/pickbot_moveit/share/pickbot_moveit/hook/cmake_prefix_path.dsv'
[0.679s] INFO:colcon.colcon_core.shell:Creating environment hook '/home/rahul/pick_bot/pickbot_ws/install/pickbot_moveit/share/pickbot_moveit/hook/cmake_prefix_path.sh'
[0.680s] Level 1:colcon.colcon_core.environment:checking '/home/rahul/pick_bot/pickbot_ws/install/pickbot_moveit/bin'
[0.680s] Level 1:colcon.colcon_core.environment:checking '/home/rahul/pick_bot/pickbot_ws/install/pickbot_moveit/lib/pkgconfig/pickbot_moveit.pc'
[0.680s] Level 1:colcon.colcon_core.environment:checking '/home/rahul/pick_bot/pickbot_ws/install/pickbot_moveit/lib/python3.10/site-packages'
[0.680s] Level 1:colcon.colcon_core.environment:checking '/home/rahul/pick_bot/pickbot_ws/install/pickbot_moveit/bin'
[0.681s] INFO:colcon.colcon_core.shell:Creating package script '/home/rahul/pick_bot/pickbot_ws/install/pickbot_moveit/share/pickbot_moveit/package.ps1'
[0.681s] INFO:colcon.colcon_core.shell:Creating package descriptor '/home/rahul/pick_bot/pickbot_ws/install/pickbot_moveit/share/pickbot_moveit/package.dsv'
[0.682s] INFO:colcon.colcon_core.shell:Creating package script '/home/rahul/pick_bot/pickbot_ws/install/pickbot_moveit/share/pickbot_moveit/package.sh'
[0.683s] INFO:colcon.colcon_core.shell:Creating package script '/home/rahul/pick_bot/pickbot_ws/install/pickbot_moveit/share/pickbot_moveit/package.bash'
[0.683s] INFO:colcon.colcon_core.shell:Creating package script '/home/rahul/pick_bot/pickbot_ws/install/pickbot_moveit/share/pickbot_moveit/package.zsh'
[0.683s] Level 1:colcon.colcon_core.environment:create_file_with_runtime_dependencies(/home/rahul/pick_bot/pickbot_ws/install/pickbot_moveit/share/colcon-core/packages/pickbot_moveit)
[0.684s] Level 1:colcon.colcon_core.environment:create_environment_scripts_only(pickbot_moveit)
[0.685s] Level 1:colcon.colcon_core.environment:checking '/home/rahul/pick_bot/pickbot_ws/install/pickbot_moveit' for CMake module files
[0.686s] Level 1:colcon.colcon_core.environment:checking '/home/rahul/pick_bot/pickbot_ws/install/pickbot_moveit' for CMake config files
[0.686s] Level 1:colcon.colcon_core.shell:create_environment_hook('pickbot_moveit', 'cmake_prefix_path')
[0.686s] INFO:colcon.colcon_core.shell:Creating environment hook '/home/rahul/pick_bot/pickbot_ws/install/pickbot_moveit/share/pickbot_moveit/hook/cmake_prefix_path.ps1'
[0.688s] INFO:colcon.colcon_core.shell:Creating environment descriptor '/home/rahul/pick_bot/pickbot_ws/install/pickbot_moveit/share/pickbot_moveit/hook/cmake_prefix_path.dsv'
[0.689s] INFO:colcon.colcon_core.shell:Creating environment hook '/home/rahul/pick_bot/pickbot_ws/install/pickbot_moveit/share/pickbot_moveit/hook/cmake_prefix_path.sh'
[0.690s] Level 1:colcon.colcon_core.environment:checking '/home/rahul/pick_bot/pickbot_ws/install/pickbot_moveit/bin'
[0.690s] Level 1:colcon.colcon_core.environment:checking '/home/rahul/pick_bot/pickbot_ws/install/pickbot_moveit/lib/pkgconfig/pickbot_moveit.pc'
[0.690s] Level 1:colcon.colcon_core.environment:checking '/home/rahul/pick_bot/pickbot_ws/install/pickbot_moveit/lib/python3.10/site-packages'
[0.691s] Level 1:colcon.colcon_core.environment:checking '/home/rahul/pick_bot/pickbot_ws/install/pickbot_moveit/bin'
[0.691s] INFO:colcon.colcon_core.shell:Creating package script '/home/rahul/pick_bot/pickbot_ws/install/pickbot_moveit/share/pickbot_moveit/package.ps1'
[0.693s] INFO:colcon.colcon_core.shell:Creating package descriptor '/home/rahul/pick_bot/pickbot_ws/install/pickbot_moveit/share/pickbot_moveit/package.dsv'
[0.693s] INFO:colcon.colcon_core.shell:Creating package script '/home/rahul/pick_bot/pickbot_ws/install/pickbot_moveit/share/pickbot_moveit/package.sh'
[0.694s] INFO:colcon.colcon_core.shell:Creating package script '/home/rahul/pick_bot/pickbot_ws/install/pickbot_moveit/share/pickbot_moveit/package.bash'
[0.695s] INFO:colcon.colcon_core.shell:Creating package script '/home/rahul/pick_bot/pickbot_ws/install/pickbot_moveit/share/pickbot_moveit/package.zsh'
[0.696s] Level 1:colcon.colcon_core.environment:create_file_with_runtime_dependencies(/home/rahul/pick_bot/pickbot_ws/install/pickbot_moveit/share/colcon-core/packages/pickbot_moveit)
[0.873s] DEBUG:colcon.colcon_core.event_handler.log_command:Invoked command in '/home/rahul/pick_bot/pickbot_ws/build/pickbot_msgs' returned '0': CMAKE_PREFIX_PATH=${CMAKE_PREFIX_PATH}:/opt/ros/humble /usr/bin/cmake --build /home/rahul/pick_bot/pickbot_ws/build/pickbot_msgs -- -j12 -l12
[0.875s] DEBUG:colcon.colcon_core.event_handler.log_command:Invoking command in '/home/rahul/pick_bot/pickbot_ws/build/pickbot_msgs': CMAKE_PREFIX_PATH=${CMAKE_PREFIX_PATH}:/opt/ros/humble /usr/bin/cmake --install /home/rahul/pick_bot/pickbot_ws/build/pickbot_msgs
[0.935s] Level 1:colcon.colcon_core.environment:create_environment_scripts_only(pickbot_msgs)
[0.935s] DEBUG:colcon.colcon_core.event_handler.log_command:Invoked command in '/home/rahul/pick_bot/pickbot_ws/build/pickbot_msgs' returned '0': CMAKE_PREFIX_PATH=${CMAKE_PREFIX_PATH}:/opt/ros/humble /usr/bin/cmake --install /home/rahul/pick_bot/pickbot_ws/build/pickbot_msgs
[0.936s] Level 1:colcon.colcon_core.environment:checking '/home/rahul/pick_bot/pickbot_ws/install/pickbot_msgs' for CMake module files
[0.937s] Level 1:colcon.colcon_core.environment:checking '/home/rahul/pick_bot/pickbot_ws/install/pickbot_msgs' for CMake config files
[0.938s] Level 1:colcon.colcon_core.shell:create_environment_hook('pickbot_msgs', 'cmake_prefix_path')
[0.938s] INFO:colcon.colcon_core.shell:Creating environment hook '/home/rahul/pick_bot/pickbot_ws/install/pickbot_msgs/share/pickbot_msgs/hook/cmake_prefix_path.ps1'
[0.939s] INFO:colcon.colcon_core.shell:Creating environment descriptor '/home/rahul/pick_bot/pickbot_ws/install/pickbot_msgs/share/pickbot_msgs/hook/cmake_prefix_path.dsv'
[0.940s] INFO:colcon.colcon_core.shell:Creating environment hook '/home/rahul/pick_bot/pickbot_ws/install/pickbot_msgs/share/pickbot_msgs/hook/cmake_prefix_path.sh'
[0.941s] Level 1:colcon.colcon_core.environment:checking '/home/rahul/pick_bot/pickbot_ws/install/pickbot_msgs/lib'
[0.941s] Level 1:colcon.colcon_core.shell:create_environment_hook('pickbot_msgs', 'ld_library_path_lib')
[0.941s] INFO:colcon.colcon_core.shell:Creating environment hook '/home/rahul/pick_bot/pickbot_ws/install/pickbot_msgs/share/pickbot_msgs/hook/ld_library_path_lib.ps1'
[0.942s] INFO:colcon.colcon_core.shell:Creating environment descriptor '/home/rahul/pick_bot/pickbot_ws/install/pickbot_msgs/share/pickbot_msgs/hook/ld_library_path_lib.dsv'
[0.942s] INFO:colcon.colcon_core.shell:Creating environment hook '/home/rahul/pick_bot/pickbot_ws/install/pickbot_msgs/share/pickbot_msgs/hook/ld_library_path_lib.sh'
[0.943s] Level 1:colcon.colcon_core.environment:checking '/home/rahul/pick_bot/pickbot_ws/install/pickbot_msgs/bin'
[0.943s] Level 1:colcon.colcon_core.environment:checking '/home/rahul/pick_bot/pickbot_ws/install/pickbot_msgs/lib/pkgconfig/pickbot_msgs.pc'
[0.943s] Level 1:colcon.colcon_core.environment:checking '/home/rahul/pick_bot/pickbot_ws/install/pickbot_msgs/lib/python3.10/site-packages'
[0.943s] Level 1:colcon.colcon_core.environment:checking '/home/rahul/pick_bot/pickbot_ws/install/pickbot_msgs/bin'
[0.944s] INFO:colcon.colcon_core.shell:Creating package script '/home/rahul/pick_bot/pickbot_ws/install/pickbot_msgs/share/pickbot_msgs/package.ps1'
[0.944s] INFO:colcon.colcon_core.shell:Creating package descriptor '/home/rahul/pick_bot/pickbot_ws/install/pickbot_msgs/share/pickbot_msgs/package.dsv'
[0.945s] INFO:colcon.colcon_core.shell:Creating package script '/home/rahul/pick_bot/pickbot_ws/install/pickbot_msgs/share/pickbot_msgs/package.sh'
[0.945s] INFO:colcon.colcon_core.shell:Creating package script '/home/rahul/pick_bot/pickbot_ws/install/pickbot_msgs/share/pickbot_msgs/package.bash'
[0.946s] INFO:colcon.colcon_core.shell:Creating package script '/home/rahul/pick_bot/pickbot_ws/install/pickbot_msgs/share/pickbot_msgs/package.zsh'
[0.946s] Level 1:colcon.colcon_core.environment:create_file_with_runtime_dependencies(/home/rahul/pick_bot/pickbot_ws/install/pickbot_msgs/share/colcon-core/packages/pickbot_msgs)
[0.946s] Level 1:colcon.colcon_core.environment:create_environment_scripts_only(pickbot_msgs)
[0.947s] Level 1:colcon.colcon_core.environment:checking '/home/rahul/pick_bot/pickbot_ws/install/pickbot_msgs' for CMake module files
[0.947s] Level 1:colcon.colcon_core.environment:checking '/home/rahul/pick_bot/pickbot_ws/install/pickbot_msgs' for CMake config files
[0.948s] Level 1:colcon.colcon_core.shell:create_environment_hook('pickbot_msgs', 'cmake_prefix_path')
[0.948s] INFO:colcon.colcon_core.shell:Creating environment hook '/home/rahul/pick_bot/pickbot_ws/install/pickbot_msgs/share/pickbot_msgs/hook/cmake_prefix_path.ps1'
[0.948s] INFO:colcon.colcon_core.shell:Creating environment descriptor '/home/rahul/pick_bot/pickbot_ws/install/pickbot_msgs/share/pickbot_msgs/hook/cmake_prefix_path.dsv'
[0.948s] INFO:colcon.colcon_core.shell:Creating environment hook '/home/rahul/pick_bot/pickbot_ws/install/pickbot_msgs/share/pickbot_msgs/hook/cmake_prefix_path.sh'
[0.949s] Level 1:colcon.colcon_core.environment:checking '/home/rahul/pick_bot/pickbot_ws/install/pickbot_msgs/lib'
[0.949s] Level 1:colcon.colcon_core.shell:create_environment_hook('pickbot_msgs', 'ld_library_path_lib')
[0.949s] INFO:colcon.colcon_core.shell:Creating environment hook '/home/rahul/pick_bot/pickbot_ws/install/pickbot_msgs/share/pickbot_msgs/hook/ld_library_path_lib.ps1'
[0.950s] INFO:colcon.colcon_core.shell:Creating environment descriptor '/home/rahul/pick_bot/pickbot_ws/install/pickbot_msgs/share/pickbot_msgs/hook/ld_library_path_lib.dsv'
[0.950s] INFO:colcon.colcon_core.shell:Creating environment hook '/home/rahul/pick_bot/pickbot_ws/install/pickbot_msgs/share/pickbot_msgs/hook/ld_library_path_lib.sh'
[0.950s] Level 1:colcon.colcon_core.environment:checking '/home/rahul/pick_bot/pickbot_ws/install/pickbot_msgs/bin'
[0.951s] Level 1:colcon.colcon_core.environment:checking '/home/rahul/pick_bot/pickbot_ws/install/pickbot_msgs/lib/pkgconfig/pickbot_msgs.pc'
[0.951s] Level 1:colcon.colcon_core.environment:checking '/home/rahul/pick_bot/pickbot_ws/install/pickbot_msgs/lib/python3.10/site-packages'
[0.951s] Level 1:colcon.colcon_core.environment:checking '/home/rahul/pick_bot/pickbot_ws/install/pickbot_msgs/bin'
[0.951s] INFO:colcon.colcon_core.shell:Creating package script '/home/rahul/pick_bot/pickbot_ws/install/pickbot_msgs/share/pickbot_msgs/package.ps1'
[0.952s] INFO:colcon.colcon_core.shell:Creating package descriptor '/home/rahul/pick_bot/pickbot_ws/install/pickbot_msgs/share/pickbot_msgs/package.dsv'
[0.952s] INFO:colcon.colcon_core.shell:Creating package script '/home/rahul/pick_bot/pickbot_ws/install/pickbot_msgs/share/pickbot_msgs/package.sh'
[0.953s] INFO:colcon.colcon_core.shell:Creating package script '/home/rahul/pick_bot/pickbot_ws/install/pickbot_msgs/share/pickbot_msgs/package.bash'
[0.954s] INFO:colcon.colcon_core.shell:Creating package script '/home/rahul/pick_bot/pickbot_ws/install/pickbot_msgs/share/pickbot_msgs/package.zsh'
[0.954s] Level 1:colcon.colcon_core.environment:create_file_with_runtime_dependencies(/home/rahul/pick_bot/pickbot_ws/install/pickbot_msgs/share/colcon-core/packages/pickbot_msgs)
[0.954s] INFO:colcon.colcon_ros.task.ament_cmake.build:Building ROS package in '/home/rahul/pick_bot/pickbot_ws/src/pick_bot_cpp_examples' with build type 'ament_cmake'
[0.955s] INFO:colcon.colcon_cmake.task.cmake.build:Building CMake package in '/home/rahul/pick_bot/pickbot_ws/src/pick_bot_cpp_examples'
[0.955s] INFO:colcon.colcon_core.shell:Skip shell extension 'powershell' for command environment: Not usable outside of PowerShell
[0.955s] DEBUG:colcon.colcon_core.shell:Skip shell extension 'dsv' for command environment
[0.960s] INFO:colcon.colcon_ros.task.ament_cmake.build:Building ROS package in '/home/rahul/pick_bot/pickbot_ws/src/pickbot_utils' with build type 'ament_cmake'
[0.961s] INFO:colcon.colcon_cmake.task.cmake.build:Building CMake package in '/home/rahul/pick_bot/pickbot_ws/src/pickbot_utils'
[0.961s] INFO:colcon.colcon_core.shell:Skip shell extension 'powershell' for command environment: Not usable outside of PowerShell
[0.961s] DEBUG:colcon.colcon_core.shell:Skip shell extension 'dsv' for command environment
[0.965s] INFO:colcon.colcon_ros.task.ament_cmake.build:Building ROS package in '/home/rahul/pick_bot/pickbot_ws/src/pickbot_remote' with build type 'ament_cmake'
[0.966s] INFO:colcon.colcon_cmake.task.cmake.build:Building CMake package in '/home/rahul/pick_bot/pickbot_ws/src/pickbot_remote'
[0.966s] INFO:colcon.colcon_core.shell:Skip shell extension 'powershell' for command environment: Not usable outside of PowerShell
[0.966s] DEBUG:colcon.colcon_core.shell:Skip shell extension 'dsv' for command environment
[0.978s] DEBUG:colcon.colcon_core.event_handler.log_command:Invoking command in '/home/rahul/pick_bot/pickbot_ws/build/pick_bot_cpp_examples': CMAKE_PREFIX_PATH=/home/rahul/pick_bot/pickbot_ws/install/pickbot_msgs:/home/rahul/pick_bot/pickbot_ws/install/pickbot_utils:/home/rahul/pick_bot/pickbot_ws/install/pick_bot_cpp_examples:/home/rahul/pick_bot/pickbot_ws/install/pickbot_moveit:/home/rahul/pick_bot/pickbot_ws/install/pickbot_description:/home/rahul/pick_bot/pickbot_ws/install/pickbot_controller:/opt/ros/humble LD_LIBRARY_PATH=/home/rahul/pick_bot/pickbot_ws/install/pickbot_msgs/lib:/home/rahul/pick_bot/pickbot_ws/install/pick_bot_cpp_examples/lib:/opt/ros/humble/opt/rviz_ogre_vendor/lib:/opt/ros/humble/lib/x86_64-linux-gnu:/opt/ros/humble/lib /usr/bin/cmake --build /home/rahul/pick_bot/pickbot_ws/build/pick_bot_cpp_examples -- -j12 -l12
[0.982s] DEBUG:colcon.colcon_core.event_handler.log_command:Invoking command in '/home/rahul/pick_bot/pickbot_ws/build/pickbot_utils': CMAKE_PREFIX_PATH=/home/rahul/pick_bot/pickbot_ws/install/pickbot_msgs:/home/rahul/pick_bot/pickbot_ws/install/pickbot_utils:/home/rahul/pick_bot/pickbot_ws/install/pick_bot_cpp_examples:/home/rahul/pick_bot/pickbot_ws/install/pickbot_moveit:/home/rahul/pick_bot/pickbot_ws/install/pickbot_description:/home/rahul/pick_bot/pickbot_ws/install/pickbot_controller:/opt/ros/humble LD_LIBRARY_PATH=/home/rahul/pick_bot/pickbot_ws/install/pickbot_msgs/lib:/home/rahul/pick_bot/pickbot_ws/install/pick_bot_cpp_examples/lib:/opt/ros/humble/opt/rviz_ogre_vendor/lib:/opt/ros/humble/lib/x86_64-linux-gnu:/opt/ros/humble/lib /usr/bin/cmake --build /home/rahul/pick_bot/pickbot_ws/build/pickbot_utils -- -j12 -l12
[0.990s] DEBUG:colcon.colcon_core.event_handler.log_command:Invoking command in '/home/rahul/pick_bot/pickbot_ws/build/pickbot_remote': CMAKE_PREFIX_PATH=/home/rahul/pick_bot/pickbot_ws/install/pickbot_moveit:/home/rahul/pick_bot/pickbot_ws/install/pickbot_msgs:/home/rahul/pick_bot/pickbot_ws/install/pickbot_description:/home/rahul/pick_bot/pickbot_ws/install/pickbot_utils:/home/rahul/pick_bot/pickbot_ws/install/pick_bot_cpp_examples:/home/rahul/pick_bot/pickbot_ws/install/pickbot_controller:/opt/ros/humble LD_LIBRARY_PATH=/home/rahul/pick_bot/pickbot_ws/install/pickbot_msgs/lib:/home/rahul/pick_bot/pickbot_ws/install/pick_bot_cpp_examples/lib:/opt/ros/humble/opt/rviz_ogre_vendor/lib:/opt/ros/humble/lib/x86_64-linux-gnu:/opt/ros/humble/lib /usr/bin/cmake --build /home/rahul/pick_bot/pickbot_ws/build/pickbot_remote -- -j12 -l12
[1.109s] DEBUG:colcon.colcon_core.event_handler.log_command:Invoked command in '/home/rahul/pick_bot/pickbot_ws/build/pickbot_utils' returned '0': CMAKE_PREFIX_PATH=/home/rahul/pick_bot/pickbot_ws/install/pickbot_msgs:/home/rahul/pick_bot/pickbot_ws/install/pickbot_utils:/home/rahul/pick_bot/pickbot_ws/install/pick_bot_cpp_examples:/home/rahul/pick_bot/pickbot_ws/install/pickbot_moveit:/home/rahul/pick_bot/pickbot_ws/install/pickbot_description:/home/rahul/pick_bot/pickbot_ws/install/pickbot_controller:/opt/ros/humble LD_LIBRARY_PATH=/home/rahul/pick_bot/pickbot_ws/install/pickbot_msgs/lib:/home/rahul/pick_bot/pickbot_ws/install/pick_bot_cpp_examples/lib:/opt/ros/humble/opt/rviz_ogre_vendor/lib:/opt/ros/humble/lib/x86_64-linux-gnu:/opt/ros/humble/lib /usr/bin/cmake --build /home/rahul/pick_bot/pickbot_ws/build/pickbot_utils -- -j12 -l12
[1.111s] DEBUG:colcon.colcon_core.event_handler.log_command:Invoking command in '/home/rahul/pick_bot/pickbot_ws/build/pickbot_utils': CMAKE_PREFIX_PATH=/home/rahul/pick_bot/pickbot_ws/install/pickbot_msgs:/home/rahul/pick_bot/pickbot_ws/install/pickbot_utils:/home/rahul/pick_bot/pickbot_ws/install/pick_bot_cpp_examples:/home/rahul/pick_bot/pickbot_ws/install/pickbot_moveit:/home/rahul/pick_bot/pickbot_ws/install/pickbot_description:/home/rahul/pick_bot/pickbot_ws/install/pickbot_controller:/opt/ros/humble LD_LIBRARY_PATH=/home/rahul/pick_bot/pickbot_ws/install/pickbot_msgs/lib:/home/rahul/pick_bot/pickbot_ws/install/pick_bot_cpp_examples/lib:/opt/ros/humble/opt/rviz_ogre_vendor/lib:/opt/ros/humble/lib/x86_64-linux-gnu:/opt/ros/humble/lib /usr/bin/cmake --install /home/rahul/pick_bot/pickbot_ws/build/pickbot_utils
[1.124s] DEBUG:colcon.colcon_core.event_handler.log_command:Invoked command in '/home/rahul/pick_bot/pickbot_ws/build/pick_bot_cpp_examples' returned '0': CMAKE_PREFIX_PATH=/home/rahul/pick_bot/pickbot_ws/install/pickbot_msgs:/home/rahul/pick_bot/pickbot_ws/install/pickbot_utils:/home/rahul/pick_bot/pickbot_ws/install/pick_bot_cpp_examples:/home/rahul/pick_bot/pickbot_ws/install/pickbot_moveit:/home/rahul/pick_bot/pickbot_ws/install/pickbot_description:/home/rahul/pick_bot/pickbot_ws/install/pickbot_controller:/opt/ros/humble LD_LIBRARY_PATH=/home/rahul/pick_bot/pickbot_ws/install/pickbot_msgs/lib:/home/rahul/pick_bot/pickbot_ws/install/pick_bot_cpp_examples/lib:/opt/ros/humble/opt/rviz_ogre_vendor/lib:/opt/ros/humble/lib/x86_64-linux-gnu:/opt/ros/humble/lib /usr/bin/cmake --build /home/rahul/pick_bot/pickbot_ws/build/pick_bot_cpp_examples -- -j12 -l12
[1.126s] Level 1:colcon.colcon_core.environment:create_environment_scripts_only(pickbot_utils)
[1.126s] Level 1:colcon.colcon_core.environment:checking '/home/rahul/pick_bot/pickbot_ws/install/pickbot_utils' for CMake module files
[1.127s] DEBUG:colcon.colcon_core.event_handler.log_command:Invoked command in '/home/rahul/pick_bot/pickbot_ws/build/pickbot_utils' returned '0': CMAKE_PREFIX_PATH=/home/rahul/pick_bot/pickbot_ws/install/pickbot_msgs:/home/rahul/pick_bot/pickbot_ws/install/pickbot_utils:/home/rahul/pick_bot/pickbot_ws/install/pick_bot_cpp_examples:/home/rahul/pick_bot/pickbot_ws/install/pickbot_moveit:/home/rahul/pick_bot/pickbot_ws/install/pickbot_description:/home/rahul/pick_bot/pickbot_ws/install/pickbot_controller:/opt/ros/humble LD_LIBRARY_PATH=/home/rahul/pick_bot/pickbot_ws/install/pickbot_msgs/lib:/home/rahul/pick_bot/pickbot_ws/install/pick_bot_cpp_examples/lib:/opt/ros/humble/opt/rviz_ogre_vendor/lib:/opt/ros/humble/lib/x86_64-linux-gnu:/opt/ros/humble/lib /usr/bin/cmake --install /home/rahul/pick_bot/pickbot_ws/build/pickbot_utils
[1.127s] Level 1:colcon.colcon_core.environment:checking '/home/rahul/pick_bot/pickbot_ws/install/pickbot_utils' for CMake config files
[1.128s] Level 1:colcon.colcon_core.shell:create_environment_hook('pickbot_utils', 'cmake_prefix_path')
[1.128s] INFO:colcon.colcon_core.shell:Creating environment hook '/home/rahul/pick_bot/pickbot_ws/install/pickbot_utils/share/pickbot_utils/hook/cmake_prefix_path.ps1'
[1.129s] INFO:colcon.colcon_core.shell:Creating environment descriptor '/home/rahul/pick_bot/pickbot_ws/install/pickbot_utils/share/pickbot_utils/hook/cmake_prefix_path.dsv'
[1.130s] INFO:colcon.colcon_core.shell:Creating environment hook '/home/rahul/pick_bot/pickbot_ws/install/pickbot_utils/share/pickbot_utils/hook/cmake_prefix_path.sh'
[1.130s] Level 1:colcon.colcon_core.environment:checking '/home/rahul/pick_bot/pickbot_ws/install/pickbot_utils/lib'
[1.131s] Level 1:colcon.colcon_core.environment:checking '/home/rahul/pick_bot/pickbot_ws/install/pickbot_utils/bin'
[1.131s] Level 1:colcon.colcon_core.environment:checking '/home/rahul/pick_bot/pickbot_ws/install/pickbot_utils/lib/pkgconfig/pickbot_utils.pc'
[1.131s] Level 1:colcon.colcon_core.environment:checking '/home/rahul/pick_bot/pickbot_ws/install/pickbot_utils/lib/python3.10/site-packages'
[1.131s] Level 1:colcon.colcon_core.environment:checking '/home/rahul/pick_bot/pickbot_ws/install/pickbot_utils/bin'
[1.132s] INFO:colcon.colcon_core.shell:Creating package script '/home/rahul/pick_bot/pickbot_ws/install/pickbot_utils/share/pickbot_utils/package.ps1'
[1.132s] INFO:colcon.colcon_core.shell:Creating package descriptor '/home/rahul/pick_bot/pickbot_ws/install/pickbot_utils/share/pickbot_utils/package.dsv'
[1.133s] INFO:colcon.colcon_core.shell:Creating package script '/home/rahul/pick_bot/pickbot_ws/install/pickbot_utils/share/pickbot_utils/package.sh'
[1.134s] INFO:colcon.colcon_core.shell:Creating package script '/home/rahul/pick_bot/pickbot_ws/install/pickbot_utils/share/pickbot_utils/package.bash'
[1.134s] INFO:colcon.colcon_core.shell:Creating package script '/home/rahul/pick_bot/pickbot_ws/install/pickbot_utils/share/pickbot_utils/package.zsh'
[1.134s] Level 1:colcon.colcon_core.environment:create_file_with_runtime_dependencies(/home/rahul/pick_bot/pickbot_ws/install/pickbot_utils/share/colcon-core/packages/pickbot_utils)
[1.135s] Level 1:colcon.colcon_core.environment:create_environment_scripts_only(pickbot_utils)
[1.135s] Level 1:colcon.colcon_core.environment:checking '/home/rahul/pick_bot/pickbot_ws/install/pickbot_utils' for CMake module files
[1.136s] Level 1:colcon.colcon_core.environment:checking '/home/rahul/pick_bot/pickbot_ws/install/pickbot_utils' for CMake config files
[1.136s] Level 1:colcon.colcon_core.shell:create_environment_hook('pickbot_utils', 'cmake_prefix_path')
[1.137s] INFO:colcon.colcon_core.shell:Creating environment hook '/home/rahul/pick_bot/pickbot_ws/install/pickbot_utils/share/pickbot_utils/hook/cmake_prefix_path.ps1'
[1.137s] INFO:colcon.colcon_core.shell:Creating environment descriptor '/home/rahul/pick_bot/pickbot_ws/install/pickbot_utils/share/pickbot_utils/hook/cmake_prefix_path.dsv'
[1.138s] INFO:colcon.colcon_core.shell:Creating environment hook '/home/rahul/pick_bot/pickbot_ws/install/pickbot_utils/share/pickbot_utils/hook/cmake_prefix_path.sh'
[1.138s] Level 1:colcon.colcon_core.environment:checking '/home/rahul/pick_bot/pickbot_ws/install/pickbot_utils/lib'
[1.139s] Level 1:colcon.colcon_core.environment:checking '/home/rahul/pick_bot/pickbot_ws/install/pickbot_utils/bin'
[1.139s] Level 1:colcon.colcon_core.environment:checking '/home/rahul/pick_bot/pickbot_ws/install/pickbot_utils/lib/pkgconfig/pickbot_utils.pc'
[1.139s] Level 1:colcon.colcon_core.environment:checking '/home/rahul/pick_bot/pickbot_ws/install/pickbot_utils/lib/python3.10/site-packages'
[1.139s] Level 1:colcon.colcon_core.environment:checking '/home/rahul/pick_bot/pickbot_ws/install/pickbot_utils/bin'
[1.139s] INFO:colcon.colcon_core.shell:Creating package script '/home/rahul/pick_bot/pickbot_ws/install/pickbot_utils/share/pickbot_utils/package.ps1'
[1.140s] INFO:colcon.colcon_core.shell:Creating package descriptor '/home/rahul/pick_bot/pickbot_ws/install/pickbot_utils/share/pickbot_utils/package.dsv'
[1.141s] INFO:colcon.colcon_core.shell:Creating package script '/home/rahul/pick_bot/pickbot_ws/install/pickbot_utils/share/pickbot_utils/package.sh'
[1.142s] INFO:colcon.colcon_core.shell:Creating package script '/home/rahul/pick_bot/pickbot_ws/install/pickbot_utils/share/pickbot_utils/package.bash'
[1.142s] INFO:colcon.colcon_core.shell:Creating package script '/home/rahul/pick_bot/pickbot_ws/install/pickbot_utils/share/pickbot_utils/package.zsh'
[1.143s] Level 1:colcon.colcon_core.environment:create_file_with_runtime_dependencies(/home/rahul/pick_bot/pickbot_ws/install/pickbot_utils/share/colcon-core/packages/pickbot_utils)
[1.191s] DEBUG:colcon.colcon_core.event_handler.log_command:Invoking command in '/home/rahul/pick_bot/pickbot_ws/build/pick_bot_cpp_examples': CMAKE_PREFIX_PATH=/home/rahul/pick_bot/pickbot_ws/install/pickbot_msgs:/home/rahul/pick_bot/pickbot_ws/install/pickbot_utils:/home/rahul/pick_bot/pickbot_ws/install/pick_bot_cpp_examples:/home/rahul/pick_bot/pickbot_ws/install/pickbot_moveit:/home/rahul/pick_bot/pickbot_ws/install/pickbot_description:/home/rahul/pick_bot/pickbot_ws/install/pickbot_controller:/opt/ros/humble LD_LIBRARY_PATH=/home/rahul/pick_bot/pickbot_ws/install/pickbot_msgs/lib:/home/rahul/pick_bot/pickbot_ws/install/pick_bot_cpp_examples/lib:/opt/ros/humble/opt/rviz_ogre_vendor/lib:/opt/ros/humble/lib/x86_64-linux-gnu:/opt/ros/humble/lib /usr/bin/cmake --install /home/rahul/pick_bot/pickbot_ws/build/pick_bot_cpp_examples
[1.209s] Level 1:colcon.colcon_core.environment:create_environment_scripts_only(pick_bot_cpp_examples)
[1.209s] Level 1:colcon.colcon_core.environment:checking '/home/rahul/pick_bot/pickbot_ws/install/pick_bot_cpp_examples' for CMake module files
[1.210s] DEBUG:colcon.colcon_core.event_handler.log_command:Invoked command in '/home/rahul/pick_bot/pickbot_ws/build/pick_bot_cpp_examples' returned '0': CMAKE_PREFIX_PATH=/home/rahul/pick_bot/pickbot_ws/install/pickbot_msgs:/home/rahul/pick_bot/pickbot_ws/install/pickbot_utils:/home/rahul/pick_bot/pickbot_ws/install/pick_bot_cpp_examples:/home/rahul/pick_bot/pickbot_ws/install/pickbot_moveit:/home/rahul/pick_bot/pickbot_ws/install/pickbot_description:/home/rahul/pick_bot/pickbot_ws/install/pickbot_controller:/opt/ros/humble LD_LIBRARY_PATH=/home/rahul/pick_bot/pickbot_ws/install/pickbot_msgs/lib:/home/rahul/pick_bot/pickbot_ws/install/pick_bot_cpp_examples/lib:/opt/ros/humble/opt/rviz_ogre_vendor/lib:/opt/ros/humble/lib/x86_64-linux-gnu:/opt/ros/humble/lib /usr/bin/cmake --install /home/rahul/pick_bot/pickbot_ws/build/pick_bot_cpp_examples
[1.210s] Level 1:colcon.colcon_core.environment:checking '/home/rahul/pick_bot/pickbot_ws/install/pick_bot_cpp_examples' for CMake config files
[1.211s] Level 1:colcon.colcon_core.shell:create_environment_hook('pick_bot_cpp_examples', 'cmake_prefix_path')
[1.211s] INFO:colcon.colcon_core.shell:Creating environment hook '/home/rahul/pick_bot/pickbot_ws/install/pick_bot_cpp_examples/share/pick_bot_cpp_examples/hook/cmake_prefix_path.ps1'
[1.212s] INFO:colcon.colcon_core.shell:Creating environment descriptor '/home/rahul/pick_bot/pickbot_ws/install/pick_bot_cpp_examples/share/pick_bot_cpp_examples/hook/cmake_prefix_path.dsv'
[1.212s] INFO:colcon.colcon_core.shell:Creating environment hook '/home/rahul/pick_bot/pickbot_ws/install/pick_bot_cpp_examples/share/pick_bot_cpp_examples/hook/cmake_prefix_path.sh'
[1.213s] Level 1:colcon.colcon_core.environment:checking '/home/rahul/pick_bot/pickbot_ws/install/pick_bot_cpp_examples/lib'
[1.213s] Level 1:colcon.colcon_core.shell:create_environment_hook('pick_bot_cpp_examples', 'ld_library_path_lib')
[1.213s] INFO:colcon.colcon_core.shell:Creating environment hook '/home/rahul/pick_bot/pickbot_ws/install/pick_bot_cpp_examples/share/pick_bot_cpp_examples/hook/ld_library_path_lib.ps1'
[1.214s] INFO:colcon.colcon_core.shell:Creating environment descriptor '/home/rahul/pick_bot/pickbot_ws/install/pick_bot_cpp_examples/share/pick_bot_cpp_examples/hook/ld_library_path_lib.dsv'
[1.214s] INFO:colcon.colcon_core.shell:Creating environment hook '/home/rahul/pick_bot/pickbot_ws/install/pick_bot_cpp_examples/share/pick_bot_cpp_examples/hook/ld_library_path_lib.sh'
[1.215s] Level 1:colcon.colcon_core.environment:checking '/home/rahul/pick_bot/pickbot_ws/install/pick_bot_cpp_examples/bin'
[1.215s] Level 1:colcon.colcon_core.environment:checking '/home/rahul/pick_bot/pickbot_ws/install/pick_bot_cpp_examples/lib/pkgconfig/pick_bot_cpp_examples.pc'
[1.215s] Level 1:colcon.colcon_core.environment:checking '/home/rahul/pick_bot/pickbot_ws/install/pick_bot_cpp_examples/lib/python3.10/site-packages'
[1.216s] Level 1:colcon.colcon_core.environment:checking '/home/rahul/pick_bot/pickbot_ws/install/pick_bot_cpp_examples/bin'
[1.216s] INFO:colcon.colcon_core.shell:Creating package script '/home/rahul/pick_bot/pickbot_ws/install/pick_bot_cpp_examples/share/pick_bot_cpp_examples/package.ps1'
[1.217s] INFO:colcon.colcon_core.shell:Creating package descriptor '/home/rahul/pick_bot/pickbot_ws/install/pick_bot_cpp_examples/share/pick_bot_cpp_examples/package.dsv'
[1.218s] INFO:colcon.colcon_core.shell:Creating package script '/home/rahul/pick_bot/pickbot_ws/install/pick_bot_cpp_examples/share/pick_bot_cpp_examples/package.sh'
[1.218s] INFO:colcon.colcon_core.shell:Creating package script '/home/rahul/pick_bot/pickbot_ws/install/pick_bot_cpp_examples/share/pick_bot_cpp_examples/package.bash'
[1.219s] INFO:colcon.colcon_core.shell:Creating package script '/home/rahul/pick_bot/pickbot_ws/install/pick_bot_cpp_examples/share/pick_bot_cpp_examples/package.zsh'
[1.219s] Level 1:colcon.colcon_core.environment:create_file_with_runtime_dependencies(/home/rahul/pick_bot/pickbot_ws/install/pick_bot_cpp_examples/share/colcon-core/packages/pick_bot_cpp_examples)
[1.290s] Level 1:colcon.colcon_core.environment:create_environment_scripts_only(pick_bot_cpp_examples)
[1.290s] Level 1:colcon.colcon_core.environment:checking '/home/rahul/pick_bot/pickbot_ws/install/pick_bot_cpp_examples' for CMake module files
[1.291s] Level 1:colcon.colcon_core.environment:checking '/home/rahul/pick_bot/pickbot_ws/install/pick_bot_cpp_examples' for CMake config files
[1.291s] Level 1:colcon.colcon_core.shell:create_environment_hook('pick_bot_cpp_examples', 'cmake_prefix_path')
[1.291s] INFO:colcon.colcon_core.shell:Creating environment hook '/home/rahul/pick_bot/pickbot_ws/install/pick_bot_cpp_examples/share/pick_bot_cpp_examples/hook/cmake_prefix_path.ps1'
[1.292s] INFO:colcon.colcon_core.shell:Creating environment descriptor '/home/rahul/pick_bot/pickbot_ws/install/pick_bot_cpp_examples/share/pick_bot_cpp_examples/hook/cmake_prefix_path.dsv'
[1.293s] INFO:colcon.colcon_core.shell:Creating environment hook '/home/rahul/pick_bot/pickbot_ws/install/pick_bot_cpp_examples/share/pick_bot_cpp_examples/hook/cmake_prefix_path.sh'
[1.294s] Level 1:colcon.colcon_core.environment:checking '/home/rahul/pick_bot/pickbot_ws/install/pick_bot_cpp_examples/lib'
[1.294s] Level 1:colcon.colcon_core.shell:create_environment_hook('pick_bot_cpp_examples', 'ld_library_path_lib')
[1.294s] INFO:colcon.colcon_core.shell:Creating environment hook '/home/rahul/pick_bot/pickbot_ws/install/pick_bot_cpp_examples/share/pick_bot_cpp_examples/hook/ld_library_path_lib.ps1'
[1.295s] INFO:colcon.colcon_core.shell:Creating environment descriptor '/home/rahul/pick_bot/pickbot_ws/install/pick_bot_cpp_examples/share/pick_bot_cpp_examples/hook/ld_library_path_lib.dsv'
[1.295s] INFO:colcon.colcon_core.shell:Creating environment hook '/home/rahul/pick_bot/pickbot_ws/install/pick_bot_cpp_examples/share/pick_bot_cpp_examples/hook/ld_library_path_lib.sh'
[1.296s] Level 1:colcon.colcon_core.environment:checking '/home/rahul/pick_bot/pickbot_ws/install/pick_bot_cpp_examples/bin'
[1.296s] Level 1:colcon.colcon_core.environment:checking '/home/rahul/pick_bot/pickbot_ws/install/pick_bot_cpp_examples/lib/pkgconfig/pick_bot_cpp_examples.pc'
[1.296s] Level 1:colcon.colcon_core.environment:checking '/home/rahul/pick_bot/pickbot_ws/install/pick_bot_cpp_examples/lib/python3.10/site-packages'
[1.296s] Level 1:colcon.colcon_core.environment:checking '/home/rahul/pick_bot/pickbot_ws/install/pick_bot_cpp_examples/bin'
[1.297s] INFO:colcon.colcon_core.shell:Creating package script '/home/rahul/pick_bot/pickbot_ws/install/pick_bot_cpp_examples/share/pick_bot_cpp_examples/package.ps1'
[1.297s] INFO:colcon.colcon_core.shell:Creating package descriptor '/home/rahul/pick_bot/pickbot_ws/install/pick_bot_cpp_examples/share/pick_bot_cpp_examples/package.dsv'
[1.298s] INFO:colcon.colcon_core.shell:Creating package script '/home/rahul/pick_bot/pickbot_ws/install/pick_bot_cpp_examples/share/pick_bot_cpp_examples/package.sh'
[1.298s] INFO:colcon.colcon_core.shell:Creating package script '/home/rahul/pick_bot/pickbot_ws/install/pick_bot_cpp_examples/share/pick_bot_cpp_examples/package.bash'
[1.299s] INFO:colcon.colcon_core.shell:Creating package script '/home/rahul/pick_bot/pickbot_ws/install/pick_bot_cpp_examples/share/pick_bot_cpp_examples/package.zsh'
[1.300s] Level 1:colcon.colcon_core.environment:create_file_with_runtime_dependencies(/home/rahul/pick_bot/pickbot_ws/install/pick_bot_cpp_examples/share/colcon-core/packages/pick_bot_cpp_examples)
[1.964s] Level 1:colcon.colcon_core.environment:create_environment_scripts_only(pickbot_remote)
[1.965s] Level 1:colcon.colcon_core.environment:checking '/home/rahul/pick_bot/pickbot_ws/install/pickbot_remote' for CMake module files
[1.965s] DEBUG:colcon.colcon_core.event_handler.log_command:Invoked command in '/home/rahul/pick_bot/pickbot_ws/build/pickbot_remote' returned '2': CMAKE_PREFIX_PATH=/home/rahul/pick_bot/pickbot_ws/install/pickbot_moveit:/home/rahul/pick_bot/pickbot_ws/install/pickbot_msgs:/home/rahul/pick_bot/pickbot_ws/install/pickbot_description:/home/rahul/pick_bot/pickbot_ws/install/pickbot_utils:/home/rahul/pick_bot/pickbot_ws/install/pick_bot_cpp_examples:/home/rahul/pick_bot/pickbot_ws/install/pickbot_controller:/opt/ros/humble LD_LIBRARY_PATH=/home/rahul/pick_bot/pickbot_ws/install/pickbot_msgs/lib:/home/rahul/pick_bot/pickbot_ws/install/pick_bot_cpp_examples/lib:/opt/ros/humble/opt/rviz_ogre_vendor/lib:/opt/ros/humble/lib/x86_64-linux-gnu:/opt/ros/humble/lib /usr/bin/cmake --build /home/rahul/pick_bot/pickbot_ws/build/pickbot_remote -- -j12 -l12
[1.965s] Level 1:colcon.colcon_core.environment:checking '/home/rahul/pick_bot/pickbot_ws/install/pickbot_remote' for CMake config files
[1.966s] Level 1:colcon.colcon_core.shell:create_environment_hook('pickbot_remote', 'cmake_prefix_path')
[1.967s] INFO:colcon.colcon_core.shell:Creating environment hook '/home/rahul/pick_bot/pickbot_ws/install/pickbot_remote/share/pickbot_remote/hook/cmake_prefix_path.ps1'
[1.967s] INFO:colcon.colcon_core.shell:Creating environment descriptor '/home/rahul/pick_bot/pickbot_ws/install/pickbot_remote/share/pickbot_remote/hook/cmake_prefix_path.dsv'
[1.968s] INFO:colcon.colcon_core.shell:Creating environment hook '/home/rahul/pick_bot/pickbot_ws/install/pickbot_remote/share/pickbot_remote/hook/cmake_prefix_path.sh'
[1.969s] Level 1:colcon.colcon_core.environment:checking '/home/rahul/pick_bot/pickbot_ws/install/pickbot_remote/lib'
[1.969s] Level 1:colcon.colcon_core.environment:checking '/home/rahul/pick_bot/pickbot_ws/install/pickbot_remote/bin'
[1.970s] Level 1:colcon.colcon_core.environment:checking '/home/rahul/pick_bot/pickbot_ws/install/pickbot_remote/lib/pkgconfig/pickbot_remote.pc'
[1.970s] Level 1:colcon.colcon_core.environment:checking '/home/rahul/pick_bot/pickbot_ws/install/pickbot_remote/lib/python3.10/site-packages'
[1.970s] Level 1:colcon.colcon_core.environment:checking '/home/rahul/pick_bot/pickbot_ws/install/pickbot_remote/bin'
[1.971s] INFO:colcon.colcon_core.shell:Creating package script '/home/rahul/pick_bot/pickbot_ws/install/pickbot_remote/share/pickbot_remote/package.ps1'
[1.972s] INFO:colcon.colcon_core.shell:Creating package descriptor '/home/rahul/pick_bot/pickbot_ws/install/pickbot_remote/share/pickbot_remote/package.dsv'
[1.974s] INFO:colcon.colcon_core.shell:Creating package script '/home/rahul/pick_bot/pickbot_ws/install/pickbot_remote/share/pickbot_remote/package.sh'
[1.975s] INFO:colcon.colcon_core.shell:Creating package script '/home/rahul/pick_bot/pickbot_ws/install/pickbot_remote/share/pickbot_remote/package.bash'
[1.975s] INFO:colcon.colcon_core.shell:Creating package script '/home/rahul/pick_bot/pickbot_ws/install/pickbot_remote/share/pickbot_remote/package.zsh'
[1.975s] Level 1:colcon.colcon_core.environment:create_file_with_runtime_dependencies(/home/rahul/pick_bot/pickbot_ws/install/pickbot_remote/share/colcon-core/packages/pickbot_remote)
[2.044s] DEBUG:colcon.colcon_parallel_executor.executor.parallel:closing loop
[2.044s] DEBUG:colcon.colcon_parallel_executor.executor.parallel:loop closed
[2.044s] DEBUG:colcon.colcon_parallel_executor.executor.parallel:run_until_complete finished with '2'
[2.044s] DEBUG:colcon.colcon_core.event_reactor:joining thread
[2.054s] INFO:colcon.colcon_core.plugin_system:Skipping extension 'colcon_notification.desktop_notification.terminal_notifier': Not used on non-Darwin systems
[2.055s] INFO:colcon.colcon_core.plugin_system:Skipping extension 'colcon_notification.desktop_notification.win32': Not used on non-Windows systems
[2.055s] INFO:colcon.colcon_notification.desktop_notification:Sending desktop notification using 'notify2'
[2.067s] DEBUG:colcon.colcon_core.event_reactor:joined thread
[2.067s] INFO:colcon.colcon_core.shell:Creating prefix script '/home/rahul/pick_bot/pickbot_ws/install/local_setup.ps1'
[2.069s] INFO:colcon.colcon_core.shell:Creating prefix util module '/home/rahul/pick_bot/pickbot_ws/install/_local_setup_util_ps1.py'
[2.072s] INFO:colcon.colcon_core.shell:Creating prefix chain script '/home/rahul/pick_bot/pickbot_ws/install/setup.ps1'
[2.074s] INFO:colcon.colcon_core.shell:Creating prefix script '/home/rahul/pick_bot/pickbot_ws/install/local_setup.sh'
[2.075s] INFO:colcon.colcon_core.shell:Creating prefix util module '/home/rahul/pick_bot/pickbot_ws/install/_local_setup_util_sh.py'
[2.075s] INFO:colcon.colcon_core.shell:Creating prefix chain script '/home/rahul/pick_bot/pickbot_ws/install/setup.sh'
[2.076s] INFO:colcon.colcon_core.shell:Creating prefix script '/home/rahul/pick_bot/pickbot_ws/install/local_setup.bash'
[2.077s] INFO:colcon.colcon_core.shell:Creating prefix chain script '/home/rahul/pick_bot/pickbot_ws/install/setup.bash'
[2.078s] INFO:colcon.colcon_core.shell:Creating prefix script '/home/rahul/pick_bot/pickbot_ws/install/local_setup.zsh'
[2.079s] INFO:colcon.colcon_core.shell:Creating prefix chain script '/home/rahul/pick_bot/pickbot_ws/install/setup.zsh'
