[1.461s] DEBUG:colcon:Command line arguments: ['/usr/bin/colcon', 'build']
[1.461s] DEBUG:colcon:Parsed command line arguments: Namespace(log_base=None, log_level=None, verb_name='build', build_base='build', install_base='install', merge_install=False, symlink_install=False, test_result_base=None, continue_on_error=False, executor='parallel', parallel_workers=12, event_handlers=None, ignore_user_meta=False, metas=['./colcon.meta'], base_paths=['.'], packages_ignore=None, packages_ignore_regex=None, paths=None, packages_up_to=None, packages_up_to_regex=None, packages_above=None, packages_above_and_dependencies=None, packages_above_depth=None, packages_select_by_dep=None, packages_skip_by_dep=None, packages_skip_up_to=None, packages_select_build_failed=False, packages_skip_build_finished=False, packages_select_test_failures=False, packages_skip_test_passed=False, packages_select=None, packages_skip=None, packages_select_regex=None, packages_skip_regex=None, packages_start=None, packages_end=None, allow_overriding=[], cmake_args=None, cmake_target=None, cmake_target_skip_unavailable=False, cmake_clean_cache=False, cmake_clean_first=False, cmake_force_configure=False, ament_cmake_args=None, catkin_cmake_args=None, catkin_skip_building_tests=False, mixin_files=None, mixin=None, verb_parser=<colcon_mixin.mixin.mixin_argument.MixinArgumentDecorator object at 0x7d1c9ce3f910>, verb_extension=<colcon_core.verb.build.BuildVerb object at 0x7d1c9ce3f340>, main=<bound method BuildVerb.main of <colcon_core.verb.build.BuildVerb object at 0x7d1c9ce3f340>>, mixin_verb=('build',))
[2.585s] Level 1:colcon.colcon_core.package_discovery:discover_packages(colcon_meta) check parameters
[2.586s] Level 1:colcon.colcon_core.package_discovery:discover_packages(recursive) check parameters
[2.586s] Level 1:colcon.colcon_core.package_discovery:discover_packages(ignore) check parameters
[2.586s] Level 1:colcon.colcon_core.package_discovery:discover_packages(path) check parameters
[2.586s] Level 1:colcon.colcon_core.package_discovery:discover_packages(colcon_meta) discover
[2.586s] Level 1:colcon.colcon_core.package_discovery:discover_packages(recursive) discover
[2.586s] INFO:colcon.colcon_core.package_discovery:Crawling recursively for packages in '/home/rahul/pick_bot/pickbot_ws'
[2.586s] Level 1:colcon.colcon_core.package_identification:_identify(.) by extensions ['ignore', 'ignore_ament_install']
[2.586s] Level 1:colcon.colcon_core.package_identification:_identify(.) by extension 'ignore'
[2.587s] Level 1:colcon.colcon_core.package_identification:_identify(.) by extension 'ignore_ament_install'
[2.587s] Level 1:colcon.colcon_core.package_identification:_identify(.) by extensions ['colcon_pkg']
[2.587s] Level 1:colcon.colcon_core.package_identification:_identify(.) by extension 'colcon_pkg'
[2.587s] Level 1:colcon.colcon_core.package_identification:_identify(.) by extensions ['colcon_meta']
[2.587s] Level 1:colcon.colcon_core.package_identification:_identify(.) by extension 'colcon_meta'
[2.587s] Level 1:colcon.colcon_core.package_identification:_identify(.) by extensions ['ros']
[2.587s] Level 1:colcon.colcon_core.package_identification:_identify(.) by extension 'ros'
[2.631s] Level 1:colcon.colcon_core.package_identification:_identify(.) by extensions ['cmake', 'python']
[2.631s] Level 1:colcon.colcon_core.package_identification:_identify(.) by extension 'cmake'
[2.632s] Level 1:colcon.colcon_core.package_identification:_identify(.) by extension 'python'
[2.632s] Level 1:colcon.colcon_core.package_identification:_identify(.) by extensions ['python_setup_py']
[2.632s] Level 1:colcon.colcon_core.package_identification:_identify(.) by extension 'python_setup_py'
[2.632s] Level 1:colcon.colcon_core.package_identification:_identify(build) by extensions ['ignore', 'ignore_ament_install']
[2.632s] Level 1:colcon.colcon_core.package_identification:_identify(build) by extension 'ignore'
[2.632s] Level 1:colcon.colcon_core.package_identification:_identify(build) ignored
[2.633s] Level 1:colcon.colcon_core.package_identification:_identify(install) by extensions ['ignore', 'ignore_ament_install']
[2.633s] Level 1:colcon.colcon_core.package_identification:_identify(install) by extension 'ignore'
[2.633s] Level 1:colcon.colcon_core.package_identification:_identify(install) ignored
[2.633s] Level 1:colcon.colcon_core.package_identification:_identify(log) by extensions ['ignore', 'ignore_ament_install']
[2.633s] Level 1:colcon.colcon_core.package_identification:_identify(log) by extension 'ignore'
[2.633s] Level 1:colcon.colcon_core.package_identification:_identify(log) ignored
[2.634s] Level 1:colcon.colcon_core.package_identification:_identify(src) by extensions ['ignore', 'ignore_ament_install']
[2.634s] Level 1:colcon.colcon_core.package_identification:_identify(src) by extension 'ignore'
[2.634s] Level 1:colcon.colcon_core.package_identification:_identify(src) by extension 'ignore_ament_install'
[2.634s] Level 1:colcon.colcon_core.package_identification:_identify(src) by extensions ['colcon_pkg']
[2.634s] Level 1:colcon.colcon_core.package_identification:_identify(src) by extension 'colcon_pkg'
[2.634s] Level 1:colcon.colcon_core.package_identification:_identify(src) by extensions ['colcon_meta']
[2.634s] Level 1:colcon.colcon_core.package_identification:_identify(src) by extension 'colcon_meta'
[2.634s] Level 1:colcon.colcon_core.package_identification:_identify(src) by extensions ['ros']
[2.634s] Level 1:colcon.colcon_core.package_identification:_identify(src) by extension 'ros'
[2.634s] Level 1:colcon.colcon_core.package_identification:_identify(src) by extensions ['cmake', 'python']
[2.635s] Level 1:colcon.colcon_core.package_identification:_identify(src) by extension 'cmake'
[2.635s] Level 1:colcon.colcon_core.package_identification:_identify(src) by extension 'python'
[2.635s] Level 1:colcon.colcon_core.package_identification:_identify(src) by extensions ['python_setup_py']
[2.635s] Level 1:colcon.colcon_core.package_identification:_identify(src) by extension 'python_setup_py'
[2.635s] Level 1:colcon.colcon_core.package_identification:_identify(src/pick_bot_cpp_examples) by extensions ['ignore', 'ignore_ament_install']
[2.635s] Level 1:colcon.colcon_core.package_identification:_identify(src/pick_bot_cpp_examples) by extension 'ignore'
[2.635s] Level 1:colcon.colcon_core.package_identification:_identify(src/pick_bot_cpp_examples) by extension 'ignore_ament_install'
[2.635s] Level 1:colcon.colcon_core.package_identification:_identify(src/pick_bot_cpp_examples) by extensions ['colcon_pkg']
[2.635s] Level 1:colcon.colcon_core.package_identification:_identify(src/pick_bot_cpp_examples) by extension 'colcon_pkg'
[2.635s] Level 1:colcon.colcon_core.package_identification:_identify(src/pick_bot_cpp_examples) by extensions ['colcon_meta']
[2.635s] Level 1:colcon.colcon_core.package_identification:_identify(src/pick_bot_cpp_examples) by extension 'colcon_meta'
[2.636s] Level 1:colcon.colcon_core.package_identification:_identify(src/pick_bot_cpp_examples) by extensions ['ros']
[2.636s] Level 1:colcon.colcon_core.package_identification:_identify(src/pick_bot_cpp_examples) by extension 'ros'
[2.668s] DEBUG:colcon.colcon_core.package_identification:Package 'src/pick_bot_cpp_examples' with type 'ros.ament_cmake' and name 'pick_bot_cpp_examples'
[2.668s] Level 1:colcon.colcon_core.package_identification:_identify(src/pickbot_description) by extensions ['ignore', 'ignore_ament_install']
[2.668s] Level 1:colcon.colcon_core.package_identification:_identify(src/pickbot_description) by extension 'ignore'
[2.668s] Level 1:colcon.colcon_core.package_identification:_identify(src/pickbot_description) by extension 'ignore_ament_install'
[2.668s] Level 1:colcon.colcon_core.package_identification:_identify(src/pickbot_description) by extensions ['colcon_pkg']
[2.668s] Level 1:colcon.colcon_core.package_identification:_identify(src/pickbot_description) by extension 'colcon_pkg'
[2.669s] Level 1:colcon.colcon_core.package_identification:_identify(src/pickbot_description) by extensions ['colcon_meta']
[2.669s] Level 1:colcon.colcon_core.package_identification:_identify(src/pickbot_description) by extension 'colcon_meta'
[2.669s] Level 1:colcon.colcon_core.package_identification:_identify(src/pickbot_description) by extensions ['ros']
[2.669s] Level 1:colcon.colcon_core.package_identification:_identify(src/pickbot_description) by extension 'ros'
[2.678s] DEBUG:colcon.colcon_core.package_identification:Package 'src/pickbot_description' with type 'ros.ament_cmake' and name 'pickbot_description'
[2.678s] Level 1:colcon.colcon_core.package_discovery:discover_packages(recursive) using defaults
[2.678s] Level 1:colcon.colcon_core.package_discovery:discover_packages(ignore) discover
[2.678s] Level 1:colcon.colcon_core.package_discovery:discover_packages(ignore) using defaults
[2.678s] Level 1:colcon.colcon_core.package_discovery:discover_packages(path) discover
[2.678s] Level 1:colcon.colcon_core.package_discovery:discover_packages(path) using defaults
[2.804s] Level 1:colcon.colcon_core.package_discovery:discover_packages(prefix_path) check parameters
[2.804s] Level 1:colcon.colcon_core.package_discovery:discover_packages(prefix_path) discover
[2.807s] DEBUG:colcon.colcon_installed_package_information.package_discovery:Found 2 installed packages in /home/rahul/pick_bot/pickbot_ws/install
[2.809s] DEBUG:colcon.colcon_installed_package_information.package_discovery:Found 389 installed packages in /opt/ros/humble
[2.810s] Level 1:colcon.colcon_core.package_discovery:discover_packages(prefix_path) using defaults
[2.877s] Level 5:colcon.colcon_core.verb:set package 'pick_bot_cpp_examples' build argument 'cmake_args' from command line to 'None'
[2.877s] Level 5:colcon.colcon_core.verb:set package 'pick_bot_cpp_examples' build argument 'cmake_target' from command line to 'None'
[2.877s] Level 5:colcon.colcon_core.verb:set package 'pick_bot_cpp_examples' build argument 'cmake_target_skip_unavailable' from command line to 'False'
[2.877s] Level 5:colcon.colcon_core.verb:set package 'pick_bot_cpp_examples' build argument 'cmake_clean_cache' from command line to 'False'
[2.877s] Level 5:colcon.colcon_core.verb:set package 'pick_bot_cpp_examples' build argument 'cmake_clean_first' from command line to 'False'
[2.877s] Level 5:colcon.colcon_core.verb:set package 'pick_bot_cpp_examples' build argument 'cmake_force_configure' from command line to 'False'
[2.878s] Level 5:colcon.colcon_core.verb:set package 'pick_bot_cpp_examples' build argument 'ament_cmake_args' from command line to 'None'
[2.878s] Level 5:colcon.colcon_core.verb:set package 'pick_bot_cpp_examples' build argument 'catkin_cmake_args' from command line to 'None'
[2.878s] Level 5:colcon.colcon_core.verb:set package 'pick_bot_cpp_examples' build argument 'catkin_skip_building_tests' from command line to 'False'
[2.878s] DEBUG:colcon.colcon_core.verb:Building package 'pick_bot_cpp_examples' with the following arguments: {'ament_cmake_args': None, 'build_base': '/home/rahul/pick_bot/pickbot_ws/build/pick_bot_cpp_examples', 'catkin_cmake_args': None, 'catkin_skip_building_tests': False, 'cmake_args': None, 'cmake_clean_cache': False, 'cmake_clean_first': False, 'cmake_force_configure': False, 'cmake_target': None, 'cmake_target_skip_unavailable': False, 'install_base': '/home/rahul/pick_bot/pickbot_ws/install/pick_bot_cpp_examples', 'merge_install': False, 'path': '/home/rahul/pick_bot/pickbot_ws/src/pick_bot_cpp_examples', 'symlink_install': False, 'test_result_base': None}
[2.878s] Level 5:colcon.colcon_core.verb:set package 'pickbot_description' build argument 'cmake_args' from command line to 'None'
[2.878s] Level 5:colcon.colcon_core.verb:set package 'pickbot_description' build argument 'cmake_target' from command line to 'None'
[2.878s] Level 5:colcon.colcon_core.verb:set package 'pickbot_description' build argument 'cmake_target_skip_unavailable' from command line to 'False'
[2.878s] Level 5:colcon.colcon_core.verb:set package 'pickbot_description' build argument 'cmake_clean_cache' from command line to 'False'
[2.878s] Level 5:colcon.colcon_core.verb:set package 'pickbot_description' build argument 'cmake_clean_first' from command line to 'False'
[2.878s] Level 5:colcon.colcon_core.verb:set package 'pickbot_description' build argument 'cmake_force_configure' from command line to 'False'
[2.878s] Level 5:colcon.colcon_core.verb:set package 'pickbot_description' build argument 'ament_cmake_args' from command line to 'None'
[2.878s] Level 5:colcon.colcon_core.verb:set package 'pickbot_description' build argument 'catkin_cmake_args' from command line to 'None'
[2.878s] Level 5:colcon.colcon_core.verb:set package 'pickbot_description' build argument 'catkin_skip_building_tests' from command line to 'False'
[2.878s] DEBUG:colcon.colcon_core.verb:Building package 'pickbot_description' with the following arguments: {'ament_cmake_args': None, 'build_base': '/home/rahul/pick_bot/pickbot_ws/build/pickbot_description', 'catkin_cmake_args': None, 'catkin_skip_building_tests': False, 'cmake_args': None, 'cmake_clean_cache': False, 'cmake_clean_first': False, 'cmake_force_configure': False, 'cmake_target': None, 'cmake_target_skip_unavailable': False, 'install_base': '/home/rahul/pick_bot/pickbot_ws/install/pickbot_description', 'merge_install': False, 'path': '/home/rahul/pick_bot/pickbot_ws/src/pickbot_description', 'symlink_install': False, 'test_result_base': None}
[2.878s] INFO:colcon.colcon_core.executor:Executing jobs using 'parallel' executor
[2.880s] DEBUG:colcon.colcon_parallel_executor.executor.parallel:run_until_complete
[2.880s] INFO:colcon.colcon_ros.task.ament_cmake.build:Building ROS package in '/home/rahul/pick_bot/pickbot_ws/src/pick_bot_cpp_examples' with build type 'ament_cmake'
[2.880s] INFO:colcon.colcon_cmake.task.cmake.build:Building CMake package in '/home/rahul/pick_bot/pickbot_ws/src/pick_bot_cpp_examples'
[2.884s] INFO:colcon.colcon_core.plugin_system:Skipping extension 'colcon_core.shell.bat': Not used on non-Windows systems
[2.884s] INFO:colcon.colcon_core.shell:Skip shell extension 'powershell' for command environment: Not usable outside of PowerShell
[2.884s] DEBUG:colcon.colcon_core.shell:Skip shell extension 'dsv' for command environment
[2.897s] INFO:colcon.colcon_ros.task.ament_cmake.build:Building ROS package in '/home/rahul/pick_bot/pickbot_ws/src/pickbot_description' with build type 'ament_cmake'
[2.897s] INFO:colcon.colcon_cmake.task.cmake.build:Building CMake package in '/home/rahul/pick_bot/pickbot_ws/src/pickbot_description'
[2.898s] INFO:colcon.colcon_core.shell:Skip shell extension 'powershell' for command environment: Not usable outside of PowerShell
[2.898s] DEBUG:colcon.colcon_core.shell:Skip shell extension 'dsv' for command environment
[2.966s] DEBUG:colcon.colcon_core.event_handler.log_command:Invoking command in '/home/rahul/pick_bot/pickbot_ws/build/pick_bot_cpp_examples': CMAKE_PREFIX_PATH=${CMAKE_PREFIX_PATH}:/opt/ros/humble /usr/bin/cmake --build /home/rahul/pick_bot/pickbot_ws/build/pick_bot_cpp_examples -- -j12 -l12
[3.022s] DEBUG:colcon.colcon_core.event_handler.log_command:Invoking command in '/home/rahul/pick_bot/pickbot_ws/build/pickbot_description': CMAKE_PREFIX_PATH=${CMAKE_PREFIX_PATH}:/opt/ros/humble /usr/bin/cmake --build /home/rahul/pick_bot/pickbot_ws/build/pickbot_description -- -j12 -l12
[3.409s] DEBUG:colcon.colcon_core.event_handler.log_command:Invoked command in '/home/rahul/pick_bot/pickbot_ws/build/pickbot_description' returned '0': CMAKE_PREFIX_PATH=${CMAKE_PREFIX_PATH}:/opt/ros/humble /usr/bin/cmake --build /home/rahul/pick_bot/pickbot_ws/build/pickbot_description -- -j12 -l12
[3.445s] DEBUG:colcon.colcon_core.event_handler.log_command:Invoked command in '/home/rahul/pick_bot/pickbot_ws/build/pick_bot_cpp_examples' returned '0': CMAKE_PREFIX_PATH=${CMAKE_PREFIX_PATH}:/opt/ros/humble /usr/bin/cmake --build /home/rahul/pick_bot/pickbot_ws/build/pick_bot_cpp_examples -- -j12 -l12
[3.466s] DEBUG:colcon.colcon_core.event_handler.log_command:Invoking command in '/home/rahul/pick_bot/pickbot_ws/build/pickbot_description': CMAKE_PREFIX_PATH=${CMAKE_PREFIX_PATH}:/opt/ros/humble /usr/bin/cmake --install /home/rahul/pick_bot/pickbot_ws/build/pickbot_description
[3.478s] DEBUG:colcon.colcon_core.event_handler.log_command:Invoking command in '/home/rahul/pick_bot/pickbot_ws/build/pick_bot_cpp_examples': CMAKE_PREFIX_PATH=${CMAKE_PREFIX_PATH}:/opt/ros/humble /usr/bin/cmake --install /home/rahul/pick_bot/pickbot_ws/build/pick_bot_cpp_examples
[3.514s] Level 1:colcon.colcon_core.environment:create_environment_scripts_only(pick_bot_cpp_examples)
[3.516s] DEBUG:colcon.colcon_core.event_handler.log_command:Invoked command in '/home/rahul/pick_bot/pickbot_ws/build/pick_bot_cpp_examples' returned '0': CMAKE_PREFIX_PATH=${CMAKE_PREFIX_PATH}:/opt/ros/humble /usr/bin/cmake --install /home/rahul/pick_bot/pickbot_ws/build/pick_bot_cpp_examples
[3.527s] Level 1:colcon.colcon_core.environment:checking '/home/rahul/pick_bot/pickbot_ws/install/pick_bot_cpp_examples' for CMake module files
[3.528s] Level 1:colcon.colcon_core.environment:checking '/home/rahul/pick_bot/pickbot_ws/install/pick_bot_cpp_examples' for CMake config files
[3.529s] Level 1:colcon.colcon_core.shell:create_environment_hook('pick_bot_cpp_examples', 'cmake_prefix_path')
[3.529s] INFO:colcon.colcon_core.shell:Creating environment hook '/home/rahul/pick_bot/pickbot_ws/install/pick_bot_cpp_examples/share/pick_bot_cpp_examples/hook/cmake_prefix_path.ps1'
[3.542s] INFO:colcon.colcon_core.shell:Creating environment descriptor '/home/rahul/pick_bot/pickbot_ws/install/pick_bot_cpp_examples/share/pick_bot_cpp_examples/hook/cmake_prefix_path.dsv'
[3.543s] INFO:colcon.colcon_core.shell:Creating environment hook '/home/rahul/pick_bot/pickbot_ws/install/pick_bot_cpp_examples/share/pick_bot_cpp_examples/hook/cmake_prefix_path.sh'
[3.546s] Level 1:colcon.colcon_core.environment:checking '/home/rahul/pick_bot/pickbot_ws/install/pick_bot_cpp_examples/bin'
[3.546s] Level 1:colcon.colcon_core.environment:checking '/home/rahul/pick_bot/pickbot_ws/install/pick_bot_cpp_examples/lib/pkgconfig/pick_bot_cpp_examples.pc'
[3.547s] Level 1:colcon.colcon_core.environment:checking '/home/rahul/pick_bot/pickbot_ws/install/pick_bot_cpp_examples/lib/python3.10/site-packages'
[3.547s] Level 1:colcon.colcon_core.environment:checking '/home/rahul/pick_bot/pickbot_ws/install/pick_bot_cpp_examples/bin'
[3.548s] INFO:colcon.colcon_core.shell:Creating package script '/home/rahul/pick_bot/pickbot_ws/install/pick_bot_cpp_examples/share/pick_bot_cpp_examples/package.ps1'
[3.551s] INFO:colcon.colcon_core.shell:Creating package descriptor '/home/rahul/pick_bot/pickbot_ws/install/pick_bot_cpp_examples/share/pick_bot_cpp_examples/package.dsv'
[3.552s] INFO:colcon.colcon_core.shell:Creating package script '/home/rahul/pick_bot/pickbot_ws/install/pick_bot_cpp_examples/share/pick_bot_cpp_examples/package.sh'
[3.554s] INFO:colcon.colcon_core.shell:Creating package script '/home/rahul/pick_bot/pickbot_ws/install/pick_bot_cpp_examples/share/pick_bot_cpp_examples/package.bash'
[3.556s] INFO:colcon.colcon_core.shell:Creating package script '/home/rahul/pick_bot/pickbot_ws/install/pick_bot_cpp_examples/share/pick_bot_cpp_examples/package.zsh'
[3.566s] Level 1:colcon.colcon_core.environment:create_file_with_runtime_dependencies(/home/rahul/pick_bot/pickbot_ws/install/pick_bot_cpp_examples/share/colcon-core/packages/pick_bot_cpp_examples)
[3.570s] Level 1:colcon.colcon_core.environment:create_environment_scripts_only(pickbot_description)
[3.571s] Level 1:colcon.colcon_core.environment:checking '/home/rahul/pick_bot/pickbot_ws/install/pickbot_description' for CMake module files
[3.572s] DEBUG:colcon.colcon_core.event_handler.log_command:Invoked command in '/home/rahul/pick_bot/pickbot_ws/build/pickbot_description' returned '0': CMAKE_PREFIX_PATH=${CMAKE_PREFIX_PATH}:/opt/ros/humble /usr/bin/cmake --install /home/rahul/pick_bot/pickbot_ws/build/pickbot_description
[3.573s] Level 1:colcon.colcon_core.environment:checking '/home/rahul/pick_bot/pickbot_ws/install/pickbot_description' for CMake config files
[3.574s] Level 1:colcon.colcon_core.shell:create_environment_hook('pickbot_description', 'cmake_prefix_path')
[3.575s] INFO:colcon.colcon_core.shell:Creating environment hook '/home/rahul/pick_bot/pickbot_ws/install/pickbot_description/share/pickbot_description/hook/cmake_prefix_path.ps1'
[3.576s] INFO:colcon.colcon_core.shell:Creating environment descriptor '/home/rahul/pick_bot/pickbot_ws/install/pickbot_description/share/pickbot_description/hook/cmake_prefix_path.dsv'
[3.576s] INFO:colcon.colcon_core.shell:Creating environment hook '/home/rahul/pick_bot/pickbot_ws/install/pickbot_description/share/pickbot_description/hook/cmake_prefix_path.sh'
[3.577s] Level 1:colcon.colcon_core.environment:checking '/home/rahul/pick_bot/pickbot_ws/install/pickbot_description/bin'
[3.578s] Level 1:colcon.colcon_core.environment:checking '/home/rahul/pick_bot/pickbot_ws/install/pickbot_description/lib/pkgconfig/pickbot_description.pc'
[3.578s] Level 1:colcon.colcon_core.environment:checking '/home/rahul/pick_bot/pickbot_ws/install/pickbot_description/lib/python3.10/site-packages'
[3.578s] Level 1:colcon.colcon_core.environment:checking '/home/rahul/pick_bot/pickbot_ws/install/pickbot_description/bin'
[3.579s] INFO:colcon.colcon_core.shell:Creating package script '/home/rahul/pick_bot/pickbot_ws/install/pickbot_description/share/pickbot_description/package.ps1'
[3.580s] INFO:colcon.colcon_core.shell:Creating package descriptor '/home/rahul/pick_bot/pickbot_ws/install/pickbot_description/share/pickbot_description/package.dsv'
[3.581s] INFO:colcon.colcon_core.shell:Creating package script '/home/rahul/pick_bot/pickbot_ws/install/pickbot_description/share/pickbot_description/package.sh'
[3.582s] INFO:colcon.colcon_core.shell:Creating package script '/home/rahul/pick_bot/pickbot_ws/install/pickbot_description/share/pickbot_description/package.bash'
[3.582s] INFO:colcon.colcon_core.shell:Creating package script '/home/rahul/pick_bot/pickbot_ws/install/pickbot_description/share/pickbot_description/package.zsh'
[3.583s] Level 1:colcon.colcon_core.environment:create_file_with_runtime_dependencies(/home/rahul/pick_bot/pickbot_ws/install/pickbot_description/share/colcon-core/packages/pickbot_description)
[3.594s] Level 1:colcon.colcon_core.environment:create_environment_scripts_only(pick_bot_cpp_examples)
[3.595s] Level 1:colcon.colcon_core.environment:checking '/home/rahul/pick_bot/pickbot_ws/install/pick_bot_cpp_examples' for CMake module files
[3.596s] Level 1:colcon.colcon_core.environment:checking '/home/rahul/pick_bot/pickbot_ws/install/pick_bot_cpp_examples' for CMake config files
[3.597s] Level 1:colcon.colcon_core.shell:create_environment_hook('pick_bot_cpp_examples', 'cmake_prefix_path')
[3.597s] INFO:colcon.colcon_core.shell:Creating environment hook '/home/rahul/pick_bot/pickbot_ws/install/pick_bot_cpp_examples/share/pick_bot_cpp_examples/hook/cmake_prefix_path.ps1'
[3.598s] INFO:colcon.colcon_core.shell:Creating environment descriptor '/home/rahul/pick_bot/pickbot_ws/install/pick_bot_cpp_examples/share/pick_bot_cpp_examples/hook/cmake_prefix_path.dsv'
[3.599s] INFO:colcon.colcon_core.shell:Creating environment hook '/home/rahul/pick_bot/pickbot_ws/install/pick_bot_cpp_examples/share/pick_bot_cpp_examples/hook/cmake_prefix_path.sh'
[3.600s] Level 1:colcon.colcon_core.environment:checking '/home/rahul/pick_bot/pickbot_ws/install/pick_bot_cpp_examples/bin'
[3.600s] Level 1:colcon.colcon_core.environment:checking '/home/rahul/pick_bot/pickbot_ws/install/pick_bot_cpp_examples/lib/pkgconfig/pick_bot_cpp_examples.pc'
[3.600s] Level 1:colcon.colcon_core.environment:checking '/home/rahul/pick_bot/pickbot_ws/install/pick_bot_cpp_examples/lib/python3.10/site-packages'
[3.601s] Level 1:colcon.colcon_core.environment:checking '/home/rahul/pick_bot/pickbot_ws/install/pick_bot_cpp_examples/bin'
[3.602s] INFO:colcon.colcon_core.shell:Creating package script '/home/rahul/pick_bot/pickbot_ws/install/pick_bot_cpp_examples/share/pick_bot_cpp_examples/package.ps1'
[3.603s] INFO:colcon.colcon_core.shell:Creating package descriptor '/home/rahul/pick_bot/pickbot_ws/install/pick_bot_cpp_examples/share/pick_bot_cpp_examples/package.dsv'
[3.604s] INFO:colcon.colcon_core.shell:Creating package script '/home/rahul/pick_bot/pickbot_ws/install/pick_bot_cpp_examples/share/pick_bot_cpp_examples/package.sh'
[3.605s] INFO:colcon.colcon_core.shell:Creating package script '/home/rahul/pick_bot/pickbot_ws/install/pick_bot_cpp_examples/share/pick_bot_cpp_examples/package.bash'
[3.606s] INFO:colcon.colcon_core.shell:Creating package script '/home/rahul/pick_bot/pickbot_ws/install/pick_bot_cpp_examples/share/pick_bot_cpp_examples/package.zsh'
[3.607s] Level 1:colcon.colcon_core.environment:create_file_with_runtime_dependencies(/home/rahul/pick_bot/pickbot_ws/install/pick_bot_cpp_examples/share/colcon-core/packages/pick_bot_cpp_examples)
[3.617s] Level 1:colcon.colcon_core.environment:create_environment_scripts_only(pickbot_description)
[3.617s] Level 1:colcon.colcon_core.environment:checking '/home/rahul/pick_bot/pickbot_ws/install/pickbot_description' for CMake module files
[3.618s] Level 1:colcon.colcon_core.environment:checking '/home/rahul/pick_bot/pickbot_ws/install/pickbot_description' for CMake config files
[3.618s] Level 1:colcon.colcon_core.shell:create_environment_hook('pickbot_description', 'cmake_prefix_path')
[3.618s] INFO:colcon.colcon_core.shell:Creating environment hook '/home/rahul/pick_bot/pickbot_ws/install/pickbot_description/share/pickbot_description/hook/cmake_prefix_path.ps1'
[3.619s] INFO:colcon.colcon_core.shell:Creating environment descriptor '/home/rahul/pick_bot/pickbot_ws/install/pickbot_description/share/pickbot_description/hook/cmake_prefix_path.dsv'
[3.619s] INFO:colcon.colcon_core.shell:Creating environment hook '/home/rahul/pick_bot/pickbot_ws/install/pickbot_description/share/pickbot_description/hook/cmake_prefix_path.sh'
[3.620s] Level 1:colcon.colcon_core.environment:checking '/home/rahul/pick_bot/pickbot_ws/install/pickbot_description/bin'
[3.620s] Level 1:colcon.colcon_core.environment:checking '/home/rahul/pick_bot/pickbot_ws/install/pickbot_description/lib/pkgconfig/pickbot_description.pc'
[3.620s] Level 1:colcon.colcon_core.environment:checking '/home/rahul/pick_bot/pickbot_ws/install/pickbot_description/lib/python3.10/site-packages'
[3.620s] Level 1:colcon.colcon_core.environment:checking '/home/rahul/pick_bot/pickbot_ws/install/pickbot_description/bin'
[3.620s] INFO:colcon.colcon_core.shell:Creating package script '/home/rahul/pick_bot/pickbot_ws/install/pickbot_description/share/pickbot_description/package.ps1'
[3.621s] INFO:colcon.colcon_core.shell:Creating package descriptor '/home/rahul/pick_bot/pickbot_ws/install/pickbot_description/share/pickbot_description/package.dsv'
[3.622s] INFO:colcon.colcon_core.shell:Creating package script '/home/rahul/pick_bot/pickbot_ws/install/pickbot_description/share/pickbot_description/package.sh'
[3.622s] INFO:colcon.colcon_core.shell:Creating package script '/home/rahul/pick_bot/pickbot_ws/install/pickbot_description/share/pickbot_description/package.bash'
[3.623s] INFO:colcon.colcon_core.shell:Creating package script '/home/rahul/pick_bot/pickbot_ws/install/pickbot_description/share/pickbot_description/package.zsh'
[3.623s] Level 1:colcon.colcon_core.environment:create_file_with_runtime_dependencies(/home/rahul/pick_bot/pickbot_ws/install/pickbot_description/share/colcon-core/packages/pickbot_description)
[3.624s] DEBUG:colcon.colcon_parallel_executor.executor.parallel:closing loop
[3.624s] DEBUG:colcon.colcon_parallel_executor.executor.parallel:loop closed
[3.624s] DEBUG:colcon.colcon_parallel_executor.executor.parallel:run_until_complete finished with '0'
[3.624s] DEBUG:colcon.colcon_core.event_reactor:joining thread
[3.688s] INFO:colcon.colcon_core.plugin_system:Skipping extension 'colcon_notification.desktop_notification.terminal_notifier': Not used on non-Darwin systems
[3.688s] INFO:colcon.colcon_core.plugin_system:Skipping extension 'colcon_notification.desktop_notification.win32': Not used on non-Windows systems
[3.688s] INFO:colcon.colcon_notification.desktop_notification:Sending desktop notification using 'notify2'
[3.718s] DEBUG:colcon.colcon_core.event_reactor:joined thread
[3.719s] INFO:colcon.colcon_core.shell:Creating prefix script '/home/rahul/pick_bot/pickbot_ws/install/local_setup.ps1'
[3.722s] INFO:colcon.colcon_core.shell:Creating prefix util module '/home/rahul/pick_bot/pickbot_ws/install/_local_setup_util_ps1.py'
[3.725s] INFO:colcon.colcon_core.shell:Creating prefix chain script '/home/rahul/pick_bot/pickbot_ws/install/setup.ps1'
[3.729s] INFO:colcon.colcon_core.shell:Creating prefix script '/home/rahul/pick_bot/pickbot_ws/install/local_setup.sh'
[3.733s] INFO:colcon.colcon_core.shell:Creating prefix util module '/home/rahul/pick_bot/pickbot_ws/install/_local_setup_util_sh.py'
[3.735s] INFO:colcon.colcon_core.shell:Creating prefix chain script '/home/rahul/pick_bot/pickbot_ws/install/setup.sh'
[3.737s] INFO:colcon.colcon_core.shell:Creating prefix script '/home/rahul/pick_bot/pickbot_ws/install/local_setup.bash'
[3.741s] INFO:colcon.colcon_core.shell:Creating prefix chain script '/home/rahul/pick_bot/pickbot_ws/install/setup.bash'
[3.746s] INFO:colcon.colcon_core.shell:Creating prefix script '/home/rahul/pick_bot/pickbot_ws/install/local_setup.zsh'
[3.749s] INFO:colcon.colcon_core.shell:Creating prefix chain script '/home/rahul/pick_bot/pickbot_ws/install/setup.zsh'
