[0.027s] Invoking command in '/home/rahul/pick_bot/pickbot_ws/build/pickbot_moveit': CMAKE_PREFIX_PATH=${CMAKE_PREFIX_PATH}:/opt/ros/humble /usr/bin/cmake /home/rahul/pick_bot/pickbot_ws/src/pickbot_moveit -DCMAKE_INSTALL_PREFIX=/home/rahul/pick_bot/pickbot_ws/install/pickbot_moveit
[0.274s] -- The C compiler identification is GNU 11.4.0
[0.384s] -- The CXX compiler identification is GNU 11.4.0
[0.413s] -- Detecting C compiler ABI info
[0.572s] -- Detecting C compiler ABI info - done
[0.579s] -- Check for working C compiler: /usr/bin/cc - skipped
[0.588s] -- Detecting C compile features
[0.606s] -- Detecting C compile features - done
[0.670s] -- Detecting CXX compiler ABI info
[0.955s] -- Detecting CXX compiler ABI info - done
[0.965s] -- Check for working CXX compiler: /usr/bin/c++ - skipped
[0.966s] -- Detecting CXX compile features
[0.966s] -- Detecting CXX compile features - done
[0.971s] -- Found ament_cmake: 1.3.11 (/opt/ros/humble/share/ament_cmake/cmake)
[1.197s] -- Found Python3: /usr/bin/python3 (found version "3.10.12") found components: Interpreter 
[1.397s] -- Found ament_lint_auto: 0.12.11 (/opt/ros/humble/share/ament_lint_auto/cmake)
[1.520s] -- Added test 'lint_cmake' to check CMake code style
[1.521s] -- Added test 'xmllint' to check XML markup files
[1.524s] -- Configuring done
[1.531s] -- Generating done
[1.535s] -- Build files have been written to: /home/rahul/pick_bot/pickbot_ws/build/pickbot_moveit
[1.543s] Invoked command in '/home/rahul/pick_bot/pickbot_ws/build/pickbot_moveit' returned '0': CMAKE_PREFIX_PATH=${CMAKE_PREFIX_PATH}:/opt/ros/humble /usr/bin/cmake /home/rahul/pick_bot/pickbot_ws/src/pickbot_moveit -DCMAKE_INSTALL_PREFIX=/home/rahul/pick_bot/pickbot_ws/install/pickbot_moveit
[1.546s] Invoking command in '/home/rahul/pick_bot/pickbot_ws/build/pickbot_moveit': CMAKE_PREFIX_PATH=${CMAKE_PREFIX_PATH}:/opt/ros/humble /usr/bin/cmake --build /home/rahul/pick_bot/pickbot_ws/build/pickbot_moveit -- -j12 -l12
[1.603s] Invoked command in '/home/rahul/pick_bot/pickbot_ws/build/pickbot_moveit' returned '0': CMAKE_PREFIX_PATH=${CMAKE_PREFIX_PATH}:/opt/ros/humble /usr/bin/cmake --build /home/rahul/pick_bot/pickbot_ws/build/pickbot_moveit -- -j12 -l12
[1.606s] Invoking command in '/home/rahul/pick_bot/pickbot_ws/build/pickbot_moveit': CMAKE_PREFIX_PATH=${CMAKE_PREFIX_PATH}:/opt/ros/humble /usr/bin/cmake --install /home/rahul/pick_bot/pickbot_ws/build/pickbot_moveit
[1.615s] -- Install configuration: ""
[1.615s] -- Installing: /home/rahul/pick_bot/pickbot_ws/install/pickbot_moveit/share/ament_index/resource_index/package_run_dependencies/pickbot_moveit
[1.615s] -- Installing: /home/rahul/pick_bot/pickbot_ws/install/pickbot_moveit/share/ament_index/resource_index/parent_prefix_path/pickbot_moveit
[1.615s] -- Installing: /home/rahul/pick_bot/pickbot_ws/install/pickbot_moveit/share/pickbot_moveit/environment/ament_prefix_path.sh
[1.616s] -- Installing: /home/rahul/pick_bot/pickbot_ws/install/pickbot_moveit/share/pickbot_moveit/environment/ament_prefix_path.dsv
[1.616s] -- Installing: /home/rahul/pick_bot/pickbot_ws/install/pickbot_moveit/share/pickbot_moveit/environment/path.sh
[1.616s] -- Installing: /home/rahul/pick_bot/pickbot_ws/install/pickbot_moveit/share/pickbot_moveit/environment/path.dsv
[1.616s] -- Installing: /home/rahul/pick_bot/pickbot_ws/install/pickbot_moveit/share/pickbot_moveit/local_setup.bash
[1.616s] -- Installing: /home/rahul/pick_bot/pickbot_ws/install/pickbot_moveit/share/pickbot_moveit/local_setup.sh
[1.616s] -- Installing: /home/rahul/pick_bot/pickbot_ws/install/pickbot_moveit/share/pickbot_moveit/local_setup.zsh
[1.617s] -- Installing: /home/rahul/pick_bot/pickbot_ws/install/pickbot_moveit/share/pickbot_moveit/local_setup.dsv
[1.617s] -- Installing: /home/rahul/pick_bot/pickbot_ws/install/pickbot_moveit/share/pickbot_moveit/package.dsv
[1.617s] -- Installing: /home/rahul/pick_bot/pickbot_ws/install/pickbot_moveit/share/ament_index/resource_index/packages/pickbot_moveit
[1.617s] -- Installing: /home/rahul/pick_bot/pickbot_ws/install/pickbot_moveit/share/pickbot_moveit/cmake/pickbot_moveitConfig.cmake
[1.617s] -- Installing: /home/rahul/pick_bot/pickbot_ws/install/pickbot_moveit/share/pickbot_moveit/cmake/pickbot_moveitConfig-version.cmake
[1.617s] -- Installing: /home/rahul/pick_bot/pickbot_ws/install/pickbot_moveit/share/pickbot_moveit/package.xml
[1.625s] Invoked command in '/home/rahul/pick_bot/pickbot_ws/build/pickbot_moveit' returned '0': CMAKE_PREFIX_PATH=${CMAKE_PREFIX_PATH}:/opt/ros/humble /usr/bin/cmake --install /home/rahul/pick_bot/pickbot_ws/build/pickbot_moveit
