[0.047s] Invoking command in '/home/rahul/pick_bot/pickbot_ws/build/pick_bot_cpp_examples': CMAKE_PREFIX_PATH=/home/rahul/pick_bot/pickbot_ws/install/pickbot_msgs:/home/rahul/pick_bot/pickbot_ws/install/pickbot_utils:/home/rahul/pick_bot/pickbot_ws/install/pick_bot_cpp_examples:/home/rahul/pick_bot/pickbot_ws/install/pickbot_moveit:/home/rahul/pick_bot/pickbot_ws/install/pickbot_description:/home/rahul/pick_bot/pickbot_ws/install/pickbot_controller:/opt/ros/humble LD_LIBRARY_PATH=/home/rahul/pick_bot/pickbot_ws/install/pickbot_msgs/lib:/home/rahul/pick_bot/pickbot_ws/install/pick_bot_cpp_examples/lib:/opt/ros/humble/opt/rviz_ogre_vendor/lib:/opt/ros/humble/lib/x86_64-linux-gnu:/opt/ros/humble/lib /usr/bin/cmake --build /home/rahul/pick_bot/pickbot_ws/build/pick_bot_cpp_examples -- -j12 -l12
[0.160s] [35m[1mConsolidate compiler generated dependencies of target simple_service_client[0m
[0.160s] [35m[1mConsolidate compiler generated dependencies of target simple_action_server[0m
[0.173s] [35m[1mConsolidate compiler generated dependencies of target simple_action_client[0m
[0.182s] [35m[1mConsolidate compiler generated dependencies of target simple_service_server[0m
[0.205s] [ 10%] Built target simple_publisher
[0.226s] [ 20%] Built target simple_parameter
[0.250s] [ 40%] Built target simple_listener
[0.250s] [ 40%] Built target simple_action_server_node
[0.252s] [ 50%] Built target simple_action_client_node
[0.262s] [ 60%] Built target simple_action_server
[0.263s] [ 70%] Built target simple_service_client
[0.270s] [ 80%] Built target simple_service_server
[0.276s] [ 90%] Built target simple_moveit_interface
[0.279s] [100%] Built target simple_action_client
[0.315s] Invoked command in '/home/rahul/pick_bot/pickbot_ws/build/pick_bot_cpp_examples' returned '0': CMAKE_PREFIX_PATH=/home/rahul/pick_bot/pickbot_ws/install/pickbot_msgs:/home/rahul/pick_bot/pickbot_ws/install/pickbot_utils:/home/rahul/pick_bot/pickbot_ws/install/pick_bot_cpp_examples:/home/rahul/pick_bot/pickbot_ws/install/pickbot_moveit:/home/rahul/pick_bot/pickbot_ws/install/pickbot_description:/home/rahul/pick_bot/pickbot_ws/install/pickbot_controller:/opt/ros/humble LD_LIBRARY_PATH=/home/rahul/pick_bot/pickbot_ws/install/pickbot_msgs/lib:/home/rahul/pick_bot/pickbot_ws/install/pick_bot_cpp_examples/lib:/opt/ros/humble/opt/rviz_ogre_vendor/lib:/opt/ros/humble/lib/x86_64-linux-gnu:/opt/ros/humble/lib /usr/bin/cmake --build /home/rahul/pick_bot/pickbot_ws/build/pick_bot_cpp_examples -- -j12 -l12
[0.440s] Invoking command in '/home/rahul/pick_bot/pickbot_ws/build/pick_bot_cpp_examples': CMAKE_PREFIX_PATH=/home/rahul/pick_bot/pickbot_ws/install/pickbot_msgs:/home/rahul/pick_bot/pickbot_ws/install/pickbot_utils:/home/rahul/pick_bot/pickbot_ws/install/pick_bot_cpp_examples:/home/rahul/pick_bot/pickbot_ws/install/pickbot_moveit:/home/rahul/pick_bot/pickbot_ws/install/pickbot_description:/home/rahul/pick_bot/pickbot_ws/install/pickbot_controller:/opt/ros/humble LD_LIBRARY_PATH=/home/rahul/pick_bot/pickbot_ws/install/pickbot_msgs/lib:/home/rahul/pick_bot/pickbot_ws/install/pick_bot_cpp_examples/lib:/opt/ros/humble/opt/rviz_ogre_vendor/lib:/opt/ros/humble/lib/x86_64-linux-gnu:/opt/ros/humble/lib /usr/bin/cmake --install /home/rahul/pick_bot/pickbot_ws/build/pick_bot_cpp_examples
[0.452s] -- Install configuration: ""
[0.452s] -- Up-to-date: /home/rahul/pick_bot/pickbot_ws/install/pick_bot_cpp_examples/lib/pick_bot_cpp_examples/simple_action_server_node
[0.453s] -- Up-to-date: /home/rahul/pick_bot/pickbot_ws/install/pick_bot_cpp_examples/lib/pick_bot_cpp_examples/simple_action_client_node
[0.453s] -- Up-to-date: /home/rahul/pick_bot/pickbot_ws/install/pick_bot_cpp_examples/lib/pick_bot_cpp_examples/simple_publisher
[0.454s] -- Up-to-date: /home/rahul/pick_bot/pickbot_ws/install/pick_bot_cpp_examples/lib/pick_bot_cpp_examples/simple_listener
[0.454s] -- Up-to-date: /home/rahul/pick_bot/pickbot_ws/install/pick_bot_cpp_examples/lib/pick_bot_cpp_examples/simple_parameter
[0.454s] -- Up-to-date: /home/rahul/pick_bot/pickbot_ws/install/pick_bot_cpp_examples/lib/pick_bot_cpp_examples/simple_service_server
[0.455s] -- Up-to-date: /home/rahul/pick_bot/pickbot_ws/install/pick_bot_cpp_examples/lib/pick_bot_cpp_examples/simple_service_client
[0.455s] -- Up-to-date: /home/rahul/pick_bot/pickbot_ws/install/pick_bot_cpp_examples/lib/pick_bot_cpp_examples/simple_moveit_interface
[0.456s] -- Up-to-date: /home/rahul/pick_bot/pickbot_ws/install/pick_bot_cpp_examples/lib/libsimple_action_server.so
[0.456s] -- Up-to-date: /home/rahul/pick_bot/pickbot_ws/install/pick_bot_cpp_examples/lib/libsimple_action_client.so
[0.456s] -- Up-to-date: /home/rahul/pick_bot/pickbot_ws/install/pick_bot_cpp_examples/share/ament_index/resource_index/package_run_dependencies/pick_bot_cpp_examples
[0.456s] -- Up-to-date: /home/rahul/pick_bot/pickbot_ws/install/pick_bot_cpp_examples/share/ament_index/resource_index/parent_prefix_path/pick_bot_cpp_examples
[0.457s] -- Up-to-date: /home/rahul/pick_bot/pickbot_ws/install/pick_bot_cpp_examples/share/pick_bot_cpp_examples/environment/ament_prefix_path.sh
[0.457s] -- Up-to-date: /home/rahul/pick_bot/pickbot_ws/install/pick_bot_cpp_examples/share/pick_bot_cpp_examples/environment/ament_prefix_path.dsv
[0.457s] -- Up-to-date: /home/rahul/pick_bot/pickbot_ws/install/pick_bot_cpp_examples/share/pick_bot_cpp_examples/environment/path.sh
[0.457s] -- Up-to-date: /home/rahul/pick_bot/pickbot_ws/install/pick_bot_cpp_examples/share/pick_bot_cpp_examples/environment/path.dsv
[0.457s] -- Up-to-date: /home/rahul/pick_bot/pickbot_ws/install/pick_bot_cpp_examples/share/pick_bot_cpp_examples/local_setup.bash
[0.457s] -- Up-to-date: /home/rahul/pick_bot/pickbot_ws/install/pick_bot_cpp_examples/share/pick_bot_cpp_examples/local_setup.sh
[0.457s] -- Up-to-date: /home/rahul/pick_bot/pickbot_ws/install/pick_bot_cpp_examples/share/pick_bot_cpp_examples/local_setup.zsh
[0.458s] -- Up-to-date: /home/rahul/pick_bot/pickbot_ws/install/pick_bot_cpp_examples/share/pick_bot_cpp_examples/local_setup.dsv
[0.458s] -- Installing: /home/rahul/pick_bot/pickbot_ws/install/pick_bot_cpp_examples/share/pick_bot_cpp_examples/package.dsv
[0.458s] -- Up-to-date: /home/rahul/pick_bot/pickbot_ws/install/pick_bot_cpp_examples/share/ament_index/resource_index/packages/pick_bot_cpp_examples
[0.458s] -- Up-to-date: /home/rahul/pick_bot/pickbot_ws/install/pick_bot_cpp_examples/share/ament_index/resource_index/rclcpp_components/pick_bot_cpp_examples
[0.458s] -- Up-to-date: /home/rahul/pick_bot/pickbot_ws/install/pick_bot_cpp_examples/share/pick_bot_cpp_examples/cmake/pick_bot_cpp_examplesConfig.cmake
[0.458s] -- Up-to-date: /home/rahul/pick_bot/pickbot_ws/install/pick_bot_cpp_examples/share/pick_bot_cpp_examples/cmake/pick_bot_cpp_examplesConfig-version.cmake
[0.458s] -- Up-to-date: /home/rahul/pick_bot/pickbot_ws/install/pick_bot_cpp_examples/share/pick_bot_cpp_examples/package.xml
[0.467s] Invoked command in '/home/rahul/pick_bot/pickbot_ws/build/pick_bot_cpp_examples' returned '0': CMAKE_PREFIX_PATH=/home/rahul/pick_bot/pickbot_ws/install/pickbot_msgs:/home/rahul/pick_bot/pickbot_ws/install/pickbot_utils:/home/rahul/pick_bot/pickbot_ws/install/pick_bot_cpp_examples:/home/rahul/pick_bot/pickbot_ws/install/pickbot_moveit:/home/rahul/pick_bot/pickbot_ws/install/pickbot_description:/home/rahul/pick_bot/pickbot_ws/install/pickbot_controller:/opt/ros/humble LD_LIBRARY_PATH=/home/rahul/pick_bot/pickbot_ws/install/pickbot_msgs/lib:/home/rahul/pick_bot/pickbot_ws/install/pick_bot_cpp_examples/lib:/opt/ros/humble/opt/rviz_ogre_vendor/lib:/opt/ros/humble/lib/x86_64-linux-gnu:/opt/ros/humble/lib /usr/bin/cmake --install /home/rahul/pick_bot/pickbot_ws/build/pick_bot_cpp_examples
