[0.252s] Invoking command in '/home/rahul/pick_bot/pickbot_ws/build/pickbot_remote': CMAKE_PREFIX_PATH=/home/rahul/pick_bot/pickbot_ws/install/pickbot_moveit:/home/rahul/pick_bot/pickbot_ws/install/pickbot_msgs:/home/rahul/pick_bot/pickbot_ws/install/pickbot_description:/home/rahul/pick_bot/pickbot_ws/install/pickbot_utils:/home/rahul/pick_bot/pickbot_ws/install/pickbot_remote:/home/rahul/pick_bot/pickbot_ws/install/pick_bot_cpp_examples:/home/rahul/pick_bot/pickbot_ws/install/pickbot_controller:/opt/ros/humble LD_LIBRARY_PATH=/home/rahul/pick_bot/pickbot_ws/install/pickbot_msgs/lib:/home/rahul/pick_bot/pickbot_ws/install/pickbot_remote/lib:/home/rahul/pick_bot/pickbot_ws/install/pick_bot_cpp_examples/lib:/opt/ros/humble/opt/rviz_ogre_vendor/lib:/opt/ros/humble/lib/x86_64-linux-gnu:/opt/ros/humble/lib /usr/bin/cmake --build /home/rahul/pick_bot/pickbot_ws/build/pickbot_remote -- -j12 -l12
[1.062s] -- Found ament_cmake: 1.3.11 (/opt/ros/humble/share/ament_cmake/cmake)
[2.937s] -- Found rclcpp: 16.0.11 (/opt/ros/humble/share/rclcpp/cmake)
[4.012s] -- Found rosidl_generator_c: 3.1.6 (/opt/ros/humble/share/rosidl_generator_c/cmake)
[4.161s] -- Found rosidl_adapter: 3.1.6 (/opt/ros/humble/share/rosidl_adapter/cmake)
[4.348s] -- Found rosidl_generator_cpp: 3.1.6 (/opt/ros/humble/share/rosidl_generator_cpp/cmake)
[4.685s] -- Using all available rosidl_typesupport_c: rosidl_typesupport_fastrtps_c;rosidl_typesupport_introspection_c
[4.916s] -- Using all available rosidl_typesupport_cpp: rosidl_typesupport_fastrtps_cpp;rosidl_typesupport_introspection_cpp
[5.998s] -- Found rmw_implementation_cmake: 6.1.2 (/opt/ros/humble/share/rmw_implementation_cmake/cmake)
[6.088s] -- Found rmw_cyclonedds_cpp: 1.3.4 (/opt/ros/humble/share/rmw_cyclonedds_cpp/cmake)
[6.524s] -- Using RMW implementation 'rmw_cyclonedds_cpp' as default
[7.213s] -- Found rclcpp_action: 16.0.11 (/opt/ros/humble/share/rclcpp_action/cmake)
[7.622s] -- Found rclcpp_components: 16.0.11 (/opt/ros/humble/share/rclcpp_components/cmake)
[8.264s] -- Found pickbot_msgs: 0.0.0 (/home/rahul/pick_bot/pickbot_ws/install/pickbot_msgs/share/pickbot_msgs/cmake)
[8.390s] -- Found moveit_ros_planning_interface: 2.5.6 (/opt/ros/humble/share/moveit_ros_planning_interface/cmake)
[8.881s] -- Found Boost: /usr/lib/x86_64-linux-gnu/cmake/Boost-1.74.0/BoostConfig.cmake (found version "1.74.0") found components: date_time filesystem program_options system thread 
[10.294s] -- Found Boost: /usr/lib/x86_64-linux-gnu/cmake/Boost-1.74.0/BoostConfig.cmake (found version "1.74.0") found components: chrono date_time filesystem iostreams program_options regex serialization system thread 
[10.703s] -- Found parameter_traits: 0.3.9 (/opt/ros/humble/share/parameter_traits/cmake)
[10.931s] -- Found rclcpp_lifecycle: 16.0.11 (/opt/ros/humble/share/rclcpp_lifecycle/cmake)
[11.268s] -- Found Boost: /usr/lib/x86_64-linux-gnu/cmake/Boost-1.74.0/BoostConfig.cmake (found version "1.74.0") found components: filesystem 
[11.931s] -- library: /usr/lib/x86_64-linux-gnu/libcurl.so
[12.207s] -- Ensuring Eigen3 include directory is part of orocos-kdl CMake target
[13.399s] -- Found Boost: /usr/lib/x86_64-linux-gnu/cmake/Boost-1.74.0/BoostConfig.cmake (found version "1.74.0") found components: system filesystem date_time program_options thread chrono 
[13.599s] -- Found Boost: /usr/lib/x86_64-linux-gnu/cmake/Boost-1.74.0/BoostConfig.cmake (found version "1.74.0") found components: thread system filesystem regex date_time program_options 
[13.804s] -- Found Boost: /usr/lib/x86_64-linux-gnu/cmake/Boost-1.74.0/BoostConfig.cmake (found version "1.74.0") found components: system filesystem date_time program_options thread 
[14.382s] -- Configuring done
[15.104s] -- Generating done
[15.134s] -- Build files have been written to: /home/rahul/pick_bot/pickbot_ws/build/pickbot_remote
[15.206s] [35m[1mConsolidate compiler generated dependencies of target task_server_node[0m
[15.235s] [ 50%] Built target task_server_node
[15.255s] [35m[1mConsolidate compiler generated dependencies of target task_server[0m
[15.321s] [100%] Built target task_server
[15.342s] Invoked command in '/home/rahul/pick_bot/pickbot_ws/build/pickbot_remote' returned '0': CMAKE_PREFIX_PATH=/home/rahul/pick_bot/pickbot_ws/install/pickbot_moveit:/home/rahul/pick_bot/pickbot_ws/install/pickbot_msgs:/home/rahul/pick_bot/pickbot_ws/install/pickbot_description:/home/rahul/pick_bot/pickbot_ws/install/pickbot_utils:/home/rahul/pick_bot/pickbot_ws/install/pickbot_remote:/home/rahul/pick_bot/pickbot_ws/install/pick_bot_cpp_examples:/home/rahul/pick_bot/pickbot_ws/install/pickbot_controller:/opt/ros/humble LD_LIBRARY_PATH=/home/rahul/pick_bot/pickbot_ws/install/pickbot_msgs/lib:/home/rahul/pick_bot/pickbot_ws/install/pickbot_remote/lib:/home/rahul/pick_bot/pickbot_ws/install/pick_bot_cpp_examples/lib:/opt/ros/humble/opt/rviz_ogre_vendor/lib:/opt/ros/humble/lib/x86_64-linux-gnu:/opt/ros/humble/lib /usr/bin/cmake --build /home/rahul/pick_bot/pickbot_ws/build/pickbot_remote -- -j12 -l12
[15.360s] Invoking command in '/home/rahul/pick_bot/pickbot_ws/build/pickbot_remote': CMAKE_PREFIX_PATH=/home/rahul/pick_bot/pickbot_ws/install/pickbot_moveit:/home/rahul/pick_bot/pickbot_ws/install/pickbot_msgs:/home/rahul/pick_bot/pickbot_ws/install/pickbot_description:/home/rahul/pick_bot/pickbot_ws/install/pickbot_utils:/home/rahul/pick_bot/pickbot_ws/install/pickbot_remote:/home/rahul/pick_bot/pickbot_ws/install/pick_bot_cpp_examples:/home/rahul/pick_bot/pickbot_ws/install/pickbot_controller:/opt/ros/humble LD_LIBRARY_PATH=/home/rahul/pick_bot/pickbot_ws/install/pickbot_msgs/lib:/home/rahul/pick_bot/pickbot_ws/install/pickbot_remote/lib:/home/rahul/pick_bot/pickbot_ws/install/pick_bot_cpp_examples/lib:/opt/ros/humble/opt/rviz_ogre_vendor/lib:/opt/ros/humble/lib/x86_64-linux-gnu:/opt/ros/humble/lib /usr/bin/cmake --install /home/rahul/pick_bot/pickbot_ws/build/pickbot_remote
[15.371s] -- Install configuration: ""
[15.396s] -- Up-to-date: /home/rahul/pick_bot/pickbot_ws/install/pickbot_remote/lib/pickbot_remote/task_server_node
[15.396s] -- Up-to-date: /home/rahul/pick_bot/pickbot_ws/install/pickbot_remote/share/pickbot_remote/launch
[15.396s] -- Installing: /home/rahul/pick_bot/pickbot_ws/install/pickbot_remote/share/pickbot_remote/launch/remote_interface.launch.py
[15.472s] -- Up-to-date: /home/rahul/pick_bot/pickbot_ws/install/pickbot_remote/lib/libtask_server.so
[15.473s] -- Up-to-date: /home/rahul/pick_bot/pickbot_ws/install/pickbot_remote/share/ament_index/resource_index/package_run_dependencies/pickbot_remote
[15.473s] -- Installing: /home/rahul/pick_bot/pickbot_ws/install/pickbot_remote/share/ament_index/resource_index/parent_prefix_path/pickbot_remote
[15.473s] -- Up-to-date: /home/rahul/pick_bot/pickbot_ws/install/pickbot_remote/share/pickbot_remote/environment/ament_prefix_path.sh
[15.474s] -- Installing: /home/rahul/pick_bot/pickbot_ws/install/pickbot_remote/share/pickbot_remote/environment/ament_prefix_path.dsv
[15.474s] -- Up-to-date: /home/rahul/pick_bot/pickbot_ws/install/pickbot_remote/share/pickbot_remote/environment/path.sh
[15.474s] -- Installing: /home/rahul/pick_bot/pickbot_ws/install/pickbot_remote/share/pickbot_remote/environment/path.dsv
[15.475s] -- Up-to-date: /home/rahul/pick_bot/pickbot_ws/install/pickbot_remote/share/pickbot_remote/local_setup.bash
[15.476s] -- Up-to-date: /home/rahul/pick_bot/pickbot_ws/install/pickbot_remote/share/pickbot_remote/local_setup.sh
[15.476s] -- Up-to-date: /home/rahul/pick_bot/pickbot_ws/install/pickbot_remote/share/pickbot_remote/local_setup.zsh
[15.476s] -- Installing: /home/rahul/pick_bot/pickbot_ws/install/pickbot_remote/share/pickbot_remote/local_setup.dsv
[15.477s] -- Installing: /home/rahul/pick_bot/pickbot_ws/install/pickbot_remote/share/pickbot_remote/package.dsv
[15.477s] -- Up-to-date: /home/rahul/pick_bot/pickbot_ws/install/pickbot_remote/share/ament_index/resource_index/packages/pickbot_remote
[15.477s] -- Up-to-date: /home/rahul/pick_bot/pickbot_ws/install/pickbot_remote/share/ament_index/resource_index/rclcpp_components/pickbot_remote
[15.478s] -- Up-to-date: /home/rahul/pick_bot/pickbot_ws/install/pickbot_remote/share/pickbot_remote/cmake/pickbot_remoteConfig.cmake
[15.478s] -- Up-to-date: /home/rahul/pick_bot/pickbot_ws/install/pickbot_remote/share/pickbot_remote/cmake/pickbot_remoteConfig-version.cmake
[15.478s] -- Installing: /home/rahul/pick_bot/pickbot_ws/install/pickbot_remote/share/pickbot_remote/package.xml
[15.484s] Invoked command in '/home/rahul/pick_bot/pickbot_ws/build/pickbot_remote' returned '0': CMAKE_PREFIX_PATH=/home/rahul/pick_bot/pickbot_ws/install/pickbot_moveit:/home/rahul/pick_bot/pickbot_ws/install/pickbot_msgs:/home/rahul/pick_bot/pickbot_ws/install/pickbot_description:/home/rahul/pick_bot/pickbot_ws/install/pickbot_utils:/home/rahul/pick_bot/pickbot_ws/install/pickbot_remote:/home/rahul/pick_bot/pickbot_ws/install/pick_bot_cpp_examples:/home/rahul/pick_bot/pickbot_ws/install/pickbot_controller:/opt/ros/humble LD_LIBRARY_PATH=/home/rahul/pick_bot/pickbot_ws/install/pickbot_msgs/lib:/home/rahul/pick_bot/pickbot_ws/install/pickbot_remote/lib:/home/rahul/pick_bot/pickbot_ws/install/pick_bot_cpp_examples/lib:/opt/ros/humble/opt/rviz_ogre_vendor/lib:/opt/ros/humble/lib/x86_64-linux-gnu:/opt/ros/humble/lib /usr/bin/cmake --install /home/rahul/pick_bot/pickbot_ws/build/pickbot_remote
